2017-04-08 11:32:12 - INFO  --> Incoming request for Kenya ussd 
2017-04-08 11:32:12 - INFO  --> ============= KENYA TUKO QUIX CALL =============== 
2017-04-08 11:32:12 - INFO  --> ============= RETRIEVING SDP PARAMETERS =============== 
2017-04-08 11:32:12 - INFO  --> LOG INCOMING PARAMETERS FROM GATEWAY 
2017-04-08 11:32:12 - INFO  --> SESSIONID :ATUid_38cf19c64e619cfda7b43a6638bc3e3c|SERVICE CODE :*384*11#|MSISDN :+254711180867|CHECK OUT TOKEN : 
2017-04-08 11:32:12 - INFO  -->  
2017-04-08 11:32:23 - INFO  --> Incoming request for Kenya ussd 
2017-04-08 11:32:23 - INFO  --> ============= KENYA TUKO QUIX CALL =============== 
2017-04-08 11:32:23 - INFO  --> ============= RETRIEVING SDP PARAMETERS =============== 
2017-04-08 11:32:23 - INFO  --> LOG INCOMING PARAMETERS FROM GATEWAY 
2017-04-08 11:32:23 - INFO  --> SESSIONID :ATUid_38cf19c64e619cfda7b43a6638bc3e3c|SERVICE CODE :*384*11#|MSISDN :+254711180867|CHECK OUT TOKEN : 
2017-04-08 11:32:23 - INFO  -->  
2017-04-08 11:32:23 - INFO  --> SESSION SAVED 
2017-04-08 11:32:24 - INFO  --> TOKEN UPDATED 
2017-04-08 11:32:24 - INFO  --> CkTkn_ec4b1f60-6bb8-4a73-b429-e98f27ede9c6 
2017-04-08 11:32:24 - INFO  --> GET TOKEN FOR CURL TO SAFARICOM 
2017-04-08 11:32:24 - INFO  --> CkTkn_03d1390f-19aa-479c-92da-9e57146f3f5a 
2017-04-08 11:32:25 - INFO  --> Subscribe Request 
2017-04-08 11:32:25 - INFO  --> <AfricasTalkingResponse><status>Success</status><description>Waiting for user input</description></AfricasTalkingResponse> 
2017-04-08 15:30:53 - INFO  --> Incoming request for Kenya ussd 
2017-04-08 15:30:53 - INFO  --> ============= KENYA TUKO QUIX CALL =============== 
2017-04-08 15:30:53 - INFO  --> ============= RETRIEVING SDP PARAMETERS =============== 
2017-04-08 15:30:53 - INFO  --> LOG INCOMING PARAMETERS FROM GATEWAY 
2017-04-08 15:30:53 - INFO  --> SESSIONID :ATUid_768198efe512762b868fa3166a2ffb45|SERVICE CODE :*384*11#|MSISDN :+254701174282|CHECK OUT TOKEN : 
2017-04-08 15:30:53 - INFO  -->  
2017-04-08 15:31:10 - INFO  --> Incoming request for Kenya ussd 
2017-04-08 15:31:10 - INFO  --> ============= KENYA TUKO QUIX CALL =============== 
2017-04-08 15:31:10 - INFO  --> ============= RETRIEVING SDP PARAMETERS =============== 
2017-04-08 15:31:10 - INFO  --> LOG INCOMING PARAMETERS FROM GATEWAY 
2017-04-08 15:31:10 - INFO  --> SESSIONID :ATUid_768198efe512762b868fa3166a2ffb45|SERVICE CODE :*384*11#|MSISDN :+254701174282|CHECK OUT TOKEN : 
2017-04-08 15:31:10 - INFO  -->  
2017-04-08 15:31:10 - INFO  --> SESSION SAVED 
2017-04-08 15:31:10 - INFO  --> TOKEN UPDATED 
2017-04-08 15:31:10 - INFO  --> CkTkn_60a10f14-c155-4d7c-b798-fb275f31eb54 
2017-04-08 15:31:10 - INFO  --> GET TOKEN FOR CURL TO SAFARICOM 
2017-04-08 15:31:10 - INFO  --> CkTkn_a46c36fe-c2f7-4baa-beca-eee8b59ec7e6 
2017-04-08 15:31:11 - INFO  --> Subscribe Request 
2017-04-08 15:31:11 - INFO  --> <AfricasTalkingResponse><status>Success</status><description>Waiting for user input</description></AfricasTalkingResponse> 
