2017-04-14 10:55:37 - INFO  --> Incoming request for Kenya ussd 
2017-04-14 10:55:37 - INFO  --> ============= KENYA TUKO QUIX CALL =============== 
2017-04-14 10:55:37 - INFO  --> ============= RETRIEVING SDP PARAMETERS =============== 
2017-04-14 10:55:37 - INFO  --> LOG INCOMING PARAMETERS FROM GATEWAY 
2017-04-14 10:55:37 - INFO  --> SESSIONID :ATUid_34cb42171e0c2bf99e1fbf491e8ce9d1|SERVICE CODE :*384*11#|MSISDN :+254729348043|CHECK OUT TOKEN : 
2017-04-14 10:55:37 - INFO  -->  
2017-04-14 10:55:59 - INFO  --> Incoming request for Kenya ussd 
2017-04-14 10:55:59 - INFO  --> ============= KENYA TUKO QUIX CALL =============== 
2017-04-14 10:55:59 - INFO  --> ============= RETRIEVING SDP PARAMETERS =============== 
2017-04-14 10:55:59 - INFO  --> LOG INCOMING PARAMETERS FROM GATEWAY 
2017-04-14 10:55:59 - INFO  --> SESSIONID :ATUid_34cb42171e0c2bf99e1fbf491e8ce9d1|SERVICE CODE :*384*11#|MSISDN :+254729348043|CHECK OUT TOKEN : 
2017-04-14 10:55:59 - INFO  -->  
2017-04-14 13:32:27 - INFO  --> Incoming request for Kenya ussd 
2017-04-14 13:32:27 - INFO  --> ============= KENYA TUKO QUIX CALL =============== 
2017-04-14 13:32:27 - INFO  --> ============= RETRIEVING SDP PARAMETERS =============== 
2017-04-14 13:32:27 - INFO  --> LOG INCOMING PARAMETERS FROM GATEWAY 
2017-04-14 13:32:27 - INFO  --> SESSIONID :ATUid_f4b5d9dcbe453fed558bbaed5a3a4a56|SERVICE CODE :*384*11#|MSISDN :+254722455192|CHECK OUT TOKEN : 
2017-04-14 13:32:27 - INFO  -->  
2017-04-14 13:33:13 - INFO  --> Incoming request for Kenya ussd 
2017-04-14 13:33:13 - INFO  --> ============= KENYA TUKO QUIX CALL =============== 
2017-04-14 13:33:13 - INFO  --> ============= RETRIEVING SDP PARAMETERS =============== 
2017-04-14 13:33:13 - INFO  --> LOG INCOMING PARAMETERS FROM GATEWAY 
2017-04-14 13:33:13 - INFO  --> SESSIONID :ATUid_f4b5d9dcbe453fed558bbaed5a3a4a56|SERVICE CODE :*384*11#|MSISDN :+254722455192|CHECK OUT TOKEN : 
2017-04-14 13:33:13 - INFO  -->  
2017-04-14 13:33:13 - INFO  --> SESSION SAVED 
2017-04-14 13:33:13 - INFO  --> TOKEN UPDATED 
2017-04-14 13:33:13 - INFO  --> CkTkn_10284b2e-d224-4839-b088-c825888102fd 
2017-04-14 13:33:13 - INFO  --> GET TOKEN FOR CURL TO SAFARICOM 
2017-04-14 13:33:13 - INFO  --> CkTkn_aff3db93-dbdf-41f0-a0b2-885ffc4d572c 
2017-04-14 13:33:15 - INFO  --> Subscribe Request 
2017-04-14 13:33:15 - INFO  --> <AfricasTalkingResponse><status>Success</status><description>Waiting for user input</description></AfricasTalkingResponse> 
