2017-03-14 8:25:03 - INFO  --> Incoming request for Kenya ussd !!!!!!! 
2017-03-14 8:25:03 - INFO  --> ============= KENYA TUKO QUIX CALL =============== 
2017-03-14 8:25:03 - INFO  --> ============= RETRIEVING SDP PARAMETERS =============== 
2017-03-14 8:25:03 - INFO  --> LOG INCOMING PARAMETERS FROM GATEWAY 
2017-03-14 8:25:03 - INFO  --> SESSIONID :8f204371-33d4-4cc3-a0c7-f0b5ecdb2e31|SERVICE CODE :*384*80#|MSISDN :+254736917540 
2017-03-14 8:25:03 - INFO  -->  
2017-03-14 8:25:14 - INFO  --> Incoming request for Kenya ussd !!!!!!! 
2017-03-14 8:25:14 - INFO  --> ============= KENYA TUKO QUIX CALL =============== 
2017-03-14 8:25:14 - INFO  --> ============= RETRIEVING SDP PARAMETERS =============== 
2017-03-14 8:25:14 - INFO  --> LOG INCOMING PARAMETERS FROM GATEWAY 
2017-03-14 8:25:14 - INFO  --> SESSIONID :a4f80616-6471-42a3-807e-2c5354e14923|SERVICE CODE :*384*80#|MSISDN :+254736917540 
2017-03-14 8:25:14 - INFO  -->  
2017-03-14 8:25:15 - INFO  --> SESSION SAVED 
2017-03-14 8:33:02 - INFO  --> Incoming request for Kenya ussd !!!!!!! 
2017-03-14 8:33:02 - INFO  --> ============= KENYA TUKO QUIX CALL =============== 
2017-03-14 8:33:02 - INFO  --> ============= RETRIEVING SDP PARAMETERS =============== 
2017-03-14 8:33:02 - INFO  --> LOG INCOMING PARAMETERS FROM GATEWAY 
2017-03-14 8:33:02 - INFO  --> SESSIONID :f4e51b3e-3188-4747-87ce-64a3b97fd0dd|SERVICE CODE :*384*80#|MSISDN :+254736917540 
2017-03-14 8:33:02 - INFO  -->  
2017-03-14 8:33:02 - INFO  --> CALL SAVED 
2017-03-14 8:33:02 - INFO  --> SMS SENT 
2017-03-14 8:33:02 - INFO  -->  
2017-03-14 8:37:53 - INFO  --> Incoming request for Kenya ussd !!!!!!! 
2017-03-14 8:37:53 - INFO  --> ============= KENYA TUKO QUIX CALL =============== 
2017-03-14 8:37:53 - INFO  --> ============= RETRIEVING SDP PARAMETERS =============== 
2017-03-14 8:37:53 - INFO  --> LOG INCOMING PARAMETERS FROM GATEWAY 
2017-03-14 8:37:53 - INFO  --> SESSIONID :1dab313a-ae8a-4c7e-b378-a90cf5321b2b|SERVICE CODE :*384*80#|MSISDN :+254736917540 
2017-03-14 8:37:53 - INFO  -->  
2017-03-14 8:37:53 - INFO  --> CALL SAVED 
2017-03-14 8:37:53 - INFO  --> SMS SENT 
2017-03-14 8:37:53 - INFO  -->  
2017-03-14 8:41:09 - INFO  --> Incoming request for Kenya ussd !!!!!!! 
2017-03-14 8:41:09 - INFO  --> ============= KENYA TUKO QUIX CALL =============== 
2017-03-14 8:41:09 - INFO  --> ============= RETRIEVING SDP PARAMETERS =============== 
2017-03-14 8:41:09 - INFO  --> LOG INCOMING PARAMETERS FROM GATEWAY 
2017-03-14 8:41:09 - INFO  --> SESSIONID :be902f56-18c3-46f0-8c8a-3194eddd0a84|SERVICE CODE :*384*80#|MSISDN :+254736917540 
2017-03-14 8:41:09 - INFO  -->  
2017-03-14 8:41:10 - INFO  --> CALL SAVED 
2017-03-14 8:41:10 - INFO  --> SMS SENT 
2017-03-14 8:41:10 - INFO  -->  
2017-03-14 8:45:40 - INFO  --> Incoming request for Kenya ussd !!!!!!! 
2017-03-14 8:45:40 - INFO  --> ============= KENYA TUKO QUIX CALL =============== 
2017-03-14 8:45:40 - INFO  --> ============= RETRIEVING SDP PARAMETERS =============== 
2017-03-14 8:45:40 - INFO  --> LOG INCOMING PARAMETERS FROM GATEWAY 
2017-03-14 8:45:40 - INFO  --> SESSIONID :7ae27ad2-3e4a-4b66-9a79-99cdb4f91bcb|SERVICE CODE :*384*80#|MSISDN :+254736917540 
2017-03-14 8:45:40 - INFO  -->  
2017-03-14 8:45:41 - INFO  --> CALL SAVED 
2017-03-14 8:45:41 - INFO  --> SMS SENT 
2017-03-14 8:45:41 - INFO  -->  
2017-03-14 8:46:42 - INFO  --> Incoming request for Kenya ussd !!!!!!! 
2017-03-14 8:46:42 - INFO  --> ============= KENYA TUKO QUIX CALL =============== 
2017-03-14 8:46:42 - INFO  --> ============= RETRIEVING SDP PARAMETERS =============== 
2017-03-14 8:46:42 - INFO  --> LOG INCOMING PARAMETERS FROM GATEWAY 
2017-03-14 8:46:42 - INFO  --> SESSIONID :e1e43ca2-af0d-4d3d-b9c7-d93f565f04e2|SERVICE CODE :*384*80#|MSISDN :+254736917540 
2017-03-14 8:46:42 - INFO  -->  
2017-03-14 8:48:36 - INFO  --> Incoming request for Kenya ussd !!!!!!! 
2017-03-14 8:48:36 - INFO  --> ============= KENYA TUKO QUIX CALL =============== 
2017-03-14 8:48:36 - INFO  --> ============= RETRIEVING SDP PARAMETERS =============== 
2017-03-14 8:48:36 - INFO  --> LOG INCOMING PARAMETERS FROM GATEWAY 
2017-03-14 8:48:36 - INFO  --> SESSIONID :706b0ee9-6528-4baa-9bd6-5f3d8d122366|SERVICE CODE :*384*80#|MSISDN :+254726917540 
2017-03-14 8:48:36 - INFO  -->  
2017-03-14 8:48:36 - INFO  --> SESSION SAVED 
2017-03-14 8:48:41 - INFO  --> Incoming request for Kenya ussd !!!!!!! 
2017-03-14 8:48:41 - INFO  --> ============= KENYA TUKO QUIX CALL =============== 
2017-03-14 8:48:41 - INFO  --> ============= RETRIEVING SDP PARAMETERS =============== 
2017-03-14 8:48:41 - INFO  --> LOG INCOMING PARAMETERS FROM GATEWAY 
2017-03-14 8:48:41 - INFO  --> SESSIONID :706b0ee9-6528-4baa-9bd6-5f3d8d122366|SERVICE CODE :*384*80#|MSISDN :+254726917540 
2017-03-14 8:48:41 - INFO  -->  
2017-03-14 8:48:49 - INFO  --> Incoming request for Kenya ussd !!!!!!! 
2017-03-14 8:48:49 - INFO  --> ============= KENYA TUKO QUIX CALL =============== 
2017-03-14 8:48:49 - INFO  --> ============= RETRIEVING SDP PARAMETERS =============== 
2017-03-14 8:48:49 - INFO  --> LOG INCOMING PARAMETERS FROM GATEWAY 
2017-03-14 8:48:49 - INFO  --> SESSIONID :706b0ee9-6528-4baa-9bd6-5f3d8d122366|SERVICE CODE :*384*80#|MSISDN :+254726917540 
2017-03-14 8:48:49 - INFO  -->  
2017-03-14 8:48:49 - INFO  --> MSISDN 2 UPDATED 
2017-03-14 8:48:49 - INFO  --> CALL UPDATED 
2017-03-14 8:48:50 - INFO  --> SMS SENT 
2017-03-14 8:48:50 - INFO  -->  
2017-03-14 8:53:29 - INFO  --> Incoming request for Kenya ussd !!!!!!! 
2017-03-14 8:53:29 - INFO  --> ============= KENYA TUKO QUIX CALL =============== 
2017-03-14 8:53:29 - INFO  --> ============= RETRIEVING SDP PARAMETERS =============== 
2017-03-14 8:53:29 - INFO  --> LOG INCOMING PARAMETERS FROM GATEWAY 
2017-03-14 8:53:29 - INFO  --> SESSIONID :89aacb4d-eb0e-448a-8126-a3ef0967d4ad|SERVICE CODE :*384*80#|MSISDN :+254726917540 
2017-03-14 8:53:29 - INFO  -->  
2017-03-14 8:53:40 - INFO  --> Incoming request for Kenya ussd !!!!!!! 
2017-03-14 8:53:40 - INFO  --> ============= KENYA TUKO QUIX CALL =============== 
2017-03-14 8:53:40 - INFO  --> ============= RETRIEVING SDP PARAMETERS =============== 
2017-03-14 8:53:40 - INFO  --> LOG INCOMING PARAMETERS FROM GATEWAY 
2017-03-14 8:53:40 - INFO  --> SESSIONID :9af3dbda-7660-4d67-9efb-f544de06c184|SERVICE CODE :*384*80#|MSISDN :+254726917540 
2017-03-14 8:53:40 - INFO  -->  
2017-03-14 8:53:40 - INFO  --> CALL SAVED 
2017-03-14 8:55:01 - INFO  --> Incoming request for Kenya ussd !!!!!!! 
2017-03-14 8:55:01 - INFO  --> ============= KENYA TUKO QUIX CALL =============== 
2017-03-14 8:55:01 - INFO  --> ============= RETRIEVING SDP PARAMETERS =============== 
2017-03-14 8:55:01 - INFO  --> LOG INCOMING PARAMETERS FROM GATEWAY 
2017-03-14 8:55:01 - INFO  --> SESSIONID :3ef72882-e72e-4817-89b1-f1375cfeee56|SERVICE CODE :*384*80#|MSISDN :+254726917540 
2017-03-14 8:55:01 - INFO  -->  
2017-03-14 8:55:01 - INFO  --> CALL SAVED 
2017-03-14 8:55:02 - INFO  --> SMS SENT 
2017-03-14 8:55:02 - INFO  --> HTTP method not allowed, supported methods: GET 
2017-03-14 8:58:27 - INFO  --> Incoming request for Kenya ussd !!!!!!! 
2017-03-14 8:58:27 - INFO  --> ============= KENYA TUKO QUIX CALL =============== 
2017-03-14 8:58:27 - INFO  --> ============= RETRIEVING SDP PARAMETERS =============== 
2017-03-14 8:58:27 - INFO  --> LOG INCOMING PARAMETERS FROM GATEWAY 
2017-03-14 8:58:27 - INFO  --> SESSIONID :35779794-efd0-4649-8d36-04eff301884a|SERVICE CODE :*384*80#|MSISDN :+254726917540 
2017-03-14 8:58:27 - INFO  -->  
2017-03-14 8:58:27 - INFO  --> CALL SAVED 
2017-03-14 8:58:27 - INFO  --> SMS SENT 
2017-03-14 8:58:27 - INFO  -->  
2017-03-14 9:02:54 - INFO  --> Incoming request for Kenya ussd !!!!!!! 
2017-03-14 9:02:54 - INFO  --> ============= KENYA TUKO QUIX CALL =============== 
2017-03-14 9:02:54 - INFO  --> ============= RETRIEVING SDP PARAMETERS =============== 
2017-03-14 9:02:54 - INFO  --> LOG INCOMING PARAMETERS FROM GATEWAY 
2017-03-14 9:02:54 - INFO  --> SESSIONID :dca512f9-3228-43ee-a351-7645e46f3cde|SERVICE CODE :*384*80#|MSISDN :+254726917540 
2017-03-14 9:02:54 - INFO  -->  
2017-03-14 9:02:55 - INFO  --> CALL SAVED 
2017-03-14 9:05:42 - INFO  --> Incoming request for Kenya ussd !!!!!!! 
2017-03-14 9:05:42 - INFO  --> ============= KENYA TUKO QUIX CALL =============== 
2017-03-14 9:05:42 - INFO  --> ============= RETRIEVING SDP PARAMETERS =============== 
2017-03-14 9:05:42 - INFO  --> LOG INCOMING PARAMETERS FROM GATEWAY 
2017-03-14 9:05:42 - INFO  --> SESSIONID :663534fd-1d7f-47ec-ac64-d78d946987ee|SERVICE CODE :*384*80#|MSISDN :+254726917540 
2017-03-14 9:05:42 - INFO  -->  
2017-03-14 9:07:31 - INFO  --> Incoming request for Kenya ussd !!!!!!! 
2017-03-14 9:07:31 - INFO  --> ============= KENYA TUKO QUIX CALL =============== 
2017-03-14 9:07:31 - INFO  --> ============= RETRIEVING SDP PARAMETERS =============== 
2017-03-14 9:07:31 - INFO  --> LOG INCOMING PARAMETERS FROM GATEWAY 
2017-03-14 9:07:31 - INFO  --> SESSIONID :d909a68e-8d4d-489c-b604-8a237b6e4aba|SERVICE CODE :*384*80#|MSISDN :+254726917540 
2017-03-14 9:07:31 - INFO  -->  
2017-03-14 9:07:31 - INFO  --> CALL SAVED 
2017-03-14 9:07:31 - INFO  --> SMS SENT 
2017-03-14 9:07:31 - INFO  -->  
2017-03-14 9:11:51 - INFO  --> Incoming request for Kenya ussd !!!!!!! 
2017-03-14 9:11:51 - INFO  --> ============= KENYA TUKO QUIX CALL =============== 
2017-03-14 9:11:51 - INFO  --> ============= RETRIEVING SDP PARAMETERS =============== 
2017-03-14 9:11:51 - INFO  --> LOG INCOMING PARAMETERS FROM GATEWAY 
2017-03-14 9:11:51 - INFO  --> SESSIONID :6f445375-5e87-4548-acd7-96ac93d958e2|SERVICE CODE :*384*80#|MSISDN :+254726917540 
2017-03-14 9:11:51 - INFO  -->  
2017-03-14 9:11:51 - INFO  --> CALL SAVED 
2017-03-14 9:11:52 - INFO  --> SMS SENT 
2017-03-14 9:11:52 - INFO  -->  
2017-03-14 9:17:21 - INFO  --> Incoming request for Kenya ussd !!!!!!! 
2017-03-14 9:17:21 - INFO  --> ============= KENYA TUKO QUIX CALL =============== 
2017-03-14 9:17:21 - INFO  --> ============= RETRIEVING SDP PARAMETERS =============== 
2017-03-14 9:17:21 - INFO  --> LOG INCOMING PARAMETERS FROM GATEWAY 
2017-03-14 9:17:21 - INFO  --> SESSIONID :f4473451-158b-473a-ad03-3b255c89121f|SERVICE CODE :*384*80#|MSISDN :+254726917540 
2017-03-14 9:17:21 - INFO  -->  
2017-03-14 9:17:21 - INFO  --> CALL SAVED 
2017-03-14 9:17:21 - INFO  --> SMS SENT 
2017-03-14 9:17:21 - INFO  --> {"username":"versatel","Apikey":"bab675f3caa2a595f66bc3f669581c05929e962585e4470bb1b6f25a9be0a2db","to":"+27736917540","message":"Your call was sponsored by tuko.co.ke. Visit tuko.co.ke for breaking news."} 
2017-03-14 9:20:26 - INFO  --> Incoming request for Kenya ussd !!!!!!! 
2017-03-14 9:20:26 - INFO  --> ============= KENYA TUKO QUIX CALL =============== 
2017-03-14 9:20:26 - INFO  --> ============= RETRIEVING SDP PARAMETERS =============== 
2017-03-14 9:20:26 - INFO  --> LOG INCOMING PARAMETERS FROM GATEWAY 
2017-03-14 9:20:26 - INFO  --> SESSIONID :38bbc138-2e8d-4655-bec0-f462c751318c|SERVICE CODE :*384*80#|MSISDN :+254726917540 
2017-03-14 9:20:26 - INFO  -->  
2017-03-14 9:20:26 - INFO  --> CALL SAVED 
2017-03-14 9:20:26 - INFO  --> SMS SENT 
2017-03-14 9:20:26 - INFO  --> Array 
2017-03-14 9:33:42 - INFO  --> Incoming request for Kenya ussd !!!!!!! 
2017-03-14 9:33:42 - INFO  --> ============= KENYA TUKO QUIX CALL =============== 
2017-03-14 9:33:42 - INFO  --> ============= RETRIEVING SDP PARAMETERS =============== 
2017-03-14 9:33:42 - INFO  --> LOG INCOMING PARAMETERS FROM GATEWAY 
2017-03-14 9:33:42 - INFO  --> SESSIONID :5e90c764-7873-4a06-b31a-4950ad5519c1|SERVICE CODE :*384*80#|MSISDN :+254726917540 
2017-03-14 9:33:42 - INFO  -->  
2017-03-14 9:33:43 - INFO  --> CALL SAVED 
2017-03-14 9:33:43 - INFO  --> SMS SENT 
2017-03-14 9:33:43 - INFO  --> 1 
2017-03-14 9:50:45 - INFO  --> Incoming request for Kenya ussd !!!!!!! 
2017-03-14 9:50:45 - INFO  --> ============= KENYA TUKO QUIX CALL =============== 
2017-03-14 9:50:45 - INFO  --> ============= RETRIEVING SDP PARAMETERS =============== 
2017-03-14 9:50:45 - INFO  --> LOG INCOMING PARAMETERS FROM GATEWAY 
2017-03-14 9:50:45 - INFO  --> SESSIONID :e11c44e8-5c04-49fb-b34c-d14766a54aa6|SERVICE CODE :*384*80#|MSISDN :+254706917540 
2017-03-14 9:50:45 - INFO  -->  
2017-03-14 9:50:45 - INFO  --> SESSION SAVED 
2017-03-14 9:50:48 - INFO  --> Incoming request for Kenya ussd !!!!!!! 
2017-03-14 9:50:48 - INFO  --> ============= KENYA TUKO QUIX CALL =============== 
2017-03-14 9:50:48 - INFO  --> ============= RETRIEVING SDP PARAMETERS =============== 
2017-03-14 9:50:48 - INFO  --> LOG INCOMING PARAMETERS FROM GATEWAY 
2017-03-14 9:50:48 - INFO  --> SESSIONID :e11c44e8-5c04-49fb-b34c-d14766a54aa6|SERVICE CODE :*384*80#|MSISDN :+254706917540 
2017-03-14 9:50:48 - INFO  -->  
2017-03-14 9:50:56 - INFO  --> Incoming request for Kenya ussd !!!!!!! 
2017-03-14 9:50:56 - INFO  --> ============= KENYA TUKO QUIX CALL =============== 
2017-03-14 9:50:56 - INFO  --> ============= RETRIEVING SDP PARAMETERS =============== 
2017-03-14 9:50:56 - INFO  --> LOG INCOMING PARAMETERS FROM GATEWAY 
2017-03-14 9:50:56 - INFO  --> SESSIONID :e11c44e8-5c04-49fb-b34c-d14766a54aa6|SERVICE CODE :*384*80#|MSISDN :+254706917540 
2017-03-14 9:50:56 - INFO  -->  
2017-03-14 9:50:56 - INFO  --> MSISDN 2 UPDATED 
2017-03-14 9:50:56 - INFO  --> CALL UPDATED 
2017-03-14 9:50:57 - INFO  --> SMS SENT TO LEG A 
2017-03-14 9:50:57 - INFO  --> <AfricasTalkingResponse><SMSMessageData><Message>Sent to 1/1 Total Cost: KES 1.0000</Message><Recipients><Recipient><number>+254706917540</number><cost>KES 1.0000</cost><status>Success</status><messageId>ATXid_2ee5bb607618deb9f8e01a399da66c10</messageId></Recipient></Recipients></SMSMessageData></AfricasTalkingResponse> 
2017-03-14 9:50:57 - INFO  --> SMS SENT TO LEG B 
2017-03-14 9:50:57 - INFO  --> <AfricasTalkingResponse><SMSMessageData><Message>Sent to 1/1 Total Cost: KES 1.0000</Message><Recipients><Recipient><number>+254736917540</number><cost>KES 1.0000</cost><status>Success</status><messageId>ATXid_a0ac1d449b705129711fa99659f9f9a0</messageId></Recipient></Recipients></SMSMessageData></AfricasTalkingResponse> 
2017-03-14 9:52:22 - INFO  --> Incoming request for Kenya ussd !!!!!!! 
2017-03-14 9:52:22 - INFO  --> ============= KENYA TUKO QUIX CALL =============== 
2017-03-14 9:52:22 - INFO  --> ============= RETRIEVING SDP PARAMETERS =============== 
2017-03-14 9:52:22 - INFO  --> LOG INCOMING PARAMETERS FROM GATEWAY 
2017-03-14 9:52:22 - INFO  --> SESSIONID :9a376840-bd66-45d0-9a96-5d6138f0d437|SERVICE CODE :*384*80#|MSISDN :+254706917540 
2017-03-14 9:52:22 - INFO  -->  
2017-03-14 9:52:37 - INFO  --> Incoming request for Kenya ussd !!!!!!! 
2017-03-14 9:52:37 - INFO  --> ============= KENYA TUKO QUIX CALL =============== 
2017-03-14 9:52:37 - INFO  --> ============= RETRIEVING SDP PARAMETERS =============== 
2017-03-14 9:52:37 - INFO  --> LOG INCOMING PARAMETERS FROM GATEWAY 
2017-03-14 9:52:37 - INFO  --> SESSIONID :f609470a-01cd-4096-a6cb-9f95a970c135|SERVICE CODE :*384*80#|MSISDN :+254706917540 
2017-03-14 9:52:37 - INFO  -->  
2017-03-14 9:52:37 - INFO  --> CALL SAVED 
2017-03-14 9:52:37 - INFO  --> SMS SENT TO LEG A 
2017-03-14 9:52:37 - INFO  --> <AfricasTalkingResponse><SMSMessageData><Message>Sent to 1/1 Total Cost: KES 1.0000</Message><Recipients><Recipient><number>+254706917540</number><cost>KES 1.0000</cost><status>Success</status><messageId>ATXid_f77bc80dac5d6d07cda0502869a67cfa</messageId></Recipient></Recipients></SMSMessageData></AfricasTalkingResponse> 
2017-03-14 9:52:37 - INFO  --> SMS SENT TO LEG B 
2017-03-14 9:52:37 - INFO  --> <AfricasTalkingResponse><SMSMessageData><Message>Sent to 1/1 Total Cost: KES 1.0000</Message><Recipients><Recipient><number>+254736917540</number><cost>KES 1.0000</cost><status>Success</status><messageId>ATXid_0b2ca117052e09c24c83f38185e27241</messageId></Recipient></Recipients></SMSMessageData></AfricasTalkingResponse> 
2017-03-14 9:54:05 - INFO  --> Incoming request for Kenya ussd !!!!!!! 
2017-03-14 9:54:05 - INFO  --> ============= KENYA TUKO QUIX CALL =============== 
2017-03-14 9:54:05 - INFO  --> ============= RETRIEVING SDP PARAMETERS =============== 
2017-03-14 9:54:05 - INFO  --> LOG INCOMING PARAMETERS FROM GATEWAY 
2017-03-14 9:54:05 - INFO  --> SESSIONID :72a52a2e-9d64-464c-a95f-ef4c9059002c|SERVICE CODE :*384*80#|MSISDN :+254706917540 
2017-03-14 9:54:05 - INFO  -->  
2017-03-14 9:54:05 - INFO  --> CALL SAVED 
2017-03-14 9:54:06 - INFO  --> SMS SENT TO LEG A 
2017-03-14 9:54:06 - INFO  --> <AfricasTalkingResponse><SMSMessageData><Message>Sent to 1/1 Total Cost: KES 1.0000</Message><Recipients><Recipient><number>+254706917540</number><cost>KES 1.0000</cost><status>Success</status><messageId>ATXid_4ea19547a0fd961d65358e35ce1e3e72</messageId></Recipient></Recipients></SMSMessageData></AfricasTalkingResponse> 
2017-03-14 9:54:06 - INFO  --> SMS SENT TO LEG B 
2017-03-14 9:54:06 - INFO  --> <AfricasTalkingResponse><SMSMessageData><Message>Sent to 1/1 Total Cost: KES 1.0000</Message><Recipients><Recipient><number>+254736917540</number><cost>KES 1.0000</cost><status>Success</status><messageId>ATXid_96ebc87432df3447c7e1435252419760</messageId></Recipient></Recipients></SMSMessageData></AfricasTalkingResponse> 
2017-03-14 9:54:54 - INFO  --> Incoming request for Kenya ussd !!!!!!! 
2017-03-14 9:54:54 - INFO  --> ============= KENYA TUKO QUIX CALL =============== 
2017-03-14 9:54:54 - INFO  --> ============= RETRIEVING SDP PARAMETERS =============== 
2017-03-14 9:54:54 - INFO  --> LOG INCOMING PARAMETERS FROM GATEWAY 
2017-03-14 9:54:54 - INFO  --> SESSIONID :f43ede5a-788f-47d3-81a3-5f770b1be449|SERVICE CODE :*384*80#|MSISDN :+254706917540 
2017-03-14 9:54:54 - INFO  -->  
2017-03-14 9:54:54 - INFO  --> SESSION SAVED 
2017-03-14 9:54:58 - INFO  --> Incoming request for Kenya ussd !!!!!!! 
2017-03-14 9:54:58 - INFO  --> ============= KENYA TUKO QUIX CALL =============== 
2017-03-14 9:54:58 - INFO  --> ============= RETRIEVING SDP PARAMETERS =============== 
2017-03-14 9:54:58 - INFO  --> LOG INCOMING PARAMETERS FROM GATEWAY 
2017-03-14 9:54:58 - INFO  --> SESSIONID :f43ede5a-788f-47d3-81a3-5f770b1be449|SERVICE CODE :*384*80#|MSISDN :+254706917540 
2017-03-14 9:54:58 - INFO  -->  
2017-03-14 9:55:07 - INFO  --> Incoming request for Kenya ussd !!!!!!! 
2017-03-14 9:55:07 - INFO  --> ============= KENYA TUKO QUIX CALL =============== 
2017-03-14 9:55:07 - INFO  --> ============= RETRIEVING SDP PARAMETERS =============== 
2017-03-14 9:55:07 - INFO  --> LOG INCOMING PARAMETERS FROM GATEWAY 
2017-03-14 9:55:07 - INFO  --> SESSIONID :f43ede5a-788f-47d3-81a3-5f770b1be449|SERVICE CODE :*384*80#|MSISDN :+254706917540 
2017-03-14 9:55:07 - INFO  -->  
2017-03-14 9:55:07 - INFO  --> MSISDN 2 UPDATED 
2017-03-14 9:55:07 - INFO  --> CALL UPDATED 
2017-03-14 9:55:08 - INFO  --> SMS SENT TO LEG A 
2017-03-14 9:55:08 - INFO  --> <AfricasTalkingResponse><SMSMessageData><Message>Sent to 0/1 Total Cost: 0</Message><Recipients><Recipient><number>+254706917540</number><cost>0</cost><status>Insufficient Balance</status><messageId>None</messageId></Recipient></Recipients></SMSMessageData></AfricasTalkingResponse> 
2017-03-14 9:55:08 - INFO  --> SMS SENT TO LEG B 
2017-03-14 9:55:08 - INFO  --> <AfricasTalkingResponse><SMSMessageData><Message>Sent to 0/1 Total Cost: 0</Message><Recipients><Recipient><number>+254736917540</number><cost>0</cost><status>Insufficient Balance</status><messageId>None</messageId></Recipient></Recipients></SMSMessageData></AfricasTalkingResponse> 
2017-03-14 9:55:12 - INFO  --> Incoming request for Kenya ussd !!!!!!! 
2017-03-14 9:55:12 - INFO  --> ============= KENYA TUKO QUIX CALL =============== 
2017-03-14 9:55:12 - INFO  --> ============= RETRIEVING SDP PARAMETERS =============== 
2017-03-14 9:55:12 - INFO  --> LOG INCOMING PARAMETERS FROM GATEWAY 
2017-03-14 9:55:12 - INFO  --> SESSIONID :b0ba2c5f-8f42-4f6f-912c-b833dfcc6c68|SERVICE CODE :*384*80#|MSISDN :+254706917540 
2017-03-14 9:55:12 - INFO  -->  
2017-03-14 9:55:20 - INFO  --> Incoming request for Kenya ussd !!!!!!! 
2017-03-14 9:55:20 - INFO  --> ============= KENYA TUKO QUIX CALL =============== 
2017-03-14 9:55:20 - INFO  --> ============= RETRIEVING SDP PARAMETERS =============== 
2017-03-14 9:55:20 - INFO  --> LOG INCOMING PARAMETERS FROM GATEWAY 
2017-03-14 9:55:20 - INFO  --> SESSIONID :7d602cbc-213b-4e36-9383-459bd875a4e5|SERVICE CODE :*384*80#|MSISDN :+254706917540 
2017-03-14 9:55:20 - INFO  -->  
2017-03-14 9:55:21 - INFO  --> CALL SAVED 
2017-03-14 9:55:21 - INFO  --> SMS SENT TO LEG A 
2017-03-14 9:55:21 - INFO  --> <AfricasTalkingResponse><SMSMessageData><Message>Sent to 0/1 Total Cost: 0</Message><Recipients><Recipient><number>+254706917540</number><cost>0</cost><status>Insufficient Balance</status><messageId>None</messageId></Recipient></Recipients></SMSMessageData></AfricasTalkingResponse> 
2017-03-14 9:55:21 - INFO  --> SMS SENT TO LEG B 
2017-03-14 9:55:21 - INFO  --> <AfricasTalkingResponse><SMSMessageData><Message>Sent to 0/1 Total Cost: 0</Message><Recipients><Recipient><number>+254736917540</number><cost>0</cost><status>Insufficient Balance</status><messageId>None</messageId></Recipient></Recipients></SMSMessageData></AfricasTalkingResponse> 
2017-03-14 11:03:01 - INFO  --> Incoming request for Kenya ussd !!!!!!! 
2017-03-14 11:03:01 - INFO  --> ============= KENYA TUKO QUIX CALL =============== 
2017-03-14 11:03:01 - INFO  --> ============= RETRIEVING SDP PARAMETERS =============== 
2017-03-14 11:03:01 - INFO  --> LOG INCOMING PARAMETERS FROM GATEWAY 
2017-03-14 11:03:01 - INFO  --> SESSIONID :ATUid_50298e4e09e3a7c8c52b80909af86c95|SERVICE CODE :*384*11#|MSISDN :+254706326753 
2017-03-14 11:03:01 - INFO  -->  
2017-03-14 11:03:01 - INFO  --> CALL SAVED 
2017-03-14 11:03:01 - INFO  --> SMS SENT TO LEG A 
2017-03-14 11:03:01 - INFO  --> <AfricasTalkingResponse><SMSMessageData><Message>Sent to 0/1 Total Cost: 0</Message><Recipients><Recipient><number>+254706326753</number><cost>0</cost><status>Insufficient Balance</status><messageId>None</messageId></Recipient></Recipients></SMSMessageData></AfricasTalkingResponse> 
2017-03-14 11:03:01 - INFO  --> SMS SENT TO LEG B 
2017-03-14 11:03:01 - INFO  --> <AfricasTalkingResponse><SMSMessageData><Message>Sent to 0/1 Total Cost: 0</Message><Recipients><Recipient><number>+254727793103</number><cost>0</cost><status>Insufficient Balance</status><messageId>None</messageId></Recipient></Recipients></SMSMessageData></AfricasTalkingResponse> 
2017-03-14 12:33:06 - INFO  --> Incoming request for Kenya ussd !!!!!!! 
2017-03-14 12:33:06 - INFO  --> ============= KENYA TUKO QUIX CALL =============== 
2017-03-14 12:33:06 - INFO  --> ============= RETRIEVING SDP PARAMETERS =============== 
2017-03-14 12:33:06 - INFO  --> LOG INCOMING PARAMETERS FROM GATEWAY 
2017-03-14 12:33:06 - INFO  --> SESSIONID :ATUid_b025348dee9ab90f29f21014f8a5f431|SERVICE CODE :*384*11#|MSISDN :+254713692723 
2017-03-14 12:33:06 - INFO  -->  
2017-03-14 12:33:07 - INFO  --> CALL SAVED 
2017-03-14 12:33:07 - INFO  --> SMS SENT TO LEG A 
2017-03-14 12:33:07 - INFO  --> <AfricasTalkingResponse><SMSMessageData><Message>Sent to 0/1 Total Cost: 0</Message><Recipients><Recipient><number>+254713692723</number><cost>0</cost><status>Insufficient Balance</status><messageId>None</messageId></Recipient></Recipients></SMSMessageData></AfricasTalkingResponse> 
2017-03-14 12:33:07 - INFO  --> SMS SENT TO LEG B 
2017-03-14 12:33:07 - INFO  --> <AfricasTalkingResponse><SMSMessageData><Message>Sent to 0/1 Total Cost: 0</Message><Recipients><Recipient><number>+254707768537</number><cost>0</cost><status>Insufficient Balance</status><messageId>None</messageId></Recipient></Recipients></SMSMessageData></AfricasTalkingResponse> 
2017-03-14 13:07:32 - INFO  --> Incoming request for Kenya ussd !!!!!!! 
2017-03-14 13:07:32 - INFO  --> ============= KENYA TUKO QUIX CALL =============== 
2017-03-14 13:07:32 - INFO  --> ============= RETRIEVING SDP PARAMETERS =============== 
2017-03-14 13:07:32 - INFO  --> LOG INCOMING PARAMETERS FROM GATEWAY 
2017-03-14 13:07:32 - INFO  --> SESSIONID :ATUid_a4ba41460422b4db2aab55d023601208|SERVICE CODE :*384*11#|MSISDN :+254710389379 
2017-03-14 13:07:32 - INFO  -->  
2017-03-14 13:07:32 - INFO  --> SESSION SAVED 
2017-03-14 13:09:15 - INFO  --> Incoming request for Kenya ussd !!!!!!! 
2017-03-14 13:09:15 - INFO  --> ============= KENYA TUKO QUIX CALL =============== 
2017-03-14 13:09:15 - INFO  --> ============= RETRIEVING SDP PARAMETERS =============== 
2017-03-14 13:09:15 - INFO  --> LOG INCOMING PARAMETERS FROM GATEWAY 
2017-03-14 13:09:15 - INFO  --> SESSIONID :ATUid_21681078a0b21c5d22295e99b6b333fb|SERVICE CODE :*384*11#|MSISDN :+254711539898 
2017-03-14 13:09:15 - INFO  -->  
2017-03-14 13:09:15 - INFO  --> SESSION SAVED 
2017-03-14 13:09:45 - INFO  --> Incoming request for Kenya ussd !!!!!!! 
2017-03-14 13:09:45 - INFO  --> ============= KENYA TUKO QUIX CALL =============== 
2017-03-14 13:09:45 - INFO  --> ============= RETRIEVING SDP PARAMETERS =============== 
2017-03-14 13:09:45 - INFO  --> LOG INCOMING PARAMETERS FROM GATEWAY 
2017-03-14 13:09:45 - INFO  --> SESSIONID :ATUid_21681078a0b21c5d22295e99b6b333fb|SERVICE CODE :*384*11#|MSISDN :+254711539898 
2017-03-14 13:09:45 - INFO  -->  
2017-03-14 13:30:19 - INFO  --> Incoming request for Kenya ussd !!!!!!! 
2017-03-14 13:30:19 - INFO  --> ============= KENYA TUKO QUIX CALL =============== 
2017-03-14 13:30:19 - INFO  --> ============= RETRIEVING SDP PARAMETERS =============== 
2017-03-14 13:30:19 - INFO  --> LOG INCOMING PARAMETERS FROM GATEWAY 
2017-03-14 13:30:19 - INFO  --> SESSIONID :ATUid_099a4e42b31b5f8c44c13388c4e85b4f|SERVICE CODE :*384*11#|MSISDN :+254706326753 
2017-03-14 13:30:19 - INFO  -->  
2017-03-14 13:30:19 - INFO  --> CALL SAVED 
2017-03-14 13:30:19 - INFO  --> SMS SENT TO LEG A 
2017-03-14 13:30:19 - INFO  --> <AfricasTalkingResponse><SMSMessageData><Message>Sent to 0/1 Total Cost: 0</Message><Recipients><Recipient><number>+254706326753</number><cost>0</cost><status>Insufficient Balance</status><messageId>None</messageId></Recipient></Recipients></SMSMessageData></AfricasTalkingResponse> 
2017-03-14 13:30:19 - INFO  --> SMS SENT TO LEG B 
2017-03-14 13:30:19 - INFO  --> <AfricasTalkingResponse><SMSMessageData><Message>Sent to 0/1 Total Cost: 0</Message><Recipients><Recipient><number>+254799277905</number><cost>0</cost><status>Insufficient Balance</status><messageId>None</messageId></Recipient></Recipients></SMSMessageData></AfricasTalkingResponse> 
2017-03-14 13:50:32 - INFO  --> Incoming request for Kenya ussd !!!!!!! 
2017-03-14 13:50:32 - INFO  --> ============= KENYA TUKO QUIX CALL =============== 
2017-03-14 13:50:32 - INFO  --> ============= RETRIEVING SDP PARAMETERS =============== 
2017-03-14 13:50:32 - INFO  --> LOG INCOMING PARAMETERS FROM GATEWAY 
2017-03-14 13:50:32 - INFO  --> SESSIONID :ATUid_ca27a09f879f998501127fc76a97960f|SERVICE CODE :*384*11#|MSISDN :+254721803846 
2017-03-14 13:50:32 - INFO  -->  
2017-03-14 13:50:32 - INFO  --> CALL SAVED 
2017-03-14 13:50:33 - INFO  --> SMS SENT TO LEG A 
2017-03-14 13:50:33 - INFO  --> <AfricasTalkingResponse><SMSMessageData><Message>Sent to 1/1 Total Cost: KES 1.0000</Message><Recipients><Recipient><number>+254721803846</number><cost>KES 1.0000</cost><status>Success</status><messageId>ATXid_6a3907ad268d8378c5d7edb271a92f87</messageId></Recipient></Recipients></SMSMessageData></AfricasTalkingResponse> 
2017-03-14 13:50:33 - INFO  --> SMS SENT TO LEG B 
2017-03-14 13:50:33 - INFO  --> <AfricasTalkingResponse><SMSMessageData><Message>Sent to 1/1 Total Cost: KES 1.0000</Message><Recipients><Recipient><number>+254738344453</number><cost>KES 1.0000</cost><status>Success</status><messageId>ATXid_fa4d1e6f8f7b608dfd4fc902caee752f</messageId></Recipient></Recipients></SMSMessageData></AfricasTalkingResponse> 
2017-03-14 14:17:39 - INFO  --> Incoming request for Kenya ussd !!!!!!! 
2017-03-14 14:17:39 - INFO  --> ============= KENYA TUKO QUIX CALL =============== 
2017-03-14 14:17:39 - INFO  --> ============= RETRIEVING SDP PARAMETERS =============== 
2017-03-14 14:17:39 - INFO  --> LOG INCOMING PARAMETERS FROM GATEWAY 
2017-03-14 14:17:39 - INFO  --> SESSIONID :ATUid_23fd8d3067fc7e708fd8bb8cf0b175f8|SERVICE CODE :*384*11#|MSISDN :+254712127105 
2017-03-14 14:17:39 - INFO  -->  
2017-03-14 14:17:39 - INFO  --> CALL SAVED 
2017-03-14 14:17:40 - INFO  --> SMS SENT TO LEG A 
2017-03-14 14:17:40 - INFO  --> <AfricasTalkingResponse><SMSMessageData><Message>Sent to 1/1 Total Cost: KES 1.0000</Message><Recipients><Recipient><number>+254712127105</number><cost>KES 1.0000</cost><status>Success</status><messageId>ATXid_1e9c128d85e242a1c1dae6998f673663</messageId></Recipient></Recipients></SMSMessageData></AfricasTalkingResponse> 
2017-03-14 14:17:40 - INFO  --> SMS SENT TO LEG B 
2017-03-14 14:17:40 - INFO  --> <AfricasTalkingResponse><SMSMessageData><Message>Sent to 1/1 Total Cost: KES 1.0000</Message><Recipients><Recipient><number>+254726083210</number><cost>KES 1.0000</cost><status>Success</status><messageId>ATXid_f340adeebe3b619b1ababaa88b33638b</messageId></Recipient></Recipients></SMSMessageData></AfricasTalkingResponse> 
2017-03-14 14:47:20 - INFO  --> Incoming request for Kenya ussd !!!!!!! 
2017-03-14 14:47:20 - INFO  --> ============= KENYA TUKO QUIX CALL =============== 
2017-03-14 14:47:20 - INFO  --> ============= RETRIEVING SDP PARAMETERS =============== 
2017-03-14 14:47:20 - INFO  --> LOG INCOMING PARAMETERS FROM GATEWAY 
2017-03-14 14:47:20 - INFO  --> SESSIONID :ATUid_56ecac1793f387ec7861c6e1831dd16d|SERVICE CODE :*384*11#|MSISDN :+254713692723 
2017-03-14 14:47:20 - INFO  -->  
2017-03-14 14:47:20 - INFO  --> CALL SAVED 
2017-03-14 14:47:20 - INFO  --> SMS SENT TO LEG A 
2017-03-14 14:47:20 - INFO  --> <AfricasTalkingResponse><SMSMessageData><Message>Sent to 1/1 Total Cost: KES 1.0000</Message><Recipients><Recipient><number>+254713692723</number><cost>KES 1.0000</cost><status>Success</status><messageId>ATXid_55bd598bfc409a8d0d6c8f457c6bec23</messageId></Recipient></Recipients></SMSMessageData></AfricasTalkingResponse> 
2017-03-14 14:47:21 - INFO  --> SMS SENT TO LEG B 
2017-03-14 14:47:21 - INFO  --> <AfricasTalkingResponse><SMSMessageData><Message>Sent to 1/1 Total Cost: KES 1.0000</Message><Recipients><Recipient><number>+254707768537</number><cost>KES 1.0000</cost><status>Success</status><messageId>ATXid_ccb790f7e22c89630f49f4ed0ff08b1d</messageId></Recipient></Recipients></SMSMessageData></AfricasTalkingResponse> 
2017-03-14 14:54:09 - INFO  --> Incoming request for Kenya ussd !!!!!!! 
2017-03-14 14:54:09 - INFO  --> ============= KENYA TUKO QUIX CALL =============== 
2017-03-14 14:54:09 - INFO  --> ============= RETRIEVING SDP PARAMETERS =============== 
2017-03-14 14:54:09 - INFO  --> LOG INCOMING PARAMETERS FROM GATEWAY 
2017-03-14 14:54:09 - INFO  --> SESSIONID :ATUid_81c07b996662ba0e7d44e6ee0babe723|SERVICE CODE :*384*11#|MSISDN :+254712127105 
2017-03-14 14:54:09 - INFO  -->  
2017-03-14 14:54:10 - INFO  --> CALL SAVED 
2017-03-14 14:54:10 - INFO  --> SMS SENT TO LEG A 
2017-03-14 14:54:10 - INFO  --> <AfricasTalkingResponse><SMSMessageData><Message>Sent to 1/1 Total Cost: KES 1.0000</Message><Recipients><Recipient><number>+254712127105</number><cost>KES 1.0000</cost><status>Success</status><messageId>ATXid_4184ddc4e31b8f38c0cd77b044680dc9</messageId></Recipient></Recipients></SMSMessageData></AfricasTalkingResponse> 
2017-03-14 14:54:10 - INFO  --> SMS SENT TO LEG B 
2017-03-14 14:54:10 - INFO  --> <AfricasTalkingResponse><SMSMessageData><Message>Sent to 1/1 Total Cost: KES 1.0000</Message><Recipients><Recipient><number>+254716291766</number><cost>KES 1.0000</cost><status>Success</status><messageId>ATXid_c9c1c5ceffcfd65bf42aae33fb4f086b</messageId></Recipient></Recipients></SMSMessageData></AfricasTalkingResponse> 
2017-03-14 14:57:53 - INFO  --> Incoming request for Kenya ussd !!!!!!! 
2017-03-14 14:57:53 - INFO  --> ============= KENYA TUKO QUIX CALL =============== 
2017-03-14 14:57:53 - INFO  --> ============= RETRIEVING SDP PARAMETERS =============== 
2017-03-14 14:57:53 - INFO  --> LOG INCOMING PARAMETERS FROM GATEWAY 
2017-03-14 14:57:53 - INFO  --> SESSIONID :ATUid_5a00647d15ff7f3552be0f6f55c26025|SERVICE CODE :*384*11#|MSISDN :+254712127105 
2017-03-14 14:57:53 - INFO  -->  
2017-03-14 14:57:54 - INFO  --> CALL SAVED 
2017-03-14 14:57:54 - INFO  --> SMS SENT TO LEG A 
2017-03-14 14:57:54 - INFO  --> <AfricasTalkingResponse><SMSMessageData><Message>Sent to 1/1 Total Cost: KES 1.0000</Message><Recipients><Recipient><number>+254712127105</number><cost>KES 1.0000</cost><status>Success</status><messageId>ATXid_44a2b0a82a8459a4b82ed29cca7fce9c</messageId></Recipient></Recipients></SMSMessageData></AfricasTalkingResponse> 
2017-03-14 14:57:55 - INFO  --> SMS SENT TO LEG B 
2017-03-14 14:57:55 - INFO  --> <AfricasTalkingResponse><SMSMessageData><Message>Sent to 1/1 Total Cost: KES 1.0000</Message><Recipients><Recipient><number>+254716291766</number><cost>KES 1.0000</cost><status>Success</status><messageId>ATXid_1cec0c33b2c7332e32a5c903ac934730</messageId></Recipient></Recipients></SMSMessageData></AfricasTalkingResponse> 
2017-03-14 15:09:24 - INFO  --> Incoming request for Kenya ussd !!!!!!! 
2017-03-14 15:09:24 - INFO  --> ============= KENYA TUKO QUIX CALL =============== 
2017-03-14 15:09:24 - INFO  --> ============= RETRIEVING SDP PARAMETERS =============== 
2017-03-14 15:09:24 - INFO  --> LOG INCOMING PARAMETERS FROM GATEWAY 
2017-03-14 15:09:24 - INFO  --> SESSIONID :ATUid_40645d98de41768f4e7253b4e5f40def|SERVICE CODE :*384*11#|MSISDN :+254712127105 
2017-03-14 15:09:24 - INFO  -->  
2017-03-14 15:09:25 - INFO  --> CALL SAVED 
2017-03-14 15:09:25 - INFO  --> SMS SENT TO LEG A 
2017-03-14 15:09:25 - INFO  --> <AfricasTalkingResponse><SMSMessageData><Message>Sent to 1/1 Total Cost: KES 1.0000</Message><Recipients><Recipient><number>+254712127105</number><cost>KES 1.0000</cost><status>Success</status><messageId>ATXid_7f41a35a6dc1710834346f3c7e76108f</messageId></Recipient></Recipients></SMSMessageData></AfricasTalkingResponse> 
2017-03-14 15:09:26 - INFO  --> SMS SENT TO LEG B 
2017-03-14 15:09:26 - INFO  --> <AfricasTalkingResponse><SMSMessageData><Message>Sent to 1/1 Total Cost: KES 1.0000</Message><Recipients><Recipient><number>+254716291766</number><cost>KES 1.0000</cost><status>Success</status><messageId>ATXid_6926a0e7e4b67f764e722fa0de0ec656</messageId></Recipient></Recipients></SMSMessageData></AfricasTalkingResponse> 
2017-03-14 15:28:36 - INFO  --> Incoming request for Kenya ussd !!!!!!! 
2017-03-14 15:28:36 - INFO  --> ============= KENYA TUKO QUIX CALL =============== 
2017-03-14 15:28:36 - INFO  --> ============= RETRIEVING SDP PARAMETERS =============== 
2017-03-14 15:28:36 - INFO  --> LOG INCOMING PARAMETERS FROM GATEWAY 
2017-03-14 15:28:36 - INFO  --> SESSIONID :ATUid_db0491adf49cfb6ec210bb4d27eda6c5|SERVICE CODE :*384*11#|MSISDN :+254702519949 
2017-03-14 15:28:36 - INFO  -->  
2017-03-14 15:31:00 - INFO  --> Incoming request for Kenya ussd !!!!!!! 
2017-03-14 15:31:00 - INFO  --> ============= KENYA TUKO QUIX CALL =============== 
2017-03-14 15:31:00 - INFO  --> ============= RETRIEVING SDP PARAMETERS =============== 
2017-03-14 15:31:00 - INFO  --> LOG INCOMING PARAMETERS FROM GATEWAY 
2017-03-14 15:31:00 - INFO  --> SESSIONID :ATUid_1835e41da97ca7d144e890491b10bbbb|SERVICE CODE :*384*11#|MSISDN :+254702519949 
2017-03-14 15:31:00 - INFO  -->  
2017-03-14 15:31:00 - INFO  --> CALL SAVED 
2017-03-14 15:31:01 - INFO  --> SMS SENT TO LEG A 
2017-03-14 15:31:01 - INFO  --> <AfricasTalkingResponse><SMSMessageData><Message>Sent to 1/1 Total Cost: KES 1.0000</Message><Recipients><Recipient><number>+254702519949</number><cost>KES 1.0000</cost><status>Success</status><messageId>ATXid_d6162210a3ebf28bcb234cf3d4c50c19</messageId></Recipient></Recipients></SMSMessageData></AfricasTalkingResponse> 
2017-03-14 15:31:01 - INFO  --> SMS SENT TO LEG B 
2017-03-14 15:31:01 - INFO  --> <AfricasTalkingResponse><SMSMessageData><Message>Sent to 1/1 Total Cost: KES 1.0000</Message><Recipients><Recipient><number>+254713692723</number><cost>KES 1.0000</cost><status>Success</status><messageId>ATXid_e6d57e4979bfc05d286de13346d1b8c0</messageId></Recipient></Recipients></SMSMessageData></AfricasTalkingResponse> 
2017-03-14 15:33:26 - INFO  --> Incoming request for Kenya ussd !!!!!!! 
2017-03-14 15:33:26 - INFO  --> ============= KENYA TUKO QUIX CALL =============== 
2017-03-14 15:33:26 - INFO  --> ============= RETRIEVING SDP PARAMETERS =============== 
2017-03-14 15:33:26 - INFO  --> LOG INCOMING PARAMETERS FROM GATEWAY 
2017-03-14 15:33:26 - INFO  --> SESSIONID :ATUid_2fa6dcfcbdb8741b081b2cace6e76ce3|SERVICE CODE :*384*11#|MSISDN :+254702519949 
2017-03-14 15:33:26 - INFO  -->  
2017-03-14 15:33:27 - INFO  --> CALL SAVED 
2017-03-14 15:33:27 - INFO  --> SMS SENT TO LEG A 
2017-03-14 15:33:27 - INFO  --> <AfricasTalkingResponse><SMSMessageData><Message>Sent to 1/1 Total Cost: KES 1.0000</Message><Recipients><Recipient><number>+254702519949</number><cost>KES 1.0000</cost><status>Success</status><messageId>ATXid_7e343560e8a840660fa7ec6e25694bca</messageId></Recipient></Recipients></SMSMessageData></AfricasTalkingResponse> 
2017-03-14 15:33:27 - INFO  --> SMS SENT TO LEG B 
2017-03-14 15:33:27 - INFO  --> <AfricasTalkingResponse><SMSMessageData><Message>Sent to 1/1 Total Cost: KES 1.0000</Message><Recipients><Recipient><number>+254717640983</number><cost>KES 1.0000</cost><status>Success</status><messageId>ATXid_154964c9d05c4920b14e1e66af21f577</messageId></Recipient></Recipients></SMSMessageData></AfricasTalkingResponse> 
2017-03-14 15:36:32 - INFO  --> Incoming request for Kenya ussd !!!!!!! 
2017-03-14 15:36:32 - INFO  --> ============= KENYA TUKO QUIX CALL =============== 
2017-03-14 15:36:32 - INFO  --> ============= RETRIEVING SDP PARAMETERS =============== 
2017-03-14 15:36:32 - INFO  --> LOG INCOMING PARAMETERS FROM GATEWAY 
2017-03-14 15:36:32 - INFO  --> SESSIONID :ATUid_8ab85d02f868b1cf13c54d98afb8f6bd|SERVICE CODE :*384*11#|MSISDN :+254702519949 
2017-03-14 15:36:32 - INFO  -->  
2017-03-14 15:36:33 - INFO  --> CALL SAVED 
2017-03-14 15:36:33 - INFO  --> SMS SENT TO LEG A 
2017-03-14 15:36:33 - INFO  --> <AfricasTalkingResponse><SMSMessageData><Message>Sent to 1/1 Total Cost: KES 1.0000</Message><Recipients><Recipient><number>+254702519949</number><cost>KES 1.0000</cost><status>Success</status><messageId>ATXid_02626896b37c2e0eada011274ca8eedf</messageId></Recipient></Recipients></SMSMessageData></AfricasTalkingResponse> 
2017-03-14 15:36:34 - INFO  --> SMS SENT TO LEG B 
2017-03-14 15:36:34 - INFO  --> <AfricasTalkingResponse><SMSMessageData><Message>Sent to 1/1 Total Cost: KES 1.0000</Message><Recipients><Recipient><number>+254717640983</number><cost>KES 1.0000</cost><status>Success</status><messageId>ATXid_ff097abe63257b1abc9ce7cf844ea2e6</messageId></Recipient></Recipients></SMSMessageData></AfricasTalkingResponse> 
2017-03-14 15:39:33 - INFO  --> Incoming request for Kenya ussd !!!!!!! 
2017-03-14 15:39:33 - INFO  --> ============= KENYA TUKO QUIX CALL =============== 
2017-03-14 15:39:33 - INFO  --> ============= RETRIEVING SDP PARAMETERS =============== 
2017-03-14 15:39:33 - INFO  --> LOG INCOMING PARAMETERS FROM GATEWAY 
2017-03-14 15:39:33 - INFO  --> SESSIONID :ATUid_48b1b45f52f2a56a7151a73a432750e0|SERVICE CODE :*384*11#|MSISDN :+254702519949 
2017-03-14 15:39:33 - INFO  -->  
2017-03-14 15:39:33 - INFO  --> CALL SAVED 
2017-03-14 15:39:34 - INFO  --> SMS SENT TO LEG A 
2017-03-14 15:39:34 - INFO  --> <AfricasTalkingResponse><SMSMessageData><Message>Sent to 1/1 Total Cost: KES 1.0000</Message><Recipients><Recipient><number>+254702519949</number><cost>KES 1.0000</cost><status>Success</status><messageId>ATXid_cb6726cdb38bb76d02b170e194edb903</messageId></Recipient></Recipients></SMSMessageData></AfricasTalkingResponse> 
2017-03-14 15:39:34 - INFO  --> SMS SENT TO LEG B 
2017-03-14 15:39:34 - INFO  --> <AfricasTalkingResponse><SMSMessageData><Message>Sent to 1/1 Total Cost: KES 1.0000</Message><Recipients><Recipient><number>+254717640983</number><cost>KES 1.0000</cost><status>Success</status><messageId>ATXid_e0a9c05807a31bbebc82ddb59d93deea</messageId></Recipient></Recipients></SMSMessageData></AfricasTalkingResponse> 
2017-03-14 15:49:28 - INFO  --> Incoming request for Kenya ussd !!!!!!! 
2017-03-14 15:49:28 - INFO  --> ============= KENYA TUKO QUIX CALL =============== 
2017-03-14 15:49:28 - INFO  --> ============= RETRIEVING SDP PARAMETERS =============== 
2017-03-14 15:49:28 - INFO  --> LOG INCOMING PARAMETERS FROM GATEWAY 
2017-03-14 15:49:28 - INFO  --> SESSIONID :ATUid_42bfca19c148e1ee493e0e19d318ce57|SERVICE CODE :*384*11#|MSISDN :+254706326753 
2017-03-14 15:49:28 - INFO  -->  
2017-03-14 15:49:29 - INFO  --> CALL SAVED 
2017-03-14 15:49:29 - INFO  --> SMS SENT TO LEG A 
2017-03-14 15:49:29 - INFO  --> <AfricasTalkingResponse><SMSMessageData><Message>Sent to 1/1 Total Cost: KES 1.0000</Message><Recipients><Recipient><number>+254706326753</number><cost>KES 1.0000</cost><status>Success</status><messageId>ATXid_c0fac66f00c3399cb2e2d1c9bff802fa</messageId></Recipient></Recipients></SMSMessageData></AfricasTalkingResponse> 
2017-03-14 15:49:30 - INFO  --> SMS SENT TO LEG B 
2017-03-14 15:49:30 - INFO  --> <AfricasTalkingResponse><SMSMessageData><Message>Sent to 1/1 Total Cost: KES 1.0000</Message><Recipients><Recipient><number>+254791905633</number><cost>KES 1.0000</cost><status>Success</status><messageId>ATXid_b9e099574cb567b0fadc32e927150ae6</messageId></Recipient></Recipients></SMSMessageData></AfricasTalkingResponse> 
2017-03-14 16:02:15 - INFO  --> Incoming request for Kenya ussd !!!!!!! 
2017-03-14 16:02:15 - INFO  --> ============= KENYA TUKO QUIX CALL =============== 
2017-03-14 16:02:15 - INFO  --> ============= RETRIEVING SDP PARAMETERS =============== 
2017-03-14 16:02:15 - INFO  --> LOG INCOMING PARAMETERS FROM GATEWAY 
2017-03-14 16:02:15 - INFO  --> SESSIONID :ATUid_59bbf95d438aae6e058875d2ed0af3fb|SERVICE CODE :*384*11#|MSISDN :+254712127105 
2017-03-14 16:02:15 - INFO  -->  
2017-03-14 16:02:15 - INFO  --> CALL SAVED 
2017-03-14 16:02:15 - INFO  --> SMS SENT TO LEG A 
2017-03-14 16:02:15 - INFO  --> <AfricasTalkingResponse><SMSMessageData><Message>Sent to 1/1 Total Cost: KES 1.0000</Message><Recipients><Recipient><number>+254712127105</number><cost>KES 1.0000</cost><status>Success</status><messageId>ATXid_b503c3703e0b53a521f7efd1c08b905d</messageId></Recipient></Recipients></SMSMessageData></AfricasTalkingResponse> 
2017-03-14 16:02:16 - INFO  --> SMS SENT TO LEG B 
2017-03-14 16:02:16 - INFO  --> <AfricasTalkingResponse><SMSMessageData><Message>Sent to 1/1 Total Cost: KES 1.0000</Message><Recipients><Recipient><number>+254711723522</number><cost>KES 1.0000</cost><status>Success</status><messageId>ATXid_62c697823daea53b8b468e9a516c57e8</messageId></Recipient></Recipients></SMSMessageData></AfricasTalkingResponse> 
2017-03-14 16:05:17 - INFO  --> Incoming request for Kenya ussd !!!!!!! 
2017-03-14 16:05:17 - INFO  --> ============= KENYA TUKO QUIX CALL =============== 
2017-03-14 16:05:17 - INFO  --> ============= RETRIEVING SDP PARAMETERS =============== 
2017-03-14 16:05:17 - INFO  --> LOG INCOMING PARAMETERS FROM GATEWAY 
2017-03-14 16:05:17 - INFO  --> SESSIONID :ATUid_a6a3ae5582171c66ed81350ef6b5bde8|SERVICE CODE :*384*11#|MSISDN :+254712127105 
2017-03-14 16:05:17 - INFO  -->  
2017-03-14 16:08:10 - INFO  --> Incoming request for Kenya ussd !!!!!!! 
2017-03-14 16:08:10 - INFO  --> ============= KENYA TUKO QUIX CALL =============== 
2017-03-14 16:08:10 - INFO  --> ============= RETRIEVING SDP PARAMETERS =============== 
2017-03-14 16:08:10 - INFO  --> LOG INCOMING PARAMETERS FROM GATEWAY 
2017-03-14 16:08:10 - INFO  --> SESSIONID :ATUid_b86bbe54bcb632e55d8b2e14249c00ba|SERVICE CODE :*384*11#|MSISDN :+254712127105 
2017-03-14 16:08:10 - INFO  -->  
2017-03-14 16:53:12 - INFO  --> Incoming request for Kenya ussd !!!!!!! 
2017-03-14 16:53:12 - INFO  --> ============= KENYA TUKO QUIX CALL =============== 
2017-03-14 16:53:12 - INFO  --> ============= RETRIEVING SDP PARAMETERS =============== 
2017-03-14 16:53:12 - INFO  --> LOG INCOMING PARAMETERS FROM GATEWAY 
2017-03-14 16:53:12 - INFO  --> SESSIONID :ATUid_ac34a55f45d161bd7ad0b3c7fe2b8a13|SERVICE CODE :*384*11#|MSISDN :+254790946621 
2017-03-14 16:53:12 - INFO  -->  
2017-03-14 16:53:12 - INFO  --> SESSION SAVED 
2017-03-14 16:54:54 - INFO  --> Incoming request for Kenya ussd !!!!!!! 
2017-03-14 16:54:54 - INFO  --> ============= KENYA TUKO QUIX CALL =============== 
2017-03-14 16:54:54 - INFO  --> ============= RETRIEVING SDP PARAMETERS =============== 
2017-03-14 16:54:54 - INFO  --> LOG INCOMING PARAMETERS FROM GATEWAY 
2017-03-14 16:54:54 - INFO  --> SESSIONID :ATUid_381311901ab136058d94a67657896d18|SERVICE CODE :*384*11#|MSISDN :+254706326753 
2017-03-14 16:54:54 - INFO  -->  
2017-03-14 16:54:55 - INFO  --> CALL SAVED 
2017-03-14 16:54:55 - INFO  --> SMS SENT TO LEG A 
2017-03-14 16:54:55 - INFO  --> <AfricasTalkingResponse><SMSMessageData><Message>Sent to 1/1 Total Cost: KES 1.0000</Message><Recipients><Recipient><number>+254706326753</number><cost>KES 1.0000</cost><status>Success</status><messageId>ATXid_944ba40e9f5b2c158e375be8502f9eb7</messageId></Recipient></Recipients></SMSMessageData></AfricasTalkingResponse> 
2017-03-14 16:54:56 - INFO  --> SMS SENT TO LEG B 
2017-03-14 16:54:56 - INFO  --> <AfricasTalkingResponse><SMSMessageData><Message>Sent to 1/1 Total Cost: KES 1.0000</Message><Recipients><Recipient><number>+254791905633</number><cost>KES 1.0000</cost><status>Success</status><messageId>ATXid_c09f9b3ff880831656bb0944159b3025</messageId></Recipient></Recipients></SMSMessageData></AfricasTalkingResponse> 
2017-03-14 16:58:26 - INFO  --> Incoming request for Kenya ussd !!!!!!! 
2017-03-14 16:58:26 - INFO  --> ============= KENYA TUKO QUIX CALL =============== 
2017-03-14 16:58:26 - INFO  --> ============= RETRIEVING SDP PARAMETERS =============== 
2017-03-14 16:58:26 - INFO  --> LOG INCOMING PARAMETERS FROM GATEWAY 
2017-03-14 16:58:26 - INFO  --> SESSIONID :ATUid_50379e1280bf97b079d0f2be26b341a0|SERVICE CODE :*384*11#|MSISDN :+254706326753 
2017-03-14 16:58:26 - INFO  -->  
2017-03-14 16:58:27 - INFO  --> CALL SAVED 
2017-03-14 16:58:27 - INFO  --> SMS SENT TO LEG A 
2017-03-14 16:58:27 - INFO  --> <AfricasTalkingResponse><SMSMessageData><Message>Sent to 1/1 Total Cost: KES 1.0000</Message><Recipients><Recipient><number>+254706326753</number><cost>KES 1.0000</cost><status>Success</status><messageId>ATXid_6be1503edff97d79acf331b18de8b741</messageId></Recipient></Recipients></SMSMessageData></AfricasTalkingResponse> 
2017-03-14 16:58:27 - INFO  --> SMS SENT TO LEG B 
2017-03-14 16:58:27 - INFO  --> <AfricasTalkingResponse><SMSMessageData><Message>Sent to 1/1 Total Cost: KES 1.0000</Message><Recipients><Recipient><number>+254791905633</number><cost>KES 1.0000</cost><status>Success</status><messageId>ATXid_bb78ea546137747ff7a1ab226fb2df87</messageId></Recipient></Recipients></SMSMessageData></AfricasTalkingResponse> 
2017-03-14 17:01:11 - INFO  --> Incoming request for Kenya ussd !!!!!!! 
2017-03-14 17:01:11 - INFO  --> ============= KENYA TUKO QUIX CALL =============== 
2017-03-14 17:01:11 - INFO  --> ============= RETRIEVING SDP PARAMETERS =============== 
2017-03-14 17:01:11 - INFO  --> LOG INCOMING PARAMETERS FROM GATEWAY 
2017-03-14 17:01:11 - INFO  --> SESSIONID :ATUid_c3ae1dbe633d6a471692a1c04e1b8beb|SERVICE CODE :*384*11#|MSISDN :+254791905633 
2017-03-14 17:01:11 - INFO  -->  
2017-03-14 17:01:11 - INFO  --> SESSION SAVED 
2017-03-14 17:47:34 - INFO  --> Incoming request for Kenya ussd !!!!!!! 
2017-03-14 17:47:34 - INFO  --> ============= KENYA TUKO QUIX CALL =============== 
2017-03-14 17:47:34 - INFO  --> ============= RETRIEVING SDP PARAMETERS =============== 
2017-03-14 17:47:34 - INFO  --> LOG INCOMING PARAMETERS FROM GATEWAY 
2017-03-14 17:47:34 - INFO  --> SESSIONID :ATUid_3808c9c48f0af8ff7fce565980e1e157|SERVICE CODE :*384*11#|MSISDN :+254706326753 
2017-03-14 17:47:34 - INFO  -->  
2017-03-14 18:32:18 - INFO  --> Incoming request for Kenya ussd !!!!!!! 
2017-03-14 18:32:18 - INFO  --> ============= KENYA TUKO QUIX CALL =============== 
2017-03-14 18:32:18 - INFO  --> ============= RETRIEVING SDP PARAMETERS =============== 
2017-03-14 18:32:18 - INFO  --> LOG INCOMING PARAMETERS FROM GATEWAY 
2017-03-14 18:32:18 - INFO  --> SESSIONID :ATUid_0e280471fa092dea5e98f8193dd57219|SERVICE CODE :*384*11#|MSISDN :+254727588181 
2017-03-14 18:32:18 - INFO  -->  
2017-03-14 18:32:18 - INFO  --> CALL SAVED 
2017-03-14 18:32:19 - INFO  --> SMS SENT TO LEG A 
2017-03-14 18:32:19 - INFO  --> <AfricasTalkingResponse><SMSMessageData><Message>Sent to 1/1 Total Cost: KES 1.0000</Message><Recipients><Recipient><number>+254727588181</number><cost>KES 1.0000</cost><status>Success</status><messageId>ATXid_a2dad49cb1be6ddeee57a5f9402d6db3</messageId></Recipient></Recipients></SMSMessageData></AfricasTalkingResponse> 
2017-03-14 18:32:19 - INFO  --> SMS SENT TO LEG B 
2017-03-14 18:32:19 - INFO  --> <AfricasTalkingResponse><SMSMessageData><Message>Sent to 1/1 Total Cost: KES 1.0000</Message><Recipients><Recipient><number>+254799167265</number><cost>KES 1.0000</cost><status>Success</status><messageId>ATXid_61b104e20e5e0fe56937bf223e1262a5</messageId></Recipient></Recipients></SMSMessageData></AfricasTalkingResponse> 
2017-03-14 19:22:06 - INFO  --> Incoming request for Kenya ussd !!!!!!! 
2017-03-14 19:22:06 - INFO  --> ============= KENYA TUKO QUIX CALL =============== 
2017-03-14 19:22:06 - INFO  --> ============= RETRIEVING SDP PARAMETERS =============== 
2017-03-14 19:22:06 - INFO  --> LOG INCOMING PARAMETERS FROM GATEWAY 
2017-03-14 19:22:06 - INFO  --> SESSIONID :ATUid_d37608e91de77d24daa47dd9bd9bf0b5|SERVICE CODE :*384*11#|MSISDN :+254706326753 
2017-03-14 19:22:06 - INFO  -->  
2017-03-14 19:44:02 - INFO  --> Incoming request for Kenya ussd !!!!!!! 
2017-03-14 19:44:02 - INFO  --> ============= KENYA TUKO QUIX CALL =============== 
2017-03-14 19:44:02 - INFO  --> ============= RETRIEVING SDP PARAMETERS =============== 
2017-03-14 19:44:02 - INFO  --> LOG INCOMING PARAMETERS FROM GATEWAY 
2017-03-14 19:44:02 - INFO  --> SESSIONID :ATUid_69cadd7fa370e68fc17a3d2bc07a7a8d|SERVICE CODE :*384*11#|MSISDN :+254727588181 
2017-03-14 19:44:02 - INFO  -->  
2017-03-14 19:44:03 - INFO  --> CALL SAVED 
2017-03-14 19:44:03 - INFO  --> SMS SENT TO LEG A 
2017-03-14 19:44:03 - INFO  --> <AfricasTalkingResponse><SMSMessageData><Message>Sent to 1/1 Total Cost: KES 1.0000</Message><Recipients><Recipient><number>+254727588181</number><cost>KES 1.0000</cost><status>Success</status><messageId>ATXid_33137b4a0a3761cfff8147aa38ce7c66</messageId></Recipient></Recipients></SMSMessageData></AfricasTalkingResponse> 
2017-03-14 19:44:04 - INFO  --> SMS SENT TO LEG B 
2017-03-14 19:44:04 - INFO  --> <AfricasTalkingResponse><SMSMessageData><Message>Sent to 1/1 Total Cost: KES 1.0000</Message><Recipients><Recipient><number>+254792149690</number><cost>KES 1.0000</cost><status>Success</status><messageId>ATXid_752f36befda9caffdd2d0195f6140f07</messageId></Recipient></Recipients></SMSMessageData></AfricasTalkingResponse> 
2017-03-14 19:46:12 - INFO  --> Incoming request for Kenya ussd !!!!!!! 
2017-03-14 19:46:12 - INFO  --> ============= KENYA TUKO QUIX CALL =============== 
2017-03-14 19:46:12 - INFO  --> ============= RETRIEVING SDP PARAMETERS =============== 
2017-03-14 19:46:12 - INFO  --> LOG INCOMING PARAMETERS FROM GATEWAY 
2017-03-14 19:46:12 - INFO  --> SESSIONID :ATUid_0aaf20557abf7d95b509d08152e178d2|SERVICE CODE :*384*11#|MSISDN :+254718740230 
2017-03-14 19:46:12 - INFO  -->  
2017-03-14 19:46:13 - INFO  --> CALL SAVED 
2017-03-14 19:46:13 - INFO  --> SMS SENT TO LEG A 
2017-03-14 19:46:13 - INFO  --> <AfricasTalkingResponse><SMSMessageData><Message>Sent to 1/1 Total Cost: KES 1.0000</Message><Recipients><Recipient><number>+254718740230</number><cost>KES 1.0000</cost><status>Success</status><messageId>ATXid_3027a556436c97fce72e64a7f40fd1d0</messageId></Recipient></Recipients></SMSMessageData></AfricasTalkingResponse> 
2017-03-14 19:46:13 - INFO  --> SMS SENT TO LEG B 
2017-03-14 19:46:13 - INFO  --> <AfricasTalkingResponse><SMSMessageData><Message>Sent to 1/1 Total Cost: KES 1.0000</Message><Recipients><Recipient><number>+254732714859</number><cost>KES 1.0000</cost><status>Success</status><messageId>ATXid_41888385a5587c0d895ee43ecf75a526</messageId></Recipient></Recipients></SMSMessageData></AfricasTalkingResponse> 
2017-03-14 19:49:04 - INFO  --> Incoming request for Kenya ussd !!!!!!! 
2017-03-14 19:49:04 - INFO  --> ============= KENYA TUKO QUIX CALL =============== 
2017-03-14 19:49:04 - INFO  --> ============= RETRIEVING SDP PARAMETERS =============== 
2017-03-14 19:49:04 - INFO  --> LOG INCOMING PARAMETERS FROM GATEWAY 
2017-03-14 19:49:04 - INFO  --> SESSIONID :ATUid_7a6d3e6945c8e33819d90b80206e6148|SERVICE CODE :*384*11#|MSISDN :+254718740230 
2017-03-14 19:49:04 - INFO  -->  
2017-03-14 19:49:04 - INFO  --> CALL SAVED 
2017-03-14 19:49:04 - INFO  --> SMS SENT TO LEG A 
2017-03-14 19:49:04 - INFO  --> <AfricasTalkingResponse><SMSMessageData><Message>Sent to 1/1 Total Cost: KES 1.0000</Message><Recipients><Recipient><number>+254718740230</number><cost>KES 1.0000</cost><status>Success</status><messageId>ATXid_4e42fcc006a0e2b9cb6bff840116c3c0</messageId></Recipient></Recipients></SMSMessageData></AfricasTalkingResponse> 
2017-03-14 19:49:05 - INFO  --> SMS SENT TO LEG B 
2017-03-14 19:49:05 - INFO  --> <AfricasTalkingResponse><SMSMessageData><Message>Sent to 1/1 Total Cost: KES 1.0000</Message><Recipients><Recipient><number>+254718093078</number><cost>KES 1.0000</cost><status>Success</status><messageId>ATXid_b21f2e4439909f250c3d5fab834cd3a1</messageId></Recipient></Recipients></SMSMessageData></AfricasTalkingResponse> 
2017-03-14 19:51:24 - INFO  --> Incoming request for Kenya ussd !!!!!!! 
2017-03-14 19:51:24 - INFO  --> ============= KENYA TUKO QUIX CALL =============== 
2017-03-14 19:51:24 - INFO  --> ============= RETRIEVING SDP PARAMETERS =============== 
2017-03-14 19:51:24 - INFO  --> LOG INCOMING PARAMETERS FROM GATEWAY 
2017-03-14 19:51:24 - INFO  --> SESSIONID :ATUid_5d9aa61f61266e86028ff74c5daaa355|SERVICE CODE :*384*11#|MSISDN :+254718740230 
2017-03-14 19:51:24 - INFO  -->  
2017-03-14 19:51:25 - INFO  --> CALL SAVED 
2017-03-14 19:51:25 - INFO  --> SMS SENT TO LEG A 
2017-03-14 19:51:25 - INFO  --> <AfricasTalkingResponse><SMSMessageData><Message>Sent to 1/1 Total Cost: KES 1.0000</Message><Recipients><Recipient><number>+254718740230</number><cost>KES 1.0000</cost><status>Success</status><messageId>ATXid_a4795e9383384c5a0791b76acf747886</messageId></Recipient></Recipients></SMSMessageData></AfricasTalkingResponse> 
2017-03-14 19:51:25 - INFO  --> SMS SENT TO LEG B 
2017-03-14 19:51:25 - INFO  --> <AfricasTalkingResponse><SMSMessageData><Message>Sent to 1/1 Total Cost: KES 1.0000</Message><Recipients><Recipient><number>+254718093078</number><cost>KES 1.0000</cost><status>Success</status><messageId>ATXid_66bf0fbcd219d8b641bc9cf92c256744</messageId></Recipient></Recipients></SMSMessageData></AfricasTalkingResponse> 
2017-03-14 19:54:46 - INFO  --> Incoming request for Kenya ussd !!!!!!! 
2017-03-14 19:54:46 - INFO  --> ============= KENYA TUKO QUIX CALL =============== 
2017-03-14 19:54:46 - INFO  --> ============= RETRIEVING SDP PARAMETERS =============== 
2017-03-14 19:54:46 - INFO  --> LOG INCOMING PARAMETERS FROM GATEWAY 
2017-03-14 19:54:46 - INFO  --> SESSIONID :ATUid_6f648213a090ecf60b9123c5925a5261|SERVICE CODE :*384*11#|MSISDN :+254796094139 
2017-03-14 19:54:46 - INFO  -->  
2017-03-14 19:54:46 - INFO  --> CALL SAVED 
2017-03-14 19:54:47 - INFO  --> SMS SENT TO LEG A 
2017-03-14 19:54:47 - INFO  --> <AfricasTalkingResponse><SMSMessageData><Message>Sent to 1/1 Total Cost: KES 1.0000</Message><Recipients><Recipient><number>+254796094139</number><cost>KES 1.0000</cost><status>Success</status><messageId>ATXid_8aabdd1e2a5687db9b13b7cf93d5a631</messageId></Recipient></Recipients></SMSMessageData></AfricasTalkingResponse> 
2017-03-14 19:54:47 - INFO  --> SMS SENT TO LEG B 
2017-03-14 19:54:47 - INFO  --> <AfricasTalkingResponse><SMSMessageData><Message>Sent to 1/1 Total Cost: KES 1.0000</Message><Recipients><Recipient><number>+254711214658</number><cost>KES 1.0000</cost><status>Success</status><messageId>ATXid_da6eed45fd9af5a5a1229b8c89044f13</messageId></Recipient></Recipients></SMSMessageData></AfricasTalkingResponse> 
2017-03-14 20:06:38 - INFO  --> Incoming request for Kenya ussd !!!!!!! 
2017-03-14 20:06:38 - INFO  --> ============= KENYA TUKO QUIX CALL =============== 
2017-03-14 20:06:38 - INFO  --> ============= RETRIEVING SDP PARAMETERS =============== 
2017-03-14 20:06:38 - INFO  --> LOG INCOMING PARAMETERS FROM GATEWAY 
2017-03-14 20:06:38 - INFO  --> SESSIONID :ATUid_e9a8a7335c907fcf57e2a8ff35c7d38c|SERVICE CODE :*384*11#|MSISDN :+254723738994 
2017-03-14 20:06:38 - INFO  -->  
2017-03-14 20:06:39 - INFO  --> CALL SAVED 
2017-03-14 20:06:39 - INFO  --> SMS SENT TO LEG A 
2017-03-14 20:06:39 - INFO  --> <AfricasTalkingResponse><SMSMessageData><Message>Sent to 1/1 Total Cost: KES 1.0000</Message><Recipients><Recipient><number>+254723738994</number><cost>KES 1.0000</cost><status>Success</status><messageId>ATXid_bcce56d11efd4dec994062193496c47b</messageId></Recipient></Recipients></SMSMessageData></AfricasTalkingResponse> 
2017-03-14 20:06:39 - INFO  --> SMS SENT TO LEG B 
2017-03-14 20:06:39 - INFO  --> <AfricasTalkingResponse><SMSMessageData><Message>Sent to 1/1 Total Cost: KES 1.0000</Message><Recipients><Recipient><number>+254723738994</number><cost>KES 1.0000</cost><status>Success</status><messageId>ATXid_266932e51d06c711a244c815c7edfff7</messageId></Recipient></Recipients></SMSMessageData></AfricasTalkingResponse> 
2017-03-14 20:08:24 - INFO  --> Incoming request for Kenya ussd !!!!!!! 
2017-03-14 20:08:24 - INFO  --> ============= KENYA TUKO QUIX CALL =============== 
2017-03-14 20:08:24 - INFO  --> ============= RETRIEVING SDP PARAMETERS =============== 
2017-03-14 20:08:24 - INFO  --> LOG INCOMING PARAMETERS FROM GATEWAY 
2017-03-14 20:08:24 - INFO  --> SESSIONID :ATUid_eb29e0371669b982197ccebdc20e971a|SERVICE CODE :*384*11#|MSISDN :+254708332685 
2017-03-14 20:08:24 - INFO  -->  
2017-03-14 20:08:24 - INFO  --> CALL SAVED 
2017-03-14 20:08:25 - INFO  --> SMS SENT TO LEG A 
2017-03-14 20:08:25 - INFO  --> <AfricasTalkingResponse><SMSMessageData><Message>Sent to 1/1 Total Cost: KES 1.0000</Message><Recipients><Recipient><number>+254708332685</number><cost>KES 1.0000</cost><status>Success</status><messageId>ATXid_bb91100b18a92acf95facb084e6d17b0</messageId></Recipient></Recipients></SMSMessageData></AfricasTalkingResponse> 
2017-03-14 20:08:25 - INFO  --> SMS SENT TO LEG B 
2017-03-14 20:08:25 - INFO  --> <AfricasTalkingResponse><SMSMessageData><Message>Sent to 1/1 Total Cost: KES 1.0000</Message><Recipients><Recipient><number>+254708332685</number><cost>KES 1.0000</cost><status>Success</status><messageId>ATXid_b1994416b198cff3f628c3acd4b7b0ea</messageId></Recipient></Recipients></SMSMessageData></AfricasTalkingResponse> 
2017-03-14 20:11:16 - INFO  --> Incoming request for Kenya ussd !!!!!!! 
2017-03-14 20:11:16 - INFO  --> ============= KENYA TUKO QUIX CALL =============== 
2017-03-14 20:11:16 - INFO  --> ============= RETRIEVING SDP PARAMETERS =============== 
2017-03-14 20:11:16 - INFO  --> LOG INCOMING PARAMETERS FROM GATEWAY 
2017-03-14 20:11:16 - INFO  --> SESSIONID :ATUid_01ea286f9cfd3395459f6727e6e7b1d4|SERVICE CODE :*384*11#|MSISDN :+254799523325 
2017-03-14 20:11:16 - INFO  -->  
2017-03-14 20:11:16 - INFO  --> SESSION SAVED 
2017-03-14 20:11:57 - INFO  --> Incoming request for Kenya ussd !!!!!!! 
2017-03-14 20:11:57 - INFO  --> ============= KENYA TUKO QUIX CALL =============== 
2017-03-14 20:11:57 - INFO  --> ============= RETRIEVING SDP PARAMETERS =============== 
2017-03-14 20:11:57 - INFO  --> LOG INCOMING PARAMETERS FROM GATEWAY 
2017-03-14 20:11:57 - INFO  --> SESSIONID :ATUid_01ea286f9cfd3395459f6727e6e7b1d4|SERVICE CODE :*384*11#|MSISDN :+254799523325 
2017-03-14 20:11:57 - INFO  -->  
2017-03-14 20:12:58 - INFO  --> Incoming request for Kenya ussd !!!!!!! 
2017-03-14 20:12:58 - INFO  --> ============= KENYA TUKO QUIX CALL =============== 
2017-03-14 20:12:58 - INFO  --> ============= RETRIEVING SDP PARAMETERS =============== 
2017-03-14 20:12:58 - INFO  --> LOG INCOMING PARAMETERS FROM GATEWAY 
2017-03-14 20:12:58 - INFO  --> SESSIONID :ATUid_edaaaa6e29a008eb946363a41fbc787d|SERVICE CODE :*384*11#|MSISDN :+254799523325 
2017-03-14 20:12:58 - INFO  -->  
2017-03-14 20:13:51 - INFO  --> Incoming request for Kenya ussd !!!!!!! 
2017-03-14 20:13:51 - INFO  --> ============= KENYA TUKO QUIX CALL =============== 
2017-03-14 20:13:51 - INFO  --> ============= RETRIEVING SDP PARAMETERS =============== 
2017-03-14 20:13:51 - INFO  --> LOG INCOMING PARAMETERS FROM GATEWAY 
2017-03-14 20:13:51 - INFO  --> SESSIONID :ATUid_b217dca5f7352d828b6aea65b3023dc6|SERVICE CODE :*384*11#|MSISDN :+254799523325 
2017-03-14 20:13:51 - INFO  -->  
2017-03-14 20:14:51 - INFO  --> Incoming request for Kenya ussd !!!!!!! 
2017-03-14 20:14:51 - INFO  --> ============= KENYA TUKO QUIX CALL =============== 
2017-03-14 20:14:51 - INFO  --> ============= RETRIEVING SDP PARAMETERS =============== 
2017-03-14 20:14:51 - INFO  --> LOG INCOMING PARAMETERS FROM GATEWAY 
2017-03-14 20:14:51 - INFO  --> SESSIONID :ATUid_590abca523a69b3f2ab9fba89c6b7da6|SERVICE CODE :*384*11#|MSISDN :+254799523325 
2017-03-14 20:14:51 - INFO  -->  
2017-03-14 20:14:51 - INFO  --> CALL SAVED 
2017-03-14 20:14:52 - INFO  --> SMS SENT TO LEG A 
2017-03-14 20:14:52 - INFO  --> <AfricasTalkingResponse><SMSMessageData><Message>Sent to 1/1 Total Cost: KES 1.0000</Message><Recipients><Recipient><number>+254799523325</number><cost>KES 1.0000</cost><status>Success</status><messageId>ATXid_0e43da7b5b6ce0dc5a466db5ed5505d7</messageId></Recipient></Recipients></SMSMessageData></AfricasTalkingResponse> 
2017-03-14 20:14:52 - INFO  --> SMS SENT TO LEG B 
2017-03-14 20:14:52 - INFO  --> <AfricasTalkingResponse><SMSMessageData><Message>Sent to 1/1 Total Cost: KES 1.0000</Message><Recipients><Recipient><number>+254723738994</number><cost>KES 1.0000</cost><status>Success</status><messageId>ATXid_97aafd06b44f883306b04a5182e97d03</messageId></Recipient></Recipients></SMSMessageData></AfricasTalkingResponse> 
2017-03-14 20:16:34 - INFO  --> Incoming request for Kenya ussd !!!!!!! 
2017-03-14 20:16:34 - INFO  --> ============= KENYA TUKO QUIX CALL =============== 
2017-03-14 20:16:34 - INFO  --> ============= RETRIEVING SDP PARAMETERS =============== 
2017-03-14 20:16:34 - INFO  --> LOG INCOMING PARAMETERS FROM GATEWAY 
2017-03-14 20:16:34 - INFO  --> SESSIONID :ATUid_90a0ae90bfe5f42a39d4eaf1bc50c08d|SERVICE CODE :*384*11#|MSISDN :+254708332685 
2017-03-14 20:16:34 - INFO  -->  
2017-03-14 20:21:52 - INFO  --> Incoming request for Kenya ussd !!!!!!! 
2017-03-14 20:21:52 - INFO  --> ============= KENYA TUKO QUIX CALL =============== 
2017-03-14 20:21:52 - INFO  --> ============= RETRIEVING SDP PARAMETERS =============== 
2017-03-14 20:21:52 - INFO  --> LOG INCOMING PARAMETERS FROM GATEWAY 
2017-03-14 20:21:52 - INFO  --> SESSIONID :ATUid_3d486eb381175eddb95026c6c9b83327|SERVICE CODE :*384*11#|MSISDN :+254702519949 
2017-03-14 20:21:52 - INFO  -->  
2017-03-14 20:25:35 - INFO  --> Incoming request for Kenya ussd !!!!!!! 
2017-03-14 20:25:35 - INFO  --> ============= KENYA TUKO QUIX CALL =============== 
2017-03-14 20:25:35 - INFO  --> ============= RETRIEVING SDP PARAMETERS =============== 
2017-03-14 20:25:35 - INFO  --> LOG INCOMING PARAMETERS FROM GATEWAY 
2017-03-14 20:25:35 - INFO  --> SESSIONID :ATUid_8beebd3b4b82a6c2163e355c437c5946|SERVICE CODE :*384*11#|MSISDN :+254727588181 
2017-03-14 20:25:35 - INFO  -->  
2017-03-14 20:25:36 - INFO  --> CALL SAVED 
2017-03-14 20:25:36 - INFO  --> SMS SENT TO LEG A 
2017-03-14 20:25:36 - INFO  --> <AfricasTalkingResponse><SMSMessageData><Message>Sent to 1/1 Total Cost: KES 1.0000</Message><Recipients><Recipient><number>+254727588181</number><cost>KES 1.0000</cost><status>Success</status><messageId>ATXid_66225d00aa3da182ae4ddc18fa634bf1</messageId></Recipient></Recipients></SMSMessageData></AfricasTalkingResponse> 
2017-03-14 20:25:36 - INFO  --> SMS SENT TO LEG B 
2017-03-14 20:25:36 - INFO  --> <AfricasTalkingResponse><SMSMessageData><Message>Sent to 1/1 Total Cost: KES 1.0000</Message><Recipients><Recipient><number>+254792149690</number><cost>KES 1.0000</cost><status>Success</status><messageId>ATXid_d9c284d886a810ae1dd57e47894899f4</messageId></Recipient></Recipients></SMSMessageData></AfricasTalkingResponse> 
2017-03-14 20:26:03 - INFO  --> Incoming request for Kenya ussd !!!!!!! 
2017-03-14 20:26:03 - INFO  --> ============= KENYA TUKO QUIX CALL =============== 
2017-03-14 20:26:03 - INFO  --> ============= RETRIEVING SDP PARAMETERS =============== 
2017-03-14 20:26:03 - INFO  --> LOG INCOMING PARAMETERS FROM GATEWAY 
2017-03-14 20:26:03 - INFO  --> SESSIONID :ATUid_231a62c10981e1dc70f069fabf3ce327|SERVICE CODE :*384*11#|MSISDN :+254792149690 
2017-03-14 20:26:03 - INFO  -->  
2017-03-14 20:26:03 - INFO  --> SESSION SAVED 
2017-03-14 20:27:01 - INFO  --> Incoming request for Kenya ussd !!!!!!! 
2017-03-14 20:27:01 - INFO  --> ============= KENYA TUKO QUIX CALL =============== 
2017-03-14 20:27:01 - INFO  --> ============= RETRIEVING SDP PARAMETERS =============== 
2017-03-14 20:27:01 - INFO  --> LOG INCOMING PARAMETERS FROM GATEWAY 
2017-03-14 20:27:01 - INFO  --> SESSIONID :ATUid_231a62c10981e1dc70f069fabf3ce327|SERVICE CODE :*384*11#|MSISDN :+254792149690 
2017-03-14 20:27:01 - INFO  -->  
2017-03-14 20:28:27 - INFO  --> Incoming request for Kenya ussd !!!!!!! 
2017-03-14 20:28:27 - INFO  --> ============= KENYA TUKO QUIX CALL =============== 
2017-03-14 20:28:27 - INFO  --> ============= RETRIEVING SDP PARAMETERS =============== 
2017-03-14 20:28:27 - INFO  --> LOG INCOMING PARAMETERS FROM GATEWAY 
2017-03-14 20:28:27 - INFO  --> SESSIONID :ATUid_cb74c9dc424d1a736d59454e58428f50|SERVICE CODE :*384*11#|MSISDN :+254792149690 
2017-03-14 20:28:27 - INFO  -->  
2017-03-14 20:29:05 - INFO  --> Incoming request for Kenya ussd !!!!!!! 
2017-03-14 20:29:05 - INFO  --> ============= KENYA TUKO QUIX CALL =============== 
2017-03-14 20:29:05 - INFO  --> ============= RETRIEVING SDP PARAMETERS =============== 
2017-03-14 20:29:05 - INFO  --> LOG INCOMING PARAMETERS FROM GATEWAY 
2017-03-14 20:29:05 - INFO  --> SESSIONID :ATUid_9f06d0f9e9d0d729864c4a3afe6c30d6|SERVICE CODE :*384*11#|MSISDN :+254792149690 
2017-03-14 20:29:05 - INFO  -->  
2017-03-14 20:29:05 - INFO  --> CALL SAVED 
2017-03-14 20:29:06 - INFO  --> SMS SENT TO LEG A 
2017-03-14 20:29:06 - INFO  --> <AfricasTalkingResponse><SMSMessageData><Message>Sent to 1/1 Total Cost: KES 1.0000</Message><Recipients><Recipient><number>+254792149690</number><cost>KES 1.0000</cost><status>Success</status><messageId>ATXid_59f2abce1cb5d9a4c3fd88ec97a75312</messageId></Recipient></Recipients></SMSMessageData></AfricasTalkingResponse> 
2017-03-14 20:29:06 - INFO  --> SMS SENT TO LEG B 
2017-03-14 20:29:06 - INFO  --> <AfricasTalkingResponse><SMSMessageData><Message>Sent to 1/1 Total Cost: KES 1.0000</Message><Recipients><Recipient><number>+254721633686</number><cost>KES 1.0000</cost><status>Success</status><messageId>ATXid_059849e0b6868ecab52c67581da1bb8f</messageId></Recipient></Recipients></SMSMessageData></AfricasTalkingResponse> 
2017-03-14 20:31:12 - INFO  --> Incoming request for Kenya ussd !!!!!!! 
2017-03-14 20:31:12 - INFO  --> ============= KENYA TUKO QUIX CALL =============== 
2017-03-14 20:31:12 - INFO  --> ============= RETRIEVING SDP PARAMETERS =============== 
2017-03-14 20:31:12 - INFO  --> LOG INCOMING PARAMETERS FROM GATEWAY 
2017-03-14 20:31:12 - INFO  --> SESSIONID :ATUid_91e6ce20180c5df38006d12c94a7e22f|SERVICE CODE :*384*11#|MSISDN :+254792149690 
2017-03-14 20:31:12 - INFO  -->  
2017-03-14 20:31:12 - INFO  --> CALL SAVED 
2017-03-14 20:31:13 - INFO  --> SMS SENT TO LEG A 
2017-03-14 20:31:13 - INFO  --> <AfricasTalkingResponse><SMSMessageData><Message>Sent to 1/1 Total Cost: KES 1.0000</Message><Recipients><Recipient><number>+254792149690</number><cost>KES 1.0000</cost><status>Success</status><messageId>ATXid_718e87000cf8029c29a8fa0d7e63b5d1</messageId></Recipient></Recipients></SMSMessageData></AfricasTalkingResponse> 
2017-03-14 20:31:13 - INFO  --> SMS SENT TO LEG B 
2017-03-14 20:31:13 - INFO  --> <AfricasTalkingResponse><SMSMessageData><Message>Sent to 1/1 Total Cost: KES 1.0000</Message><Recipients><Recipient><number>+254796403208</number><cost>KES 1.0000</cost><status>Success</status><messageId>ATXid_5da4031f0e61136afa38b27655cfd32d</messageId></Recipient></Recipients></SMSMessageData></AfricasTalkingResponse> 
2017-03-14 20:31:20 - INFO  --> Incoming request for Kenya ussd !!!!!!! 
2017-03-14 20:31:20 - INFO  --> ============= KENYA TUKO QUIX CALL =============== 
2017-03-14 20:31:20 - INFO  --> ============= RETRIEVING SDP PARAMETERS =============== 
2017-03-14 20:31:20 - INFO  --> LOG INCOMING PARAMETERS FROM GATEWAY 
2017-03-14 20:31:20 - INFO  --> SESSIONID :ATUid_1fac8a9d382ac64a6b4bc4f93da13503|SERVICE CODE :*384*11#|MSISDN :+254721633686 
2017-03-14 20:31:20 - INFO  -->  
2017-03-14 20:31:20 - INFO  --> SESSION SAVED 
2017-03-14 20:31:44 - INFO  --> Incoming request for Kenya ussd !!!!!!! 
2017-03-14 20:31:44 - INFO  --> ============= KENYA TUKO QUIX CALL =============== 
2017-03-14 20:31:44 - INFO  --> ============= RETRIEVING SDP PARAMETERS =============== 
2017-03-14 20:31:44 - INFO  --> LOG INCOMING PARAMETERS FROM GATEWAY 
2017-03-14 20:31:44 - INFO  --> SESSIONID :ATUid_1fac8a9d382ac64a6b4bc4f93da13503|SERVICE CODE :*384*11#|MSISDN :+254721633686 
2017-03-14 20:31:44 - INFO  -->  
2017-03-14 20:32:10 - INFO  --> Incoming request for Kenya ussd !!!!!!! 
2017-03-14 20:32:10 - INFO  --> ============= KENYA TUKO QUIX CALL =============== 
2017-03-14 20:32:10 - INFO  --> ============= RETRIEVING SDP PARAMETERS =============== 
2017-03-14 20:32:10 - INFO  --> LOG INCOMING PARAMETERS FROM GATEWAY 
2017-03-14 20:32:10 - INFO  --> SESSIONID :ATUid_1fac8a9d382ac64a6b4bc4f93da13503|SERVICE CODE :*384*11#|MSISDN :+254721633686 
2017-03-14 20:32:10 - INFO  -->  
2017-03-14 20:32:10 - INFO  --> MSISDN 2 UPDATED 
2017-03-14 20:32:10 - INFO  --> CALL UPDATED 
2017-03-14 20:32:11 - INFO  --> SMS SENT TO LEG A 
2017-03-14 20:32:11 - INFO  --> <AfricasTalkingResponse><SMSMessageData><Message>Sent to 1/1 Total Cost: KES 1.0000</Message><Recipients><Recipient><number>+254721633686</number><cost>KES 1.0000</cost><status>Success</status><messageId>ATXid_9d68baa0494dce418a102d27b9a0fa41</messageId></Recipient></Recipients></SMSMessageData></AfricasTalkingResponse> 
2017-03-14 20:32:11 - INFO  --> SMS SENT TO LEG B 
2017-03-14 20:32:11 - INFO  --> <AfricasTalkingResponse><SMSMessageData><Message>Sent to 0/1 Total Cost: 0</Message><Recipients><Recipient><number>254amilah</number><cost>0</cost><status>Invalid Phone Number</status><messageId>None</messageId></Recipient></Recipients></SMSMessageData></AfricasTalkingResponse> 
2017-03-14 20:33:14 - INFO  --> Incoming request for Kenya ussd !!!!!!! 
2017-03-14 20:33:14 - INFO  --> ============= KENYA TUKO QUIX CALL =============== 
2017-03-14 20:33:14 - INFO  --> ============= RETRIEVING SDP PARAMETERS =============== 
2017-03-14 20:33:14 - INFO  --> LOG INCOMING PARAMETERS FROM GATEWAY 
2017-03-14 20:33:14 - INFO  --> SESSIONID :ATUid_124f5601b731ec5ee388a2f58625557d|SERVICE CODE :*384*11#|MSISDN :+254792149690 
2017-03-14 20:33:14 - INFO  -->  
2017-03-14 20:33:14 - INFO  --> CALL SAVED 
2017-03-14 20:33:15 - INFO  --> SMS SENT TO LEG A 
2017-03-14 20:33:15 - INFO  --> <AfricasTalkingResponse><SMSMessageData><Message>Sent to 1/1 Total Cost: KES 1.0000</Message><Recipients><Recipient><number>+254792149690</number><cost>KES 1.0000</cost><status>Success</status><messageId>ATXid_a522cd0633e9325208b143e3b2797505</messageId></Recipient></Recipients></SMSMessageData></AfricasTalkingResponse> 
2017-03-14 20:33:15 - INFO  --> SMS SENT TO LEG B 
2017-03-14 20:33:15 - INFO  --> <AfricasTalkingResponse><SMSMessageData><Message>Sent to 1/1 Total Cost: KES 1.0000</Message><Recipients><Recipient><number>+254705102315</number><cost>KES 1.0000</cost><status>Success</status><messageId>ATXid_c10383acd1e76c03e59b488b458a4c9e</messageId></Recipient></Recipients></SMSMessageData></AfricasTalkingResponse> 
2017-03-14 20:57:15 - INFO  --> Incoming request for Kenya ussd !!!!!!! 
2017-03-14 20:57:15 - INFO  --> ============= KENYA TUKO QUIX CALL =============== 
2017-03-14 20:57:15 - INFO  --> ============= RETRIEVING SDP PARAMETERS =============== 
2017-03-14 20:57:15 - INFO  --> LOG INCOMING PARAMETERS FROM GATEWAY 
2017-03-14 20:57:15 - INFO  --> SESSIONID :ATUid_df3fa6c0b1707809662f820ff81fce91|SERVICE CODE :*384*11#|MSISDN :+254727588181 
2017-03-14 20:57:15 - INFO  -->  
2017-03-14 20:57:16 - INFO  --> CALL SAVED 
2017-03-14 20:57:16 - INFO  --> SMS SENT TO LEG A 
2017-03-14 20:57:16 - INFO  --> <AfricasTalkingResponse><SMSMessageData><Message>Sent to 1/1 Total Cost: KES 1.0000</Message><Recipients><Recipient><number>+254727588181</number><cost>KES 1.0000</cost><status>Success</status><messageId>ATXid_8c5fbb7c4b07b72f899807d78a719272</messageId></Recipient></Recipients></SMSMessageData></AfricasTalkingResponse> 
2017-03-14 20:57:17 - INFO  --> SMS SENT TO LEG B 
2017-03-14 20:57:17 - INFO  --> <AfricasTalkingResponse><SMSMessageData><Message>Sent to 1/1 Total Cost: KES 1.0000</Message><Recipients><Recipient><number>+254792149690</number><cost>KES 1.0000</cost><status>Success</status><messageId>ATXid_54605dec4f4cbe718359eb0871aec7bb</messageId></Recipient></Recipients></SMSMessageData></AfricasTalkingResponse> 
2017-03-14 20:58:00 - INFO  --> Incoming request for Kenya ussd !!!!!!! 
2017-03-14 20:58:00 - INFO  --> ============= KENYA TUKO QUIX CALL =============== 
2017-03-14 20:58:00 - INFO  --> ============= RETRIEVING SDP PARAMETERS =============== 
2017-03-14 20:58:00 - INFO  --> LOG INCOMING PARAMETERS FROM GATEWAY 
2017-03-14 20:58:00 - INFO  --> SESSIONID :ATUid_125a71916e441b174854d3fc3e46b9f0|SERVICE CODE :*384*11#|MSISDN :+254705102315 
2017-03-14 20:58:00 - INFO  -->  
2017-03-14 20:58:00 - INFO  --> SESSION SAVED 
2017-03-14 21:17:57 - INFO  --> Incoming request for Kenya ussd !!!!!!! 
2017-03-14 21:17:57 - INFO  --> ============= KENYA TUKO QUIX CALL =============== 
2017-03-14 21:17:57 - INFO  --> ============= RETRIEVING SDP PARAMETERS =============== 
2017-03-14 21:17:57 - INFO  --> LOG INCOMING PARAMETERS FROM GATEWAY 
2017-03-14 21:17:57 - INFO  --> SESSIONID :ATUid_a02c3ee59974f0b4c65ce0ea39da89f2|SERVICE CODE :*384*11#|MSISDN :+254700308763 
2017-03-14 21:17:57 - INFO  -->  
2017-03-14 21:17:58 - INFO  --> CALL SAVED 
2017-03-14 21:17:58 - INFO  --> SMS SENT TO LEG A 
2017-03-14 21:17:58 - INFO  --> <AfricasTalkingResponse><SMSMessageData><Message>Sent to 1/1 Total Cost: KES 1.0000</Message><Recipients><Recipient><number>+254700308763</number><cost>KES 1.0000</cost><status>Success</status><messageId>ATXid_43e646759b581d4a239bc033de28b756</messageId></Recipient></Recipients></SMSMessageData></AfricasTalkingResponse> 
2017-03-14 21:17:58 - INFO  --> SMS SENT TO LEG B 
2017-03-14 21:17:58 - INFO  --> <AfricasTalkingResponse><SMSMessageData><Message>Sent to 1/1 Total Cost: KES 1.0000</Message><Recipients><Recipient><number>+254714436203</number><cost>KES 1.0000</cost><status>Success</status><messageId>ATXid_e211a3d053a36b6be8fb9c0d48795d2c</messageId></Recipient></Recipients></SMSMessageData></AfricasTalkingResponse> 
2017-03-14 21:20:29 - INFO  --> Incoming request for Kenya ussd !!!!!!! 
2017-03-14 21:20:29 - INFO  --> ============= KENYA TUKO QUIX CALL =============== 
2017-03-14 21:20:29 - INFO  --> ============= RETRIEVING SDP PARAMETERS =============== 
2017-03-14 21:20:29 - INFO  --> LOG INCOMING PARAMETERS FROM GATEWAY 
2017-03-14 21:20:29 - INFO  --> SESSIONID :ATUid_20c1c2df400aa136ffcc3619c1f7d6df|SERVICE CODE :*384*11#|MSISDN :+254700308763 
2017-03-14 21:20:29 - INFO  -->  
2017-03-14 21:20:29 - INFO  --> CALL SAVED 
2017-03-14 21:20:30 - INFO  --> SMS SENT TO LEG A 
2017-03-14 21:20:30 - INFO  --> <AfricasTalkingResponse><SMSMessageData><Message>Sent to 1/1 Total Cost: KES 1.0000</Message><Recipients><Recipient><number>+254700308763</number><cost>KES 1.0000</cost><status>Success</status><messageId>ATXid_fb39d6e38e682fd52ca05cab84a05d1f</messageId></Recipient></Recipients></SMSMessageData></AfricasTalkingResponse> 
2017-03-14 21:20:30 - INFO  --> SMS SENT TO LEG B 
2017-03-14 21:20:30 - INFO  --> <AfricasTalkingResponse><SMSMessageData><Message>Sent to 1/1 Total Cost: KES 1.0000</Message><Recipients><Recipient><number>+254725773647</number><cost>KES 1.0000</cost><status>Success</status><messageId>ATXid_efeb88ffac022a27d21ec0c51c2b7151</messageId></Recipient></Recipients></SMSMessageData></AfricasTalkingResponse> 
2017-03-14 21:47:09 - INFO  --> Incoming request for Kenya ussd !!!!!!! 
2017-03-14 21:47:09 - INFO  --> ============= KENYA TUKO QUIX CALL =============== 
2017-03-14 21:47:09 - INFO  --> ============= RETRIEVING SDP PARAMETERS =============== 
2017-03-14 21:47:09 - INFO  --> LOG INCOMING PARAMETERS FROM GATEWAY 
2017-03-14 21:47:09 - INFO  --> SESSIONID :ATUid_7a6cbdc1f71d6116a33e850422a3c055|SERVICE CODE :*384*11#|MSISDN :+254727588181 
2017-03-14 21:47:09 - INFO  -->  
2017-03-14 21:47:09 - INFO  --> CALL SAVED 
2017-03-14 21:47:10 - INFO  --> SMS SENT TO LEG A 
2017-03-14 21:47:10 - INFO  --> <AfricasTalkingResponse><SMSMessageData><Message>Sent to 1/1 Total Cost: KES 1.0000</Message><Recipients><Recipient><number>+254727588181</number><cost>KES 1.0000</cost><status>Success</status><messageId>ATXid_198e70f960686f9c048f951f43c9ca29</messageId></Recipient></Recipients></SMSMessageData></AfricasTalkingResponse> 
2017-03-14 21:47:10 - INFO  --> SMS SENT TO LEG B 
2017-03-14 21:47:10 - INFO  --> <AfricasTalkingResponse><SMSMessageData><Message>Sent to 1/1 Total Cost: KES 1.0000</Message><Recipients><Recipient><number>+254708029463</number><cost>KES 1.0000</cost><status>Success</status><messageId>ATXid_601c357df337591ba7fb5c3fecccef28</messageId></Recipient></Recipients></SMSMessageData></AfricasTalkingResponse> 
