2017-03-28 9:12:35 - INFO  --> Incoming request for Kenya ussd 
2017-03-28 9:16:15 - INFO  --> Incoming request for Kenya ussd 
2017-03-28 9:19:01 - INFO  --> Incoming request for Kenya ussd 
2017-03-28 9:49:14 - INFO  --> Incoming request for Kenya ussd 
2017-03-28 9:49:15 - INFO  --> TOKEN UPDATED 
2017-03-28 10:03:24 - INFO  --> Incoming request for Kenya ussd 
2017-03-28 10:03:24 - INFO  --> TOKEN UPDATED 
2017-03-28 12:20:17 - INFO  --> Incoming request for Kenya ussd 
2017-03-28 12:20:17 - INFO  --> TOKEN UPDATED 
2017-03-28 12:23:47 - INFO  --> Incoming request for Kenya ussd 
2017-03-28 12:23:48 - INFO  --> TOKEN UPDATED 
2017-03-28 12:24:03 - INFO  --> Incoming request for Kenya ussd 
2017-03-28 12:24:03 - INFO  --> TOKEN UPDATED 
2017-03-28 12:28:22 - INFO  --> Incoming request for Kenya ussd 
2017-03-28 12:28:22 - INFO  --> TOKEN UPDATED 
2017-03-28 12:31:19 - INFO  --> Incoming request for Kenya ussd 
2017-03-28 12:31:19 - INFO  --> TOKEN UPDATED 
2017-03-28 12:31:59 - INFO  --> Incoming request for Kenya ussd 
2017-03-28 12:31:59 - INFO  --> ============= KENYA TUKO QUIX CALL =============== 
2017-03-28 12:31:59 - INFO  --> ============= RETRIEVING SDP PARAMETERS =============== 
2017-03-28 12:31:59 - INFO  --> LOG INCOMING PARAMETERS FROM GATEWAY 
2017-03-28 12:31:59 - INFO  --> SESSIONID :|SERVICE CODE :|MSISDN : 
2017-03-28 12:32:03 - INFO  --> Incoming request for Kenya ussd 
2017-03-28 12:32:04 - INFO  --> TOKEN UPDATED 
2017-03-28 12:34:40 - INFO  --> Incoming request for Kenya ussd 
2017-03-28 12:34:40 - INFO  --> TOKEN UPDATED 
2017-03-28 12:35:42 - INFO  --> Incoming request for Kenya ussd 
2017-03-28 12:35:42 - INFO  --> TOKEN UPDATED 
2017-03-28 12:38:24 - INFO  --> Incoming request for Kenya ussd 
2017-03-28 12:39:50 - INFO  --> Incoming request for Kenya ussd 
2017-03-28 14:01:17 - INFO  --> Incoming request for Kenya ussd 
2017-03-28 14:50:20 - INFO  --> Incoming request for Kenya ussd 
2017-03-28 14:50:20 - INFO  --> ============= KENYA TUKO QUIX CALL =============== 
2017-03-28 14:50:20 - INFO  --> ============= RETRIEVING SDP PARAMETERS =============== 
2017-03-28 14:50:20 - INFO  --> LOG INCOMING PARAMETERS FROM GATEWAY 
2017-03-28 14:50:20 - INFO  --> SESSIONID :ATUid_58fa6cd0f3f9a5868e7a0b472a5fba34|SERVICE CODE :*384*11#|MSISDN :+254712127105 
2017-03-28 14:50:20 - INFO  --> CALL SAVED 
2017-03-28 14:50:20 - INFO  --> WAITING FOR THE CALL TO FINISH FOR SMS SENDING 45 min 
2017-03-28 14:58:33 - INFO  --> Incoming request for Kenya ussd 
2017-03-28 14:58:33 - INFO  --> ============= KENYA TUKO QUIX CALL =============== 
2017-03-28 14:58:33 - INFO  --> ============= RETRIEVING SDP PARAMETERS =============== 
2017-03-28 14:58:33 - INFO  --> LOG INCOMING PARAMETERS FROM GATEWAY 
2017-03-28 14:58:33 - INFO  --> SESSIONID :ATUid_aa99977b2d4e6319f1bd1c9358f5229c|SERVICE CODE :*384*11#|MSISDN :+254712127105 
2017-03-28 14:58:33 - INFO  --> CALL SAVED 
2017-03-28 14:58:33 - INFO  --> WAITING FOR THE CALL TO FINISH FOR SMS SENDING 45 min 
2017-03-28 15:02:59 - INFO  --> Incoming request for Kenya ussd 
2017-03-28 15:04:19 - INFO  --> Incoming request for Kenya ussd 
2017-03-28 15:18:56 - INFO  --> Incoming request for Kenya ussd 
2017-03-28 16:17:41 - INFO  --> Incoming request for Kenya ussd 
2017-03-28 16:27:31 - INFO  --> Incoming request for Kenya ussd 
2017-03-28 16:35:30 - INFO  --> Incoming request for Kenya ussd 
2017-03-28 16:47:09 - INFO  --> Incoming request for Kenya ussd 
2017-03-28 16:47:09 - INFO  --> ============= KENYA TUKO QUIX CALL =============== 
2017-03-28 16:47:09 - INFO  --> ============= RETRIEVING SDP PARAMETERS =============== 
2017-03-28 16:47:09 - INFO  --> LOG INCOMING PARAMETERS FROM GATEWAY 
2017-03-28 16:47:09 - INFO  --> SESSIONID :ATUid_aea0bce6fcfcf61f72f9506591dce98c|SERVICE CODE :*384*11#|MSISDN :+254702086462 
2017-03-28 16:47:49 - INFO  --> Incoming request for Kenya ussd 
2017-03-28 16:47:49 - INFO  --> ============= KENYA TUKO QUIX CALL =============== 
2017-03-28 16:47:49 - INFO  --> ============= RETRIEVING SDP PARAMETERS =============== 
2017-03-28 16:47:49 - INFO  --> LOG INCOMING PARAMETERS FROM GATEWAY 
2017-03-28 16:47:49 - INFO  --> SESSIONID :ATUid_e53451a06ef6c904656e613b284a0d1d|SERVICE CODE :*384*11#|MSISDN :+254702086462 
2017-03-28 16:50:41 - INFO  --> Incoming request for Kenya ussd 
2017-03-28 16:50:41 - INFO  --> TOKEN UPDATED 
2017-03-28 16:53:20 - INFO  --> Incoming request for Kenya ussd 
2017-03-28 16:53:20 - INFO  --> TOKEN UPDATED 
2017-03-28 16:55:11 - INFO  --> Incoming request for Kenya ussd 
2017-03-28 16:55:11 - INFO  --> TOKEN UPDATED 
2017-03-28 16:56:28 - INFO  --> Incoming request for Kenya ussd 
2017-03-28 16:56:28 - INFO  --> TOKEN UPDATED 
2017-03-28 16:56:33 - INFO  --> Incoming request for Kenya ussd 
2017-03-28 16:56:33 - INFO  --> TOKEN UPDATED 
2017-03-28 16:58:37 - INFO  --> Incoming request for Kenya ussd 
2017-03-28 16:58:37 - INFO  --> TOKEN UPDATED 
2017-03-28 17:00:30 - INFO  --> Incoming request for Kenya ussd 
2017-03-28 17:00:30 - INFO  --> TOKEN UPDATED 
2017-03-28 17:04:14 - INFO  --> Incoming request for Kenya ussd 
2017-03-28 17:04:15 - INFO  --> TOKEN UPDATED 
2017-03-28 17:05:29 - INFO  --> Incoming request for Kenya ussd 
2017-03-28 17:05:30 - INFO  --> TOKEN UPDATED 
2017-03-28 17:08:25 - INFO  --> Incoming request for Kenya ussd 
2017-03-28 17:08:25 - INFO  --> TOKEN UPDATED 
2017-03-28 17:09:41 - INFO  --> Incoming request for Kenya ussd 
2017-03-28 17:09:41 - INFO  --> TOKEN UPDATED 
2017-03-28 17:11:44 - INFO  --> Incoming request for Kenya ussd 
2017-03-28 17:11:44 - INFO  --> TOKEN UPDATED 
2017-03-28 17:20:13 - INFO  --> Incoming request for Kenya ussd 
2017-03-28 17:20:13 - INFO  --> ============= KENYA TUKO QUIX CALL =============== 
2017-03-28 17:20:13 - INFO  --> ============= RETRIEVING SDP PARAMETERS =============== 
2017-03-28 17:20:13 - INFO  --> LOG INCOMING PARAMETERS FROM GATEWAY 
2017-03-28 17:20:13 - INFO  --> SESSIONID :4421a8ef-51aa-4105-960e-a6ac1b97251d|SERVICE CODE :*384*80#|MSISDN :+254606917540 
2017-03-28 17:20:24 - INFO  --> Incoming request for Kenya ussd 
2017-03-28 17:20:24 - INFO  --> ============= KENYA TUKO QUIX CALL =============== 
2017-03-28 17:20:24 - INFO  --> ============= RETRIEVING SDP PARAMETERS =============== 
2017-03-28 17:20:24 - INFO  --> LOG INCOMING PARAMETERS FROM GATEWAY 
2017-03-28 17:20:24 - INFO  --> SESSIONID :07aa31d4-dd9a-491a-b540-50096f9369cf|SERVICE CODE :*384*80#|MSISDN :+254606917540 
2017-03-28 17:27:27 - INFO  --> Incoming request for Kenya ussd 
2017-03-28 17:27:27 - INFO  --> ============= KENYA TUKO QUIX CALL =============== 
2017-03-28 17:27:27 - INFO  --> ============= RETRIEVING SDP PARAMETERS =============== 
2017-03-28 17:27:27 - INFO  --> LOG INCOMING PARAMETERS FROM GATEWAY 
2017-03-28 17:27:27 - INFO  --> SESSIONID :2a753d64-f752-4612-86f9-0826111cb41d|SERVICE CODE :*384*80#|MSISDN :+254606917540 
2017-03-28 17:27:30 - INFO  --> Incoming request for Kenya ussd 
2017-03-28 17:27:30 - INFO  --> ============= KENYA TUKO QUIX CALL =============== 
2017-03-28 17:27:30 - INFO  --> ============= RETRIEVING SDP PARAMETERS =============== 
2017-03-28 17:27:30 - INFO  --> LOG INCOMING PARAMETERS FROM GATEWAY 
2017-03-28 17:27:30 - INFO  --> SESSIONID :2a753d64-f752-4612-86f9-0826111cb41d|SERVICE CODE :*384*80#|MSISDN :+254606917540 
2017-03-28 17:33:10 - INFO  --> Incoming request for Kenya ussd 
2017-03-28 17:33:10 - INFO  --> ============= KENYA TUKO QUIX CALL =============== 
2017-03-28 17:33:10 - INFO  --> ============= RETRIEVING SDP PARAMETERS =============== 
2017-03-28 17:33:10 - INFO  --> LOG INCOMING PARAMETERS FROM GATEWAY 
2017-03-28 17:33:10 - INFO  --> SESSIONID :ec9fb7b8-7c8a-4623-9a80-7c0a269362e7|SERVICE CODE :*384*80#|MSISDN :+254606917540 
2017-03-28 17:33:13 - INFO  --> Incoming request for Kenya ussd 
2017-03-28 17:33:13 - INFO  --> ============= KENYA TUKO QUIX CALL =============== 
2017-03-28 17:33:13 - INFO  --> ============= RETRIEVING SDP PARAMETERS =============== 
2017-03-28 17:33:13 - INFO  --> LOG INCOMING PARAMETERS FROM GATEWAY 
2017-03-28 17:33:13 - INFO  --> SESSIONID :ec9fb7b8-7c8a-4623-9a80-7c0a269362e7|SERVICE CODE :*384*80#|MSISDN :+254606917540 
2017-03-28 17:38:14 - INFO  --> Incoming request for Kenya ussd 
2017-03-28 17:38:14 - INFO  --> ============= KENYA TUKO QUIX CALL =============== 
2017-03-28 17:38:14 - INFO  --> ============= RETRIEVING SDP PARAMETERS =============== 
2017-03-28 17:38:14 - INFO  --> LOG INCOMING PARAMETERS FROM GATEWAY 
2017-03-28 17:38:14 - INFO  --> SESSIONID :ATUid_07755852d7d625c2a0d866aaa5a7733d|SERVICE CODE :*384*11#|MSISDN :+254797963314 
2017-03-28 17:38:14 - INFO  --> CALL SAVED 
2017-03-28 17:38:14 - INFO  --> WAITING FOR THE CALL TO FINISH FOR SMS SENDING 45 min 
2017-03-28 17:38:33 - INFO  --> Incoming request for Kenya ussd 
2017-03-28 17:38:33 - INFO  --> ============= KENYA TUKO QUIX CALL =============== 
2017-03-28 17:38:33 - INFO  --> ============= RETRIEVING SDP PARAMETERS =============== 
2017-03-28 17:38:33 - INFO  --> LOG INCOMING PARAMETERS FROM GATEWAY 
2017-03-28 17:38:33 - INFO  --> SESSIONID :ATUid_43b912165c7a5a19ca4837a8db581271|SERVICE CODE :*384*11#|MSISDN :+254797963314 
2017-03-28 17:38:33 - INFO  --> CALL SAVED 
2017-03-28 17:38:33 - INFO  --> WAITING FOR THE CALL TO FINISH FOR SMS SENDING 45 min 
2017-03-28 17:38:55 - INFO  --> Incoming request for Kenya ussd 
2017-03-28 17:38:55 - INFO  --> ============= KENYA TUKO QUIX CALL =============== 
2017-03-28 17:38:55 - INFO  --> ============= RETRIEVING SDP PARAMETERS =============== 
2017-03-28 17:38:55 - INFO  --> LOG INCOMING PARAMETERS FROM GATEWAY 
2017-03-28 17:38:55 - INFO  --> SESSIONID :ATUid_56dc2fd65290782408ae9d9aacd6e2a0|SERVICE CODE :*384*11#|MSISDN :+254797963314 
2017-03-28 17:38:55 - INFO  --> CALL SAVED 
2017-03-28 17:38:55 - INFO  --> WAITING FOR THE CALL TO FINISH FOR SMS SENDING 45 min 
2017-03-28 17:39:07 - INFO  --> Incoming request for Kenya ussd 
2017-03-28 17:39:07 - INFO  --> ============= KENYA TUKO QUIX CALL =============== 
2017-03-28 17:39:07 - INFO  --> ============= RETRIEVING SDP PARAMETERS =============== 
2017-03-28 17:39:07 - INFO  --> LOG INCOMING PARAMETERS FROM GATEWAY 
2017-03-28 17:39:07 - INFO  --> SESSIONID :c79b32ae-bfb1-476f-8e8b-081ae564ad6e|SERVICE CODE :*384*80#|MSISDN :+254606917540 
2017-03-28 17:39:11 - INFO  --> Incoming request for Kenya ussd 
2017-03-28 17:39:11 - INFO  --> ============= KENYA TUKO QUIX CALL =============== 
2017-03-28 17:39:11 - INFO  --> ============= RETRIEVING SDP PARAMETERS =============== 
2017-03-28 17:39:11 - INFO  --> LOG INCOMING PARAMETERS FROM GATEWAY 
2017-03-28 17:39:11 - INFO  --> SESSIONID :c79b32ae-bfb1-476f-8e8b-081ae564ad6e|SERVICE CODE :*384*80#|MSISDN :+254606917540 
2017-03-28 17:41:03 - INFO  --> Incoming request for Kenya ussd 
2017-03-28 17:41:03 - INFO  --> ============= KENYA TUKO QUIX CALL =============== 
2017-03-28 17:41:03 - INFO  --> ============= RETRIEVING SDP PARAMETERS =============== 
2017-03-28 17:41:03 - INFO  --> LOG INCOMING PARAMETERS FROM GATEWAY 
2017-03-28 17:41:03 - INFO  --> SESSIONID :16d33e11-7ee4-432a-b190-cdd6cac7e271|SERVICE CODE :*384*80#|MSISDN :+254606917540 
2017-03-28 17:41:09 - INFO  --> Incoming request for Kenya ussd 
2017-03-28 17:41:09 - INFO  --> ============= KENYA TUKO QUIX CALL =============== 
2017-03-28 17:41:09 - INFO  --> ============= RETRIEVING SDP PARAMETERS =============== 
2017-03-28 17:41:09 - INFO  --> LOG INCOMING PARAMETERS FROM GATEWAY 
2017-03-28 17:41:09 - INFO  --> SESSIONID :16d33e11-7ee4-432a-b190-cdd6cac7e271|SERVICE CODE :*384*80#|MSISDN :+254606917540 
2017-03-28 17:44:56 - INFO  --> Incoming request for Kenya ussd 
2017-03-28 17:44:56 - INFO  --> ============= KENYA TUKO QUIX CALL =============== 
2017-03-28 17:44:56 - INFO  --> ============= RETRIEVING SDP PARAMETERS =============== 
2017-03-28 17:44:56 - INFO  --> LOG INCOMING PARAMETERS FROM GATEWAY 
2017-03-28 17:44:56 - INFO  --> SESSIONID :7a4345dd-c18e-4cc0-ac82-a2fce75cf56a|SERVICE CODE :*384*80#|MSISDN :+254606917540 
2017-03-28 17:45:00 - INFO  --> Incoming request for Kenya ussd 
2017-03-28 17:45:00 - INFO  --> ============= KENYA TUKO QUIX CALL =============== 
2017-03-28 17:45:00 - INFO  --> ============= RETRIEVING SDP PARAMETERS =============== 
2017-03-28 17:45:00 - INFO  --> LOG INCOMING PARAMETERS FROM GATEWAY 
2017-03-28 17:45:00 - INFO  --> SESSIONID :7a4345dd-c18e-4cc0-ac82-a2fce75cf56a|SERVICE CODE :*384*80#|MSISDN :+254606917540 
2017-03-28 17:45:00 - INFO  --> SESSION SAVED 
2017-03-28 17:45:00 - INFO  --> TOKEN UPDATED 
2017-03-28 17:49:25 - INFO  --> Incoming request for Kenya ussd 
2017-03-28 17:49:25 - INFO  --> ============= KENYA TUKO QUIX CALL =============== 
2017-03-28 17:49:25 - INFO  --> ============= RETRIEVING SDP PARAMETERS =============== 
2017-03-28 17:49:25 - INFO  --> LOG INCOMING PARAMETERS FROM GATEWAY 
2017-03-28 17:49:25 - INFO  --> SESSIONID :a3f6fff7-3397-4876-ba2a-52d4bdf9af3a|SERVICE CODE :*384*80#|MSISDN :+254606917540 
2017-03-28 17:49:29 - INFO  --> Incoming request for Kenya ussd 
2017-03-28 17:49:29 - INFO  --> ============= KENYA TUKO QUIX CALL =============== 
2017-03-28 17:49:29 - INFO  --> ============= RETRIEVING SDP PARAMETERS =============== 
2017-03-28 17:49:29 - INFO  --> LOG INCOMING PARAMETERS FROM GATEWAY 
2017-03-28 17:49:29 - INFO  --> SESSIONID :b703fd18-1145-4cea-a0d1-2fc4e295aab2|SERVICE CODE :*384*80#|MSISDN :+254606917540 
2017-03-28 17:50:06 - INFO  --> Incoming request for Kenya ussd 
2017-03-28 17:50:06 - INFO  --> ============= KENYA TUKO QUIX CALL =============== 
2017-03-28 17:50:06 - INFO  --> ============= RETRIEVING SDP PARAMETERS =============== 
2017-03-28 17:50:06 - INFO  --> LOG INCOMING PARAMETERS FROM GATEWAY 
2017-03-28 17:50:06 - INFO  --> SESSIONID :e8698eb8-606e-4374-9329-a0056c2145b6|SERVICE CODE :*384*80#|MSISDN :+254606917540 
2017-03-28 17:50:10 - INFO  --> Incoming request for Kenya ussd 
2017-03-28 17:50:10 - INFO  --> ============= KENYA TUKO QUIX CALL =============== 
2017-03-28 17:50:10 - INFO  --> ============= RETRIEVING SDP PARAMETERS =============== 
2017-03-28 17:50:10 - INFO  --> LOG INCOMING PARAMETERS FROM GATEWAY 
2017-03-28 17:50:10 - INFO  --> SESSIONID :e8698eb8-606e-4374-9329-a0056c2145b6|SERVICE CODE :*384*80#|MSISDN :+254606917540 
2017-03-28 17:50:41 - INFO  --> Incoming request for Kenya ussd 
2017-03-28 17:50:41 - INFO  --> ============= KENYA TUKO QUIX CALL =============== 
2017-03-28 17:50:41 - INFO  --> ============= RETRIEVING SDP PARAMETERS =============== 
2017-03-28 17:50:41 - INFO  --> LOG INCOMING PARAMETERS FROM GATEWAY 
2017-03-28 17:50:41 - INFO  --> SESSIONID :73ac6e8d-6756-4e57-8930-03878b8ab8ea|SERVICE CODE :*384*80#|MSISDN :+254606917540 
2017-03-28 17:50:44 - INFO  --> Incoming request for Kenya ussd 
2017-03-28 17:50:44 - INFO  --> ============= KENYA TUKO QUIX CALL =============== 
2017-03-28 17:50:44 - INFO  --> ============= RETRIEVING SDP PARAMETERS =============== 
2017-03-28 17:50:44 - INFO  --> LOG INCOMING PARAMETERS FROM GATEWAY 
2017-03-28 17:50:44 - INFO  --> SESSIONID :73ac6e8d-6756-4e57-8930-03878b8ab8ea|SERVICE CODE :*384*80#|MSISDN :+254606917540 
2017-03-28 17:52:50 - INFO  --> Incoming request for Kenya ussd 
2017-03-28 17:52:50 - INFO  --> ============= KENYA TUKO QUIX CALL =============== 
2017-03-28 17:52:50 - INFO  --> ============= RETRIEVING SDP PARAMETERS =============== 
2017-03-28 17:52:50 - INFO  --> LOG INCOMING PARAMETERS FROM GATEWAY 
2017-03-28 17:52:50 - INFO  --> SESSIONID :0a50952e-8684-4daf-9d2f-d72f439f2f37|SERVICE CODE :*384*80#|MSISDN :+254606917540 
2017-03-28 17:52:54 - INFO  --> Incoming request for Kenya ussd 
2017-03-28 17:52:54 - INFO  --> ============= KENYA TUKO QUIX CALL =============== 
2017-03-28 17:52:54 - INFO  --> ============= RETRIEVING SDP PARAMETERS =============== 
2017-03-28 17:52:54 - INFO  --> LOG INCOMING PARAMETERS FROM GATEWAY 
2017-03-28 17:52:54 - INFO  --> SESSIONID :0a50952e-8684-4daf-9d2f-d72f439f2f37|SERVICE CODE :*384*80#|MSISDN :+254606917540 
2017-03-28 17:53:58 - INFO  --> Incoming request for Kenya ussd 
2017-03-28 17:53:58 - INFO  --> ============= KENYA TUKO QUIX CALL =============== 
2017-03-28 17:53:58 - INFO  --> ============= RETRIEVING SDP PARAMETERS =============== 
2017-03-28 17:53:58 - INFO  --> LOG INCOMING PARAMETERS FROM GATEWAY 
2017-03-28 17:53:58 - INFO  --> SESSIONID :f9f002f9-d1c1-45e2-9ba5-4d19a4f7d74d|SERVICE CODE :*384*80#|MSISDN :+254606917540 
2017-03-28 17:54:01 - INFO  --> Incoming request for Kenya ussd 
2017-03-28 17:54:01 - INFO  --> ============= KENYA TUKO QUIX CALL =============== 
2017-03-28 17:54:01 - INFO  --> ============= RETRIEVING SDP PARAMETERS =============== 
2017-03-28 17:54:01 - INFO  --> LOG INCOMING PARAMETERS FROM GATEWAY 
2017-03-28 17:54:01 - INFO  --> SESSIONID :f9f002f9-d1c1-45e2-9ba5-4d19a4f7d74d|SERVICE CODE :*384*80#|MSISDN :+254606917540 
2017-03-28 17:54:12 - INFO  --> Incoming request for Kenya ussd 
2017-03-28 17:54:12 - INFO  --> ============= KENYA TUKO QUIX CALL =============== 
2017-03-28 17:54:12 - INFO  --> ============= RETRIEVING SDP PARAMETERS =============== 
2017-03-28 17:54:12 - INFO  --> LOG INCOMING PARAMETERS FROM GATEWAY 
2017-03-28 17:54:12 - INFO  --> SESSIONID :f572fbb3-47e9-4c9f-a8a9-e4e4168677f5|SERVICE CODE :*384*80#|MSISDN :+254606917540 
2017-03-28 17:54:16 - INFO  --> Incoming request for Kenya ussd 
2017-03-28 17:54:16 - INFO  --> ============= KENYA TUKO QUIX CALL =============== 
2017-03-28 17:54:16 - INFO  --> ============= RETRIEVING SDP PARAMETERS =============== 
2017-03-28 17:54:16 - INFO  --> LOG INCOMING PARAMETERS FROM GATEWAY 
2017-03-28 17:54:16 - INFO  --> SESSIONID :f572fbb3-47e9-4c9f-a8a9-e4e4168677f5|SERVICE CODE :*384*80#|MSISDN :+254606917540 
2017-03-28 17:58:56 - INFO  --> Incoming request for Kenya ussd 
2017-03-28 17:58:56 - INFO  --> ============= KENYA TUKO QUIX CALL =============== 
2017-03-28 17:58:56 - INFO  --> ============= RETRIEVING SDP PARAMETERS =============== 
2017-03-28 17:58:56 - INFO  --> LOG INCOMING PARAMETERS FROM GATEWAY 
2017-03-28 17:58:56 - INFO  --> SESSIONID :0516388c-8c49-4503-9102-20a11406cc9f|SERVICE CODE :*384*80#|MSISDN :+254606917540 
2017-03-28 17:59:00 - INFO  --> Incoming request for Kenya ussd 
2017-03-28 17:59:00 - INFO  --> ============= KENYA TUKO QUIX CALL =============== 
2017-03-28 17:59:00 - INFO  --> ============= RETRIEVING SDP PARAMETERS =============== 
2017-03-28 17:59:00 - INFO  --> LOG INCOMING PARAMETERS FROM GATEWAY 
2017-03-28 17:59:00 - INFO  --> SESSIONID :0516388c-8c49-4503-9102-20a11406cc9f|SERVICE CODE :*384*80#|MSISDN :+254606917540 
2017-03-28 17:59:00 - INFO  --> SESSION SAVED 
2017-03-28 17:59:00 - INFO  --> TOKEN UPDATED 
2017-03-28 17:59:03 - INFO  --> Incoming request for Kenya ussd 
2017-03-28 17:59:03 - INFO  --> ============= KENYA TUKO QUIX CALL =============== 
2017-03-28 17:59:03 - INFO  --> ============= RETRIEVING SDP PARAMETERS =============== 
2017-03-28 17:59:03 - INFO  --> LOG INCOMING PARAMETERS FROM GATEWAY 
2017-03-28 17:59:03 - INFO  --> SESSIONID :84190cc3-1f6e-4916-8e24-3c341bd9f3c8|SERVICE CODE :*384*80#|MSISDN :+254606917540 
2017-03-28 18:00:27 - INFO  --> Incoming request for Kenya ussd 
2017-03-28 18:00:27 - INFO  --> ============= KENYA TUKO QUIX CALL =============== 
2017-03-28 18:00:27 - INFO  --> ============= RETRIEVING SDP PARAMETERS =============== 
2017-03-28 18:00:27 - INFO  --> LOG INCOMING PARAMETERS FROM GATEWAY 
2017-03-28 18:00:27 - INFO  --> SESSIONID :55df9864-e33a-4843-9624-993e38d99aef|SERVICE CODE :*384*80#|MSISDN :+254606917540 
2017-03-28 18:00:32 - INFO  --> Incoming request for Kenya ussd 
2017-03-28 18:00:32 - INFO  --> ============= KENYA TUKO QUIX CALL =============== 
2017-03-28 18:00:32 - INFO  --> ============= RETRIEVING SDP PARAMETERS =============== 
2017-03-28 18:00:32 - INFO  --> LOG INCOMING PARAMETERS FROM GATEWAY 
2017-03-28 18:00:32 - INFO  --> SESSIONID :55df9864-e33a-4843-9624-993e38d99aef|SERVICE CODE :*384*80#|MSISDN :+254606917540 
2017-03-28 18:00:32 - INFO  --> SESSION SAVED 
2017-03-28 18:00:32 - INFO  --> TOKEN UPDATED 
2017-03-28 18:01:24 - INFO  --> Incoming request for Kenya ussd 
2017-03-28 18:01:24 - INFO  --> ============= KENYA TUKO QUIX CALL =============== 
2017-03-28 18:01:24 - INFO  --> ============= RETRIEVING SDP PARAMETERS =============== 
2017-03-28 18:01:24 - INFO  --> LOG INCOMING PARAMETERS FROM GATEWAY 
2017-03-28 18:01:24 - INFO  --> SESSIONID :40e470ca-2336-4715-9f60-bf6711d2b142|SERVICE CODE :*384*80#|MSISDN :+254606917540 
2017-03-28 18:01:40 - INFO  --> Incoming request for Kenya ussd 
2017-03-28 18:01:40 - INFO  --> ============= KENYA TUKO QUIX CALL =============== 
2017-03-28 18:01:40 - INFO  --> ============= RETRIEVING SDP PARAMETERS =============== 
2017-03-28 18:01:40 - INFO  --> LOG INCOMING PARAMETERS FROM GATEWAY 
2017-03-28 18:01:40 - INFO  --> SESSIONID :290ea599-52f7-4f6b-88f8-035939ef8bf7|SERVICE CODE :*384*80#|MSISDN :+254606917540 
2017-03-28 18:01:44 - INFO  --> Incoming request for Kenya ussd 
2017-03-28 18:01:44 - INFO  --> ============= KENYA TUKO QUIX CALL =============== 
2017-03-28 18:01:44 - INFO  --> ============= RETRIEVING SDP PARAMETERS =============== 
2017-03-28 18:01:44 - INFO  --> LOG INCOMING PARAMETERS FROM GATEWAY 
2017-03-28 18:01:44 - INFO  --> SESSIONID :290ea599-52f7-4f6b-88f8-035939ef8bf7|SERVICE CODE :*384*80#|MSISDN :+254606917540 
2017-03-28 18:04:29 - INFO  --> Incoming request for Kenya ussd 
2017-03-28 18:04:29 - INFO  --> ============= KENYA TUKO QUIX CALL =============== 
2017-03-28 18:04:29 - INFO  --> ============= RETRIEVING SDP PARAMETERS =============== 
2017-03-28 18:04:29 - INFO  --> LOG INCOMING PARAMETERS FROM GATEWAY 
2017-03-28 18:04:29 - INFO  --> SESSIONID :ATUid_e65ca92ae29893db448763f35358d94f|SERVICE CODE :*384*11#|MSISDN :+254712127105 
2017-03-28 18:04:29 - INFO  --> CALL SAVED 
2017-03-28 18:04:29 - INFO  --> WAITING FOR THE CALL TO FINISH FOR SMS SENDING 45 min 
2017-03-28 18:05:15 - INFO  --> Incoming request for Kenya ussd 
2017-03-28 18:05:15 - INFO  --> ============= KENYA TUKO QUIX CALL =============== 
2017-03-28 18:05:15 - INFO  --> ============= RETRIEVING SDP PARAMETERS =============== 
2017-03-28 18:05:15 - INFO  --> LOG INCOMING PARAMETERS FROM GATEWAY 
2017-03-28 18:05:15 - INFO  --> SESSIONID :63782cea-baf2-429b-9648-59d8680f1da2|SERVICE CODE :*384*80#|MSISDN :+254606917540|CHECK OUT TOKEN : 
2017-03-28 18:05:15 - INFO  --> ============= SUBSCRIPTION =============== 
2017-03-28 18:05:15 - INFO  -->  
2017-03-28 18:05:15 - INFO  -->  
2017-03-28 18:05:20 - INFO  --> Incoming request for Kenya ussd 
2017-03-28 18:05:20 - INFO  --> ============= KENYA TUKO QUIX CALL =============== 
2017-03-28 18:05:20 - INFO  --> ============= RETRIEVING SDP PARAMETERS =============== 
2017-03-28 18:05:20 - INFO  --> LOG INCOMING PARAMETERS FROM GATEWAY 
2017-03-28 18:05:20 - INFO  --> SESSIONID :63782cea-baf2-429b-9648-59d8680f1da2|SERVICE CODE :*384*80#|MSISDN :+254606917540|CHECK OUT TOKEN : 
2017-03-28 18:05:20 - INFO  --> ============= SUBSCRIPTION =============== 
2017-03-28 18:05:20 - INFO  -->  
2017-03-28 18:05:20 - INFO  -->  
2017-03-28 18:05:20 - INFO  --> SESSION SAVED 
2017-03-28 18:07:29 - INFO  --> Incoming request for Kenya ussd 
2017-03-28 18:07:29 - INFO  --> ============= KENYA TUKO QUIX CALL =============== 
2017-03-28 18:07:29 - INFO  --> ============= RETRIEVING SDP PARAMETERS =============== 
2017-03-28 18:07:29 - INFO  --> LOG INCOMING PARAMETERS FROM GATEWAY 
2017-03-28 18:07:29 - INFO  --> SESSIONID :baf21020-07bc-4d3d-a7aa-3d7ffde0e6aa|SERVICE CODE :*384*80#|MSISDN :+254606917540|CHECK OUT TOKEN : 
2017-03-28 18:07:29 - INFO  --> ============= SUBSCRIPTION =============== 
2017-03-28 18:07:29 - INFO  -->  
2017-03-28 18:07:29 - INFO  -->  
2017-03-28 18:11:31 - INFO  --> Incoming request for Kenya ussd 
2017-03-28 18:11:31 - INFO  --> ============= KENYA TUKO QUIX CALL =============== 
2017-03-28 18:11:31 - INFO  --> ============= RETRIEVING SDP PARAMETERS =============== 
2017-03-28 18:11:31 - INFO  --> LOG INCOMING PARAMETERS FROM GATEWAY 
2017-03-28 18:11:31 - INFO  --> SESSIONID :ae66010e-c1a9-40a0-9d6a-7e297b45034c|SERVICE CODE :*384*80#|MSISDN :+254606917540|CHECK OUT TOKEN : 
2017-03-28 18:11:31 - INFO  --> ============= SUBSCRIPTION =============== 
2017-03-28 18:11:31 - INFO  -->  
2017-03-28 18:11:31 - INFO  -->  
2017-03-28 18:11:35 - INFO  --> Incoming request for Kenya ussd 
2017-03-28 18:11:35 - INFO  --> ============= KENYA TUKO QUIX CALL =============== 
2017-03-28 18:11:35 - INFO  --> ============= RETRIEVING SDP PARAMETERS =============== 
2017-03-28 18:11:35 - INFO  --> LOG INCOMING PARAMETERS FROM GATEWAY 
2017-03-28 18:11:35 - INFO  --> SESSIONID :ae66010e-c1a9-40a0-9d6a-7e297b45034c|SERVICE CODE :*384*80#|MSISDN :+254606917540|CHECK OUT TOKEN : 
2017-03-28 18:11:35 - INFO  --> ============= SUBSCRIPTION =============== 
2017-03-28 18:11:35 - INFO  -->  
2017-03-28 18:11:35 - INFO  -->  
2017-03-28 18:11:35 - INFO  --> SESSION SAVED 
2017-03-28 18:11:35 - INFO  --> TOKEN UPDATED 
2017-03-28 18:11:35 - INFO  --> SESSION SAVED 
2017-03-28 18:12:08 - INFO  --> Incoming request for Kenya ussd 
2017-03-28 18:12:08 - INFO  --> ============= KENYA TUKO QUIX CALL =============== 
2017-03-28 18:12:08 - INFO  --> ============= RETRIEVING SDP PARAMETERS =============== 
2017-03-28 18:12:08 - INFO  --> LOG INCOMING PARAMETERS FROM GATEWAY 
2017-03-28 18:12:08 - INFO  --> SESSIONID :f5e546e6-c810-45d0-b5fc-300c190ad937|SERVICE CODE :*384*80#|MSISDN :+254606917540|CHECK OUT TOKEN : 
2017-03-28 18:12:08 - INFO  --> ============= SUBSCRIPTION =============== 
2017-03-28 18:12:08 - INFO  -->  
2017-03-28 18:12:08 - INFO  -->  
2017-03-28 18:12:31 - INFO  --> Incoming request for Kenya ussd 
2017-03-28 18:12:31 - INFO  --> ============= KENYA TUKO QUIX CALL =============== 
2017-03-28 18:12:31 - INFO  --> ============= RETRIEVING SDP PARAMETERS =============== 
2017-03-28 18:12:31 - INFO  --> LOG INCOMING PARAMETERS FROM GATEWAY 
2017-03-28 18:12:31 - INFO  --> SESSIONID :7776ff16-45fa-4591-b039-f248a86e1067|SERVICE CODE :*384*80#|MSISDN :+254606917540|CHECK OUT TOKEN : 
2017-03-28 18:12:31 - INFO  --> ============= SUBSCRIPTION =============== 
2017-03-28 18:12:31 - INFO  -->  
2017-03-28 18:12:31 - INFO  -->  
2017-03-28 18:12:33 - INFO  --> Incoming request for Kenya ussd 
2017-03-28 18:12:33 - INFO  --> ============= KENYA TUKO QUIX CALL =============== 
2017-03-28 18:12:33 - INFO  --> ============= RETRIEVING SDP PARAMETERS =============== 
2017-03-28 18:12:33 - INFO  --> LOG INCOMING PARAMETERS FROM GATEWAY 
2017-03-28 18:12:33 - INFO  --> SESSIONID :7776ff16-45fa-4591-b039-f248a86e1067|SERVICE CODE :*384*80#|MSISDN :+254606917540|CHECK OUT TOKEN : 
2017-03-28 18:12:33 - INFO  --> ============= SUBSCRIPTION =============== 
2017-03-28 18:12:33 - INFO  -->  
2017-03-28 18:12:33 - INFO  -->  
2017-03-28 18:12:33 - INFO  --> SESSION SAVED 
2017-03-28 18:12:33 - INFO  --> TOKEN UPDATED 
2017-03-28 18:12:33 - INFO  --> SESSION SAVED 
2017-03-28 18:13:31 - INFO  --> Incoming request for Kenya ussd 
2017-03-28 18:13:31 - INFO  --> ============= KENYA TUKO QUIX CALL =============== 
2017-03-28 18:13:31 - INFO  --> ============= RETRIEVING SDP PARAMETERS =============== 
2017-03-28 18:13:31 - INFO  --> LOG INCOMING PARAMETERS FROM GATEWAY 
2017-03-28 18:13:31 - INFO  --> SESSIONID :1a8f6438-6746-4ea5-9fe4-11622ba529ab|SERVICE CODE :*384*80#|MSISDN :+254606917540|CHECK OUT TOKEN : 
2017-03-28 18:13:31 - INFO  --> ============= SUBSCRIPTION =============== 
2017-03-28 18:13:31 - INFO  -->  
2017-03-28 18:13:31 - INFO  -->  
2017-03-28 18:14:02 - INFO  --> Incoming request for Kenya ussd 
2017-03-28 18:14:02 - INFO  --> ============= KENYA TUKO QUIX CALL =============== 
2017-03-28 18:14:02 - INFO  --> ============= RETRIEVING SDP PARAMETERS =============== 
2017-03-28 18:14:02 - INFO  --> LOG INCOMING PARAMETERS FROM GATEWAY 
2017-03-28 18:14:02 - INFO  --> SESSIONID :0313d85c-6cc4-4bed-b31a-151060e9c1ee|SERVICE CODE :*384*80#|MSISDN :+254606917540|CHECK OUT TOKEN : 
2017-03-28 18:14:02 - INFO  --> ============= SUBSCRIPTION =============== 
2017-03-28 18:14:02 - INFO  -->  
2017-03-28 18:14:02 - INFO  -->  
2017-03-28 18:14:05 - INFO  --> Incoming request for Kenya ussd 
2017-03-28 18:14:05 - INFO  --> ============= KENYA TUKO QUIX CALL =============== 
2017-03-28 18:14:05 - INFO  --> ============= RETRIEVING SDP PARAMETERS =============== 
2017-03-28 18:14:05 - INFO  --> LOG INCOMING PARAMETERS FROM GATEWAY 
2017-03-28 18:14:05 - INFO  --> SESSIONID :0313d85c-6cc4-4bed-b31a-151060e9c1ee|SERVICE CODE :*384*80#|MSISDN :+254606917540|CHECK OUT TOKEN : 
2017-03-28 18:14:05 - INFO  --> ============= SUBSCRIPTION =============== 
2017-03-28 18:14:05 - INFO  -->  
2017-03-28 18:14:05 - INFO  -->  
2017-03-28 18:14:05 - INFO  --> SESSION SAVED 
2017-03-28 18:18:11 - INFO  --> Incoming request for Kenya ussd 
2017-03-28 18:18:11 - INFO  --> ============= KENYA TUKO QUIX CALL =============== 
2017-03-28 18:18:11 - INFO  --> ============= RETRIEVING SDP PARAMETERS =============== 
2017-03-28 18:18:11 - INFO  --> LOG INCOMING PARAMETERS FROM GATEWAY 
2017-03-28 18:18:11 - INFO  --> SESSIONID :bd5dc34f-678f-44ad-b3a7-fc1b9e5cf5a8|SERVICE CODE :*384*80#|MSISDN :+254606917540|CHECK OUT TOKEN : 
2017-03-28 18:18:11 - INFO  --> ============= SUBSCRIPTION =============== 
2017-03-28 18:18:11 - INFO  -->  
2017-03-28 18:18:11 - INFO  -->  
2017-03-28 18:18:14 - INFO  --> Incoming request for Kenya ussd 
2017-03-28 18:18:14 - INFO  --> ============= KENYA TUKO QUIX CALL =============== 
2017-03-28 18:18:14 - INFO  --> ============= RETRIEVING SDP PARAMETERS =============== 
2017-03-28 18:18:14 - INFO  --> LOG INCOMING PARAMETERS FROM GATEWAY 
2017-03-28 18:18:14 - INFO  --> SESSIONID :bd5dc34f-678f-44ad-b3a7-fc1b9e5cf5a8|SERVICE CODE :*384*80#|MSISDN :+254606917540|CHECK OUT TOKEN : 
2017-03-28 18:18:14 - INFO  --> ============= SUBSCRIPTION =============== 
2017-03-28 18:18:14 - INFO  -->  
2017-03-28 18:18:14 - INFO  -->  
2017-03-28 18:18:14 - INFO  --> SESSION SAVED 
2017-03-28 18:18:14 - INFO  --> TOKEN UPDATED 
2017-03-28 18:24:47 - INFO  --> Incoming request for Kenya ussd 
2017-03-28 18:24:47 - INFO  --> ============= KENYA TUKO QUIX CALL =============== 
2017-03-28 18:24:47 - INFO  --> ============= RETRIEVING SDP PARAMETERS =============== 
2017-03-28 18:24:47 - INFO  --> LOG INCOMING PARAMETERS FROM GATEWAY 
2017-03-28 18:24:47 - INFO  --> SESSIONID :e230e5ef-d2b1-4f4e-a2fb-bda51365551c|SERVICE CODE :*384*80#|MSISDN :+254606917540|CHECK OUT TOKEN : 
2017-03-28 18:24:47 - INFO  --> ============= SUBSCRIPTION =============== 
2017-03-28 18:24:47 - INFO  -->  
2017-03-28 18:24:47 - INFO  -->  
2017-03-28 18:25:03 - INFO  --> Incoming request for Kenya ussd 
2017-03-28 18:25:03 - INFO  --> ============= KENYA TUKO QUIX CALL =============== 
2017-03-28 18:25:03 - INFO  --> ============= RETRIEVING SDP PARAMETERS =============== 
2017-03-28 18:25:03 - INFO  --> LOG INCOMING PARAMETERS FROM GATEWAY 
2017-03-28 18:25:03 - INFO  --> SESSIONID :8d3c8391-3957-40da-8951-8054d6b87590|SERVICE CODE :*384*80#|MSISDN :+254606917540|CHECK OUT TOKEN : 
2017-03-28 18:25:03 - INFO  --> ============= SUBSCRIPTION =============== 
2017-03-28 18:25:03 - INFO  -->  
2017-03-28 18:25:03 - INFO  -->  
2017-03-28 18:25:06 - INFO  --> Incoming request for Kenya ussd 
2017-03-28 18:25:06 - INFO  --> ============= KENYA TUKO QUIX CALL =============== 
2017-03-28 18:25:06 - INFO  --> ============= RETRIEVING SDP PARAMETERS =============== 
2017-03-28 18:25:06 - INFO  --> LOG INCOMING PARAMETERS FROM GATEWAY 
2017-03-28 18:25:06 - INFO  --> SESSIONID :8d3c8391-3957-40da-8951-8054d6b87590|SERVICE CODE :*384*80#|MSISDN :+254606917540|CHECK OUT TOKEN : 
2017-03-28 18:25:06 - INFO  --> ============= SUBSCRIPTION =============== 
2017-03-28 18:25:06 - INFO  -->  
2017-03-28 18:25:06 - INFO  -->  
2017-03-28 18:25:06 - INFO  --> SESSION SAVED 
2017-03-28 18:25:07 - INFO  --> TOKEN UPDATED 
