2017-04-17 10:30:58 - INFO  --> Incoming request for Kenya ussd 
2017-04-17 10:30:58 - INFO  --> ============= KENYA TUKO QUIX CALL =============== 
2017-04-17 10:30:58 - INFO  --> ============= RETRIEVING SDP PARAMETERS =============== 
2017-04-17 10:30:58 - INFO  --> LOG INCOMING PARAMETERS FROM GATEWAY 
2017-04-17 10:30:58 - INFO  --> SESSIONID :ATUid_0f8299c0ad98ee3c28a188528c4632e8|SERVICE CODE :*384*11#|MSISDN :+254721803846|CHECK OUT TOKEN : 
2017-04-17 10:30:58 - INFO  -->  
2017-04-17 10:31:01 - INFO  --> Incoming request for Kenya ussd 
2017-04-17 10:31:01 - INFO  --> ============= KENYA TUKO QUIX CALL =============== 
2017-04-17 10:31:01 - INFO  --> ============= RETRIEVING SDP PARAMETERS =============== 
2017-04-17 10:31:01 - INFO  --> LOG INCOMING PARAMETERS FROM GATEWAY 
2017-04-17 10:31:01 - INFO  --> SESSIONID :ATUid_0f8299c0ad98ee3c28a188528c4632e8|SERVICE CODE :*384*11#|MSISDN :+254721803846|CHECK OUT TOKEN : 
2017-04-17 10:31:01 - INFO  -->  
2017-04-17 10:31:01 - INFO  --> SESSION SAVED 
2017-04-17 10:31:02 - INFO  --> TOKEN UPDATED 
2017-04-17 10:31:02 - INFO  --> CkTkn_c8a90fde-2680-4d88-a52a-45ed3013c56e 
2017-04-17 10:31:02 - INFO  --> GET TOKEN FOR CURL TO SAFARICOM 
2017-04-17 10:31:02 - INFO  --> CkTkn_d5ae103e-3161-43db-812e-ead049eae0a8 
2017-04-17 10:31:03 - INFO  --> Subscribe Request 
2017-04-17 10:31:03 - INFO  --> <AfricasTalkingResponse><status>Success</status><description>Waiting for user input</description></AfricasTalkingResponse> 
2017-04-17 10:31:57 - INFO  --> Incoming request for Kenya ussd 
2017-04-17 10:31:57 - INFO  --> ============= KENYA TUKO QUIX CALL =============== 
2017-04-17 10:31:57 - INFO  --> ============= RETRIEVING SDP PARAMETERS =============== 
2017-04-17 10:31:57 - INFO  --> LOG INCOMING PARAMETERS FROM GATEWAY 
2017-04-17 10:31:57 - INFO  --> SESSIONID :ATUid_ebc4028a27a60348fb13d6c494ff2c7c|SERVICE CODE :*384*11#|MSISDN :+254721803846|CHECK OUT TOKEN : 
2017-04-17 10:31:57 - INFO  -->  
2017-04-17 10:32:03 - INFO  --> Incoming request for Kenya ussd 
2017-04-17 10:32:03 - INFO  --> ============= KENYA TUKO QUIX CALL =============== 
2017-04-17 10:32:03 - INFO  --> ============= RETRIEVING SDP PARAMETERS =============== 
2017-04-17 10:32:03 - INFO  --> LOG INCOMING PARAMETERS FROM GATEWAY 
2017-04-17 10:32:03 - INFO  --> SESSIONID :ATUid_ebc4028a27a60348fb13d6c494ff2c7c|SERVICE CODE :*384*11#|MSISDN :+254721803846|CHECK OUT TOKEN : 
2017-04-17 10:32:03 - INFO  -->  
2017-04-17 10:32:03 - INFO  --> SESSION SAVED 
2017-04-17 10:32:03 - INFO  --> TOKEN UPDATED 
2017-04-17 10:32:03 - INFO  --> CkTkn_3436b5bb-36eb-4a2d-baf5-1d640ed6f5a2 
2017-04-17 10:32:03 - INFO  --> GET TOKEN FOR CURL TO SAFARICOM 
2017-04-17 10:32:03 - INFO  --> CkTkn_54c142b6-4396-4e36-89ed-0f9034a7e6f8 
2017-04-17 10:32:04 - INFO  --> Subscribe Request 
2017-04-17 10:32:04 - INFO  --> <AfricasTalkingResponse><status>Success</status><description>Waiting for user input</description></AfricasTalkingResponse> 
2017-04-17 10:32:13 - INFO  --> Incoming request for Kenya ussd 
2017-04-17 10:32:13 - INFO  --> ============= KENYA TUKO QUIX CALL =============== 
2017-04-17 10:32:13 - INFO  --> ============= RETRIEVING SDP PARAMETERS =============== 
2017-04-17 10:32:13 - INFO  --> LOG INCOMING PARAMETERS FROM GATEWAY 
2017-04-17 10:32:13 - INFO  --> SESSIONID :ATUid_558bdc3f75a63cb6f09e8784927bfc7f|SERVICE CODE :*384*11#|MSISDN :+254721803846|CHECK OUT TOKEN : 
2017-04-17 10:32:13 - INFO  -->  
2017-04-17 10:32:23 - INFO  --> Incoming request for Kenya ussd 
2017-04-17 10:32:23 - INFO  --> ============= KENYA TUKO QUIX CALL =============== 
2017-04-17 10:32:23 - INFO  --> ============= RETRIEVING SDP PARAMETERS =============== 
2017-04-17 10:32:23 - INFO  --> LOG INCOMING PARAMETERS FROM GATEWAY 
2017-04-17 10:32:23 - INFO  --> SESSIONID :ATUid_996ff66b53c268ffe1f49ed6750b4f84|SERVICE CODE :*384*11#|MSISDN :+254721803846|CHECK OUT TOKEN : 
2017-04-17 10:32:23 - INFO  -->  
2017-04-17 12:51:20 - INFO  --> Incoming request for Kenya ussd 
2017-04-17 12:51:20 - INFO  --> ============= KENYA TUKO QUIX CALL =============== 
2017-04-17 12:51:20 - INFO  --> ============= RETRIEVING SDP PARAMETERS =============== 
2017-04-17 12:51:20 - INFO  --> LOG INCOMING PARAMETERS FROM GATEWAY 
2017-04-17 12:51:20 - INFO  --> SESSIONID :ATUid_37c0671512da0144f91673d86ce3ebc3|SERVICE CODE :*384*11#|MSISDN :+254722628252|CHECK OUT TOKEN : 
2017-04-17 12:51:20 - INFO  -->  
2017-04-17 19:29:29 - INFO  --> Incoming request for Kenya ussd 
2017-04-17 19:29:29 - INFO  --> ============= KENYA TUKO QUIX CALL =============== 
2017-04-17 19:29:29 - INFO  --> ============= RETRIEVING SDP PARAMETERS =============== 
2017-04-17 19:29:29 - INFO  --> LOG INCOMING PARAMETERS FROM GATEWAY 
2017-04-17 19:29:29 - INFO  --> SESSIONID :ATUid_b95be894552b1edc129fcccd70475ec4|SERVICE CODE :*384*11#|MSISDN :+254791597990|CHECK OUT TOKEN : 
2017-04-17 19:29:29 - INFO  -->  
