2017-04-07 8:46:27 - INFO  --> Incoming request for Kenya ussd 
2017-04-07 8:46:27 - INFO  --> ============= KENYA TUKO QUIX CALL =============== 
2017-04-07 8:46:27 - INFO  --> ============= RETRIEVING SDP PARAMETERS =============== 
2017-04-07 8:46:27 - INFO  --> LOG INCOMING PARAMETERS FROM GATEWAY 
2017-04-07 8:46:27 - INFO  --> SESSIONID :ATUid_8322496ef6af4cec260b8a70c203a99e|SERVICE CODE :*384*11#|MSISDN :+254705171035|CHECK OUT TOKEN : 
2017-04-07 8:46:27 - INFO  -->  
2017-04-07 8:46:49 - INFO  --> Incoming request for Kenya ussd 
2017-04-07 8:46:49 - INFO  --> ============= KENYA TUKO QUIX CALL =============== 
2017-04-07 8:46:49 - INFO  --> ============= RETRIEVING SDP PARAMETERS =============== 
2017-04-07 8:46:49 - INFO  --> LOG INCOMING PARAMETERS FROM GATEWAY 
2017-04-07 8:46:49 - INFO  --> SESSIONID :ATUid_00ae0a2bcdb84fc7367fa8b253f2cf89|SERVICE CODE :*384*11#|MSISDN :+254705171035|CHECK OUT TOKEN : 
2017-04-07 8:46:49 - INFO  -->  
2017-04-07 8:58:51 - INFO  --> Incoming request for Kenya ussd 
2017-04-07 8:58:51 - INFO  --> ============= KENYA TUKO QUIX CALL =============== 
2017-04-07 8:58:51 - INFO  --> ============= RETRIEVING SDP PARAMETERS =============== 
2017-04-07 8:58:51 - INFO  --> LOG INCOMING PARAMETERS FROM GATEWAY 
2017-04-07 8:58:51 - INFO  --> SESSIONID :ATUid_557ebab20cb6aeceffeca273c37b7343|SERVICE CODE :*384*11#|MSISDN :+254705171035|CHECK OUT TOKEN : 
2017-04-07 8:58:51 - INFO  -->  
2017-04-07 15:08:03 - INFO  --> Incoming request for Kenya ussd 
2017-04-07 15:08:03 - INFO  --> ============= KENYA TUKO QUIX CALL =============== 
2017-04-07 15:08:03 - INFO  --> ============= RETRIEVING SDP PARAMETERS =============== 
2017-04-07 15:08:03 - INFO  --> LOG INCOMING PARAMETERS FROM GATEWAY 
2017-04-07 15:08:03 - INFO  --> SESSIONID :ATUid_f5e58b4c730cc586bd02602669b5f66d|SERVICE CODE :*384*11#|MSISDN :+254724838014|CHECK OUT TOKEN : 
2017-04-07 15:08:03 - INFO  -->  
2017-04-07 15:26:25 - INFO  --> Incoming request for Kenya ussd 
2017-04-07 15:26:25 - INFO  --> ============= KENYA TUKO QUIX CALL =============== 
2017-04-07 15:26:25 - INFO  --> ============= RETRIEVING SDP PARAMETERS =============== 
2017-04-07 15:26:25 - INFO  --> LOG INCOMING PARAMETERS FROM GATEWAY 
2017-04-07 15:26:25 - INFO  --> SESSIONID :ATUid_086aa1750ea96749cdf9c4721d8ff5a6|SERVICE CODE :*384*11#|MSISDN :+254722479591|CHECK OUT TOKEN : 
2017-04-07 15:26:25 - INFO  -->  
2017-04-07 16:03:16 - INFO  --> Incoming request for Kenya ussd 
2017-04-07 16:03:16 - INFO  --> ============= KENYA TUKO QUIX CALL =============== 
2017-04-07 16:03:16 - INFO  --> ============= RETRIEVING SDP PARAMETERS =============== 
2017-04-07 16:03:16 - INFO  --> LOG INCOMING PARAMETERS FROM GATEWAY 
2017-04-07 16:03:16 - INFO  --> SESSIONID :ATUid_c2d5a9bb3200f66f6763d063ed0018be|SERVICE CODE :*384*11#|MSISDN :+254721803846|CHECK OUT TOKEN : 
2017-04-07 16:03:16 - INFO  -->  
2017-04-07 17:40:38 - INFO  --> Incoming request for Kenya ussd 
2017-04-07 17:40:38 - INFO  --> ============= INCOMING PARAMETERS FROM SAFARICOM =============== 
2017-04-07 17:40:38 - INFO  --> MSISDN :254725272052|SHORT CODE :22384|KEYWORD :vcall|TYPE OF REQUEST :Deletion 
2017-04-07 17:40:38 - INFO  --> SUBSCRIBER DELETED 
2017-04-07 17:40:38 - INFO  --> SMS SENT TO SAFARICOM SUBSCRIBER 
2017-04-07 17:40:38 - INFO  --> <AfricasTalkingResponse><SMSMessageData><Message>Sent to 1/1 Total Cost: KES 1.0000</Message><Recipients><Recipient><number>+254725272052</number><cost>KES 1.0000</cost><status>Success</status><messageId>ATXid_d3bf942d8e3a52ca0d692791db452d43</messageId></Recipient></Recipients></SMSMessageData></AfricasTalkingResponse> 
2017-04-07 18:56:38 - INFO  --> Incoming request for Kenya ussd 
2017-04-07 18:56:38 - INFO  --> ============= KENYA TUKO QUIX CALL =============== 
2017-04-07 18:56:38 - INFO  --> ============= RETRIEVING SDP PARAMETERS =============== 
2017-04-07 18:56:38 - INFO  --> LOG INCOMING PARAMETERS FROM GATEWAY 
2017-04-07 18:56:38 - INFO  --> SESSIONID :ATUid_b8cc8342588f559d1ab425115c14b5b2|SERVICE CODE :*384*11#|MSISDN :+254725027873|CHECK OUT TOKEN : 
2017-04-07 18:56:38 - INFO  -->  
2017-04-07 21:03:56 - INFO  --> Incoming request for Kenya ussd 
2017-04-07 21:03:56 - INFO  --> ============= KENYA TUKO QUIX CALL =============== 
2017-04-07 21:03:56 - INFO  --> ============= RETRIEVING SDP PARAMETERS =============== 
2017-04-07 21:03:56 - INFO  --> LOG INCOMING PARAMETERS FROM GATEWAY 
2017-04-07 21:03:56 - INFO  --> SESSIONID :ATUid_924caa3b172ddd8006dd891739b24798|SERVICE CODE :*384*11#|MSISDN :+254721803846|CHECK OUT TOKEN : 
2017-04-07 21:03:56 - INFO  -->  
2017-04-07 21:03:56 - INFO  --> CALL UPDATED 
2017-04-07 21:03:56 - INFO  --> CALL SAVED 
2017-04-07 21:03:56 - INFO  --> WAITING FOR THE CALL TO FINISH FOR SMS SENDING 45 min 
2017-04-07 21:04:18 - INFO  --> Incoming request for Kenya ussd 
2017-04-07 21:04:18 - INFO  --> ============= KENYA TUKO QUIX CALL =============== 
2017-04-07 21:04:18 - INFO  --> ============= RETRIEVING SDP PARAMETERS =============== 
2017-04-07 21:04:18 - INFO  --> LOG INCOMING PARAMETERS FROM GATEWAY 
2017-04-07 21:04:18 - INFO  --> SESSIONID :ATUid_51e75fcc74c4f36e1c49c1fe2e46d856|SERVICE CODE :*384*11#|MSISDN :+254721803846|CHECK OUT TOKEN : 
2017-04-07 21:04:18 - INFO  -->  
2017-04-07 21:04:31 - INFO  --> Incoming request for Kenya ussd 
2017-04-07 21:04:31 - INFO  --> ============= KENYA TUKO QUIX CALL =============== 
2017-04-07 21:04:31 - INFO  --> ============= RETRIEVING SDP PARAMETERS =============== 
2017-04-07 21:04:31 - INFO  --> LOG INCOMING PARAMETERS FROM GATEWAY 
2017-04-07 21:04:31 - INFO  --> SESSIONID :ATUid_5490b66259685822c72ad03d4df306fc|SERVICE CODE :*384*11#|MSISDN :+254721803846|CHECK OUT TOKEN : 
2017-04-07 21:04:31 - INFO  -->  
2017-04-07 21:04:32 - INFO  --> CALL UPDATED 
2017-04-07 21:04:32 - INFO  --> CALL SAVED 
2017-04-07 21:04:32 - INFO  --> WAITING FOR THE CALL TO FINISH FOR SMS SENDING 45 min 
2017-04-07 21:04:59 - INFO  --> Incoming request for Kenya ussd 
2017-04-07 21:04:59 - INFO  --> ============= KENYA TUKO QUIX CALL =============== 
2017-04-07 21:04:59 - INFO  --> ============= RETRIEVING SDP PARAMETERS =============== 
2017-04-07 21:04:59 - INFO  --> LOG INCOMING PARAMETERS FROM GATEWAY 
2017-04-07 21:04:59 - INFO  --> SESSIONID :ATUid_2bc5ec1d0a54cdd425f4c6b22854f179|SERVICE CODE :*384*11#|MSISDN :+254721803846|CHECK OUT TOKEN : 
2017-04-07 21:04:59 - INFO  -->  
2017-04-07 21:04:59 - INFO  --> CALL UPDATED 
2017-04-07 21:04:59 - INFO  --> CALL SAVED 
2017-04-07 21:04:59 - INFO  --> WAITING FOR THE CALL TO FINISH FOR SMS SENDING 45 min 
2017-04-07 21:31:49 - INFO  --> Incoming request for Kenya ussd 
2017-04-07 21:31:49 - INFO  --> ============= KENYA TUKO QUIX CALL =============== 
2017-04-07 21:31:49 - INFO  --> ============= RETRIEVING SDP PARAMETERS =============== 
2017-04-07 21:31:49 - INFO  --> LOG INCOMING PARAMETERS FROM GATEWAY 
2017-04-07 21:31:49 - INFO  --> SESSIONID :0d8c2933-2e3e-4c24-886d-9c8ae7f0dbae|SERVICE CODE :*384*80#|MSISDN :+254606917540|CHECK OUT TOKEN : 
2017-04-07 21:31:49 - INFO  -->  
