2017-03-11 7:13:27 - INFO  --> Incoming request for Kenya ussd !!!!!!! 
2017-03-11 7:13:27 - INFO  --> ============= KENYA TUKO QUIX CALL =============== 
2017-03-11 7:13:27 - INFO  --> ============= RETRIEVING SDP PARAMETERS =============== 
2017-03-11 7:13:27 - INFO  --> LOG INCOMING PARAMETERS FROM GATEWAY 
2017-03-11 7:13:27 - INFO  --> SESSIONID :70dbdc4b-8368-4fb6-9c8b-60275177e729|SERVICE CODE :*384*80#|MSISDN :+254736917540 
2017-03-11 7:13:27 - INFO  --> 254 
2017-03-11 7:13:59 - INFO  --> Incoming request for Kenya ussd !!!!!!! 
2017-03-11 7:13:59 - INFO  --> ============= KENYA TUKO QUIX CALL =============== 
2017-03-11 7:13:59 - INFO  --> ============= RETRIEVING SDP PARAMETERS =============== 
2017-03-11 7:13:59 - INFO  --> LOG INCOMING PARAMETERS FROM GATEWAY 
2017-03-11 7:13:59 - INFO  --> SESSIONID :52c71014-71d2-415b-ab05-947b360c80f9|SERVICE CODE :*384*80#|MSISDN :+254736917540 
2017-03-11 7:13:59 - INFO  --> 254 
2017-03-11 7:21:14 - INFO  --> Incoming request for Kenya ussd !!!!!!! 
2017-03-11 7:21:14 - INFO  --> ============= KENYA TUKO QUIX CALL =============== 
2017-03-11 7:21:14 - INFO  --> ============= RETRIEVING SDP PARAMETERS =============== 
2017-03-11 7:21:14 - INFO  --> LOG INCOMING PARAMETERS FROM GATEWAY 
2017-03-11 7:21:14 - INFO  --> SESSIONID :ATUid_98981ce3e38211a40112943588dd2b75|SERVICE CODE :*384*11#|MSISDN :+254721803846 
2017-03-11 7:21:14 - INFO  --> 254 
2017-03-11 7:21:14 - INFO  --> SESSION SAVED 
2017-03-11 7:21:33 - INFO  --> Incoming request for Kenya ussd !!!!!!! 
2017-03-11 7:21:33 - INFO  --> ============= KENYA TUKO QUIX CALL =============== 
2017-03-11 7:21:33 - INFO  --> ============= RETRIEVING SDP PARAMETERS =============== 
2017-03-11 7:21:33 - INFO  --> LOG INCOMING PARAMETERS FROM GATEWAY 
2017-03-11 7:21:33 - INFO  --> SESSIONID :ATUid_98981ce3e38211a40112943588dd2b75|SERVICE CODE :*384*11#|MSISDN :+254721803846 
2017-03-11 7:21:33 - INFO  --> 254 
2017-03-11 7:26:31 - INFO  --> Incoming request for Kenya ussd !!!!!!! 
2017-03-11 7:26:31 - INFO  --> ============= KENYA TUKO QUIX CALL =============== 
2017-03-11 7:26:31 - INFO  --> ============= RETRIEVING SDP PARAMETERS =============== 
2017-03-11 7:26:31 - INFO  --> LOG INCOMING PARAMETERS FROM GATEWAY 
2017-03-11 7:26:31 - INFO  --> SESSIONID :addd4aac-6460-459b-978b-2083908c76d5|SERVICE CODE :*384*80#|MSISDN :+254736917540 
2017-03-11 7:26:31 - INFO  --> 254 
2017-03-11 7:26:31 - INFO  --> SESSION SAVED 
2017-03-11 7:26:37 - INFO  --> Incoming request for Kenya ussd !!!!!!! 
2017-03-11 7:26:37 - INFO  --> ============= KENYA TUKO QUIX CALL =============== 
2017-03-11 7:26:37 - INFO  --> ============= RETRIEVING SDP PARAMETERS =============== 
2017-03-11 7:26:37 - INFO  --> LOG INCOMING PARAMETERS FROM GATEWAY 
2017-03-11 7:26:37 - INFO  --> SESSIONID :addd4aac-6460-459b-978b-2083908c76d5|SERVICE CODE :*384*80#|MSISDN :+254736917540 
2017-03-11 7:26:37 - INFO  --> 254 
2017-03-11 7:26:52 - INFO  --> Incoming request for Kenya ussd !!!!!!! 
2017-03-11 7:26:52 - INFO  --> ============= KENYA TUKO QUIX CALL =============== 
2017-03-11 7:26:52 - INFO  --> ============= RETRIEVING SDP PARAMETERS =============== 
2017-03-11 7:26:52 - INFO  --> LOG INCOMING PARAMETERS FROM GATEWAY 
2017-03-11 7:26:52 - INFO  --> SESSIONID :addd4aac-6460-459b-978b-2083908c76d5|SERVICE CODE :*384*80#|MSISDN :+254736917540 
2017-03-11 7:26:52 - INFO  --> 254738371600 
2017-03-11 7:28:07 - INFO  --> Incoming request for Kenya ussd !!!!!!! 
2017-03-11 7:28:07 - INFO  --> ============= KENYA TUKO QUIX CALL =============== 
2017-03-11 7:28:07 - INFO  --> ============= RETRIEVING SDP PARAMETERS =============== 
2017-03-11 7:28:07 - INFO  --> LOG INCOMING PARAMETERS FROM GATEWAY 
2017-03-11 7:28:07 - INFO  --> SESSIONID :04b172fe-0443-4ff6-bb91-b7dec829b385|SERVICE CODE :*384*80#|MSISDN :+254736917540 
2017-03-11 7:28:07 - INFO  --> 254 
2017-03-11 7:28:07 - INFO  --> SESSION SAVED 
2017-03-11 7:34:09 - INFO  --> Incoming request for Kenya ussd !!!!!!! 
2017-03-11 7:34:09 - INFO  --> ============= KENYA TUKO QUIX CALL =============== 
2017-03-11 7:34:09 - INFO  --> ============= RETRIEVING SDP PARAMETERS =============== 
2017-03-11 7:34:09 - INFO  --> LOG INCOMING PARAMETERS FROM GATEWAY 
2017-03-11 7:34:09 - INFO  --> SESSIONID :1889e397-8dd0-4073-bd51-ad467796cf07|SERVICE CODE :*384*80#|MSISDN :+254736917540 
2017-03-11 7:34:09 - INFO  --> 254 
2017-03-11 7:37:56 - INFO  --> Incoming request for Kenya ussd !!!!!!! 
2017-03-11 7:37:56 - INFO  --> ============= KENYA TUKO QUIX CALL =============== 
2017-03-11 7:37:56 - INFO  --> ============= RETRIEVING SDP PARAMETERS =============== 
2017-03-11 7:37:56 - INFO  --> LOG INCOMING PARAMETERS FROM GATEWAY 
2017-03-11 7:37:56 - INFO  --> SESSIONID :b1f4c852-b158-4fa3-a475-8c0c10b7630f|SERVICE CODE :*384*80#|MSISDN :+254736917540 
2017-03-11 7:37:56 - INFO  --> 254 
2017-03-11 7:38:15 - INFO  --> Incoming request for Kenya ussd !!!!!!! 
2017-03-11 7:38:15 - INFO  --> ============= KENYA TUKO QUIX CALL =============== 
2017-03-11 7:38:15 - INFO  --> ============= RETRIEVING SDP PARAMETERS =============== 
2017-03-11 7:38:15 - INFO  --> LOG INCOMING PARAMETERS FROM GATEWAY 
2017-03-11 7:38:15 - INFO  --> SESSIONID :2783ba8c-07a2-4d5c-8cb7-a406b95cf11b|SERVICE CODE :*384*80#|MSISDN :+254736917540 
2017-03-11 7:38:15 - INFO  --> 254 
2017-03-11 7:39:56 - INFO  --> Incoming request for Kenya ussd !!!!!!! 
2017-03-11 7:39:56 - INFO  --> ============= KENYA TUKO QUIX CALL =============== 
2017-03-11 7:39:56 - INFO  --> ============= RETRIEVING SDP PARAMETERS =============== 
2017-03-11 7:39:56 - INFO  --> LOG INCOMING PARAMETERS FROM GATEWAY 
2017-03-11 7:39:56 - INFO  --> SESSIONID :ae25d195-590a-45bc-9d75-ae396c3fb406|SERVICE CODE :*384*80#|MSISDN :+254736917540 
2017-03-11 7:39:56 - INFO  --> 254 
2017-03-11 7:39:56 - INFO  --> SESSION SAVED 
2017-03-11 7:40:02 - INFO  --> Incoming request for Kenya ussd !!!!!!! 
2017-03-11 7:40:02 - INFO  --> ============= KENYA TUKO QUIX CALL =============== 
2017-03-11 7:40:02 - INFO  --> ============= RETRIEVING SDP PARAMETERS =============== 
2017-03-11 7:40:02 - INFO  --> LOG INCOMING PARAMETERS FROM GATEWAY 
2017-03-11 7:40:02 - INFO  --> SESSIONID :ae25d195-590a-45bc-9d75-ae396c3fb406|SERVICE CODE :*384*80#|MSISDN :+254736917540 
2017-03-11 7:40:02 - INFO  --> 254 
2017-03-11 7:40:12 - INFO  --> Incoming request for Kenya ussd !!!!!!! 
2017-03-11 7:40:12 - INFO  --> ============= KENYA TUKO QUIX CALL =============== 
2017-03-11 7:40:12 - INFO  --> ============= RETRIEVING SDP PARAMETERS =============== 
2017-03-11 7:40:12 - INFO  --> LOG INCOMING PARAMETERS FROM GATEWAY 
2017-03-11 7:40:12 - INFO  --> SESSIONID :ae25d195-590a-45bc-9d75-ae396c3fb406|SERVICE CODE :*384*80#|MSISDN :+254736917540 
2017-03-11 7:40:12 - INFO  --> 254738371600 
2017-03-11 7:44:09 - INFO  --> Incoming request for Kenya ussd !!!!!!! 
2017-03-11 7:44:09 - INFO  --> ============= KENYA TUKO QUIX CALL =============== 
2017-03-11 7:44:09 - INFO  --> ============= RETRIEVING SDP PARAMETERS =============== 
2017-03-11 7:44:09 - INFO  --> LOG INCOMING PARAMETERS FROM GATEWAY 
2017-03-11 7:44:09 - INFO  --> SESSIONID :f51a5d73-99be-471e-aca1-2aab46d3c4bd|SERVICE CODE :*384*80#|MSISDN :+254736917540 
2017-03-11 7:44:09 - INFO  --> 254 
2017-03-11 7:44:12 - INFO  --> Incoming request for Kenya ussd !!!!!!! 
2017-03-11 7:44:12 - INFO  --> ============= KENYA TUKO QUIX CALL =============== 
2017-03-11 7:44:12 - INFO  --> ============= RETRIEVING SDP PARAMETERS =============== 
2017-03-11 7:44:12 - INFO  --> LOG INCOMING PARAMETERS FROM GATEWAY 
2017-03-11 7:44:12 - INFO  --> SESSIONID :d8630405-8fda-40b2-92f5-916a5848e151|SERVICE CODE :*384*80#|MSISDN :+254736917540 
2017-03-11 7:44:12 - INFO  --> 254 
2017-03-11 7:44:31 - INFO  --> Incoming request for Kenya ussd !!!!!!! 
2017-03-11 7:44:31 - INFO  --> ============= KENYA TUKO QUIX CALL =============== 
2017-03-11 7:44:31 - INFO  --> ============= RETRIEVING SDP PARAMETERS =============== 
2017-03-11 7:44:31 - INFO  --> LOG INCOMING PARAMETERS FROM GATEWAY 
2017-03-11 7:44:31 - INFO  --> SESSIONID :743678d9-597f-4f2a-a0ab-42bbf277e0e8|SERVICE CODE :*384*80#|MSISDN :+254736917540 
2017-03-11 7:44:31 - INFO  --> 254 
2017-03-11 7:44:42 - INFO  --> Incoming request for Kenya ussd !!!!!!! 
2017-03-11 7:44:42 - INFO  --> ============= KENYA TUKO QUIX CALL =============== 
2017-03-11 7:44:42 - INFO  --> ============= RETRIEVING SDP PARAMETERS =============== 
2017-03-11 7:44:42 - INFO  --> LOG INCOMING PARAMETERS FROM GATEWAY 
2017-03-11 7:44:42 - INFO  --> SESSIONID :9cf43b5d-44e6-4e80-9c36-907f62c55477|SERVICE CODE :*384*80#|MSISDN :+254736917540 
2017-03-11 7:44:42 - INFO  --> 2548371600 
2017-03-11 7:44:43 - INFO  --> SESSION SAVED 
2017-03-11 7:45:02 - INFO  --> Incoming request for Kenya ussd !!!!!!! 
2017-03-11 7:45:02 - INFO  --> ============= KENYA TUKO QUIX CALL =============== 
2017-03-11 7:45:02 - INFO  --> ============= RETRIEVING SDP PARAMETERS =============== 
2017-03-11 7:45:02 - INFO  --> LOG INCOMING PARAMETERS FROM GATEWAY 
2017-03-11 7:45:02 - INFO  --> SESSIONID :9b924085-0551-4c3f-922e-bc6f48da945b|SERVICE CODE :*384*80#|MSISDN :+254736917540 
2017-03-11 7:45:02 - INFO  --> 2548371600 
2017-03-11 7:45:03 - INFO  --> SESSION SAVED 
2017-03-11 7:45:06 - INFO  --> Incoming request for Kenya ussd !!!!!!! 
2017-03-11 7:45:06 - INFO  --> ============= KENYA TUKO QUIX CALL =============== 
2017-03-11 7:45:06 - INFO  --> ============= RETRIEVING SDP PARAMETERS =============== 
2017-03-11 7:45:06 - INFO  --> LOG INCOMING PARAMETERS FROM GATEWAY 
2017-03-11 7:45:06 - INFO  --> SESSIONID :ef852bfd-805e-4954-9a9b-46a630e4d854|SERVICE CODE :*384*80#|MSISDN :+254736917540 
2017-03-11 7:45:06 - INFO  --> 2548371600 
2017-03-11 7:45:07 - INFO  --> SESSION SAVED 
2017-03-11 7:45:10 - INFO  --> Incoming request for Kenya ussd !!!!!!! 
2017-03-11 7:45:10 - INFO  --> ============= KENYA TUKO QUIX CALL =============== 
2017-03-11 7:45:10 - INFO  --> ============= RETRIEVING SDP PARAMETERS =============== 
2017-03-11 7:45:10 - INFO  --> LOG INCOMING PARAMETERS FROM GATEWAY 
2017-03-11 7:45:10 - INFO  --> SESSIONID :c852ec88-99f2-4ae2-8e2a-c33c483f37d2|SERVICE CODE :*384*80#|MSISDN :+254736917540 
2017-03-11 7:45:10 - INFO  --> 2548371600 
2017-03-11 7:45:10 - INFO  --> SESSION SAVED 
2017-03-11 7:45:18 - INFO  --> Incoming request for Kenya ussd !!!!!!! 
2017-03-11 7:45:18 - INFO  --> ============= KENYA TUKO QUIX CALL =============== 
2017-03-11 7:45:18 - INFO  --> ============= RETRIEVING SDP PARAMETERS =============== 
2017-03-11 7:45:18 - INFO  --> LOG INCOMING PARAMETERS FROM GATEWAY 
2017-03-11 7:45:18 - INFO  --> SESSIONID :f8c23683-034b-4917-986c-c62c472be5ce|SERVICE CODE :*384*80#|MSISDN :+254736917540 
2017-03-11 7:45:18 - INFO  --> 254 
2017-03-11 7:45:22 - INFO  --> Incoming request for Kenya ussd !!!!!!! 
2017-03-11 7:45:22 - INFO  --> ============= KENYA TUKO QUIX CALL =============== 
2017-03-11 7:45:22 - INFO  --> ============= RETRIEVING SDP PARAMETERS =============== 
2017-03-11 7:45:22 - INFO  --> LOG INCOMING PARAMETERS FROM GATEWAY 
2017-03-11 7:45:22 - INFO  --> SESSIONID :d563dd8d-60d5-41d9-bb2d-1d9b3a67ff44|SERVICE CODE :*384*80#|MSISDN :+254736917540 
2017-03-11 7:45:22 - INFO  --> 2548371600 
2017-03-11 7:45:23 - INFO  --> SESSION SAVED 
2017-03-11 7:45:25 - INFO  --> Incoming request for Kenya ussd !!!!!!! 
2017-03-11 7:45:25 - INFO  --> ============= KENYA TUKO QUIX CALL =============== 
2017-03-11 7:45:25 - INFO  --> ============= RETRIEVING SDP PARAMETERS =============== 
2017-03-11 7:45:25 - INFO  --> LOG INCOMING PARAMETERS FROM GATEWAY 
2017-03-11 7:45:25 - INFO  --> SESSIONID :bff06efc-a947-4b4c-99ad-e2c7685e5bb7|SERVICE CODE :*384*80#|MSISDN :+254736917540 
2017-03-11 7:45:25 - INFO  --> 2548371600 
2017-03-11 7:45:26 - INFO  --> SESSION SAVED 
2017-03-11 7:45:29 - INFO  --> Incoming request for Kenya ussd !!!!!!! 
2017-03-11 7:45:29 - INFO  --> ============= KENYA TUKO QUIX CALL =============== 
2017-03-11 7:45:29 - INFO  --> ============= RETRIEVING SDP PARAMETERS =============== 
2017-03-11 7:45:29 - INFO  --> LOG INCOMING PARAMETERS FROM GATEWAY 
2017-03-11 7:45:29 - INFO  --> SESSIONID :ffcd318e-8d6c-40d0-b6ab-fd20c6c4a29c|SERVICE CODE :*384*80#|MSISDN :+254736917540 
2017-03-11 7:45:29 - INFO  --> 2548371600 
2017-03-11 7:45:29 - INFO  --> SESSION SAVED 
2017-03-11 7:47:51 - INFO  --> Incoming request for Kenya ussd !!!!!!! 
2017-03-11 7:47:51 - INFO  --> ============= KENYA TUKO QUIX CALL =============== 
2017-03-11 7:47:51 - INFO  --> ============= RETRIEVING SDP PARAMETERS =============== 
2017-03-11 7:47:51 - INFO  --> LOG INCOMING PARAMETERS FROM GATEWAY 
2017-03-11 7:47:51 - INFO  --> SESSIONID :09993b1f-fe3f-4d29-9790-d83a0ae70448|SERVICE CODE :*384*80#|MSISDN :+254736917540 
2017-03-11 7:47:51 - INFO  --> 2548371600 
2017-03-11 7:47:51 - INFO  --> SESSION SAVED 
2017-03-11 7:49:05 - INFO  --> Incoming request for Kenya ussd !!!!!!! 
2017-03-11 7:49:05 - INFO  --> ============= KENYA TUKO QUIX CALL =============== 
2017-03-11 7:49:05 - INFO  --> ============= RETRIEVING SDP PARAMETERS =============== 
2017-03-11 7:49:05 - INFO  --> LOG INCOMING PARAMETERS FROM GATEWAY 
2017-03-11 7:49:05 - INFO  --> SESSIONID :a9803703-61db-49e1-a442-75021a20af3f|SERVICE CODE :*384*80#|MSISDN :+254736917540 
2017-03-11 7:49:05 - INFO  --> 2548371600 
2017-03-11 7:49:06 - INFO  --> SESSION SAVED 
2017-03-11 7:53:22 - INFO  --> Incoming request for Kenya ussd !!!!!!! 
2017-03-11 7:53:22 - INFO  --> ============= KENYA TUKO QUIX CALL =============== 
2017-03-11 7:53:22 - INFO  --> ============= RETRIEVING SDP PARAMETERS =============== 
2017-03-11 7:53:22 - INFO  --> LOG INCOMING PARAMETERS FROM GATEWAY 
2017-03-11 7:53:22 - INFO  --> SESSIONID :ddb486c6-34f9-426e-a1da-3c2ef638a313|SERVICE CODE :*384*80#|MSISDN :+254736917540 
2017-03-11 7:53:22 - INFO  --> 2548371600 
2017-03-11 7:53:22 - INFO  --> SESSION SAVED 
2017-03-11 7:53:49 - INFO  --> Incoming request for Kenya ussd !!!!!!! 
2017-03-11 7:53:49 - INFO  --> ============= KENYA TUKO QUIX CALL =============== 
2017-03-11 7:53:49 - INFO  --> ============= RETRIEVING SDP PARAMETERS =============== 
2017-03-11 7:53:49 - INFO  --> LOG INCOMING PARAMETERS FROM GATEWAY 
2017-03-11 7:53:49 - INFO  --> SESSIONID :71f1b109-ddae-42bb-8c68-72d3396a37fa|SERVICE CODE :*384*80#|MSISDN :+254736917540 
2017-03-11 7:53:49 - INFO  --> 2548371600 
2017-03-11 7:53:50 - INFO  --> SESSION SAVED 
2017-03-11 7:56:10 - INFO  --> Incoming request for Kenya ussd !!!!!!! 
2017-03-11 7:56:10 - INFO  --> ============= KENYA TUKO QUIX CALL =============== 
2017-03-11 7:56:10 - INFO  --> ============= RETRIEVING SDP PARAMETERS =============== 
2017-03-11 7:56:10 - INFO  --> LOG INCOMING PARAMETERS FROM GATEWAY 
2017-03-11 7:56:10 - INFO  --> SESSIONID :cc7cd88d-adb6-4fcc-b8a5-30fa78e13cdc|SERVICE CODE :*384*80#|MSISDN :+254736917540 
2017-03-11 7:56:10 - INFO  --> 2548371600 
2017-03-11 7:56:10 - INFO  --> SESSION SAVED 
2017-03-11 7:56:14 - INFO  --> Incoming request for Kenya ussd !!!!!!! 
2017-03-11 7:56:14 - INFO  --> ============= KENYA TUKO QUIX CALL =============== 
2017-03-11 7:56:14 - INFO  --> ============= RETRIEVING SDP PARAMETERS =============== 
2017-03-11 7:56:14 - INFO  --> LOG INCOMING PARAMETERS FROM GATEWAY 
2017-03-11 7:56:14 - INFO  --> SESSIONID :74548a1d-d89b-47af-b37c-e1f3db5c0553|SERVICE CODE :*384*80#|MSISDN :+254736917540 
2017-03-11 7:56:14 - INFO  --> 2548371600 
2017-03-11 7:56:15 - INFO  --> SESSION SAVED 
2017-03-11 7:56:18 - INFO  --> Incoming request for Kenya ussd !!!!!!! 
2017-03-11 7:56:18 - INFO  --> ============= KENYA TUKO QUIX CALL =============== 
2017-03-11 7:56:18 - INFO  --> ============= RETRIEVING SDP PARAMETERS =============== 
2017-03-11 7:56:18 - INFO  --> LOG INCOMING PARAMETERS FROM GATEWAY 
2017-03-11 7:56:18 - INFO  --> SESSIONID :e3c18e53-827e-417e-a0c7-92bb7d5f4e8f|SERVICE CODE :*384*80#|MSISDN :+254736917540 
2017-03-11 7:56:18 - INFO  --> 2548371600 
2017-03-11 7:56:18 - INFO  --> SESSION SAVED 
2017-03-11 7:56:21 - INFO  --> Incoming request for Kenya ussd !!!!!!! 
2017-03-11 7:56:21 - INFO  --> ============= KENYA TUKO QUIX CALL =============== 
2017-03-11 7:56:21 - INFO  --> ============= RETRIEVING SDP PARAMETERS =============== 
2017-03-11 7:56:21 - INFO  --> LOG INCOMING PARAMETERS FROM GATEWAY 
2017-03-11 7:56:21 - INFO  --> SESSIONID :0d31e616-c8de-408d-b864-728dd9b50652|SERVICE CODE :*384*80#|MSISDN :+254736917540 
2017-03-11 7:56:21 - INFO  --> 2548371600 
2017-03-11 7:56:22 - INFO  --> SESSION SAVED 
2017-03-11 8:00:17 - INFO  --> Incoming request for Kenya ussd !!!!!!! 
2017-03-11 8:00:17 - INFO  --> ============= KENYA TUKO QUIX CALL =============== 
2017-03-11 8:00:17 - INFO  --> ============= RETRIEVING SDP PARAMETERS =============== 
2017-03-11 8:00:17 - INFO  --> LOG INCOMING PARAMETERS FROM GATEWAY 
2017-03-11 8:00:17 - INFO  --> SESSIONID :c76a9d7b-06c9-45d4-98a7-d6fc4ea91112|SERVICE CODE :*384*80#|MSISDN :+254736917540 
2017-03-11 8:00:17 - INFO  --> 2548371600 
2017-03-11 8:00:34 - INFO  --> Incoming request for Kenya ussd !!!!!!! 
2017-03-11 8:00:34 - INFO  --> ============= KENYA TUKO QUIX CALL =============== 
2017-03-11 8:00:34 - INFO  --> ============= RETRIEVING SDP PARAMETERS =============== 
2017-03-11 8:00:34 - INFO  --> LOG INCOMING PARAMETERS FROM GATEWAY 
2017-03-11 8:00:34 - INFO  --> SESSIONID :f2a2f8a1-ae85-4e00-9401-c336245e14d5|SERVICE CODE :*384*80#|MSISDN :+254736917540 
2017-03-11 8:00:34 - INFO  --> 2548371600 
2017-03-11 8:00:43 - INFO  --> Incoming request for Kenya ussd !!!!!!! 
2017-03-11 8:00:43 - INFO  --> ============= KENYA TUKO QUIX CALL =============== 
2017-03-11 8:00:43 - INFO  --> ============= RETRIEVING SDP PARAMETERS =============== 
2017-03-11 8:00:43 - INFO  --> LOG INCOMING PARAMETERS FROM GATEWAY 
2017-03-11 8:00:43 - INFO  --> SESSIONID :2e35d775-7960-4f17-98c9-c3e6bf1a0b39|SERVICE CODE :*384*80#|MSISDN :+254736917540 
2017-03-11 8:00:43 - INFO  --> 254 
2017-03-11 8:00:50 - INFO  --> Incoming request for Kenya ussd !!!!!!! 
2017-03-11 8:00:50 - INFO  --> ============= KENYA TUKO QUIX CALL =============== 
2017-03-11 8:00:50 - INFO  --> ============= RETRIEVING SDP PARAMETERS =============== 
2017-03-11 8:00:50 - INFO  --> LOG INCOMING PARAMETERS FROM GATEWAY 
2017-03-11 8:00:50 - INFO  --> SESSIONID :2c4bca15-412b-439d-aa0a-e02546f94193|SERVICE CODE :*384*80#|MSISDN :+254736917540 
2017-03-11 8:00:50 - INFO  --> 254 
2017-03-11 8:02:26 - INFO  --> Incoming request for Kenya ussd !!!!!!! 
2017-03-11 8:02:26 - INFO  --> ============= KENYA TUKO QUIX CALL =============== 
2017-03-11 8:02:26 - INFO  --> ============= RETRIEVING SDP PARAMETERS =============== 
2017-03-11 8:02:26 - INFO  --> LOG INCOMING PARAMETERS FROM GATEWAY 
2017-03-11 8:02:26 - INFO  --> SESSIONID :6be31320-8bca-4e16-9314-e0a6d5444b31|SERVICE CODE :*384*80#|MSISDN :+254736917540 
2017-03-11 8:02:26 - INFO  --> 254 
2017-03-11 8:02:51 - INFO  --> Incoming request for Kenya ussd !!!!!!! 
2017-03-11 8:02:51 - INFO  --> ============= KENYA TUKO QUIX CALL =============== 
2017-03-11 8:02:51 - INFO  --> ============= RETRIEVING SDP PARAMETERS =============== 
2017-03-11 8:02:51 - INFO  --> LOG INCOMING PARAMETERS FROM GATEWAY 
2017-03-11 8:02:51 - INFO  --> SESSIONID :d7143d90-c839-4841-aebe-58043688f687|SERVICE CODE :*384*80#|MSISDN :+254736917540 
2017-03-11 8:02:51 - INFO  --> 254 
2017-03-11 8:02:54 - INFO  --> Incoming request for Kenya ussd !!!!!!! 
2017-03-11 8:02:54 - INFO  --> ============= KENYA TUKO QUIX CALL =============== 
2017-03-11 8:02:54 - INFO  --> ============= RETRIEVING SDP PARAMETERS =============== 
2017-03-11 8:02:54 - INFO  --> LOG INCOMING PARAMETERS FROM GATEWAY 
2017-03-11 8:02:54 - INFO  --> SESSIONID :115bef40-b22f-4f07-b5d5-7686f313ceee|SERVICE CODE :*384*80#|MSISDN :+254736917540 
2017-03-11 8:02:54 - INFO  --> 254 
2017-03-11 8:02:57 - INFO  --> Incoming request for Kenya ussd !!!!!!! 
2017-03-11 8:02:57 - INFO  --> ============= KENYA TUKO QUIX CALL =============== 
2017-03-11 8:02:57 - INFO  --> ============= RETRIEVING SDP PARAMETERS =============== 
2017-03-11 8:02:57 - INFO  --> LOG INCOMING PARAMETERS FROM GATEWAY 
2017-03-11 8:02:57 - INFO  --> SESSIONID :eb0d4a96-525b-49b8-b795-54635f0b0342|SERVICE CODE :*384*80#|MSISDN :+254736917540 
2017-03-11 8:02:57 - INFO  --> 254 
2017-03-11 8:03:24 - INFO  --> Incoming request for Kenya ussd !!!!!!! 
2017-03-11 8:03:24 - INFO  --> ============= KENYA TUKO QUIX CALL =============== 
2017-03-11 8:03:24 - INFO  --> ============= RETRIEVING SDP PARAMETERS =============== 
2017-03-11 8:03:24 - INFO  --> LOG INCOMING PARAMETERS FROM GATEWAY 
2017-03-11 8:03:24 - INFO  --> SESSIONID :cc02fe93-6435-4822-a5a6-9f9979f9afe6|SERVICE CODE :*384*80#|MSISDN :+254736917540 
2017-03-11 8:03:24 - INFO  --> 254 
2017-03-11 8:03:29 - INFO  --> Incoming request for Kenya ussd !!!!!!! 
2017-03-11 8:03:29 - INFO  --> ============= KENYA TUKO QUIX CALL =============== 
2017-03-11 8:03:29 - INFO  --> ============= RETRIEVING SDP PARAMETERS =============== 
2017-03-11 8:03:29 - INFO  --> LOG INCOMING PARAMETERS FROM GATEWAY 
2017-03-11 8:03:29 - INFO  --> SESSIONID :1f4196c9-f0b4-4a04-a94c-15b36da06051|SERVICE CODE :*384*80#|MSISDN :+254736917540 
2017-03-11 8:03:29 - INFO  --> 254 
2017-03-11 8:04:01 - INFO  --> Incoming request for Kenya ussd !!!!!!! 
2017-03-11 8:04:01 - INFO  --> ============= KENYA TUKO QUIX CALL =============== 
2017-03-11 8:04:01 - INFO  --> ============= RETRIEVING SDP PARAMETERS =============== 
2017-03-11 8:04:01 - INFO  --> LOG INCOMING PARAMETERS FROM GATEWAY 
2017-03-11 8:04:01 - INFO  --> SESSIONID :ea8f4861-a859-4d16-8d58-bc54c29d0607|SERVICE CODE :*384*80#|MSISDN :+254736917540 
2017-03-11 8:04:01 - INFO  --> 254 
2017-03-11 8:04:21 - INFO  --> Incoming request for Kenya ussd !!!!!!! 
2017-03-11 8:04:21 - INFO  --> ============= KENYA TUKO QUIX CALL =============== 
2017-03-11 8:04:21 - INFO  --> ============= RETRIEVING SDP PARAMETERS =============== 
2017-03-11 8:04:21 - INFO  --> LOG INCOMING PARAMETERS FROM GATEWAY 
2017-03-11 8:04:21 - INFO  --> SESSIONID :ATUid_90df35a76e3ae9f7d3a439c777cd70f0|SERVICE CODE :*384*11#|MSISDN :+254706326753 
2017-03-11 8:04:21 - INFO  --> 2547793103 
2017-03-11 8:04:40 - INFO  --> Incoming request for Kenya ussd !!!!!!! 
2017-03-11 8:04:41 - INFO  --> ============= KENYA TUKO QUIX CALL =============== 
2017-03-11 8:04:41 - INFO  --> ============= RETRIEVING SDP PARAMETERS =============== 
2017-03-11 8:04:41 - INFO  --> LOG INCOMING PARAMETERS FROM GATEWAY 
2017-03-11 8:04:41 - INFO  --> SESSIONID :a8811a60-56e1-4fb6-9eca-bdfed653ff21|SERVICE CODE :*384*80#|MSISDN :+254738371600 
2017-03-11 8:04:41 - INFO  --> 254 
2017-03-11 8:04:44 - INFO  --> Incoming request for Kenya ussd !!!!!!! 
2017-03-11 8:04:44 - INFO  --> ============= KENYA TUKO QUIX CALL =============== 
2017-03-11 8:04:44 - INFO  --> ============= RETRIEVING SDP PARAMETERS =============== 
2017-03-11 8:04:44 - INFO  --> LOG INCOMING PARAMETERS FROM GATEWAY 
2017-03-11 8:04:44 - INFO  --> SESSIONID :22a5a1a9-a78f-4a3a-b438-0fbeed53338d|SERVICE CODE :*384*80#|MSISDN :+254738371600 
2017-03-11 8:04:44 - INFO  --> 254 
2017-03-11 8:04:55 - INFO  --> Incoming request for Kenya ussd !!!!!!! 
2017-03-11 8:04:55 - INFO  --> ============= KENYA TUKO QUIX CALL =============== 
2017-03-11 8:04:55 - INFO  --> ============= RETRIEVING SDP PARAMETERS =============== 
2017-03-11 8:04:55 - INFO  --> LOG INCOMING PARAMETERS FROM GATEWAY 
2017-03-11 8:04:55 - INFO  --> SESSIONID :ATUid_19ab95a859cf319715158f53d8a51fbe|SERVICE CODE :*384*11#|MSISDN :+254706326753 
2017-03-11 8:04:55 - INFO  --> 2546326753 
2017-03-11 8:04:56 - INFO  --> Incoming request for Kenya ussd !!!!!!! 
2017-03-11 8:04:56 - INFO  --> ============= KENYA TUKO QUIX CALL =============== 
2017-03-11 8:04:56 - INFO  --> ============= RETRIEVING SDP PARAMETERS =============== 
2017-03-11 8:04:56 - INFO  --> LOG INCOMING PARAMETERS FROM GATEWAY 
2017-03-11 8:04:56 - INFO  --> SESSIONID :c5ac57d8-0583-43df-b957-777f0bcafac2|SERVICE CODE :*384*80#|MSISDN :+254738371600 
2017-03-11 8:04:56 - INFO  --> 254 
2017-03-11 8:05:05 - INFO  --> Incoming request for Kenya ussd !!!!!!! 
2017-03-11 8:05:05 - INFO  --> ============= KENYA TUKO QUIX CALL =============== 
2017-03-11 8:05:05 - INFO  --> ============= RETRIEVING SDP PARAMETERS =============== 
2017-03-11 8:05:05 - INFO  --> LOG INCOMING PARAMETERS FROM GATEWAY 
2017-03-11 8:05:05 - INFO  --> SESSIONID :ATUid_03eb42f93a917e0521d01aa8b66da22c|SERVICE CODE :*384*11#|MSISDN :+254706326753 
2017-03-11 8:05:05 - INFO  --> 254 
2017-03-11 8:05:17 - INFO  --> Incoming request for Kenya ussd !!!!!!! 
2017-03-11 8:05:17 - INFO  --> ============= KENYA TUKO QUIX CALL =============== 
2017-03-11 8:05:17 - INFO  --> ============= RETRIEVING SDP PARAMETERS =============== 
2017-03-11 8:05:17 - INFO  --> LOG INCOMING PARAMETERS FROM GATEWAY 
2017-03-11 8:05:17 - INFO  --> SESSIONID :a736640d-9a09-4097-ab5a-17c6112c166a|SERVICE CODE :*384*80#|MSISDN :+254738371600 
2017-03-11 8:05:17 - INFO  --> 254 
2017-03-11 8:05:43 - INFO  --> Incoming request for Kenya ussd !!!!!!! 
2017-03-11 8:05:43 - INFO  --> ============= KENYA TUKO QUIX CALL =============== 
2017-03-11 8:05:43 - INFO  --> ============= RETRIEVING SDP PARAMETERS =============== 
2017-03-11 8:05:43 - INFO  --> LOG INCOMING PARAMETERS FROM GATEWAY 
2017-03-11 8:05:43 - INFO  --> SESSIONID :911c0068-89d1-46c6-8a72-f80822c637c8|SERVICE CODE :*384*80#|MSISDN :+254738371600 
2017-03-11 8:05:43 - INFO  --> 254 
2017-03-11 8:08:24 - INFO  --> Incoming request for Kenya ussd !!!!!!! 
2017-03-11 8:08:24 - INFO  --> ============= KENYA TUKO QUIX CALL =============== 
2017-03-11 8:08:24 - INFO  --> ============= RETRIEVING SDP PARAMETERS =============== 
2017-03-11 8:08:24 - INFO  --> LOG INCOMING PARAMETERS FROM GATEWAY 
2017-03-11 8:08:24 - INFO  --> SESSIONID :f528c148-7462-4384-a21e-3a162598554e|SERVICE CODE :*384*80#|MSISDN :+254738371600 
2017-03-11 8:08:24 - INFO  --> 254 
2017-03-11 8:08:27 - INFO  --> Incoming request for Kenya ussd !!!!!!! 
2017-03-11 8:08:27 - INFO  --> ============= KENYA TUKO QUIX CALL =============== 
2017-03-11 8:08:27 - INFO  --> ============= RETRIEVING SDP PARAMETERS =============== 
2017-03-11 8:08:27 - INFO  --> LOG INCOMING PARAMETERS FROM GATEWAY 
2017-03-11 8:08:27 - INFO  --> SESSIONID :0b8fd127-ba3d-41d0-9dfa-d0241d09be58|SERVICE CODE :*384*80#|MSISDN :+254738371600 
2017-03-11 8:08:27 - INFO  --> 254 
2017-03-11 8:08:29 - INFO  --> Incoming request for Kenya ussd !!!!!!! 
2017-03-11 8:08:29 - INFO  --> ============= KENYA TUKO QUIX CALL =============== 
2017-03-11 8:08:29 - INFO  --> ============= RETRIEVING SDP PARAMETERS =============== 
2017-03-11 8:08:29 - INFO  --> LOG INCOMING PARAMETERS FROM GATEWAY 
2017-03-11 8:08:29 - INFO  --> SESSIONID :6a6124f8-ec5e-40f5-9ced-5a7d65ceca3a|SERVICE CODE :*384*80#|MSISDN :+254738371600 
2017-03-11 8:08:29 - INFO  --> 254 
2017-03-11 8:09:17 - INFO  --> Incoming request for Kenya ussd !!!!!!! 
2017-03-11 8:09:17 - INFO  --> ============= KENYA TUKO QUIX CALL =============== 
2017-03-11 8:09:17 - INFO  --> ============= RETRIEVING SDP PARAMETERS =============== 
2017-03-11 8:09:17 - INFO  --> LOG INCOMING PARAMETERS FROM GATEWAY 
2017-03-11 8:09:17 - INFO  --> SESSIONID :651f98db-7954-4e3c-96b0-2bcfbd33e098|SERVICE CODE :*384*80#|MSISDN :+254738371600 
2017-03-11 8:09:17 - INFO  --> 254 
2017-03-11 8:09:20 - INFO  --> Incoming request for Kenya ussd !!!!!!! 
2017-03-11 8:09:20 - INFO  --> ============= KENYA TUKO QUIX CALL =============== 
2017-03-11 8:09:20 - INFO  --> ============= RETRIEVING SDP PARAMETERS =============== 
2017-03-11 8:09:20 - INFO  --> LOG INCOMING PARAMETERS FROM GATEWAY 
2017-03-11 8:09:20 - INFO  --> SESSIONID :c8fe9b48-c431-4615-a211-f23b6693a20d|SERVICE CODE :*384*80#|MSISDN :+254738371600 
2017-03-11 8:09:20 - INFO  --> 254 
2017-03-11 8:10:21 - INFO  --> Incoming request for Kenya ussd !!!!!!! 
2017-03-11 8:10:21 - INFO  --> ============= KENYA TUKO QUIX CALL =============== 
2017-03-11 8:10:21 - INFO  --> ============= RETRIEVING SDP PARAMETERS =============== 
2017-03-11 8:10:21 - INFO  --> LOG INCOMING PARAMETERS FROM GATEWAY 
2017-03-11 8:10:21 - INFO  --> SESSIONID :bd625b7d-1fa4-4b54-a5ad-bd40ceea7a53|SERVICE CODE :*384*80#|MSISDN :+254738371600 
2017-03-11 8:10:21 - INFO  --> 254 
2017-03-11 8:10:24 - INFO  --> Incoming request for Kenya ussd !!!!!!! 
2017-03-11 8:10:24 - INFO  --> ============= KENYA TUKO QUIX CALL =============== 
2017-03-11 8:10:24 - INFO  --> ============= RETRIEVING SDP PARAMETERS =============== 
2017-03-11 8:10:24 - INFO  --> LOG INCOMING PARAMETERS FROM GATEWAY 
2017-03-11 8:10:24 - INFO  --> SESSIONID :ff88121d-97e1-46ef-9954-6ca90b27b1d6|SERVICE CODE :*384*80#|MSISDN :+254738371600 
2017-03-11 8:10:24 - INFO  --> 254 
2017-03-11 8:10:29 - INFO  --> Incoming request for Kenya ussd !!!!!!! 
2017-03-11 8:10:29 - INFO  --> ============= KENYA TUKO QUIX CALL =============== 
2017-03-11 8:10:29 - INFO  --> ============= RETRIEVING SDP PARAMETERS =============== 
2017-03-11 8:10:29 - INFO  --> LOG INCOMING PARAMETERS FROM GATEWAY 
2017-03-11 8:10:29 - INFO  --> SESSIONID :175e5b5e-5818-43ac-9d55-169545cd01b1|SERVICE CODE :*384*80#|MSISDN :+254738371600 
2017-03-11 8:10:29 - INFO  --> 254 
2017-03-11 8:12:31 - INFO  --> Incoming request for Kenya ussd !!!!!!! 
2017-03-11 8:12:31 - INFO  --> ============= KENYA TUKO QUIX CALL =============== 
2017-03-11 8:12:31 - INFO  --> ============= RETRIEVING SDP PARAMETERS =============== 
2017-03-11 8:12:31 - INFO  --> LOG INCOMING PARAMETERS FROM GATEWAY 
2017-03-11 8:12:31 - INFO  --> SESSIONID :64cf9fce-8622-4728-89af-bbcc1a7d2875|SERVICE CODE :*384*80#|MSISDN :+254738371600 
2017-03-11 8:12:31 - INFO  --> 254 
2017-03-11 8:12:35 - INFO  --> Incoming request for Kenya ussd !!!!!!! 
2017-03-11 8:12:35 - INFO  --> ============= KENYA TUKO QUIX CALL =============== 
2017-03-11 8:12:35 - INFO  --> ============= RETRIEVING SDP PARAMETERS =============== 
2017-03-11 8:12:35 - INFO  --> LOG INCOMING PARAMETERS FROM GATEWAY 
2017-03-11 8:12:35 - INFO  --> SESSIONID :783b0581-dc4f-4676-988f-70b2b8c39a1a|SERVICE CODE :*384*80#|MSISDN :+254738371600 
2017-03-11 8:12:35 - INFO  --> 254 
2017-03-11 8:13:51 - INFO  --> Incoming request for Kenya ussd !!!!!!! 
2017-03-11 8:13:51 - INFO  --> ============= KENYA TUKO QUIX CALL =============== 
2017-03-11 8:13:51 - INFO  --> ============= RETRIEVING SDP PARAMETERS =============== 
2017-03-11 8:13:51 - INFO  --> LOG INCOMING PARAMETERS FROM GATEWAY 
2017-03-11 8:13:51 - INFO  --> SESSIONID :913ed65d-0585-4db6-ac8c-98012eb8960a|SERVICE CODE :*384*80#|MSISDN :+254738371600 
2017-03-11 8:13:51 - INFO  --> 254 
2017-03-11 8:13:54 - INFO  --> Incoming request for Kenya ussd !!!!!!! 
2017-03-11 8:13:54 - INFO  --> ============= KENYA TUKO QUIX CALL =============== 
2017-03-11 8:13:54 - INFO  --> ============= RETRIEVING SDP PARAMETERS =============== 
2017-03-11 8:13:54 - INFO  --> LOG INCOMING PARAMETERS FROM GATEWAY 
2017-03-11 8:13:54 - INFO  --> SESSIONID :71b87671-060c-46b7-a24d-0f19647fb9da|SERVICE CODE :*384*80#|MSISDN :+254738371600 
2017-03-11 8:13:54 - INFO  --> 254 
2017-03-11 8:14:51 - INFO  --> Incoming request for Kenya ussd !!!!!!! 
2017-03-11 8:14:51 - INFO  --> ============= KENYA TUKO QUIX CALL =============== 
2017-03-11 8:14:51 - INFO  --> ============= RETRIEVING SDP PARAMETERS =============== 
2017-03-11 8:14:51 - INFO  --> LOG INCOMING PARAMETERS FROM GATEWAY 
2017-03-11 8:14:51 - INFO  --> SESSIONID :48effd51-6554-43e1-8742-e28eed78b548|SERVICE CODE :*384*80#|MSISDN :+254738371600 
2017-03-11 8:14:51 - INFO  --> 254 
2017-03-11 8:16:19 - INFO  --> Incoming request for Kenya ussd !!!!!!! 
2017-03-11 8:16:19 - INFO  --> ============= KENYA TUKO QUIX CALL =============== 
2017-03-11 8:16:19 - INFO  --> ============= RETRIEVING SDP PARAMETERS =============== 
2017-03-11 8:16:19 - INFO  --> LOG INCOMING PARAMETERS FROM GATEWAY 
2017-03-11 8:16:19 - INFO  --> SESSIONID :946a76e7-4866-4561-9d08-1554446f50cb|SERVICE CODE :*384*80#|MSISDN :+254738371600 
2017-03-11 8:16:19 - INFO  --> 254 
2017-03-11 8:16:26 - INFO  --> Incoming request for Kenya ussd !!!!!!! 
2017-03-11 8:16:26 - INFO  --> ============= KENYA TUKO QUIX CALL =============== 
2017-03-11 8:16:26 - INFO  --> ============= RETRIEVING SDP PARAMETERS =============== 
2017-03-11 8:16:26 - INFO  --> LOG INCOMING PARAMETERS FROM GATEWAY 
2017-03-11 8:16:26 - INFO  --> SESSIONID :cf7a8bbd-79b8-4e76-9dae-c083d916b43d|SERVICE CODE :*384*80#|MSISDN :+254738371600 
2017-03-11 8:16:26 - INFO  --> 254 
2017-03-11 8:18:59 - INFO  --> Incoming request for Kenya ussd !!!!!!! 
2017-03-11 8:18:59 - INFO  --> ============= KENYA TUKO QUIX CALL =============== 
2017-03-11 8:18:59 - INFO  --> ============= RETRIEVING SDP PARAMETERS =============== 
2017-03-11 8:18:59 - INFO  --> LOG INCOMING PARAMETERS FROM GATEWAY 
2017-03-11 8:18:59 - INFO  --> SESSIONID :2a7ccaab-a2b9-4880-ad59-13f1a67a6a37|SERVICE CODE :*384*80#|MSISDN :+254738371600 
2017-03-11 8:18:59 - INFO  --> 254 
2017-03-11 8:19:04 - INFO  --> Incoming request for Kenya ussd !!!!!!! 
2017-03-11 8:19:04 - INFO  --> ============= KENYA TUKO QUIX CALL =============== 
2017-03-11 8:19:04 - INFO  --> ============= RETRIEVING SDP PARAMETERS =============== 
2017-03-11 8:19:04 - INFO  --> LOG INCOMING PARAMETERS FROM GATEWAY 
2017-03-11 8:19:04 - INFO  --> SESSIONID :7a07ec75-6ccd-40f6-8573-aca258b6725e|SERVICE CODE :*384*80#|MSISDN :+254738371600 
2017-03-11 8:19:04 - INFO  --> 254 
2017-03-11 8:19:35 - INFO  --> Incoming request for Kenya ussd !!!!!!! 
2017-03-11 8:19:35 - INFO  --> ============= KENYA TUKO QUIX CALL =============== 
2017-03-11 8:19:35 - INFO  --> ============= RETRIEVING SDP PARAMETERS =============== 
2017-03-11 8:19:35 - INFO  --> LOG INCOMING PARAMETERS FROM GATEWAY 
2017-03-11 8:19:35 - INFO  --> SESSIONID :fafb680c-62cc-45a4-89c4-87d5f69c0a03|SERVICE CODE :*384*80#|MSISDN :+254738371600 
2017-03-11 8:19:35 - INFO  --> 254 
2017-03-11 8:19:38 - INFO  --> Incoming request for Kenya ussd !!!!!!! 
2017-03-11 8:19:38 - INFO  --> ============= KENYA TUKO QUIX CALL =============== 
2017-03-11 8:19:38 - INFO  --> ============= RETRIEVING SDP PARAMETERS =============== 
2017-03-11 8:19:38 - INFO  --> LOG INCOMING PARAMETERS FROM GATEWAY 
2017-03-11 8:19:38 - INFO  --> SESSIONID :b5b61b2f-99cc-485a-8317-891c0b8c2cc2|SERVICE CODE :*384*80#|MSISDN :+254738371600 
2017-03-11 8:19:38 - INFO  --> 254 
2017-03-11 8:21:33 - INFO  --> Incoming request for Kenya ussd !!!!!!! 
2017-03-11 8:21:33 - INFO  --> ============= KENYA TUKO QUIX CALL =============== 
2017-03-11 8:21:33 - INFO  --> ============= RETRIEVING SDP PARAMETERS =============== 
2017-03-11 8:21:33 - INFO  --> LOG INCOMING PARAMETERS FROM GATEWAY 
2017-03-11 8:21:33 - INFO  --> SESSIONID :565d869f-336f-4bf6-8ea5-2dad28b12f37|SERVICE CODE :*384*80#|MSISDN :+254738371600 
2017-03-11 8:21:33 - INFO  --> 254 
2017-03-11 8:21:36 - INFO  --> Incoming request for Kenya ussd !!!!!!! 
2017-03-11 8:21:36 - INFO  --> ============= KENYA TUKO QUIX CALL =============== 
2017-03-11 8:21:36 - INFO  --> ============= RETRIEVING SDP PARAMETERS =============== 
2017-03-11 8:21:36 - INFO  --> LOG INCOMING PARAMETERS FROM GATEWAY 
2017-03-11 8:21:36 - INFO  --> SESSIONID :1daad98a-baa2-46d8-97ce-5c8512dd6111|SERVICE CODE :*384*80#|MSISDN :+254738371600 
2017-03-11 8:21:36 - INFO  --> 254 
2017-03-11 8:24:11 - INFO  --> Incoming request for Kenya ussd !!!!!!! 
2017-03-11 8:24:11 - INFO  --> ============= KENYA TUKO QUIX CALL =============== 
2017-03-11 8:24:11 - INFO  --> ============= RETRIEVING SDP PARAMETERS =============== 
2017-03-11 8:24:11 - INFO  --> LOG INCOMING PARAMETERS FROM GATEWAY 
2017-03-11 8:24:11 - INFO  --> SESSIONID :401f37bb-7556-4d0f-95a3-6360a943b5c6|SERVICE CODE :*384*80#|MSISDN :+254738371600 
2017-03-11 8:24:11 - INFO  --> 254 
2017-03-11 8:27:31 - INFO  --> Incoming request for Kenya ussd !!!!!!! 
2017-03-11 8:27:31 - INFO  --> ============= KENYA TUKO QUIX CALL =============== 
2017-03-11 8:27:31 - INFO  --> ============= RETRIEVING SDP PARAMETERS =============== 
2017-03-11 8:27:31 - INFO  --> LOG INCOMING PARAMETERS FROM GATEWAY 
2017-03-11 8:27:31 - INFO  --> SESSIONID :8d97abbe-c877-4cf9-bfb9-0e0c6371deaa|SERVICE CODE :*384*80#|MSISDN :+254738371600 
2017-03-11 8:27:31 - INFO  --> 254 
2017-03-11 8:27:34 - INFO  --> Incoming request for Kenya ussd !!!!!!! 
2017-03-11 8:27:34 - INFO  --> ============= KENYA TUKO QUIX CALL =============== 
2017-03-11 8:27:34 - INFO  --> ============= RETRIEVING SDP PARAMETERS =============== 
2017-03-11 8:27:34 - INFO  --> LOG INCOMING PARAMETERS FROM GATEWAY 
2017-03-11 8:27:34 - INFO  --> SESSIONID :b8c78bc6-dfa4-4a41-a5f6-85e3238d8607|SERVICE CODE :*384*80#|MSISDN :+254738371600 
2017-03-11 8:27:34 - INFO  --> 254 
2017-03-11 8:27:39 - INFO  --> Incoming request for Kenya ussd !!!!!!! 
2017-03-11 8:27:39 - INFO  --> ============= KENYA TUKO QUIX CALL =============== 
2017-03-11 8:27:39 - INFO  --> ============= RETRIEVING SDP PARAMETERS =============== 
2017-03-11 8:27:39 - INFO  --> LOG INCOMING PARAMETERS FROM GATEWAY 
2017-03-11 8:27:39 - INFO  --> SESSIONID :d71caf80-c5a4-4ab4-a1f3-437e6b526568|SERVICE CODE :*384*80#|MSISDN :+254738371600 
2017-03-11 8:27:39 - INFO  --> 254 
2017-03-11 8:30:17 - INFO  --> Incoming request for Kenya ussd !!!!!!! 
2017-03-11 8:30:17 - INFO  --> ============= KENYA TUKO QUIX CALL =============== 
2017-03-11 8:30:17 - INFO  --> ============= RETRIEVING SDP PARAMETERS =============== 
2017-03-11 8:30:17 - INFO  --> LOG INCOMING PARAMETERS FROM GATEWAY 
2017-03-11 8:30:17 - INFO  --> SESSIONID :f31aaf0e-5507-4474-8dbe-40c575b6bd0b|SERVICE CODE :*384*80#|MSISDN :+254738371600 
2017-03-11 8:30:17 - INFO  --> 254 
2017-03-11 8:30:51 - INFO  --> Incoming request for Kenya ussd !!!!!!! 
2017-03-11 8:30:51 - INFO  --> ============= KENYA TUKO QUIX CALL =============== 
2017-03-11 8:30:51 - INFO  --> ============= RETRIEVING SDP PARAMETERS =============== 
2017-03-11 8:30:51 - INFO  --> LOG INCOMING PARAMETERS FROM GATEWAY 
2017-03-11 8:30:51 - INFO  --> SESSIONID :33d653cf-5969-49dc-88ac-9e61d2efaed3|SERVICE CODE :*384*80#|MSISDN :+254738371600 
2017-03-11 8:30:51 - INFO  --> 254 
2017-03-11 8:30:53 - INFO  --> Incoming request for Kenya ussd !!!!!!! 
2017-03-11 8:30:53 - INFO  --> ============= KENYA TUKO QUIX CALL =============== 
2017-03-11 8:30:53 - INFO  --> ============= RETRIEVING SDP PARAMETERS =============== 
2017-03-11 8:30:53 - INFO  --> LOG INCOMING PARAMETERS FROM GATEWAY 
2017-03-11 8:30:53 - INFO  --> SESSIONID :e5570daa-9c00-488c-a143-5ce6f3b032ae|SERVICE CODE :*384*80#|MSISDN :+254738371600 
2017-03-11 8:30:53 - INFO  --> 254 
2017-03-11 8:31:24 - INFO  --> Incoming request for Kenya ussd !!!!!!! 
2017-03-11 8:31:24 - INFO  --> ============= KENYA TUKO QUIX CALL =============== 
2017-03-11 8:31:24 - INFO  --> ============= RETRIEVING SDP PARAMETERS =============== 
2017-03-11 8:31:24 - INFO  --> LOG INCOMING PARAMETERS FROM GATEWAY 
2017-03-11 8:31:24 - INFO  --> SESSIONID :fe50ec14-36de-48d5-a0ba-8d033ac35da7|SERVICE CODE :*384*80#|MSISDN :+254738371600 
2017-03-11 8:31:24 - INFO  --> 254 
2017-03-11 8:31:28 - INFO  --> Incoming request for Kenya ussd !!!!!!! 
2017-03-11 8:31:28 - INFO  --> ============= KENYA TUKO QUIX CALL =============== 
2017-03-11 8:31:28 - INFO  --> ============= RETRIEVING SDP PARAMETERS =============== 
2017-03-11 8:31:28 - INFO  --> LOG INCOMING PARAMETERS FROM GATEWAY 
2017-03-11 8:31:28 - INFO  --> SESSIONID :45866128-8dd6-485c-9af6-3907c7d850f5|SERVICE CODE :*384*80#|MSISDN :+254738371600 
2017-03-11 8:31:28 - INFO  --> 254 
2017-03-11 8:32:03 - INFO  --> Incoming request for Kenya ussd !!!!!!! 
2017-03-11 8:32:03 - INFO  --> ============= KENYA TUKO QUIX CALL =============== 
2017-03-11 8:32:03 - INFO  --> ============= RETRIEVING SDP PARAMETERS =============== 
2017-03-11 8:32:03 - INFO  --> LOG INCOMING PARAMETERS FROM GATEWAY 
2017-03-11 8:32:03 - INFO  --> SESSIONID :801fb8e1-f01a-4baf-ae75-23673e8d180c|SERVICE CODE :*384*80#|MSISDN :+254738371600 
2017-03-11 8:32:03 - INFO  --> 254 
2017-03-11 8:32:06 - INFO  --> Incoming request for Kenya ussd !!!!!!! 
2017-03-11 8:32:06 - INFO  --> ============= KENYA TUKO QUIX CALL =============== 
2017-03-11 8:32:06 - INFO  --> ============= RETRIEVING SDP PARAMETERS =============== 
2017-03-11 8:32:06 - INFO  --> LOG INCOMING PARAMETERS FROM GATEWAY 
2017-03-11 8:32:06 - INFO  --> SESSIONID :a40bc616-f922-492b-8491-abcd4342d9ff|SERVICE CODE :*384*80#|MSISDN :+254738371600 
2017-03-11 8:32:06 - INFO  --> 254 
2017-03-11 8:33:05 - INFO  --> Incoming request for Kenya ussd !!!!!!! 
2017-03-11 8:33:05 - INFO  --> ============= KENYA TUKO QUIX CALL =============== 
2017-03-11 8:33:05 - INFO  --> ============= RETRIEVING SDP PARAMETERS =============== 
2017-03-11 8:33:05 - INFO  --> LOG INCOMING PARAMETERS FROM GATEWAY 
2017-03-11 8:33:05 - INFO  --> SESSIONID :85069fb3-426f-495c-98aa-08dde38718a8|SERVICE CODE :*384*80#|MSISDN :+254738371600 
2017-03-11 8:33:05 - INFO  --> 254 
2017-03-11 8:33:48 - INFO  --> Incoming request for Kenya ussd !!!!!!! 
2017-03-11 8:33:48 - INFO  --> ============= KENYA TUKO QUIX CALL =============== 
2017-03-11 8:33:48 - INFO  --> ============= RETRIEVING SDP PARAMETERS =============== 
2017-03-11 8:33:48 - INFO  --> LOG INCOMING PARAMETERS FROM GATEWAY 
2017-03-11 8:33:48 - INFO  --> SESSIONID :d4a0a62e-e192-4cdf-baac-46d15bcd4315|SERVICE CODE :*384*80#|MSISDN :+254738371600 
2017-03-11 8:33:48 - INFO  --> 254 
2017-03-11 8:33:51 - INFO  --> Incoming request for Kenya ussd !!!!!!! 
2017-03-11 8:33:51 - INFO  --> ============= KENYA TUKO QUIX CALL =============== 
2017-03-11 8:33:51 - INFO  --> ============= RETRIEVING SDP PARAMETERS =============== 
2017-03-11 8:33:51 - INFO  --> LOG INCOMING PARAMETERS FROM GATEWAY 
2017-03-11 8:33:51 - INFO  --> SESSIONID :8926f759-7e69-4609-810c-419f44fc1b43|SERVICE CODE :*384*80#|MSISDN :+254738371600 
2017-03-11 8:33:51 - INFO  --> 254 
2017-03-11 8:56:26 - INFO  --> Incoming request for Kenya ussd !!!!!!! 
2017-03-11 8:56:26 - INFO  --> ============= KENYA TUKO QUIX CALL =============== 
2017-03-11 8:56:26 - INFO  --> ============= RETRIEVING SDP PARAMETERS =============== 
2017-03-11 8:56:26 - INFO  --> LOG INCOMING PARAMETERS FROM GATEWAY 
2017-03-11 8:56:26 - INFO  --> SESSIONID :b9ac9f79-2af1-4b84-b567-19c40ebcdbcf|SERVICE CODE :*384*80#|MSISDN :+254738371600 
2017-03-11 8:56:26 - INFO  --> 254 
2017-03-11 8:56:26 - INFO  --> SESSION SAVED 
2017-03-11 8:57:49 - INFO  --> Incoming request for Kenya ussd !!!!!!! 
2017-03-11 8:57:49 - INFO  --> ============= KENYA TUKO QUIX CALL =============== 
2017-03-11 8:57:49 - INFO  --> ============= RETRIEVING SDP PARAMETERS =============== 
2017-03-11 8:57:49 - INFO  --> LOG INCOMING PARAMETERS FROM GATEWAY 
2017-03-11 8:57:49 - INFO  --> SESSIONID :94d36aa7-0be0-461a-a078-c30c30841987|SERVICE CODE :*384*80#|MSISDN :+254738371600 
2017-03-11 8:57:49 - INFO  --> 254 
2017-03-11 8:59:49 - INFO  --> Incoming request for Kenya ussd !!!!!!! 
2017-03-11 8:59:49 - INFO  --> ============= KENYA TUKO QUIX CALL =============== 
2017-03-11 8:59:49 - INFO  --> ============= RETRIEVING SDP PARAMETERS =============== 
2017-03-11 8:59:49 - INFO  --> LOG INCOMING PARAMETERS FROM GATEWAY 
2017-03-11 8:59:49 - INFO  --> SESSIONID :14c942cf-9733-49c1-ac57-167115111d3d|SERVICE CODE :*384*80#|MSISDN :+254738371600 
2017-03-11 8:59:49 - INFO  --> 254 
2017-03-11 8:59:49 - INFO  --> SESSION SAVED 
2017-03-11 8:59:52 - INFO  --> Incoming request for Kenya ussd !!!!!!! 
2017-03-11 8:59:52 - INFO  --> ============= KENYA TUKO QUIX CALL =============== 
2017-03-11 8:59:52 - INFO  --> ============= RETRIEVING SDP PARAMETERS =============== 
2017-03-11 8:59:52 - INFO  --> LOG INCOMING PARAMETERS FROM GATEWAY 
2017-03-11 8:59:52 - INFO  --> SESSIONID :14c942cf-9733-49c1-ac57-167115111d3d|SERVICE CODE :*384*80#|MSISDN :+254738371600 
2017-03-11 8:59:52 - INFO  --> 254 
2017-03-11 9:00:01 - INFO  --> Incoming request for Kenya ussd !!!!!!! 
2017-03-11 9:00:01 - INFO  --> ============= KENYA TUKO QUIX CALL =============== 
2017-03-11 9:00:01 - INFO  --> ============= RETRIEVING SDP PARAMETERS =============== 
2017-03-11 9:00:01 - INFO  --> LOG INCOMING PARAMETERS FROM GATEWAY 
2017-03-11 9:00:01 - INFO  --> SESSIONID :14c942cf-9733-49c1-ac57-167115111d3d|SERVICE CODE :*384*80#|MSISDN :+254738371600 
2017-03-11 9:00:01 - INFO  --> 254738371600 
2017-03-11 9:00:05 - INFO  --> Incoming request for Kenya ussd !!!!!!! 
2017-03-11 9:00:05 - INFO  --> ============= KENYA TUKO QUIX CALL =============== 
2017-03-11 9:00:05 - INFO  --> ============= RETRIEVING SDP PARAMETERS =============== 
2017-03-11 9:00:05 - INFO  --> LOG INCOMING PARAMETERS FROM GATEWAY 
2017-03-11 9:00:05 - INFO  --> SESSIONID :70ff1206-af64-4644-a394-5b1f56823e60|SERVICE CODE :*384*80#|MSISDN :+254738371600 
2017-03-11 9:00:05 - INFO  --> 254 
2017-03-11 9:00:25 - INFO  --> Incoming request for Kenya ussd !!!!!!! 
2017-03-11 9:00:25 - INFO  --> ============= KENYA TUKO QUIX CALL =============== 
2017-03-11 9:00:25 - INFO  --> ============= RETRIEVING SDP PARAMETERS =============== 
2017-03-11 9:00:25 - INFO  --> LOG INCOMING PARAMETERS FROM GATEWAY 
2017-03-11 9:00:25 - INFO  --> SESSIONID :fce80c10-46e1-4d0e-aa70-48eaa8cb99f2|SERVICE CODE :*384*80#|MSISDN :+254738371600 
2017-03-11 9:00:25 - INFO  --> 254 
2017-03-11 9:00:44 - INFO  --> Incoming request for Kenya ussd !!!!!!! 
2017-03-11 9:00:44 - INFO  --> ============= KENYA TUKO QUIX CALL =============== 
2017-03-11 9:00:44 - INFO  --> ============= RETRIEVING SDP PARAMETERS =============== 
2017-03-11 9:00:44 - INFO  --> LOG INCOMING PARAMETERS FROM GATEWAY 
2017-03-11 9:00:44 - INFO  --> SESSIONID :727e2f7a-e49b-4042-a971-e7bc0139f9b2|SERVICE CODE :*384*80#|MSISDN :+254738371600 
2017-03-11 9:00:44 - INFO  --> 2548371600 
2017-03-11 9:00:57 - INFO  --> Incoming request for Kenya ussd !!!!!!! 
2017-03-11 9:00:57 - INFO  --> ============= KENYA TUKO QUIX CALL =============== 
2017-03-11 9:00:57 - INFO  --> ============= RETRIEVING SDP PARAMETERS =============== 
2017-03-11 9:00:57 - INFO  --> LOG INCOMING PARAMETERS FROM GATEWAY 
2017-03-11 9:00:57 - INFO  --> SESSIONID :a354515c-68ed-48fc-9e21-49b3c711b2c8|SERVICE CODE :*384*80#|MSISDN :+254738371600 
2017-03-11 9:00:57 - INFO  --> 2548371600 
2017-03-11 9:01:10 - INFO  --> Incoming request for Kenya ussd !!!!!!! 
2017-03-11 9:01:10 - INFO  --> ============= KENYA TUKO QUIX CALL =============== 
2017-03-11 9:01:10 - INFO  --> ============= RETRIEVING SDP PARAMETERS =============== 
2017-03-11 9:01:10 - INFO  --> LOG INCOMING PARAMETERS FROM GATEWAY 
2017-03-11 9:01:10 - INFO  --> SESSIONID :705fe72f-ca6e-44af-963b-1ba2f268dd94|SERVICE CODE :*384*80#|MSISDN :+254738371600 
2017-03-11 9:01:10 - INFO  --> 2548371600 
2017-03-11 9:03:16 - INFO  --> Incoming request for Kenya ussd !!!!!!! 
2017-03-11 9:03:16 - INFO  --> ============= KENYA TUKO QUIX CALL =============== 
2017-03-11 9:03:16 - INFO  --> ============= RETRIEVING SDP PARAMETERS =============== 
2017-03-11 9:03:16 - INFO  --> LOG INCOMING PARAMETERS FROM GATEWAY 
2017-03-11 9:03:16 - INFO  --> SESSIONID :78b7c43b-00a5-4711-9531-21ea72651808|SERVICE CODE :*384*80#|MSISDN :+254738371600 
2017-03-11 9:03:16 - INFO  --> 254 
2017-03-11 9:03:19 - INFO  --> Incoming request for Kenya ussd !!!!!!! 
2017-03-11 9:03:19 - INFO  --> ============= KENYA TUKO QUIX CALL =============== 
2017-03-11 9:03:19 - INFO  --> ============= RETRIEVING SDP PARAMETERS =============== 
2017-03-11 9:03:19 - INFO  --> LOG INCOMING PARAMETERS FROM GATEWAY 
2017-03-11 9:03:19 - INFO  --> SESSIONID :6e3616ba-64de-4f59-ba71-5f45faa2828f|SERVICE CODE :*384*80#|MSISDN :+254738371600 
2017-03-11 9:03:19 - INFO  --> 254 
2017-03-11 9:03:56 - INFO  --> Incoming request for Kenya ussd !!!!!!! 
2017-03-11 9:03:56 - INFO  --> ============= KENYA TUKO QUIX CALL =============== 
2017-03-11 9:03:56 - INFO  --> ============= RETRIEVING SDP PARAMETERS =============== 
2017-03-11 9:03:56 - INFO  --> LOG INCOMING PARAMETERS FROM GATEWAY 
2017-03-11 9:03:56 - INFO  --> SESSIONID :a26d656c-d885-419b-b93d-e0f3d4fdd7ec|SERVICE CODE :*384*80#|MSISDN :+254738371600 
2017-03-11 9:03:56 - INFO  --> 254 
2017-03-11 9:04:03 - INFO  --> Incoming request for Kenya ussd !!!!!!! 
2017-03-11 9:04:03 - INFO  --> ============= KENYA TUKO QUIX CALL =============== 
2017-03-11 9:04:03 - INFO  --> ============= RETRIEVING SDP PARAMETERS =============== 
2017-03-11 9:04:03 - INFO  --> LOG INCOMING PARAMETERS FROM GATEWAY 
2017-03-11 9:04:03 - INFO  --> SESSIONID :80d22aad-2dcd-4be0-9f59-a05b382d1b21|SERVICE CODE :*384*80#|MSISDN :+254738371600 
2017-03-11 9:04:03 - INFO  --> 2548371600 
2017-03-11 9:05:44 - INFO  --> Incoming request for Kenya ussd !!!!!!! 
2017-03-11 9:05:44 - INFO  --> ============= KENYA TUKO QUIX CALL =============== 
2017-03-11 9:05:44 - INFO  --> ============= RETRIEVING SDP PARAMETERS =============== 
2017-03-11 9:05:44 - INFO  --> LOG INCOMING PARAMETERS FROM GATEWAY 
2017-03-11 9:05:44 - INFO  --> SESSIONID :df5805c0-ecbe-4c8e-897a-c1a2189f270a|SERVICE CODE :*384*80#|MSISDN :+254738371600 
2017-03-11 9:05:44 - INFO  --> 2548371600 
2017-03-11 9:05:47 - INFO  --> Incoming request for Kenya ussd !!!!!!! 
2017-03-11 9:05:47 - INFO  --> ============= KENYA TUKO QUIX CALL =============== 
2017-03-11 9:05:47 - INFO  --> ============= RETRIEVING SDP PARAMETERS =============== 
2017-03-11 9:05:47 - INFO  --> LOG INCOMING PARAMETERS FROM GATEWAY 
2017-03-11 9:05:47 - INFO  --> SESSIONID :aee96fed-532b-4e37-8f3d-90f91686d7cd|SERVICE CODE :*384*80#|MSISDN :+254738371600 
2017-03-11 9:05:47 - INFO  --> 2548371600 
2017-03-11 9:05:50 - INFO  --> Incoming request for Kenya ussd !!!!!!! 
2017-03-11 9:05:50 - INFO  --> ============= KENYA TUKO QUIX CALL =============== 
2017-03-11 9:05:50 - INFO  --> ============= RETRIEVING SDP PARAMETERS =============== 
2017-03-11 9:05:50 - INFO  --> LOG INCOMING PARAMETERS FROM GATEWAY 
2017-03-11 9:05:50 - INFO  --> SESSIONID :0c4528eb-d677-458b-8e8f-4a1e1d36d746|SERVICE CODE :*384*80#|MSISDN :+254738371600 
2017-03-11 9:05:50 - INFO  --> 2548371600 
2017-03-11 9:05:54 - INFO  --> Incoming request for Kenya ussd !!!!!!! 
2017-03-11 9:05:54 - INFO  --> ============= KENYA TUKO QUIX CALL =============== 
2017-03-11 9:05:54 - INFO  --> ============= RETRIEVING SDP PARAMETERS =============== 
2017-03-11 9:05:54 - INFO  --> LOG INCOMING PARAMETERS FROM GATEWAY 
2017-03-11 9:05:54 - INFO  --> SESSIONID :3d09bfbd-055e-439a-b788-3313357ac843|SERVICE CODE :*384*80#|MSISDN :+254738371600 
2017-03-11 9:05:54 - INFO  --> 2548371600 
2017-03-11 9:06:51 - INFO  --> Incoming request for Kenya ussd !!!!!!! 
2017-03-11 9:06:51 - INFO  --> ============= KENYA TUKO QUIX CALL =============== 
2017-03-11 9:06:51 - INFO  --> ============= RETRIEVING SDP PARAMETERS =============== 
2017-03-11 9:06:51 - INFO  --> LOG INCOMING PARAMETERS FROM GATEWAY 
2017-03-11 9:06:51 - INFO  --> SESSIONID :8135d4a1-0bb5-4847-903a-7f4d3f64ce8f|SERVICE CODE :*384*80#|MSISDN :+254738371600 
2017-03-11 9:06:51 - INFO  --> 2548371600 
2017-03-11 9:06:54 - INFO  --> Incoming request for Kenya ussd !!!!!!! 
2017-03-11 9:06:54 - INFO  --> ============= KENYA TUKO QUIX CALL =============== 
2017-03-11 9:06:54 - INFO  --> ============= RETRIEVING SDP PARAMETERS =============== 
2017-03-11 9:06:54 - INFO  --> LOG INCOMING PARAMETERS FROM GATEWAY 
2017-03-11 9:06:54 - INFO  --> SESSIONID :67eb08a8-a3a9-4cb6-a1e0-e20d555f2204|SERVICE CODE :*384*80#|MSISDN :+254738371600 
2017-03-11 9:06:54 - INFO  --> 2548371600 
2017-03-11 9:06:57 - INFO  --> Incoming request for Kenya ussd !!!!!!! 
2017-03-11 9:06:57 - INFO  --> ============= KENYA TUKO QUIX CALL =============== 
2017-03-11 9:06:57 - INFO  --> ============= RETRIEVING SDP PARAMETERS =============== 
2017-03-11 9:06:57 - INFO  --> LOG INCOMING PARAMETERS FROM GATEWAY 
2017-03-11 9:06:57 - INFO  --> SESSIONID :b62116f9-a256-48a2-b866-67aed88b4e4a|SERVICE CODE :*384*80#|MSISDN :+254738371600 
2017-03-11 9:06:57 - INFO  --> 2548371600 
2017-03-11 9:07:06 - INFO  --> Incoming request for Kenya ussd !!!!!!! 
2017-03-11 9:07:06 - INFO  --> ============= KENYA TUKO QUIX CALL =============== 
2017-03-11 9:07:06 - INFO  --> ============= RETRIEVING SDP PARAMETERS =============== 
2017-03-11 9:07:06 - INFO  --> LOG INCOMING PARAMETERS FROM GATEWAY 
2017-03-11 9:07:06 - INFO  --> SESSIONID :8379a339-cfb7-493e-8092-f07f45153d28|SERVICE CODE :*384*80#|MSISDN :+254738371600 
2017-03-11 9:07:06 - INFO  --> 254 
2017-03-11 9:14:34 - INFO  --> Incoming request for Kenya ussd !!!!!!! 
2017-03-11 9:14:34 - INFO  --> ============= KENYA TUKO QUIX CALL =============== 
2017-03-11 9:14:34 - INFO  --> ============= RETRIEVING SDP PARAMETERS =============== 
2017-03-11 9:14:34 - INFO  --> LOG INCOMING PARAMETERS FROM GATEWAY 
2017-03-11 9:14:34 - INFO  --> SESSIONID :9deb2058-0f0e-4ea9-920f-36232c7aa59c|SERVICE CODE :*384*80#|MSISDN :+254738371600 
2017-03-11 9:14:34 - INFO  --> 2548371600 
2017-03-11 9:14:37 - INFO  --> Incoming request for Kenya ussd !!!!!!! 
2017-03-11 9:14:37 - INFO  --> ============= KENYA TUKO QUIX CALL =============== 
2017-03-11 9:14:37 - INFO  --> ============= RETRIEVING SDP PARAMETERS =============== 
2017-03-11 9:14:37 - INFO  --> LOG INCOMING PARAMETERS FROM GATEWAY 
2017-03-11 9:14:37 - INFO  --> SESSIONID :598c193e-01b0-4a29-a020-87c49c6229b3|SERVICE CODE :*384*80#|MSISDN :+254738371600 
2017-03-11 9:14:37 - INFO  --> 2548371600 
2017-03-11 9:15:09 - INFO  --> Incoming request for Kenya ussd !!!!!!! 
2017-03-11 9:15:09 - INFO  --> ============= KENYA TUKO QUIX CALL =============== 
2017-03-11 9:15:09 - INFO  --> ============= RETRIEVING SDP PARAMETERS =============== 
2017-03-11 9:15:09 - INFO  --> LOG INCOMING PARAMETERS FROM GATEWAY 
2017-03-11 9:15:09 - INFO  --> SESSIONID :8e11bb0a-d2ad-42d0-8720-711fb560057e|SERVICE CODE :*384*80#|MSISDN :+254738371600 
2017-03-11 9:15:09 - INFO  --> 2548371600 
2017-03-11 9:15:13 - INFO  --> Incoming request for Kenya ussd !!!!!!! 
2017-03-11 9:15:13 - INFO  --> ============= KENYA TUKO QUIX CALL =============== 
2017-03-11 9:15:13 - INFO  --> ============= RETRIEVING SDP PARAMETERS =============== 
2017-03-11 9:15:13 - INFO  --> LOG INCOMING PARAMETERS FROM GATEWAY 
2017-03-11 9:15:13 - INFO  --> SESSIONID :40b4c648-97a6-49ad-ba6f-072dc80633ab|SERVICE CODE :*384*80#|MSISDN :+254738371600 
2017-03-11 9:15:13 - INFO  --> 2548371600 
2017-03-11 9:15:15 - INFO  --> Incoming request for Kenya ussd !!!!!!! 
2017-03-11 9:15:15 - INFO  --> ============= KENYA TUKO QUIX CALL =============== 
2017-03-11 9:15:15 - INFO  --> ============= RETRIEVING SDP PARAMETERS =============== 
2017-03-11 9:15:15 - INFO  --> LOG INCOMING PARAMETERS FROM GATEWAY 
2017-03-11 9:15:15 - INFO  --> SESSIONID :56a42361-24de-4bcd-b76b-ef0d428e11f1|SERVICE CODE :*384*80#|MSISDN :+254738371600 
2017-03-11 9:15:15 - INFO  --> 2548371600 
2017-03-11 9:15:18 - INFO  --> Incoming request for Kenya ussd !!!!!!! 
2017-03-11 9:15:18 - INFO  --> ============= KENYA TUKO QUIX CALL =============== 
2017-03-11 9:15:18 - INFO  --> ============= RETRIEVING SDP PARAMETERS =============== 
2017-03-11 9:15:18 - INFO  --> LOG INCOMING PARAMETERS FROM GATEWAY 
2017-03-11 9:15:18 - INFO  --> SESSIONID :43da28d8-ffa5-48f6-8e41-2c216857ea27|SERVICE CODE :*384*80#|MSISDN :+254738371600 
2017-03-11 9:15:18 - INFO  --> 2548371600 
2017-03-11 9:15:27 - INFO  --> Incoming request for Kenya ussd !!!!!!! 
2017-03-11 9:15:27 - INFO  --> ============= KENYA TUKO QUIX CALL =============== 
2017-03-11 9:15:27 - INFO  --> ============= RETRIEVING SDP PARAMETERS =============== 
2017-03-11 9:15:27 - INFO  --> LOG INCOMING PARAMETERS FROM GATEWAY 
2017-03-11 9:15:27 - INFO  --> SESSIONID :24f12b4a-e71a-48fd-85fc-2acd784f725c|SERVICE CODE :*384*80#|MSISDN :+254738371600 
2017-03-11 9:15:27 - INFO  --> 2548371600 
2017-03-11 9:15:27 - INFO  --> SESSION SAVED 
2017-03-11 9:15:47 - INFO  --> Incoming request for Kenya ussd !!!!!!! 
2017-03-11 9:15:47 - INFO  --> ============= KENYA TUKO QUIX CALL =============== 
2017-03-11 9:15:47 - INFO  --> ============= RETRIEVING SDP PARAMETERS =============== 
2017-03-11 9:15:47 - INFO  --> LOG INCOMING PARAMETERS FROM GATEWAY 
2017-03-11 9:15:47 - INFO  --> SESSIONID :6fcbe785-2e24-430e-84b9-d0a2d8dafe34|SERVICE CODE :*384*80#|MSISDN :+254738371600 
2017-03-11 9:15:47 - INFO  --> 2548371600 
2017-03-11 9:15:48 - INFO  --> SESSION SAVED 
2017-03-11 9:15:51 - INFO  --> Incoming request for Kenya ussd !!!!!!! 
2017-03-11 9:15:51 - INFO  --> ============= KENYA TUKO QUIX CALL =============== 
2017-03-11 9:15:51 - INFO  --> ============= RETRIEVING SDP PARAMETERS =============== 
2017-03-11 9:15:51 - INFO  --> LOG INCOMING PARAMETERS FROM GATEWAY 
2017-03-11 9:15:51 - INFO  --> SESSIONID :e8191570-588c-4071-bdf6-9d66ce22988a|SERVICE CODE :*384*80#|MSISDN :+254738371600 
2017-03-11 9:15:51 - INFO  --> 2548371600 
2017-03-11 9:15:51 - INFO  --> SESSION SAVED 
2017-03-11 9:16:06 - INFO  --> Incoming request for Kenya ussd !!!!!!! 
2017-03-11 9:16:06 - INFO  --> ============= KENYA TUKO QUIX CALL =============== 
2017-03-11 9:16:06 - INFO  --> ============= RETRIEVING SDP PARAMETERS =============== 
2017-03-11 9:16:06 - INFO  --> LOG INCOMING PARAMETERS FROM GATEWAY 
2017-03-11 9:16:06 - INFO  --> SESSIONID :e9f9291e-f135-4508-a62f-5b6b7f276df6|SERVICE CODE :*384*80#|MSISDN :+254738371600 
2017-03-11 9:16:06 - INFO  --> 2548371600 
2017-03-11 9:16:06 - INFO  --> SESSION SAVED 
2017-03-11 9:16:10 - INFO  --> Incoming request for Kenya ussd !!!!!!! 
2017-03-11 9:16:10 - INFO  --> ============= KENYA TUKO QUIX CALL =============== 
2017-03-11 9:16:10 - INFO  --> ============= RETRIEVING SDP PARAMETERS =============== 
2017-03-11 9:16:10 - INFO  --> LOG INCOMING PARAMETERS FROM GATEWAY 
2017-03-11 9:16:10 - INFO  --> SESSIONID :e05c6e46-5c4a-4980-a99d-28a1824d58ea|SERVICE CODE :*384*80#|MSISDN :+254738371600 
2017-03-11 9:16:10 - INFO  --> 2548371600 
2017-03-11 9:17:20 - INFO  --> Incoming request for Kenya ussd !!!!!!! 
2017-03-11 9:17:20 - INFO  --> ============= KENYA TUKO QUIX CALL =============== 
2017-03-11 9:17:20 - INFO  --> ============= RETRIEVING SDP PARAMETERS =============== 
2017-03-11 9:17:20 - INFO  --> LOG INCOMING PARAMETERS FROM GATEWAY 
2017-03-11 9:17:20 - INFO  --> SESSIONID :ec1e29c8-0a70-4c5a-aac1-8b891764b78b|SERVICE CODE :*384*80#|MSISDN :+254738371600 
2017-03-11 9:17:20 - INFO  --> 2548371600 
2017-03-11 9:17:26 - INFO  --> Incoming request for Kenya ussd !!!!!!! 
2017-03-11 9:17:26 - INFO  --> ============= KENYA TUKO QUIX CALL =============== 
2017-03-11 9:17:26 - INFO  --> ============= RETRIEVING SDP PARAMETERS =============== 
2017-03-11 9:17:26 - INFO  --> LOG INCOMING PARAMETERS FROM GATEWAY 
2017-03-11 9:17:26 - INFO  --> SESSIONID :782dc156-5e61-41f3-8e95-170843986c53|SERVICE CODE :*384*80#|MSISDN :+254738371600 
2017-03-11 9:17:26 - INFO  --> 254 
2017-03-11 9:17:45 - INFO  --> Incoming request for Kenya ussd !!!!!!! 
2017-03-11 9:17:45 - INFO  --> ============= KENYA TUKO QUIX CALL =============== 
2017-03-11 9:17:45 - INFO  --> ============= RETRIEVING SDP PARAMETERS =============== 
2017-03-11 9:17:45 - INFO  --> LOG INCOMING PARAMETERS FROM GATEWAY 
2017-03-11 9:17:45 - INFO  --> SESSIONID :c0435698-1323-42a0-ad9a-7c7c1c91fecb|SERVICE CODE :*384*80#|MSISDN :+254738371600 
2017-03-11 9:17:45 - INFO  --> 254 
2017-03-11 9:19:25 - INFO  --> Incoming request for Kenya ussd !!!!!!! 
2017-03-11 9:19:25 - INFO  --> ============= KENYA TUKO QUIX CALL =============== 
2017-03-11 9:19:25 - INFO  --> ============= RETRIEVING SDP PARAMETERS =============== 
2017-03-11 9:19:25 - INFO  --> LOG INCOMING PARAMETERS FROM GATEWAY 
2017-03-11 9:19:25 - INFO  --> SESSIONID :d28252d3-4f34-4f39-a08c-1f233ce7551c|SERVICE CODE :*384*80#|MSISDN :+254738371600 
2017-03-11 9:19:25 - INFO  --> 254 
2017-03-11 9:19:28 - INFO  --> Incoming request for Kenya ussd !!!!!!! 
2017-03-11 9:19:28 - INFO  --> ============= KENYA TUKO QUIX CALL =============== 
2017-03-11 9:19:28 - INFO  --> ============= RETRIEVING SDP PARAMETERS =============== 
2017-03-11 9:19:28 - INFO  --> LOG INCOMING PARAMETERS FROM GATEWAY 
2017-03-11 9:19:28 - INFO  --> SESSIONID :385c9c84-9533-452f-a2bd-531b0a3a8e3c|SERVICE CODE :*384*80#|MSISDN :+254738371600 
2017-03-11 9:19:28 - INFO  --> 254 
2017-03-11 9:20:09 - INFO  --> Incoming request for Kenya ussd !!!!!!! 
2017-03-11 9:20:09 - INFO  --> ============= KENYA TUKO QUIX CALL =============== 
2017-03-11 9:20:09 - INFO  --> ============= RETRIEVING SDP PARAMETERS =============== 
2017-03-11 9:20:09 - INFO  --> LOG INCOMING PARAMETERS FROM GATEWAY 
2017-03-11 9:20:09 - INFO  --> SESSIONID :d9c442d5-cfec-464d-8054-a505b7e85892|SERVICE CODE :*384*80#|MSISDN :+254738371600 
2017-03-11 9:20:09 - INFO  --> 2548371600 
2017-03-11 9:20:10 - INFO  --> SESSION SAVED 
2017-03-11 9:21:31 - INFO  --> Incoming request for Kenya ussd !!!!!!! 
2017-03-11 9:21:31 - INFO  --> ============= KENYA TUKO QUIX CALL =============== 
2017-03-11 9:21:31 - INFO  --> ============= RETRIEVING SDP PARAMETERS =============== 
2017-03-11 9:21:31 - INFO  --> LOG INCOMING PARAMETERS FROM GATEWAY 
2017-03-11 9:21:31 - INFO  --> SESSIONID :5c9ad3a2-d705-496d-a86b-a54fe3366cc9|SERVICE CODE :*384*80#|MSISDN :+254738371600 
2017-03-11 9:21:31 - INFO  --> 2548371600 
2017-03-11 9:21:39 - INFO  --> Incoming request for Kenya ussd !!!!!!! 
2017-03-11 9:21:39 - INFO  --> ============= KENYA TUKO QUIX CALL =============== 
2017-03-11 9:21:39 - INFO  --> ============= RETRIEVING SDP PARAMETERS =============== 
2017-03-11 9:21:39 - INFO  --> LOG INCOMING PARAMETERS FROM GATEWAY 
2017-03-11 9:21:39 - INFO  --> SESSIONID :9eaec527-7770-4788-aeee-898c8fe0c783|SERVICE CODE :*384*80#|MSISDN :+254738371600 
2017-03-11 9:21:39 - INFO  --> 2548371600 
2017-03-11 9:21:44 - INFO  --> Incoming request for Kenya ussd !!!!!!! 
2017-03-11 9:21:44 - INFO  --> ============= KENYA TUKO QUIX CALL =============== 
2017-03-11 9:21:44 - INFO  --> ============= RETRIEVING SDP PARAMETERS =============== 
2017-03-11 9:21:44 - INFO  --> LOG INCOMING PARAMETERS FROM GATEWAY 
2017-03-11 9:21:44 - INFO  --> SESSIONID :50a22fbb-53d4-4c21-b2f8-0dc2ba57dfea|SERVICE CODE :*384*80#|MSISDN :+254738371600 
2017-03-11 9:21:44 - INFO  --> 254 
2017-03-11 9:21:49 - INFO  --> Incoming request for Kenya ussd !!!!!!! 
2017-03-11 9:21:49 - INFO  --> ============= KENYA TUKO QUIX CALL =============== 
2017-03-11 9:21:49 - INFO  --> ============= RETRIEVING SDP PARAMETERS =============== 
2017-03-11 9:21:49 - INFO  --> LOG INCOMING PARAMETERS FROM GATEWAY 
2017-03-11 9:21:49 - INFO  --> SESSIONID :7d31c1c0-7078-4928-b44c-e430f8a3fc63|SERVICE CODE :*384*80#|MSISDN :+254738371600 
2017-03-11 9:21:49 - INFO  --> 254 
2017-03-11 9:21:56 - INFO  --> Incoming request for Kenya ussd !!!!!!! 
2017-03-11 9:21:56 - INFO  --> ============= KENYA TUKO QUIX CALL =============== 
2017-03-11 9:21:56 - INFO  --> ============= RETRIEVING SDP PARAMETERS =============== 
2017-03-11 9:21:56 - INFO  --> LOG INCOMING PARAMETERS FROM GATEWAY 
2017-03-11 9:21:56 - INFO  --> SESSIONID :373e7c47-5e67-46b7-82d8-c882dfc50baf|SERVICE CODE :*384*80#|MSISDN :+254738371600 
2017-03-11 9:21:56 - INFO  --> 254 
2017-03-11 9:22:05 - INFO  --> Incoming request for Kenya ussd !!!!!!! 
2017-03-11 9:22:05 - INFO  --> ============= KENYA TUKO QUIX CALL =============== 
2017-03-11 9:22:05 - INFO  --> ============= RETRIEVING SDP PARAMETERS =============== 
2017-03-11 9:22:05 - INFO  --> LOG INCOMING PARAMETERS FROM GATEWAY 
2017-03-11 9:22:05 - INFO  --> SESSIONID :4a905219-0ea0-49a3-803f-ecb79130599f|SERVICE CODE :*384*80#|MSISDN :+254738371600 
2017-03-11 9:22:05 - INFO  --> 2548371600 
2017-03-11 9:23:13 - INFO  --> Incoming request for Kenya ussd !!!!!!! 
2017-03-11 9:23:13 - INFO  --> ============= KENYA TUKO QUIX CALL =============== 
2017-03-11 9:23:13 - INFO  --> ============= RETRIEVING SDP PARAMETERS =============== 
2017-03-11 9:23:13 - INFO  --> LOG INCOMING PARAMETERS FROM GATEWAY 
2017-03-11 9:23:13 - INFO  --> SESSIONID :ece67603-94c4-4d7b-8c77-124ca570a1b1|SERVICE CODE :*384*80#|MSISDN :+254738371600 
2017-03-11 9:23:13 - INFO  --> 2548371600 
2017-03-11 9:23:19 - INFO  --> Incoming request for Kenya ussd !!!!!!! 
2017-03-11 9:23:19 - INFO  --> ============= KENYA TUKO QUIX CALL =============== 
2017-03-11 9:23:19 - INFO  --> ============= RETRIEVING SDP PARAMETERS =============== 
2017-03-11 9:23:19 - INFO  --> LOG INCOMING PARAMETERS FROM GATEWAY 
2017-03-11 9:23:19 - INFO  --> SESSIONID :3679e8f9-c017-4a21-99e0-f59a0974899c|SERVICE CODE :*384*80#|MSISDN :+254738371600 
2017-03-11 9:23:19 - INFO  --> 254 
2017-03-11 9:23:34 - INFO  --> Incoming request for Kenya ussd !!!!!!! 
2017-03-11 9:23:34 - INFO  --> ============= KENYA TUKO QUIX CALL =============== 
2017-03-11 9:23:34 - INFO  --> ============= RETRIEVING SDP PARAMETERS =============== 
2017-03-11 9:23:34 - INFO  --> LOG INCOMING PARAMETERS FROM GATEWAY 
2017-03-11 9:23:34 - INFO  --> SESSIONID :af747e21-9848-4e4e-98dd-3c10f572319e|SERVICE CODE :*384*80#|MSISDN :+254738371600 
2017-03-11 9:23:34 - INFO  --> 254 
2017-03-11 9:24:07 - INFO  --> Incoming request for Kenya ussd !!!!!!! 
2017-03-11 9:24:07 - INFO  --> ============= KENYA TUKO QUIX CALL =============== 
2017-03-11 9:24:07 - INFO  --> ============= RETRIEVING SDP PARAMETERS =============== 
2017-03-11 9:24:07 - INFO  --> LOG INCOMING PARAMETERS FROM GATEWAY 
2017-03-11 9:24:07 - INFO  --> SESSIONID :d9b51b77-a2cc-457f-a66b-8f5ee4ef72aa|SERVICE CODE :*384*80#|MSISDN :+254738371600 
2017-03-11 9:24:07 - INFO  --> 254 
2017-03-11 9:24:31 - INFO  --> Incoming request for Kenya ussd !!!!!!! 
2017-03-11 9:24:31 - INFO  --> ============= KENYA TUKO QUIX CALL =============== 
2017-03-11 9:24:31 - INFO  --> ============= RETRIEVING SDP PARAMETERS =============== 
2017-03-11 9:24:31 - INFO  --> LOG INCOMING PARAMETERS FROM GATEWAY 
2017-03-11 9:24:31 - INFO  --> SESSIONID :5ec27540-808a-4bf0-9221-509217c80e51|SERVICE CODE :*384*80#|MSISDN :+254738371600 
2017-03-11 9:24:31 - INFO  --> 254 
2017-03-11 9:24:36 - INFO  --> Incoming request for Kenya ussd !!!!!!! 
2017-03-11 9:24:36 - INFO  --> ============= KENYA TUKO QUIX CALL =============== 
2017-03-11 9:24:36 - INFO  --> ============= RETRIEVING SDP PARAMETERS =============== 
2017-03-11 9:24:36 - INFO  --> LOG INCOMING PARAMETERS FROM GATEWAY 
2017-03-11 9:24:36 - INFO  --> SESSIONID :462db025-8cf5-4e0b-b8e5-386ac0e82efc|SERVICE CODE :*384*80#|MSISDN :+254738371600 
2017-03-11 9:24:36 - INFO  --> 2548371600 
2017-03-11 9:24:36 - INFO  --> SESSION SAVED 
2017-03-11 9:24:47 - INFO  --> Incoming request for Kenya ussd !!!!!!! 
2017-03-11 9:24:47 - INFO  --> ============= KENYA TUKO QUIX CALL =============== 
2017-03-11 9:24:47 - INFO  --> ============= RETRIEVING SDP PARAMETERS =============== 
2017-03-11 9:24:47 - INFO  --> LOG INCOMING PARAMETERS FROM GATEWAY 
2017-03-11 9:24:47 - INFO  --> SESSIONID :8e260f52-a9a5-4c38-b267-ea671c865d51|SERVICE CODE :*384*80#|MSISDN :+254738371600 
2017-03-11 9:24:47 - INFO  --> 2548371600 
2017-03-11 9:24:59 - INFO  --> Incoming request for Kenya ussd !!!!!!! 
2017-03-11 9:24:59 - INFO  --> ============= KENYA TUKO QUIX CALL =============== 
2017-03-11 9:24:59 - INFO  --> ============= RETRIEVING SDP PARAMETERS =============== 
2017-03-11 9:24:59 - INFO  --> LOG INCOMING PARAMETERS FROM GATEWAY 
2017-03-11 9:24:59 - INFO  --> SESSIONID :6a770a64-8a10-4585-826a-58291664e5ad|SERVICE CODE :*384*80#|MSISDN :+254738371600 
2017-03-11 9:24:59 - INFO  --> 254 
2017-03-11 9:25:05 - INFO  --> Incoming request for Kenya ussd !!!!!!! 
2017-03-11 9:25:05 - INFO  --> ============= KENYA TUKO QUIX CALL =============== 
2017-03-11 9:25:05 - INFO  --> ============= RETRIEVING SDP PARAMETERS =============== 
2017-03-11 9:25:05 - INFO  --> LOG INCOMING PARAMETERS FROM GATEWAY 
2017-03-11 9:25:05 - INFO  --> SESSIONID :8a317dbd-6cf7-42ef-8f07-cdcb1323b71a|SERVICE CODE :*384*80#|MSISDN :+254738371600 
2017-03-11 9:25:05 - INFO  --> 254 
2017-03-11 9:25:44 - INFO  --> Incoming request for Kenya ussd !!!!!!! 
2017-03-11 9:25:45 - INFO  --> ============= KENYA TUKO QUIX CALL =============== 
2017-03-11 9:25:45 - INFO  --> ============= RETRIEVING SDP PARAMETERS =============== 
2017-03-11 9:25:45 - INFO  --> LOG INCOMING PARAMETERS FROM GATEWAY 
2017-03-11 9:25:45 - INFO  --> SESSIONID :963a6ffd-73cb-475a-8928-bc7c20c68ba1|SERVICE CODE :*384*80#|MSISDN :+254738371600 
2017-03-11 9:25:45 - INFO  --> 254 
2017-03-11 9:25:47 - INFO  --> Incoming request for Kenya ussd !!!!!!! 
2017-03-11 9:25:47 - INFO  --> ============= KENYA TUKO QUIX CALL =============== 
2017-03-11 9:25:47 - INFO  --> ============= RETRIEVING SDP PARAMETERS =============== 
2017-03-11 9:25:47 - INFO  --> LOG INCOMING PARAMETERS FROM GATEWAY 
2017-03-11 9:25:47 - INFO  --> SESSIONID :190476e7-aea2-4b22-8eb7-990940ebfbed|SERVICE CODE :*384*80#|MSISDN :+254738371600 
2017-03-11 9:25:47 - INFO  --> 254 
2017-03-11 9:25:50 - INFO  --> Incoming request for Kenya ussd !!!!!!! 
2017-03-11 9:25:50 - INFO  --> ============= KENYA TUKO QUIX CALL =============== 
2017-03-11 9:25:50 - INFO  --> ============= RETRIEVING SDP PARAMETERS =============== 
2017-03-11 9:25:50 - INFO  --> LOG INCOMING PARAMETERS FROM GATEWAY 
2017-03-11 9:25:50 - INFO  --> SESSIONID :48172043-9f35-49ab-9a8f-50ab55ba6ebc|SERVICE CODE :*384*80#|MSISDN :+254738371600 
2017-03-11 9:25:50 - INFO  --> 254 
2017-03-11 9:26:24 - INFO  --> Incoming request for Kenya ussd !!!!!!! 
2017-03-11 9:26:24 - INFO  --> ============= KENYA TUKO QUIX CALL =============== 
2017-03-11 9:26:24 - INFO  --> ============= RETRIEVING SDP PARAMETERS =============== 
2017-03-11 9:26:24 - INFO  --> LOG INCOMING PARAMETERS FROM GATEWAY 
2017-03-11 9:26:24 - INFO  --> SESSIONID :020eac2f-a783-4576-af78-729c7c8d5869|SERVICE CODE :*384*80#|MSISDN :+254738371600 
2017-03-11 9:26:24 - INFO  --> 254 
2017-03-11 9:26:38 - INFO  --> Incoming request for Kenya ussd !!!!!!! 
2017-03-11 9:26:38 - INFO  --> ============= KENYA TUKO QUIX CALL =============== 
2017-03-11 9:26:38 - INFO  --> ============= RETRIEVING SDP PARAMETERS =============== 
2017-03-11 9:26:38 - INFO  --> LOG INCOMING PARAMETERS FROM GATEWAY 
2017-03-11 9:26:38 - INFO  --> SESSIONID :438c3a4a-9b10-4aee-a813-9aceaad20e06|SERVICE CODE :*384*80#|MSISDN :+254738371600 
2017-03-11 9:26:38 - INFO  --> 254 
2017-03-11 9:27:36 - INFO  --> Incoming request for Kenya ussd !!!!!!! 
2017-03-11 9:27:36 - INFO  --> ============= KENYA TUKO QUIX CALL =============== 
2017-03-11 9:27:36 - INFO  --> ============= RETRIEVING SDP PARAMETERS =============== 
2017-03-11 9:27:36 - INFO  --> LOG INCOMING PARAMETERS FROM GATEWAY 
2017-03-11 9:27:36 - INFO  --> SESSIONID :8759bcfb-1919-49e0-b6fc-1f17e64a0aad|SERVICE CODE :*384*80#|MSISDN :+254738371600 
2017-03-11 9:27:36 - INFO  --> 254 
2017-03-11 9:28:23 - INFO  --> Incoming request for Kenya ussd !!!!!!! 
2017-03-11 9:28:23 - INFO  --> ============= KENYA TUKO QUIX CALL =============== 
2017-03-11 9:28:23 - INFO  --> ============= RETRIEVING SDP PARAMETERS =============== 
2017-03-11 9:28:23 - INFO  --> LOG INCOMING PARAMETERS FROM GATEWAY 
2017-03-11 9:28:23 - INFO  --> SESSIONID :70438f8f-c2dd-4218-8841-07440c677f57|SERVICE CODE :*384*80#|MSISDN :+254738371600 
2017-03-11 9:28:23 - INFO  --> 254 
2017-03-11 9:28:28 - INFO  --> Incoming request for Kenya ussd !!!!!!! 
2017-03-11 9:28:28 - INFO  --> ============= KENYA TUKO QUIX CALL =============== 
2017-03-11 9:28:28 - INFO  --> ============= RETRIEVING SDP PARAMETERS =============== 
2017-03-11 9:28:28 - INFO  --> LOG INCOMING PARAMETERS FROM GATEWAY 
2017-03-11 9:28:28 - INFO  --> SESSIONID :8cb3ee1b-020d-4ed9-95e5-8e79fd349db0|SERVICE CODE :*384*80#|MSISDN :+254738371600 
2017-03-11 9:28:28 - INFO  --> 254 
2017-03-11 9:29:08 - INFO  --> Incoming request for Kenya ussd !!!!!!! 
2017-03-11 9:29:08 - INFO  --> ============= KENYA TUKO QUIX CALL =============== 
2017-03-11 9:29:08 - INFO  --> ============= RETRIEVING SDP PARAMETERS =============== 
2017-03-11 9:29:08 - INFO  --> LOG INCOMING PARAMETERS FROM GATEWAY 
2017-03-11 9:29:08 - INFO  --> SESSIONID :098345b6-2bb3-4bad-8649-4911090537e4|SERVICE CODE :*384*80#|MSISDN :+254738371600 
2017-03-11 9:29:08 - INFO  --> 254 
2017-03-11 9:29:11 - INFO  --> Incoming request for Kenya ussd !!!!!!! 
2017-03-11 9:29:11 - INFO  --> ============= KENYA TUKO QUIX CALL =============== 
2017-03-11 9:29:11 - INFO  --> ============= RETRIEVING SDP PARAMETERS =============== 
2017-03-11 9:29:11 - INFO  --> LOG INCOMING PARAMETERS FROM GATEWAY 
2017-03-11 9:29:11 - INFO  --> SESSIONID :1785f47d-4a8f-457d-ae47-e40cbe166c68|SERVICE CODE :*384*80#|MSISDN :+254738371600 
2017-03-11 9:29:11 - INFO  --> 254 
2017-03-11 9:29:39 - INFO  --> Incoming request for Kenya ussd !!!!!!! 
2017-03-11 9:29:39 - INFO  --> ============= KENYA TUKO QUIX CALL =============== 
2017-03-11 9:29:39 - INFO  --> ============= RETRIEVING SDP PARAMETERS =============== 
2017-03-11 9:29:39 - INFO  --> LOG INCOMING PARAMETERS FROM GATEWAY 
2017-03-11 9:29:39 - INFO  --> SESSIONID :d40265b4-a2ac-420f-acdb-d1fbb956e5be|SERVICE CODE :*384*80#|MSISDN :+254738371600 
2017-03-11 9:29:39 - INFO  --> 254 
2017-03-11 9:29:42 - INFO  --> Incoming request for Kenya ussd !!!!!!! 
2017-03-11 9:29:42 - INFO  --> ============= KENYA TUKO QUIX CALL =============== 
2017-03-11 9:29:42 - INFO  --> ============= RETRIEVING SDP PARAMETERS =============== 
2017-03-11 9:29:42 - INFO  --> LOG INCOMING PARAMETERS FROM GATEWAY 
2017-03-11 9:29:42 - INFO  --> SESSIONID :9a8a29a9-5695-4080-b8b7-53d1066ca7b3|SERVICE CODE :*384*80#|MSISDN :+254738371600 
2017-03-11 9:29:42 - INFO  --> 254 
2017-03-11 9:29:47 - INFO  --> Incoming request for Kenya ussd !!!!!!! 
2017-03-11 9:29:47 - INFO  --> ============= KENYA TUKO QUIX CALL =============== 
2017-03-11 9:29:47 - INFO  --> ============= RETRIEVING SDP PARAMETERS =============== 
2017-03-11 9:29:47 - INFO  --> LOG INCOMING PARAMETERS FROM GATEWAY 
2017-03-11 9:29:47 - INFO  --> SESSIONID :fdf17999-4e3e-4e69-bd8b-defe3045df61|SERVICE CODE :*384*80#|MSISDN :+254738371600 
2017-03-11 9:29:47 - INFO  --> 254 
2017-03-11 9:30:52 - INFO  --> Incoming request for Kenya ussd !!!!!!! 
2017-03-11 9:30:52 - INFO  --> ============= KENYA TUKO QUIX CALL =============== 
2017-03-11 9:30:52 - INFO  --> ============= RETRIEVING SDP PARAMETERS =============== 
2017-03-11 9:30:52 - INFO  --> LOG INCOMING PARAMETERS FROM GATEWAY 
2017-03-11 9:30:52 - INFO  --> SESSIONID :20278d08-e6e4-4afb-859a-569ba28b2b12|SERVICE CODE :*384*80#|MSISDN :+254738371600 
2017-03-11 9:30:52 - INFO  --> 254 
2017-03-11 9:30:55 - INFO  --> Incoming request for Kenya ussd !!!!!!! 
2017-03-11 9:30:55 - INFO  --> ============= KENYA TUKO QUIX CALL =============== 
2017-03-11 9:30:55 - INFO  --> ============= RETRIEVING SDP PARAMETERS =============== 
2017-03-11 9:30:55 - INFO  --> LOG INCOMING PARAMETERS FROM GATEWAY 
2017-03-11 9:30:55 - INFO  --> SESSIONID :c1a6b38a-00ce-401c-a4f2-df2187ed2339|SERVICE CODE :*384*80#|MSISDN :+254738371600 
2017-03-11 9:30:55 - INFO  --> 254 
2017-03-11 9:31:09 - INFO  --> Incoming request for Kenya ussd !!!!!!! 
2017-03-11 9:31:09 - INFO  --> ============= KENYA TUKO QUIX CALL =============== 
2017-03-11 9:31:09 - INFO  --> ============= RETRIEVING SDP PARAMETERS =============== 
2017-03-11 9:31:09 - INFO  --> LOG INCOMING PARAMETERS FROM GATEWAY 
2017-03-11 9:31:09 - INFO  --> SESSIONID :717d194f-1676-4a79-88c9-0e39a6afe53d|SERVICE CODE :*384*80#|MSISDN :+254738371600 
2017-03-11 9:31:09 - INFO  --> 2548371600 
2017-03-11 9:31:10 - INFO  --> SESSION SAVED 
2017-03-11 9:33:22 - INFO  --> Incoming request for Kenya ussd !!!!!!! 
2017-03-11 9:33:22 - INFO  --> ============= KENYA TUKO QUIX CALL =============== 
2017-03-11 9:33:22 - INFO  --> ============= RETRIEVING SDP PARAMETERS =============== 
2017-03-11 9:33:22 - INFO  --> LOG INCOMING PARAMETERS FROM GATEWAY 
2017-03-11 9:33:22 - INFO  --> SESSIONID :b8006991-a31a-414b-b6a4-5035194bdbf1|SERVICE CODE :*384*80#|MSISDN :+254738371600 
2017-03-11 9:33:22 - INFO  --> 254 
2017-03-11 9:33:31 - INFO  --> Incoming request for Kenya ussd !!!!!!! 
2017-03-11 9:33:31 - INFO  --> ============= KENYA TUKO QUIX CALL =============== 
2017-03-11 9:33:31 - INFO  --> ============= RETRIEVING SDP PARAMETERS =============== 
2017-03-11 9:33:31 - INFO  --> LOG INCOMING PARAMETERS FROM GATEWAY 
2017-03-11 9:33:31 - INFO  --> SESSIONID :a0e6dc54-32c8-4a5c-951d-395b66664a00|SERVICE CODE :*384*80#|MSISDN :+254738371600 
2017-03-11 9:33:31 - INFO  --> 2548371600 
2017-03-11 9:33:31 - INFO  --> SESSION SAVED 
2017-03-11 9:33:34 - INFO  --> Incoming request for Kenya ussd !!!!!!! 
2017-03-11 9:33:34 - INFO  --> ============= KENYA TUKO QUIX CALL =============== 
2017-03-11 9:33:34 - INFO  --> ============= RETRIEVING SDP PARAMETERS =============== 
2017-03-11 9:33:34 - INFO  --> LOG INCOMING PARAMETERS FROM GATEWAY 
2017-03-11 9:33:34 - INFO  --> SESSIONID :3ff50fd6-6a1e-45b8-9071-48bb4071b5da|SERVICE CODE :*384*80#|MSISDN :+254738371600 
2017-03-11 9:33:34 - INFO  --> 2548371600 
2017-03-11 9:33:35 - INFO  --> SESSION SAVED 
2017-03-11 9:33:49 - INFO  --> Incoming request for Kenya ussd !!!!!!! 
2017-03-11 9:33:49 - INFO  --> ============= KENYA TUKO QUIX CALL =============== 
2017-03-11 9:33:49 - INFO  --> ============= RETRIEVING SDP PARAMETERS =============== 
2017-03-11 9:33:49 - INFO  --> LOG INCOMING PARAMETERS FROM GATEWAY 
2017-03-11 9:33:49 - INFO  --> SESSIONID :eb73ac1b-e420-4a33-9534-ba7da475f452|SERVICE CODE :*384*80#|MSISDN :+254738371600 
2017-03-11 9:33:49 - INFO  --> 2548371600 
2017-03-11 9:33:50 - INFO  --> SESSION SAVED 
2017-03-11 9:33:52 - INFO  --> Incoming request for Kenya ussd !!!!!!! 
2017-03-11 9:33:52 - INFO  --> ============= KENYA TUKO QUIX CALL =============== 
2017-03-11 9:33:52 - INFO  --> ============= RETRIEVING SDP PARAMETERS =============== 
2017-03-11 9:33:52 - INFO  --> LOG INCOMING PARAMETERS FROM GATEWAY 
2017-03-11 9:33:52 - INFO  --> SESSIONID :8009d847-0832-40a4-b5e2-eeecbd0f7a08|SERVICE CODE :*384*80#|MSISDN :+254738371600 
2017-03-11 9:33:52 - INFO  --> 2548371600 
2017-03-11 9:33:53 - INFO  --> SESSION SAVED 
2017-03-11 9:34:04 - INFO  --> Incoming request for Kenya ussd !!!!!!! 
2017-03-11 9:34:04 - INFO  --> ============= KENYA TUKO QUIX CALL =============== 
2017-03-11 9:34:04 - INFO  --> ============= RETRIEVING SDP PARAMETERS =============== 
2017-03-11 9:34:04 - INFO  --> LOG INCOMING PARAMETERS FROM GATEWAY 
2017-03-11 9:34:04 - INFO  --> SESSIONID :cbdf28b5-674f-4401-90af-3318873edf50|SERVICE CODE :*384*80#|MSISDN :+254738371600 
2017-03-11 9:34:04 - INFO  --> 2548371600 
2017-03-11 9:34:11 - INFO  --> Incoming request for Kenya ussd !!!!!!! 
2017-03-11 9:34:11 - INFO  --> ============= KENYA TUKO QUIX CALL =============== 
2017-03-11 9:34:11 - INFO  --> ============= RETRIEVING SDP PARAMETERS =============== 
2017-03-11 9:34:11 - INFO  --> LOG INCOMING PARAMETERS FROM GATEWAY 
2017-03-11 9:34:11 - INFO  --> SESSIONID :d7a7fc47-127b-4bef-ac8f-2326e48185b2|SERVICE CODE :*384*80#|MSISDN :+254738371600 
2017-03-11 9:34:11 - INFO  --> 254 
2017-03-11 12:13:01 - INFO  --> Incoming request for Kenya ussd !!!!!!! 
2017-03-11 12:13:01 - INFO  --> ============= KENYA TUKO QUIX CALL =============== 
2017-03-11 12:13:01 - INFO  --> ============= RETRIEVING SDP PARAMETERS =============== 
2017-03-11 12:13:01 - INFO  --> LOG INCOMING PARAMETERS FROM GATEWAY 
2017-03-11 12:13:01 - INFO  --> SESSIONID :ATUid_177ded64ddddee65afa303bafe93c3c9|SERVICE CODE :*384*11#|MSISDN :+254706326753 
2017-03-11 12:13:01 - INFO  --> 254 
2017-03-11 12:13:01 - INFO  --> SESSION SAVED 
2017-03-11 12:13:31 - INFO  --> Incoming request for Kenya ussd !!!!!!! 
2017-03-11 12:13:31 - INFO  --> ============= KENYA TUKO QUIX CALL =============== 
2017-03-11 12:13:31 - INFO  --> ============= RETRIEVING SDP PARAMETERS =============== 
2017-03-11 12:13:31 - INFO  --> LOG INCOMING PARAMETERS FROM GATEWAY 
2017-03-11 12:13:31 - INFO  --> SESSIONID :ATUid_177ded64ddddee65afa303bafe93c3c9|SERVICE CODE :*384*11#|MSISDN :+254706326753 
2017-03-11 12:13:31 - INFO  --> 254 
2017-03-11 12:13:49 - INFO  --> Incoming request for Kenya ussd !!!!!!! 
2017-03-11 12:13:49 - INFO  --> ============= KENYA TUKO QUIX CALL =============== 
2017-03-11 12:13:49 - INFO  --> ============= RETRIEVING SDP PARAMETERS =============== 
2017-03-11 12:13:49 - INFO  --> LOG INCOMING PARAMETERS FROM GATEWAY 
2017-03-11 12:13:49 - INFO  --> SESSIONID :ATUid_177ded64ddddee65afa303bafe93c3c9|SERVICE CODE :*384*11#|MSISDN :+254706326753 
2017-03-11 12:13:49 - INFO  --> 254727793103 
2017-03-11 14:00:08 - INFO  --> Incoming request for Kenya ussd !!!!!!! 
2017-03-11 14:00:08 - INFO  --> ============= KENYA TUKO QUIX CALL =============== 
2017-03-11 14:00:08 - INFO  --> ============= RETRIEVING SDP PARAMETERS =============== 
2017-03-11 14:00:08 - INFO  --> LOG INCOMING PARAMETERS FROM GATEWAY 
2017-03-11 14:00:08 - INFO  --> SESSIONID :ATUid_1e05cd64b17c8894315d0c4ecbf16c6c|SERVICE CODE :*384*11#|MSISDN :+254706326753 
2017-03-11 14:00:08 - INFO  --> 254 
2017-03-11 14:00:25 - INFO  --> Incoming request for Kenya ussd !!!!!!! 
2017-03-11 14:00:25 - INFO  --> ============= KENYA TUKO QUIX CALL =============== 
2017-03-11 14:00:25 - INFO  --> ============= RETRIEVING SDP PARAMETERS =============== 
2017-03-11 14:00:25 - INFO  --> LOG INCOMING PARAMETERS FROM GATEWAY 
2017-03-11 14:00:25 - INFO  --> SESSIONID :ATUid_50a0350172b50cbbca4fe2b0637256ef|SERVICE CODE :*384*11#|MSISDN :+254706326753 
2017-03-11 14:00:25 - INFO  --> 2545754777 
2017-03-11 14:00:25 - INFO  --> SESSION SAVED 
2017-03-11 14:05:59 - INFO  --> Incoming request for Kenya ussd !!!!!!! 
2017-03-11 14:05:59 - INFO  --> ============= KENYA TUKO QUIX CALL =============== 
2017-03-11 14:05:59 - INFO  --> ============= RETRIEVING SDP PARAMETERS =============== 
2017-03-11 14:05:59 - INFO  --> LOG INCOMING PARAMETERS FROM GATEWAY 
2017-03-11 14:05:59 - INFO  --> SESSIONID :ATUid_1769a4103b547d430f2b45eda5ea79ab|SERVICE CODE :*384*11#|MSISDN :+254706326753 
2017-03-11 14:05:59 - INFO  --> 2545754777 
2017-03-11 14:05:59 - INFO  --> SESSION SAVED 
2017-03-11 14:26:00 - INFO  --> Incoming request for Kenya ussd !!!!!!! 
2017-03-11 14:26:00 - INFO  --> ============= KENYA TUKO QUIX CALL =============== 
2017-03-11 14:26:00 - INFO  --> ============= RETRIEVING SDP PARAMETERS =============== 
2017-03-11 14:26:00 - INFO  --> LOG INCOMING PARAMETERS FROM GATEWAY 
2017-03-11 14:26:00 - INFO  --> SESSIONID :ATUid_9006b725e5583c93e684d84082fb1c00|SERVICE CODE :*384*11#|MSISDN :+254706326753 
2017-03-11 14:26:00 - INFO  --> 2547012296 
2017-03-11 14:26:01 - INFO  --> SESSION SAVED 
2017-03-11 14:29:18 - INFO  --> Incoming request for Kenya ussd !!!!!!! 
2017-03-11 14:29:18 - INFO  --> ============= KENYA TUKO QUIX CALL =============== 
2017-03-11 14:29:18 - INFO  --> ============= RETRIEVING SDP PARAMETERS =============== 
2017-03-11 14:29:18 - INFO  --> LOG INCOMING PARAMETERS FROM GATEWAY 
2017-03-11 14:29:18 - INFO  --> SESSIONID :ATUid_916e1a43c138eb66de42136c2bc89518|SERVICE CODE :*384*11#|MSISDN :+254706326753 
2017-03-11 14:29:18 - INFO  --> 2544188106 
2017-03-11 14:29:19 - INFO  --> SESSION SAVED 
2017-03-11 14:31:30 - INFO  --> Incoming request for Kenya ussd !!!!!!! 
2017-03-11 14:31:30 - INFO  --> ============= KENYA TUKO QUIX CALL =============== 
2017-03-11 14:31:30 - INFO  --> ============= RETRIEVING SDP PARAMETERS =============== 
2017-03-11 14:31:30 - INFO  --> LOG INCOMING PARAMETERS FROM GATEWAY 
2017-03-11 14:31:30 - INFO  --> SESSIONID :ATUid_0915f28f62c880916d12228e52a0b40c|SERVICE CODE :*384*11#|MSISDN :+254706326753 
2017-03-11 14:31:30 - INFO  --> 2543167812 
2017-03-11 14:32:12 - INFO  --> Incoming request for Kenya ussd !!!!!!! 
2017-03-11 14:32:12 - INFO  --> ============= KENYA TUKO QUIX CALL =============== 
2017-03-11 14:32:12 - INFO  --> ============= RETRIEVING SDP PARAMETERS =============== 
2017-03-11 14:32:12 - INFO  --> LOG INCOMING PARAMETERS FROM GATEWAY 
2017-03-11 14:32:12 - INFO  --> SESSIONID :ATUid_8c5b7d271e227a848807d23614f0121f|SERVICE CODE :*384*11#|MSISDN :+254706326753 
2017-03-11 14:32:12 - INFO  --> 254 
2017-03-11 15:55:14 - INFO  --> Incoming request for Kenya ussd !!!!!!! 
2017-03-11 15:55:14 - INFO  --> ============= KENYA TUKO QUIX CALL =============== 
2017-03-11 15:55:14 - INFO  --> ============= RETRIEVING SDP PARAMETERS =============== 
2017-03-11 15:55:14 - INFO  --> LOG INCOMING PARAMETERS FROM GATEWAY 
2017-03-11 15:55:14 - INFO  --> SESSIONID :ATUid_85a6bb65bfbb96111e25efaa65a2790e|SERVICE CODE :*384*11#|MSISDN :+254723367395 
2017-03-11 15:55:14 - INFO  --> 254 
2017-03-11 15:55:14 - INFO  --> SESSION SAVED 
2017-03-11 18:03:36 - INFO  --> Incoming request for Kenya ussd !!!!!!! 
2017-03-11 18:03:36 - INFO  --> ============= KENYA TUKO QUIX CALL =============== 
2017-03-11 18:03:36 - INFO  --> ============= RETRIEVING SDP PARAMETERS =============== 
2017-03-11 18:03:36 - INFO  --> LOG INCOMING PARAMETERS FROM GATEWAY 
2017-03-11 18:03:36 - INFO  --> SESSIONID :ATUid_e33e68791b111792727791a4f25681ea|SERVICE CODE :*384*11#|MSISDN :+254706326753 
2017-03-11 18:03:36 - INFO  --> 254 
2017-03-11 18:56:10 - INFO  --> Incoming request for Kenya ussd !!!!!!! 
2017-03-11 18:56:10 - INFO  --> ============= KENYA TUKO QUIX CALL =============== 
2017-03-11 18:56:10 - INFO  --> ============= RETRIEVING SDP PARAMETERS =============== 
2017-03-11 18:56:10 - INFO  --> LOG INCOMING PARAMETERS FROM GATEWAY 
2017-03-11 18:56:10 - INFO  --> SESSIONID :ATUid_e37c71ea3f0076a5209e793bdf746e7d|SERVICE CODE :*384*11#|MSISDN :+254723367395 
2017-03-11 18:56:10 - INFO  --> 254 
2017-03-11 19:16:36 - INFO  --> Incoming request for Kenya ussd !!!!!!! 
2017-03-11 19:16:36 - INFO  --> ============= KENYA TUKO QUIX CALL =============== 
2017-03-11 19:16:36 - INFO  --> ============= RETRIEVING SDP PARAMETERS =============== 
2017-03-11 19:16:36 - INFO  --> LOG INCOMING PARAMETERS FROM GATEWAY 
2017-03-11 19:16:36 - INFO  --> SESSIONID :ATUid_eb3113faaa1beaf9e83962e7ccd9c51a|SERVICE CODE :*384*11#|MSISDN :+254727588181 
2017-03-11 19:16:36 - INFO  --> 254 
2017-03-11 19:16:36 - INFO  --> SESSION SAVED 
2017-03-11 19:17:04 - INFO  --> Incoming request for Kenya ussd !!!!!!! 
2017-03-11 19:17:04 - INFO  --> ============= KENYA TUKO QUIX CALL =============== 
2017-03-11 19:17:04 - INFO  --> ============= RETRIEVING SDP PARAMETERS =============== 
2017-03-11 19:17:04 - INFO  --> LOG INCOMING PARAMETERS FROM GATEWAY 
2017-03-11 19:17:04 - INFO  --> SESSIONID :ATUid_eb3113faaa1beaf9e83962e7ccd9c51a|SERVICE CODE :*384*11#|MSISDN :+254727588181 
2017-03-11 19:17:04 - INFO  --> 254 
2017-03-11 19:17:38 - INFO  --> Incoming request for Kenya ussd !!!!!!! 
2017-03-11 19:17:38 - INFO  --> ============= KENYA TUKO QUIX CALL =============== 
2017-03-11 19:17:38 - INFO  --> ============= RETRIEVING SDP PARAMETERS =============== 
2017-03-11 19:17:38 - INFO  --> LOG INCOMING PARAMETERS FROM GATEWAY 
2017-03-11 19:17:38 - INFO  --> SESSIONID :ATUid_eb3113faaa1beaf9e83962e7ccd9c51a|SERVICE CODE :*384*11#|MSISDN :+254727588181 
2017-03-11 19:17:38 - INFO  --> 254708423903 
2017-03-11 19:30:45 - INFO  --> Incoming request for Kenya ussd !!!!!!! 
2017-03-11 19:30:45 - INFO  --> ============= KENYA TUKO QUIX CALL =============== 
2017-03-11 19:30:45 - INFO  --> ============= RETRIEVING SDP PARAMETERS =============== 
2017-03-11 19:30:45 - INFO  --> LOG INCOMING PARAMETERS FROM GATEWAY 
2017-03-11 19:30:45 - INFO  --> SESSIONID :ATUid_1c107dad4d65560e743f14ba1525ab0d|SERVICE CODE :*384*11#|MSISDN :+254727588181 
2017-03-11 19:30:45 - INFO  --> 254 
2017-03-11 19:31:53 - INFO  --> Incoming request for Kenya ussd !!!!!!! 
2017-03-11 19:31:53 - INFO  --> ============= KENYA TUKO QUIX CALL =============== 
2017-03-11 19:31:53 - INFO  --> ============= RETRIEVING SDP PARAMETERS =============== 
2017-03-11 19:31:53 - INFO  --> LOG INCOMING PARAMETERS FROM GATEWAY 
2017-03-11 19:31:53 - INFO  --> SESSIONID :ATUid_3d47a915ceaa3ec8628bc81844317ce7|SERVICE CODE :*384*11#|MSISDN :+254728222165 
2017-03-11 19:31:53 - INFO  --> 2547588181 
2017-03-11 19:31:53 - INFO  --> SESSION SAVED 
2017-03-11 19:39:06 - INFO  --> Incoming request for Kenya ussd !!!!!!! 
2017-03-11 19:39:06 - INFO  --> ============= KENYA TUKO QUIX CALL =============== 
2017-03-11 19:39:06 - INFO  --> ============= RETRIEVING SDP PARAMETERS =============== 
2017-03-11 19:39:06 - INFO  --> LOG INCOMING PARAMETERS FROM GATEWAY 
2017-03-11 19:39:06 - INFO  --> SESSIONID :ATUid_c8fede6793bf05dfe444e1f98fc71ec8|SERVICE CODE :*384*11#|MSISDN :+254727588181 
2017-03-11 19:39:06 - INFO  --> 2540308763 
2017-03-11 19:39:06 - INFO  --> SESSION SAVED 
2017-03-11 19:40:11 - INFO  --> Incoming request for Kenya ussd !!!!!!! 
2017-03-11 19:40:11 - INFO  --> ============= KENYA TUKO QUIX CALL =============== 
2017-03-11 19:40:11 - INFO  --> ============= RETRIEVING SDP PARAMETERS =============== 
2017-03-11 19:40:11 - INFO  --> LOG INCOMING PARAMETERS FROM GATEWAY 
2017-03-11 19:40:11 - INFO  --> SESSIONID :ATUid_9e6a2aaa0f1b4ad82ed1d4a9805eccd0|SERVICE CODE :*384*11#|MSISDN :+254727588181 
2017-03-11 19:40:11 - INFO  --> 2540308763 
2017-03-11 19:40:11 - INFO  --> SESSION SAVED 
2017-03-11 20:12:11 - INFO  --> Incoming request for Kenya ussd !!!!!!! 
2017-03-11 20:12:11 - INFO  --> ============= KENYA TUKO QUIX CALL =============== 
2017-03-11 20:12:11 - INFO  --> ============= RETRIEVING SDP PARAMETERS =============== 
2017-03-11 20:12:11 - INFO  --> LOG INCOMING PARAMETERS FROM GATEWAY 
2017-03-11 20:12:11 - INFO  --> SESSIONID :ATUid_cbf11ed8e899dbb30ea94fb22272ee01|SERVICE CODE :*384*11#|MSISDN :+254790785923 
2017-03-11 20:12:11 - INFO  --> 254 
2017-03-11 20:12:11 - INFO  --> SESSION SAVED 
2017-03-11 21:14:17 - INFO  --> Incoming request for Kenya ussd !!!!!!! 
2017-03-11 21:14:17 - INFO  --> ============= KENYA TUKO QUIX CALL =============== 
2017-03-11 21:14:17 - INFO  --> ============= RETRIEVING SDP PARAMETERS =============== 
2017-03-11 21:14:17 - INFO  --> LOG INCOMING PARAMETERS FROM GATEWAY 
2017-03-11 21:14:17 - INFO  --> SESSIONID :ATUid_22ebb90b92094e45e793cf7a0eed2a79|SERVICE CODE :*384*11#|MSISDN :+254722834187 
2017-03-11 21:14:17 - INFO  --> 2546214796 
2017-03-11 21:14:18 - INFO  --> SESSION SAVED 
2017-03-11 21:16:18 - INFO  --> Incoming request for Kenya ussd !!!!!!! 
2017-03-11 21:16:18 - INFO  --> ============= KENYA TUKO QUIX CALL =============== 
2017-03-11 21:16:18 - INFO  --> ============= RETRIEVING SDP PARAMETERS =============== 
2017-03-11 21:16:18 - INFO  --> LOG INCOMING PARAMETERS FROM GATEWAY 
2017-03-11 21:16:18 - INFO  --> SESSIONID :ATUid_335c4bed46fb973b2aabbd58537385d3|SERVICE CODE :*384*11#|MSISDN :+254727588181 
2017-03-11 21:16:18 - INFO  --> 2546214796 
2017-03-11 21:16:18 - INFO  --> SESSION SAVED 
2017-03-11 21:18:21 - INFO  --> Incoming request for Kenya ussd !!!!!!! 
2017-03-11 21:18:21 - INFO  --> ============= KENYA TUKO QUIX CALL =============== 
2017-03-11 21:18:21 - INFO  --> ============= RETRIEVING SDP PARAMETERS =============== 
2017-03-11 21:18:21 - INFO  --> LOG INCOMING PARAMETERS FROM GATEWAY 
2017-03-11 21:18:21 - INFO  --> SESSIONID :ATUid_d0d944453f796ec51c6a23d9822a8ee7|SERVICE CODE :*384*11#|MSISDN :+254722834187 
2017-03-11 21:18:21 - INFO  --> 2547784893 
2017-03-11 21:18:22 - INFO  --> SESSION SAVED 
2017-03-11 21:23:04 - INFO  --> Incoming request for Kenya ussd !!!!!!! 
2017-03-11 21:23:04 - INFO  --> ============= KENYA TUKO QUIX CALL =============== 
2017-03-11 21:23:04 - INFO  --> ============= RETRIEVING SDP PARAMETERS =============== 
2017-03-11 21:23:04 - INFO  --> LOG INCOMING PARAMETERS FROM GATEWAY 
2017-03-11 21:23:04 - INFO  --> SESSIONID :ATUid_f8f96efa4e914a6e697b4b6244affb6a|SERVICE CODE :*384*11#|MSISDN :+254727588181 
2017-03-11 21:23:04 - INFO  --> 2544722648947 
2017-03-11 21:24:39 - INFO  --> Incoming request for Kenya ussd !!!!!!! 
2017-03-11 21:24:39 - INFO  --> ============= KENYA TUKO QUIX CALL =============== 
2017-03-11 21:24:39 - INFO  --> ============= RETRIEVING SDP PARAMETERS =============== 
2017-03-11 21:24:39 - INFO  --> LOG INCOMING PARAMETERS FROM GATEWAY 
2017-03-11 21:24:39 - INFO  --> SESSIONID :ATUid_b0d2917a387eaf7ebfc1a3ef199f8ff4|SERVICE CODE :*384*11#|MSISDN :+254727588181 
2017-03-11 21:24:39 - INFO  --> 2546541759 
2017-03-11 21:24:40 - INFO  --> SESSION SAVED 
2017-03-11 21:26:32 - INFO  --> Incoming request for Kenya ussd !!!!!!! 
2017-03-11 21:26:32 - INFO  --> ============= KENYA TUKO QUIX CALL =============== 
2017-03-11 21:26:32 - INFO  --> ============= RETRIEVING SDP PARAMETERS =============== 
2017-03-11 21:26:32 - INFO  --> LOG INCOMING PARAMETERS FROM GATEWAY 
2017-03-11 21:26:32 - INFO  --> SESSIONID :ATUid_5bef883088b76239ffe259a5adb40898|SERVICE CODE :*384*11#|MSISDN :+254727588181 
2017-03-11 21:26:32 - INFO  --> 2542648947 
2017-03-11 21:27:15 - INFO  --> Incoming request for Kenya ussd !!!!!!! 
2017-03-11 21:27:15 - INFO  --> ============= KENYA TUKO QUIX CALL =============== 
2017-03-11 21:27:15 - INFO  --> ============= RETRIEVING SDP PARAMETERS =============== 
2017-03-11 21:27:15 - INFO  --> LOG INCOMING PARAMETERS FROM GATEWAY 
2017-03-11 21:27:15 - INFO  --> SESSIONID :ATUid_bfd3ed1bcdcbc90d962ad114b0c97688|SERVICE CODE :*384*11#|MSISDN :+254727588181 
2017-03-11 21:27:15 - INFO  --> 2548433114 
