2017-03-23 16:33:36 - INFO  --> Incoming request for Kenya ussd !!!!!!! 
2017-03-23 16:33:36 - INFO  --> ============= KENYA TUKO QUIX CALL =============== 
2017-03-23 16:33:36 - INFO  --> ============= RETRIEVING SDP PARAMETERS =============== 
2017-03-23 16:33:36 - INFO  --> LOG INCOMING PARAMETERS FROM GATEWAY 
2017-03-23 16:33:36 - INFO  --> SESSIONID :73cd7b87-b990-4920-b77d-bd5b029eb53e|SERVICE CODE :*384*80#|MSISDN :+254606917540|CHECK OUT TOKEN : 
2017-03-23 16:33:36 - INFO  -->  
2017-03-23 16:34:04 - INFO  --> Incoming request for Kenya ussd !!!!!!! 
2017-03-23 16:34:04 - INFO  --> ============= KENYA TUKO QUIX CALL =============== 
2017-03-23 16:34:04 - INFO  --> ============= RETRIEVING SDP PARAMETERS =============== 
2017-03-23 16:34:04 - INFO  --> LOG INCOMING PARAMETERS FROM GATEWAY 
2017-03-23 16:34:04 - INFO  --> SESSIONID :73cd7b87-b990-4920-b77d-bd5b029eb53e|SERVICE CODE :*384*80#|MSISDN :+254606917540|CHECK OUT TOKEN : 
2017-03-23 16:34:04 - INFO  -->  
2017-03-23 16:34:04 - INFO  --> SESSION SAVED 
2017-03-23 16:34:08 - INFO  --> Incoming request for Kenya ussd !!!!!!! 
2017-03-23 16:34:08 - INFO  --> ============= KENYA TUKO QUIX CALL =============== 
2017-03-23 16:34:08 - INFO  --> ============= RETRIEVING SDP PARAMETERS =============== 
2017-03-23 16:34:08 - INFO  --> LOG INCOMING PARAMETERS FROM GATEWAY 
2017-03-23 16:34:08 - INFO  --> SESSIONID :73cd7b87-b990-4920-b77d-bd5b029eb53e|SERVICE CODE :*384*80#|MSISDN :+254606917540|CHECK OUT TOKEN : 
2017-03-23 16:34:08 - INFO  -->  
2017-03-23 16:34:08 - INFO  --> MSISDN 2 UPDATED 
2017-03-23 16:34:15 - INFO  --> Incoming request for Kenya ussd !!!!!!! 
2017-03-23 16:34:15 - INFO  --> ============= KENYA TUKO QUIX CALL =============== 
2017-03-23 16:34:15 - INFO  --> ============= RETRIEVING SDP PARAMETERS =============== 
2017-03-23 16:34:15 - INFO  --> LOG INCOMING PARAMETERS FROM GATEWAY 
2017-03-23 16:34:15 - INFO  --> SESSIONID :73cd7b87-b990-4920-b77d-bd5b029eb53e|SERVICE CODE :*384*80#|MSISDN :+254606917540|CHECK OUT TOKEN : 
2017-03-23 16:34:15 - INFO  -->  
2017-03-23 16:34:15 - INFO  --> MSISDN 2 UPDATED 
2017-03-23 16:34:15 - INFO  --> CALL UPDATED 
2017-03-23 16:34:15 - INFO  --> WAITING FOR THE CALL TO FINISH FOR SMS SENDING 45 min 
2017-03-23 17:36:30 - INFO  --> Incoming request for Kenya ussd !!!!!!! 
2017-03-23 17:36:30 - INFO  --> ============= KENYA TUKO QUIX CALL =============== 
2017-03-23 17:36:30 - INFO  --> ============= RETRIEVING SDP PARAMETERS =============== 
2017-03-23 17:36:30 - INFO  --> LOG INCOMING PARAMETERS FROM GATEWAY 
2017-03-23 17:36:30 - INFO  --> SESSIONID :a4b22e94-a0d4-4b8d-a50c-ac9b9f0bb48c|SERVICE CODE :*384*80#|MSISDN :+254606917540|CHECK OUT TOKEN : 
2017-03-23 17:36:30 - INFO  -->  
2017-03-23 17:41:20 - INFO  --> Incoming request for Kenya ussd !!!!!!! 
2017-03-23 17:41:20 - INFO  --> ============= KENYA TUKO QUIX CALL =============== 
2017-03-23 17:41:20 - INFO  --> ============= RETRIEVING SDP PARAMETERS =============== 
2017-03-23 17:41:20 - INFO  --> LOG INCOMING PARAMETERS FROM GATEWAY 
2017-03-23 17:41:20 - INFO  --> SESSIONID :139123f1-a0ce-45fb-ae95-5291abb29bed|SERVICE CODE :*384*80#|MSISDN :+254606917540|CHECK OUT TOKEN : 
2017-03-23 17:41:20 - INFO  -->  
2017-03-23 18:16:40 - INFO  --> Incoming request for Kenya ussd !!!!!!! 
2017-03-23 18:16:40 - INFO  --> ============= KENYA TUKO QUIX CALL =============== 
2017-03-23 18:16:40 - INFO  --> ============= RETRIEVING SDP PARAMETERS =============== 
2017-03-23 18:16:40 - INFO  --> LOG INCOMING PARAMETERS FROM GATEWAY 
2017-03-23 18:16:40 - INFO  --> SESSIONID :7c3c1288-e801-41ca-b130-1107d1458a97|SERVICE CODE :*384*80#|MSISDN :+254606917540|CHECK OUT TOKEN : 
2017-03-23 18:16:40 - INFO  --> ============= SUBSCRIPTION =============== 
2017-03-23 18:16:40 - INFO  --> 1 
2017-03-23 18:16:40 - INFO  -->  
2017-03-23 18:16:45 - INFO  --> Incoming request for Kenya ussd !!!!!!! 
2017-03-23 18:16:45 - INFO  --> ============= KENYA TUKO QUIX CALL =============== 
2017-03-23 18:16:45 - INFO  --> ============= RETRIEVING SDP PARAMETERS =============== 
2017-03-23 18:16:45 - INFO  --> LOG INCOMING PARAMETERS FROM GATEWAY 
2017-03-23 18:16:45 - INFO  --> SESSIONID :7c3c1288-e801-41ca-b130-1107d1458a97|SERVICE CODE :*384*80#|MSISDN :+254606917540|CHECK OUT TOKEN : 
2017-03-23 18:16:45 - INFO  --> ============= SUBSCRIPTION =============== 
2017-03-23 18:16:45 - INFO  --> 1 
2017-03-23 18:16:45 - INFO  -->  
2017-03-23 18:16:45 - INFO  --> SESSION SAVED 
2017-03-23 18:16:54 - INFO  --> Incoming request for Kenya ussd !!!!!!! 
2017-03-23 18:16:54 - INFO  --> ============= KENYA TUKO QUIX CALL =============== 
2017-03-23 18:16:54 - INFO  --> ============= RETRIEVING SDP PARAMETERS =============== 
2017-03-23 18:16:54 - INFO  --> LOG INCOMING PARAMETERS FROM GATEWAY 
2017-03-23 18:16:54 - INFO  --> SESSIONID :7c3c1288-e801-41ca-b130-1107d1458a97|SERVICE CODE :*384*80#|MSISDN :+254606917540|CHECK OUT TOKEN : 
2017-03-23 18:16:54 - INFO  --> ============= SUBSCRIPTION =============== 
2017-03-23 18:16:54 - INFO  --> 1 
2017-03-23 18:16:54 - INFO  -->  
2017-03-23 18:16:54 - INFO  --> MSISDN 2 UPDATED 
2017-03-23 18:17:11 - INFO  --> Incoming request for Kenya ussd !!!!!!! 
2017-03-23 18:17:11 - INFO  --> ============= KENYA TUKO QUIX CALL =============== 
2017-03-23 18:17:11 - INFO  --> ============= RETRIEVING SDP PARAMETERS =============== 
2017-03-23 18:17:11 - INFO  --> LOG INCOMING PARAMETERS FROM GATEWAY 
2017-03-23 18:17:11 - INFO  --> SESSIONID :7c3c1288-e801-41ca-b130-1107d1458a97|SERVICE CODE :*384*80#|MSISDN :+254606917540|CHECK OUT TOKEN : 
2017-03-23 18:17:11 - INFO  --> ============= SUBSCRIPTION =============== 
2017-03-23 18:17:11 - INFO  --> 1 
2017-03-23 18:17:11 - INFO  -->  
2017-03-23 18:17:11 - INFO  --> MSISDN 2 UPDATED 
2017-03-23 18:17:11 - INFO  --> CALL UPDATED 
2017-03-23 18:17:11 - INFO  --> WAITING FOR THE CALL TO FINISH FOR SMS SENDING 45 min 
2017-03-23 18:19:52 - INFO  --> Incoming request for Kenya ussd !!!!!!! 
2017-03-23 18:19:52 - INFO  --> ============= KENYA TUKO QUIX CALL =============== 
2017-03-23 18:19:52 - INFO  --> ============= RETRIEVING SDP PARAMETERS =============== 
2017-03-23 18:19:52 - INFO  --> LOG INCOMING PARAMETERS FROM GATEWAY 
2017-03-23 18:19:52 - INFO  --> SESSIONID :d0eb4c7c-b439-4213-872d-ab29ee685baf|SERVICE CODE :*384*80#|MSISDN :+254606917540|CHECK OUT TOKEN : 
2017-03-23 18:19:52 - INFO  --> ============= SUBSCRIPTION =============== 
2017-03-23 18:19:52 - INFO  -->  
2017-03-23 18:19:52 - INFO  -->  
2017-03-23 18:19:55 - INFO  --> Incoming request for Kenya ussd !!!!!!! 
2017-03-23 18:19:55 - INFO  --> ============= KENYA TUKO QUIX CALL =============== 
2017-03-23 18:19:55 - INFO  --> ============= RETRIEVING SDP PARAMETERS =============== 
2017-03-23 18:19:55 - INFO  --> LOG INCOMING PARAMETERS FROM GATEWAY 
2017-03-23 18:19:55 - INFO  --> SESSIONID :b6520167-df8f-4b88-bc90-07cac901d828|SERVICE CODE :*384*80#|MSISDN :+254606917540|CHECK OUT TOKEN : 
2017-03-23 18:19:55 - INFO  --> ============= SUBSCRIPTION =============== 
2017-03-23 18:19:55 - INFO  -->  
2017-03-23 18:19:55 - INFO  -->  
2017-03-23 18:21:06 - INFO  --> Incoming request for Kenya ussd !!!!!!! 
2017-03-23 18:21:06 - INFO  --> ============= KENYA TUKO QUIX CALL =============== 
2017-03-23 18:21:06 - INFO  --> ============= RETRIEVING SDP PARAMETERS =============== 
2017-03-23 18:21:06 - INFO  --> LOG INCOMING PARAMETERS FROM GATEWAY 
2017-03-23 18:21:06 - INFO  --> SESSIONID :6dda19da-18be-4d69-8e7c-63f706aed1dd|SERVICE CODE :*384*80#|MSISDN :+254606917540|CHECK OUT TOKEN : 
2017-03-23 18:21:06 - INFO  --> ============= SUBSCRIPTION =============== 
2017-03-23 18:21:06 - INFO  -->  
2017-03-23 18:21:06 - INFO  -->  
2017-03-23 18:21:09 - INFO  --> Incoming request for Kenya ussd !!!!!!! 
2017-03-23 18:21:09 - INFO  --> ============= KENYA TUKO QUIX CALL =============== 
2017-03-23 18:21:09 - INFO  --> ============= RETRIEVING SDP PARAMETERS =============== 
2017-03-23 18:21:09 - INFO  --> LOG INCOMING PARAMETERS FROM GATEWAY 
2017-03-23 18:21:09 - INFO  --> SESSIONID :b19f8de2-6246-4b86-be0e-ecb95709d809|SERVICE CODE :*384*80#|MSISDN :+254606917540|CHECK OUT TOKEN : 
2017-03-23 18:21:09 - INFO  --> ============= SUBSCRIPTION =============== 
2017-03-23 18:21:09 - INFO  -->  
2017-03-23 18:21:09 - INFO  -->  
2017-03-23 18:21:57 - INFO  --> Incoming request for Kenya ussd !!!!!!! 
2017-03-23 18:21:57 - INFO  --> ============= KENYA TUKO QUIX CALL =============== 
2017-03-23 18:21:57 - INFO  --> ============= RETRIEVING SDP PARAMETERS =============== 
2017-03-23 18:21:57 - INFO  --> LOG INCOMING PARAMETERS FROM GATEWAY 
2017-03-23 18:21:57 - INFO  --> SESSIONID :6c41b1e2-23db-47ee-9c9a-beec5639fb2e|SERVICE CODE :*384*80#|MSISDN :+254606917540|CHECK OUT TOKEN : 
2017-03-23 18:21:57 - INFO  --> ============= SUBSCRIPTION =============== 
2017-03-23 18:21:57 - INFO  --> 1 
2017-03-23 18:21:57 - INFO  -->  
2017-03-23 18:22:01 - INFO  --> Incoming request for Kenya ussd !!!!!!! 
2017-03-23 18:22:01 - INFO  --> ============= KENYA TUKO QUIX CALL =============== 
2017-03-23 18:22:01 - INFO  --> ============= RETRIEVING SDP PARAMETERS =============== 
2017-03-23 18:22:01 - INFO  --> LOG INCOMING PARAMETERS FROM GATEWAY 
2017-03-23 18:22:01 - INFO  --> SESSIONID :6c41b1e2-23db-47ee-9c9a-beec5639fb2e|SERVICE CODE :*384*80#|MSISDN :+254606917540|CHECK OUT TOKEN : 
2017-03-23 18:22:01 - INFO  --> ============= SUBSCRIPTION =============== 
2017-03-23 18:22:01 - INFO  --> 1 
2017-03-23 18:22:01 - INFO  -->  
2017-03-23 18:22:01 - INFO  --> SESSION SAVED 
2017-03-23 18:22:16 - INFO  --> Incoming request for Kenya ussd !!!!!!! 
2017-03-23 18:22:16 - INFO  --> ============= KENYA TUKO QUIX CALL =============== 
2017-03-23 18:22:16 - INFO  --> ============= RETRIEVING SDP PARAMETERS =============== 
2017-03-23 18:22:16 - INFO  --> LOG INCOMING PARAMETERS FROM GATEWAY 
2017-03-23 18:22:16 - INFO  --> SESSIONID :6c41b1e2-23db-47ee-9c9a-beec5639fb2e|SERVICE CODE :*384*80#|MSISDN :+254606917540|CHECK OUT TOKEN : 
2017-03-23 18:22:16 - INFO  --> ============= SUBSCRIPTION =============== 
2017-03-23 18:22:16 - INFO  --> 1 
2017-03-23 18:22:16 - INFO  -->  
2017-03-23 18:22:16 - INFO  --> MSISDN 2 UPDATED 
2017-03-23 18:22:25 - INFO  --> Incoming request for Kenya ussd !!!!!!! 
2017-03-23 18:22:25 - INFO  --> ============= KENYA TUKO QUIX CALL =============== 
2017-03-23 18:22:25 - INFO  --> ============= RETRIEVING SDP PARAMETERS =============== 
2017-03-23 18:22:25 - INFO  --> LOG INCOMING PARAMETERS FROM GATEWAY 
2017-03-23 18:22:25 - INFO  --> SESSIONID :6c41b1e2-23db-47ee-9c9a-beec5639fb2e|SERVICE CODE :*384*80#|MSISDN :+254606917540|CHECK OUT TOKEN : 
2017-03-23 18:22:25 - INFO  --> ============= SUBSCRIPTION =============== 
2017-03-23 18:22:25 - INFO  --> 1 
2017-03-23 18:22:25 - INFO  -->  
2017-03-23 18:22:25 - INFO  --> MSISDN 2 UPDATED 
2017-03-23 18:22:25 - INFO  --> CALL UPDATED 
2017-03-23 18:22:25 - INFO  --> WAITING FOR THE CALL TO FINISH FOR SMS SENDING 45 min 
2017-03-23 18:24:18 - INFO  --> Incoming request for Kenya ussd !!!!!!! 
2017-03-23 18:24:18 - INFO  --> ============= KENYA TUKO QUIX CALL =============== 
2017-03-23 18:24:18 - INFO  --> ============= RETRIEVING SDP PARAMETERS =============== 
2017-03-23 18:24:18 - INFO  --> LOG INCOMING PARAMETERS FROM GATEWAY 
2017-03-23 18:24:18 - INFO  --> SESSIONID :af497bf1-9a89-422f-9942-0e32520e48c3|SERVICE CODE :*384*80#|MSISDN :+254606917540|CHECK OUT TOKEN : 
2017-03-23 18:24:18 - INFO  --> ============= SUBSCRIPTION =============== 
2017-03-23 18:24:18 - INFO  -->  
2017-03-23 18:24:18 - INFO  -->  
2017-03-23 18:24:22 - INFO  --> Incoming request for Kenya ussd !!!!!!! 
2017-03-23 18:24:22 - INFO  --> ============= KENYA TUKO QUIX CALL =============== 
2017-03-23 18:24:22 - INFO  --> ============= RETRIEVING SDP PARAMETERS =============== 
2017-03-23 18:24:22 - INFO  --> LOG INCOMING PARAMETERS FROM GATEWAY 
2017-03-23 18:24:22 - INFO  --> SESSIONID :af497bf1-9a89-422f-9942-0e32520e48c3|SERVICE CODE :*384*80#|MSISDN :+254606917540|CHECK OUT TOKEN : 
2017-03-23 18:24:22 - INFO  --> ============= SUBSCRIPTION =============== 
2017-03-23 18:24:22 - INFO  -->  
2017-03-23 18:24:22 - INFO  -->  
2017-03-23 18:24:22 - INFO  --> SESSION SAVED 
2017-03-23 18:24:32 - INFO  --> Incoming request for Kenya ussd !!!!!!! 
2017-03-23 18:24:32 - INFO  --> ============= KENYA TUKO QUIX CALL =============== 
2017-03-23 18:24:32 - INFO  --> ============= RETRIEVING SDP PARAMETERS =============== 
2017-03-23 18:24:32 - INFO  --> LOG INCOMING PARAMETERS FROM GATEWAY 
2017-03-23 18:24:32 - INFO  --> SESSIONID :af497bf1-9a89-422f-9942-0e32520e48c3|SERVICE CODE :*384*80#|MSISDN :+254606917540|CHECK OUT TOKEN : 
2017-03-23 18:24:32 - INFO  --> ============= SUBSCRIPTION =============== 
2017-03-23 18:24:32 - INFO  -->  
2017-03-23 18:24:32 - INFO  -->  
2017-03-23 18:24:32 - INFO  --> MSISDN 2 UPDATED 
2017-03-23 18:24:42 - INFO  --> Incoming request for Kenya ussd !!!!!!! 
2017-03-23 18:24:42 - INFO  --> ============= KENYA TUKO QUIX CALL =============== 
2017-03-23 18:24:42 - INFO  --> ============= RETRIEVING SDP PARAMETERS =============== 
2017-03-23 18:24:42 - INFO  --> LOG INCOMING PARAMETERS FROM GATEWAY 
2017-03-23 18:24:42 - INFO  --> SESSIONID :af497bf1-9a89-422f-9942-0e32520e48c3|SERVICE CODE :*384*80#|MSISDN :+254606917540|CHECK OUT TOKEN : 
2017-03-23 18:24:42 - INFO  --> ============= SUBSCRIPTION =============== 
2017-03-23 18:24:42 - INFO  -->  
2017-03-23 18:24:42 - INFO  -->  
2017-03-23 18:24:42 - INFO  --> MSISDN 2 UPDATED 
2017-03-23 18:24:42 - INFO  --> CALL UPDATED 
2017-03-23 18:24:42 - INFO  --> WAITING FOR THE CALL TO FINISH FOR SMS SENDING 45 min 
2017-03-23 18:32:28 - INFO  --> Incoming request for Kenya ussd !!!!!!! 
2017-03-23 18:32:28 - INFO  --> ============= KENYA TUKO QUIX CALL =============== 
2017-03-23 18:32:28 - INFO  --> ============= RETRIEVING SDP PARAMETERS =============== 
2017-03-23 18:32:28 - INFO  --> LOG INCOMING PARAMETERS FROM GATEWAY 
2017-03-23 18:32:28 - INFO  --> SESSIONID :17dd5cae-e155-460f-b2f9-712c456b0791|SERVICE CODE :*384*80#|MSISDN :+254606917540|CHECK OUT TOKEN : 
2017-03-23 18:32:28 - INFO  --> ============= SUBSCRIPTION =============== 
2017-03-23 18:32:28 - INFO  -->  
2017-03-23 18:32:28 - INFO  -->  
2017-03-23 18:32:32 - INFO  --> Incoming request for Kenya ussd !!!!!!! 
2017-03-23 18:32:32 - INFO  --> ============= KENYA TUKO QUIX CALL =============== 
2017-03-23 18:32:32 - INFO  --> ============= RETRIEVING SDP PARAMETERS =============== 
2017-03-23 18:32:32 - INFO  --> LOG INCOMING PARAMETERS FROM GATEWAY 
2017-03-23 18:32:32 - INFO  --> SESSIONID :17dd5cae-e155-460f-b2f9-712c456b0791|SERVICE CODE :*384*80#|MSISDN :+254606917540|CHECK OUT TOKEN : 
2017-03-23 18:32:33 - INFO  --> ============= SUBSCRIPTION =============== 
2017-03-23 18:32:33 - INFO  -->  
2017-03-23 18:32:33 - INFO  -->  
2017-03-23 18:32:33 - INFO  --> SESSION SAVED 
2017-03-23 18:32:42 - INFO  --> Incoming request for Kenya ussd !!!!!!! 
2017-03-23 18:32:42 - INFO  --> ============= KENYA TUKO QUIX CALL =============== 
2017-03-23 18:32:42 - INFO  --> ============= RETRIEVING SDP PARAMETERS =============== 
2017-03-23 18:32:42 - INFO  --> LOG INCOMING PARAMETERS FROM GATEWAY 
2017-03-23 18:32:42 - INFO  --> SESSIONID :17dd5cae-e155-460f-b2f9-712c456b0791|SERVICE CODE :*384*80#|MSISDN :+254606917540|CHECK OUT TOKEN : 
2017-03-23 18:32:42 - INFO  --> ============= SUBSCRIPTION =============== 
2017-03-23 18:32:42 - INFO  -->  
2017-03-23 18:32:42 - INFO  -->  
2017-03-23 18:32:42 - INFO  --> MSISDN 2 UPDATED 
2017-03-23 18:32:51 - INFO  --> Incoming request for Kenya ussd !!!!!!! 
2017-03-23 18:32:51 - INFO  --> ============= KENYA TUKO QUIX CALL =============== 
2017-03-23 18:32:51 - INFO  --> ============= RETRIEVING SDP PARAMETERS =============== 
2017-03-23 18:32:51 - INFO  --> LOG INCOMING PARAMETERS FROM GATEWAY 
2017-03-23 18:32:51 - INFO  --> SESSIONID :17dd5cae-e155-460f-b2f9-712c456b0791|SERVICE CODE :*384*80#|MSISDN :+254606917540|CHECK OUT TOKEN : 
2017-03-23 18:32:51 - INFO  --> ============= SUBSCRIPTION =============== 
2017-03-23 18:32:51 - INFO  -->  
2017-03-23 18:32:51 - INFO  -->  
2017-03-23 18:32:51 - INFO  --> MSISDN 2 UPDATED 
2017-03-23 18:32:51 - INFO  --> CALL UPDATED 
2017-03-23 18:32:51 - INFO  --> WAITING FOR THE CALL TO FINISH FOR SMS SENDING 45 min 
2017-03-23 21:16:57 - INFO  --> Incoming request for Kenya ussd !!!!!!! 
2017-03-23 21:16:57 - INFO  --> ============= KENYA TUKO QUIX CALL =============== 
2017-03-23 21:16:57 - INFO  --> ============= RETRIEVING SDP PARAMETERS =============== 
2017-03-23 21:16:57 - INFO  --> LOG INCOMING PARAMETERS FROM GATEWAY 
2017-03-23 21:16:57 - INFO  --> SESSIONID :a8d00a16-0d43-4bc2-af84-a4baf5409045|SERVICE CODE :*384*80#|MSISDN :+254606917540|CHECK OUT TOKEN : 
2017-03-23 21:16:57 - INFO  --> ============= SUBSCRIPTION =============== 
2017-03-23 21:16:57 - INFO  -->  
2017-03-23 21:16:57 - INFO  -->  
