2017-03-24 11:02:56 - INFO  --> Incoming request for Kenya ussd !!!!!!! 
2017-03-24 11:02:56 - INFO  --> ============= KENYA TUKO QUIX CALL =============== 
2017-03-24 11:02:56 - INFO  --> ============= RETRIEVING SDP PARAMETERS =============== 
2017-03-24 11:02:56 - INFO  --> LOG INCOMING PARAMETERS FROM GATEWAY 
2017-03-24 11:02:56 - INFO  --> SESSIONID :13b11f2e-f0fe-4b25-b9bd-613f5a34abca|SERVICE CODE :*384*80#|MSISDN :+254606917540|CHECK OUT TOKEN : 
2017-03-24 11:02:56 - INFO  --> ============= SUBSCRIPTION =============== 
2017-03-24 11:02:56 - INFO  -->  
2017-03-24 11:02:56 - INFO  -->  
2017-03-24 11:03:07 - INFO  --> Incoming request for Kenya ussd !!!!!!! 
2017-03-24 11:03:07 - INFO  --> ============= KENYA TUKO QUIX CALL =============== 
2017-03-24 11:03:07 - INFO  --> ============= RETRIEVING SDP PARAMETERS =============== 
2017-03-24 11:03:07 - INFO  --> LOG INCOMING PARAMETERS FROM GATEWAY 
2017-03-24 11:03:07 - INFO  --> SESSIONID :13b11f2e-f0fe-4b25-b9bd-613f5a34abca|SERVICE CODE :*384*80#|MSISDN :+254606917540|CHECK OUT TOKEN : 
2017-03-24 11:03:07 - INFO  --> ============= SUBSCRIPTION =============== 
2017-03-24 11:03:07 - INFO  -->  
2017-03-24 11:03:07 - INFO  -->  
2017-03-24 11:03:07 - INFO  --> SESSION SAVED 
2017-03-24 11:03:23 - INFO  --> Incoming request for Kenya ussd !!!!!!! 
2017-03-24 11:03:23 - INFO  --> ============= KENYA TUKO QUIX CALL =============== 
2017-03-24 11:03:23 - INFO  --> ============= RETRIEVING SDP PARAMETERS =============== 
2017-03-24 11:03:23 - INFO  --> LOG INCOMING PARAMETERS FROM GATEWAY 
2017-03-24 11:03:23 - INFO  --> SESSIONID :13b11f2e-f0fe-4b25-b9bd-613f5a34abca|SERVICE CODE :*384*80#|MSISDN :+254606917540|CHECK OUT TOKEN : 
2017-03-24 11:03:23 - INFO  --> ============= SUBSCRIPTION =============== 
2017-03-24 11:03:23 - INFO  -->  
2017-03-24 11:03:23 - INFO  -->  
2017-03-24 11:03:23 - INFO  --> MSISDN 2 UPDATED 
2017-03-24 11:03:48 - INFO  --> Incoming request for Kenya ussd !!!!!!! 
2017-03-24 11:03:48 - INFO  --> ============= KENYA TUKO QUIX CALL =============== 
2017-03-24 11:03:48 - INFO  --> ============= RETRIEVING SDP PARAMETERS =============== 
2017-03-24 11:03:48 - INFO  --> LOG INCOMING PARAMETERS FROM GATEWAY 
2017-03-24 11:03:48 - INFO  --> SESSIONID :13b11f2e-f0fe-4b25-b9bd-613f5a34abca|SERVICE CODE :*384*80#|MSISDN :+254606917540|CHECK OUT TOKEN : 
2017-03-24 11:03:48 - INFO  --> ============= SUBSCRIPTION =============== 
2017-03-24 11:03:48 - INFO  -->  
2017-03-24 11:03:48 - INFO  -->  
2017-03-24 11:03:48 - INFO  --> MSISDN 2 UPDATED 
2017-03-24 11:03:48 - INFO  --> CALL UPDATED 
2017-03-24 11:03:48 - INFO  --> WAITING FOR THE CALL TO FINISH FOR SMS SENDING 45 min 
