2017-03-10 9:15:51 - INFO  --> Incoming request for Kenya ussd !!!!!!! 
2017-03-10 9:15:51 - INFO  --> ============= RETRIEVING SDP PARAMETERS =============== 
2017-03-10 9:15:51 - INFO  --> LOG INCOMING PARAMETERS FROM GATEWAY 
2017-03-10 9:15:51 - INFO  --> SESSIONID :e7634ed9-b003-440d-ac85-4f14fec0fffa|SERVICE CODE :*384*80#|MSISDN :+254736917540 
2017-03-10 9:15:51 - INFO  --> 27 
2017-03-10 9:17:51 - INFO  --> Incoming request for Kenya ussd !!!!!!! 
2017-03-10 9:17:51 - INFO  --> ============= RETRIEVING SDP PARAMETERS =============== 
2017-03-10 9:17:51 - INFO  --> LOG INCOMING PARAMETERS FROM GATEWAY 
2017-03-10 9:17:51 - INFO  --> SESSIONID :17b46734-b74f-4513-bcca-a3930b040503|SERVICE CODE :*384*80#|MSISDN :+254736917540 
2017-03-10 9:17:51 - INFO  --> 27 
2017-03-10 9:17:51 - INFO  --> SESSION SAVED 
2017-03-10 9:19:26 - INFO  --> Incoming request for Kenya ussd !!!!!!! 
2017-03-10 9:19:26 - INFO  --> ============= RETRIEVING SDP PARAMETERS =============== 
2017-03-10 9:19:26 - INFO  --> LOG INCOMING PARAMETERS FROM GATEWAY 
2017-03-10 9:19:26 - INFO  --> SESSIONID :17b46734-b74f-4513-bcca-a3930b040503|SERVICE CODE :*384*80#|MSISDN :+254736917540 
2017-03-10 9:19:26 - INFO  --> 27 
2017-03-10 9:19:40 - INFO  --> Incoming request for Kenya ussd !!!!!!! 
2017-03-10 9:19:40 - INFO  --> ============= RETRIEVING SDP PARAMETERS =============== 
2017-03-10 9:19:40 - INFO  --> LOG INCOMING PARAMETERS FROM GATEWAY 
2017-03-10 9:19:40 - INFO  --> SESSIONID :17b46734-b74f-4513-bcca-a3930b040503|SERVICE CODE :*384*80#|MSISDN :+254736917540 
2017-03-10 9:19:40 - INFO  --> 27738371600 
2017-03-10 9:21:23 - INFO  --> Incoming request for Kenya ussd !!!!!!! 
2017-03-10 9:21:23 - INFO  --> ============= RETRIEVING SDP PARAMETERS =============== 
2017-03-10 9:21:23 - INFO  --> LOG INCOMING PARAMETERS FROM GATEWAY 
2017-03-10 9:21:23 - INFO  --> SESSIONID :102f9881-f9de-4040-8702-4b2f2394037c|SERVICE CODE :*384*80#|MSISDN :+254736917540 
2017-03-10 9:21:23 - INFO  --> 27 
2017-03-10 9:21:40 - INFO  --> Incoming request for Kenya ussd !!!!!!! 
2017-03-10 9:21:40 - INFO  --> ============= RETRIEVING SDP PARAMETERS =============== 
2017-03-10 9:21:40 - INFO  --> LOG INCOMING PARAMETERS FROM GATEWAY 
2017-03-10 9:21:40 - INFO  --> SESSIONID :82a57d6c-c44f-4bd5-8480-0568fe103213|SERVICE CODE :*384*80#|MSISDN :+254736917540 
2017-03-10 9:21:40 - INFO  --> 273871600 
2017-03-10 9:33:01 - INFO  --> Incoming request for Kenya ussd !!!!!!! 
2017-03-10 9:33:01 - INFO  --> ============= RETRIEVING SDP PARAMETERS =============== 
2017-03-10 9:33:01 - INFO  --> LOG INCOMING PARAMETERS FROM GATEWAY 
2017-03-10 9:33:01 - INFO  --> SESSIONID :282eb2ed-d389-4c77-9748-16982fa35976|SERVICE CODE :*384*80#|MSISDN :+254736917540 
2017-03-10 9:33:01 - INFO  --> 273871600 
2017-03-10 9:33:05 - INFO  --> Incoming request for Kenya ussd !!!!!!! 
2017-03-10 9:33:05 - INFO  --> ============= RETRIEVING SDP PARAMETERS =============== 
2017-03-10 9:33:05 - INFO  --> LOG INCOMING PARAMETERS FROM GATEWAY 
2017-03-10 9:33:05 - INFO  --> SESSIONID :d9ec58a1-f24d-48f0-9d47-c94199283a7e|SERVICE CODE :*384*80#|MSISDN :+254736917540 
2017-03-10 9:33:05 - INFO  --> 273871600 
2017-03-10 9:33:41 - INFO  --> Incoming request for Kenya ussd !!!!!!! 
2017-03-10 9:33:41 - INFO  --> ============= RETRIEVING SDP PARAMETERS =============== 
2017-03-10 9:33:41 - INFO  --> LOG INCOMING PARAMETERS FROM GATEWAY 
2017-03-10 9:33:41 - INFO  --> SESSIONID :0bfd68b9-b616-430e-b84b-b6b46ca09d55|SERVICE CODE :*384*80#|MSISDN :+254736917540 
2017-03-10 9:33:41 - INFO  --> 273871600 
2017-03-10 9:33:45 - INFO  --> Incoming request for Kenya ussd !!!!!!! 
2017-03-10 9:33:45 - INFO  --> ============= RETRIEVING SDP PARAMETERS =============== 
2017-03-10 9:33:45 - INFO  --> LOG INCOMING PARAMETERS FROM GATEWAY 
2017-03-10 9:33:45 - INFO  --> SESSIONID :98332f33-c68a-4642-b294-499667964e77|SERVICE CODE :*384*80#|MSISDN :+254736917540 
2017-03-10 9:33:45 - INFO  --> 273871600 
2017-03-10 9:34:17 - INFO  --> Incoming request for Kenya ussd !!!!!!! 
2017-03-10 9:34:17 - INFO  --> ============= RETRIEVING SDP PARAMETERS =============== 
2017-03-10 9:34:17 - INFO  --> LOG INCOMING PARAMETERS FROM GATEWAY 
2017-03-10 9:34:17 - INFO  --> SESSIONID :30be2b4c-aefa-4600-94fc-9a7168555bf8|SERVICE CODE :*384*80#|MSISDN :+254736917540 
2017-03-10 9:34:17 - INFO  --> 273871600 
2017-03-10 9:34:27 - INFO  --> Incoming request for Kenya ussd !!!!!!! 
2017-03-10 9:34:27 - INFO  --> ============= RETRIEVING SDP PARAMETERS =============== 
2017-03-10 9:34:27 - INFO  --> LOG INCOMING PARAMETERS FROM GATEWAY 
2017-03-10 9:34:27 - INFO  --> SESSIONID :616fbd64-e212-4145-ad1c-6055a2816f77|SERVICE CODE :*384*80#|MSISDN :+254736917540 
2017-03-10 9:34:27 - INFO  --> 273871600 
2017-03-10 9:34:35 - INFO  --> Incoming request for Kenya ussd !!!!!!! 
2017-03-10 9:34:35 - INFO  --> ============= RETRIEVING SDP PARAMETERS =============== 
2017-03-10 9:34:35 - INFO  --> LOG INCOMING PARAMETERS FROM GATEWAY 
2017-03-10 9:34:35 - INFO  --> SESSIONID :a91c6b7b-fbc5-4618-86c9-3c9ff8174acd|SERVICE CODE :*384*80#|MSISDN :+254736917540 
2017-03-10 9:34:35 - INFO  --> 273871600 
2017-03-10 9:50:38 - INFO  --> Incoming request for Kenya ussd !!!!!!! 
2017-03-10 9:50:38 - INFO  --> ============= KENYA TUKO QUIX CALL =============== 
2017-03-10 9:50:38 - INFO  --> ============= RETRIEVING SDP PARAMETERS =============== 
2017-03-10 9:50:38 - INFO  --> LOG INCOMING PARAMETERS FROM GATEWAY 
2017-03-10 9:50:38 - INFO  --> SESSIONID :8fd432f5-5ea0-41f2-8b34-efba4a8954c4|SERVICE CODE :*384*80#|MSISDN :+254736917540 
2017-03-10 9:50:38 - INFO  --> 273871600 
2017-03-10 9:50:38 - INFO  --> SESSION SAVED 
2017-03-10 9:58:15 - INFO  --> Incoming request for Kenya ussd !!!!!!! 
2017-03-10 9:58:15 - INFO  --> ============= KENYA TUKO QUIX CALL =============== 
2017-03-10 9:58:15 - INFO  --> ============= RETRIEVING SDP PARAMETERS =============== 
2017-03-10 9:58:15 - INFO  --> LOG INCOMING PARAMETERS FROM GATEWAY 
2017-03-10 9:58:15 - INFO  --> SESSIONID :56840c84-a5c6-47f0-9e09-fe6d6a249a1e|SERVICE CODE :*384*80#|MSISDN :+254736917540 
2017-03-10 9:58:15 - INFO  --> 273871600 
2017-03-10 9:58:15 - INFO  --> SESSION SAVED 
2017-03-10 10:04:31 - INFO  --> Incoming request for Kenya ussd !!!!!!! 
2017-03-10 10:04:31 - INFO  --> ============= KENYA TUKO QUIX CALL =============== 
2017-03-10 10:04:31 - INFO  --> ============= RETRIEVING SDP PARAMETERS =============== 
2017-03-10 10:04:31 - INFO  --> LOG INCOMING PARAMETERS FROM GATEWAY 
2017-03-10 10:04:31 - INFO  --> SESSIONID :cf7a680c-930a-4d4b-b471-99494949631d|SERVICE CODE :*384*80#|MSISDN :+254736917540 
2017-03-10 10:04:31 - INFO  --> 273871600 
2017-03-10 10:04:31 - INFO  --> SESSION SAVED 
2017-03-10 10:06:54 - INFO  --> Incoming request for Kenya ussd !!!!!!! 
2017-03-10 10:06:54 - INFO  --> ============= KENYA TUKO QUIX CALL =============== 
2017-03-10 10:06:54 - INFO  --> ============= RETRIEVING SDP PARAMETERS =============== 
2017-03-10 10:06:54 - INFO  --> LOG INCOMING PARAMETERS FROM GATEWAY 
2017-03-10 10:06:54 - INFO  --> SESSIONID :2816433b-02fe-4d84-b831-88e1b3f1e1de|SERVICE CODE :*384*80#|MSISDN :+254736917540 
2017-03-10 10:06:54 - INFO  --> 273871600 
2017-03-10 10:06:58 - INFO  --> Incoming request for Kenya ussd !!!!!!! 
2017-03-10 10:06:58 - INFO  --> ============= KENYA TUKO QUIX CALL =============== 
2017-03-10 10:06:58 - INFO  --> ============= RETRIEVING SDP PARAMETERS =============== 
2017-03-10 10:06:58 - INFO  --> LOG INCOMING PARAMETERS FROM GATEWAY 
2017-03-10 10:06:58 - INFO  --> SESSIONID :5f898ad0-9e9f-4728-9d4b-82678d086a25|SERVICE CODE :*384*80#|MSISDN :+254736917540 
2017-03-10 10:06:58 - INFO  --> 273871600 
2017-03-10 10:07:34 - INFO  --> Incoming request for Kenya ussd !!!!!!! 
2017-03-10 10:07:34 - INFO  --> ============= KENYA TUKO QUIX CALL =============== 
2017-03-10 10:07:34 - INFO  --> ============= RETRIEVING SDP PARAMETERS =============== 
2017-03-10 10:07:34 - INFO  --> LOG INCOMING PARAMETERS FROM GATEWAY 
2017-03-10 10:07:34 - INFO  --> SESSIONID :bb36b8d2-b641-48fd-9d8d-009d449c8e40|SERVICE CODE :*384*80#|MSISDN :+254736917540 
2017-03-10 10:07:34 - INFO  --> 273871600 
2017-03-10 10:09:16 - INFO  --> Incoming request for Kenya ussd !!!!!!! 
2017-03-10 10:09:16 - INFO  --> ============= KENYA TUKO QUIX CALL =============== 
2017-03-10 10:09:16 - INFO  --> ============= RETRIEVING SDP PARAMETERS =============== 
2017-03-10 10:09:16 - INFO  --> LOG INCOMING PARAMETERS FROM GATEWAY 
2017-03-10 10:09:16 - INFO  --> SESSIONID :64be264b-0a77-493b-9b86-be65dfd447fb|SERVICE CODE :*384*80#|MSISDN :+254736917540 
2017-03-10 10:09:16 - INFO  --> 273871600 
2017-03-10 10:09:19 - INFO  --> Incoming request for Kenya ussd !!!!!!! 
2017-03-10 10:09:19 - INFO  --> ============= KENYA TUKO QUIX CALL =============== 
2017-03-10 10:09:19 - INFO  --> ============= RETRIEVING SDP PARAMETERS =============== 
2017-03-10 10:09:19 - INFO  --> LOG INCOMING PARAMETERS FROM GATEWAY 
2017-03-10 10:09:19 - INFO  --> SESSIONID :da58c425-630c-4d66-9c7d-fa275fa47d65|SERVICE CODE :*384*80#|MSISDN :+254736917540 
2017-03-10 10:09:19 - INFO  --> 273871600 
2017-03-10 10:12:08 - INFO  --> Incoming request for Kenya ussd !!!!!!! 
2017-03-10 10:12:08 - INFO  --> ============= KENYA TUKO QUIX CALL =============== 
2017-03-10 10:12:08 - INFO  --> ============= RETRIEVING SDP PARAMETERS =============== 
2017-03-10 10:12:08 - INFO  --> LOG INCOMING PARAMETERS FROM GATEWAY 
2017-03-10 10:12:08 - INFO  --> SESSIONID :77ffd773-982d-4b63-93e3-0aa45fa0575b|SERVICE CODE :*384*80#|MSISDN :+254736917540 
2017-03-10 10:12:08 - INFO  --> 273871600 
2017-03-10 10:12:08 - INFO  --> SESSION SAVED 
2017-03-10 10:17:57 - INFO  --> Incoming request for Kenya ussd !!!!!!! 
2017-03-10 10:17:57 - INFO  --> ============= KENYA TUKO QUIX CALL =============== 
2017-03-10 10:17:57 - INFO  --> ============= RETRIEVING SDP PARAMETERS =============== 
2017-03-10 10:17:57 - INFO  --> LOG INCOMING PARAMETERS FROM GATEWAY 
2017-03-10 10:17:57 - INFO  --> SESSIONID :18973f37-f6d6-497a-a898-f10ab5a17906|SERVICE CODE :*384*80#|MSISDN :+254736917540 
2017-03-10 10:17:57 - INFO  --> 273871600 
2017-03-10 10:17:59 - INFO  --> Incoming request for Kenya ussd !!!!!!! 
2017-03-10 10:17:59 - INFO  --> ============= KENYA TUKO QUIX CALL =============== 
2017-03-10 10:17:59 - INFO  --> ============= RETRIEVING SDP PARAMETERS =============== 
2017-03-10 10:17:59 - INFO  --> LOG INCOMING PARAMETERS FROM GATEWAY 
2017-03-10 10:17:59 - INFO  --> SESSIONID :341ce918-f9eb-449e-a797-1acf9581b3a0|SERVICE CODE :*384*80#|MSISDN :+254736917540 
2017-03-10 10:17:59 - INFO  --> 273871600 
2017-03-10 10:18:33 - INFO  --> Incoming request for Kenya ussd !!!!!!! 
2017-03-10 10:18:33 - INFO  --> ============= KENYA TUKO QUIX CALL =============== 
2017-03-10 10:18:33 - INFO  --> ============= RETRIEVING SDP PARAMETERS =============== 
2017-03-10 10:18:33 - INFO  --> LOG INCOMING PARAMETERS FROM GATEWAY 
2017-03-10 10:18:33 - INFO  --> SESSIONID :aee5854b-0334-41a2-8106-535bb06603af|SERVICE CODE :*384*80#|MSISDN :+254736917540 
2017-03-10 10:18:33 - INFO  --> 273871600 
2017-03-10 10:18:35 - INFO  --> Incoming request for Kenya ussd !!!!!!! 
2017-03-10 10:18:35 - INFO  --> ============= KENYA TUKO QUIX CALL =============== 
2017-03-10 10:18:35 - INFO  --> ============= RETRIEVING SDP PARAMETERS =============== 
2017-03-10 10:18:35 - INFO  --> LOG INCOMING PARAMETERS FROM GATEWAY 
2017-03-10 10:18:35 - INFO  --> SESSIONID :4d8caa8c-bee8-4d7f-9a3d-66ff7ba9028a|SERVICE CODE :*384*80#|MSISDN :+254736917540 
2017-03-10 10:18:35 - INFO  --> 273871600 
2017-03-10 10:20:18 - INFO  --> Incoming request for Kenya ussd !!!!!!! 
2017-03-10 10:20:18 - INFO  --> ============= KENYA TUKO QUIX CALL =============== 
2017-03-10 10:20:18 - INFO  --> ============= RETRIEVING SDP PARAMETERS =============== 
2017-03-10 10:20:18 - INFO  --> LOG INCOMING PARAMETERS FROM GATEWAY 
2017-03-10 10:20:18 - INFO  --> SESSIONID :c3bba9a2-5c1a-465a-b28e-50aaab6ff71f|SERVICE CODE :*384*80#|MSISDN :+254736917540 
2017-03-10 10:20:18 - INFO  --> 273871600 
2017-03-10 10:20:22 - INFO  --> Incoming request for Kenya ussd !!!!!!! 
2017-03-10 10:20:22 - INFO  --> ============= KENYA TUKO QUIX CALL =============== 
2017-03-10 10:20:22 - INFO  --> ============= RETRIEVING SDP PARAMETERS =============== 
2017-03-10 10:20:22 - INFO  --> LOG INCOMING PARAMETERS FROM GATEWAY 
2017-03-10 10:20:22 - INFO  --> SESSIONID :462ac01c-839f-4796-9450-6b27ce2551d0|SERVICE CODE :*384*80#|MSISDN :+254736917540 
2017-03-10 10:20:22 - INFO  --> 273871600 
2017-03-10 10:23:33 - INFO  --> Incoming request for Kenya ussd !!!!!!! 
2017-03-10 10:23:33 - INFO  --> ============= KENYA TUKO QUIX CALL =============== 
2017-03-10 10:23:33 - INFO  --> ============= RETRIEVING SDP PARAMETERS =============== 
2017-03-10 10:23:33 - INFO  --> LOG INCOMING PARAMETERS FROM GATEWAY 
2017-03-10 10:23:33 - INFO  --> SESSIONID :b0e9750f-dfcc-4bf8-8f59-5f95f81d7b9d|SERVICE CODE :*384*80#|MSISDN :+254736917540 
2017-03-10 10:23:33 - INFO  --> 273871600 
2017-03-10 10:23:36 - INFO  --> Incoming request for Kenya ussd !!!!!!! 
2017-03-10 10:23:36 - INFO  --> ============= KENYA TUKO QUIX CALL =============== 
2017-03-10 10:23:36 - INFO  --> ============= RETRIEVING SDP PARAMETERS =============== 
2017-03-10 10:23:36 - INFO  --> LOG INCOMING PARAMETERS FROM GATEWAY 
2017-03-10 10:23:36 - INFO  --> SESSIONID :aa320589-2a25-46fe-bc14-1b67eb9ed08d|SERVICE CODE :*384*80#|MSISDN :+254736917540 
2017-03-10 10:23:36 - INFO  --> 273871600 
2017-03-10 10:25:53 - INFO  --> Incoming request for Kenya ussd !!!!!!! 
2017-03-10 10:25:53 - INFO  --> ============= KENYA TUKO QUIX CALL =============== 
2017-03-10 10:25:53 - INFO  --> ============= RETRIEVING SDP PARAMETERS =============== 
2017-03-10 10:25:53 - INFO  --> LOG INCOMING PARAMETERS FROM GATEWAY 
2017-03-10 10:25:53 - INFO  --> SESSIONID :43383f7f-e056-4f61-a1c5-c5e655c9d9a2|SERVICE CODE :*384*80#|MSISDN :+254736917540 
2017-03-10 10:25:53 - INFO  --> 273871600 
2017-03-10 10:25:56 - INFO  --> Incoming request for Kenya ussd !!!!!!! 
2017-03-10 10:25:56 - INFO  --> ============= KENYA TUKO QUIX CALL =============== 
2017-03-10 10:25:56 - INFO  --> ============= RETRIEVING SDP PARAMETERS =============== 
2017-03-10 10:25:56 - INFO  --> LOG INCOMING PARAMETERS FROM GATEWAY 
2017-03-10 10:25:56 - INFO  --> SESSIONID :257f6a3c-d36a-48af-9f97-53dcf4f70ecf|SERVICE CODE :*384*80#|MSISDN :+254736917540 
2017-03-10 10:25:56 - INFO  --> 273871600 
2017-03-10 10:25:58 - INFO  --> Incoming request for Kenya ussd !!!!!!! 
2017-03-10 10:25:58 - INFO  --> ============= KENYA TUKO QUIX CALL =============== 
2017-03-10 10:25:58 - INFO  --> ============= RETRIEVING SDP PARAMETERS =============== 
2017-03-10 10:25:58 - INFO  --> LOG INCOMING PARAMETERS FROM GATEWAY 
2017-03-10 10:25:58 - INFO  --> SESSIONID :a2624473-d3bf-4a03-b4a0-bad26428874c|SERVICE CODE :*384*80#|MSISDN :+254736917540 
2017-03-10 10:25:58 - INFO  --> 273871600 
2017-03-10 10:26:01 - INFO  --> Incoming request for Kenya ussd !!!!!!! 
2017-03-10 10:26:01 - INFO  --> ============= KENYA TUKO QUIX CALL =============== 
2017-03-10 10:26:01 - INFO  --> ============= RETRIEVING SDP PARAMETERS =============== 
2017-03-10 10:26:01 - INFO  --> LOG INCOMING PARAMETERS FROM GATEWAY 
2017-03-10 10:26:01 - INFO  --> SESSIONID :5effeb80-6ba4-48bd-8519-aee2d1bb6e62|SERVICE CODE :*384*80#|MSISDN :+254736917540 
2017-03-10 10:26:01 - INFO  --> 273871600 
2017-03-10 10:28:22 - INFO  --> Incoming request for Kenya ussd !!!!!!! 
2017-03-10 10:28:22 - INFO  --> ============= KENYA TUKO QUIX CALL =============== 
2017-03-10 10:28:22 - INFO  --> ============= RETRIEVING SDP PARAMETERS =============== 
2017-03-10 10:28:22 - INFO  --> LOG INCOMING PARAMETERS FROM GATEWAY 
2017-03-10 10:28:22 - INFO  --> SESSIONID :232164e0-3761-4140-8c66-b6336778526b|SERVICE CODE :*384*80#|MSISDN :+254736917540 
2017-03-10 10:28:22 - INFO  --> 273871600 
2017-03-10 10:28:26 - INFO  --> Incoming request for Kenya ussd !!!!!!! 
2017-03-10 10:28:26 - INFO  --> ============= KENYA TUKO QUIX CALL =============== 
2017-03-10 10:28:26 - INFO  --> ============= RETRIEVING SDP PARAMETERS =============== 
2017-03-10 10:28:26 - INFO  --> LOG INCOMING PARAMETERS FROM GATEWAY 
2017-03-10 10:28:26 - INFO  --> SESSIONID :c2d1534e-24c9-41ed-8b3c-cfd6e3841d49|SERVICE CODE :*384*80#|MSISDN :+254736917540 
2017-03-10 10:28:26 - INFO  --> 273871600 
2017-03-10 10:30:29 - INFO  --> Incoming request for Kenya ussd !!!!!!! 
2017-03-10 10:30:29 - INFO  --> ============= KENYA TUKO QUIX CALL =============== 
2017-03-10 10:30:29 - INFO  --> ============= RETRIEVING SDP PARAMETERS =============== 
2017-03-10 10:30:29 - INFO  --> LOG INCOMING PARAMETERS FROM GATEWAY 
2017-03-10 10:30:29 - INFO  --> SESSIONID :b7fc9488-5c73-4790-bc70-7e0aaf7d8bc9|SERVICE CODE :*384*80#|MSISDN :+254736917540 
2017-03-10 10:30:29 - INFO  --> 273871600 
2017-03-10 10:30:32 - INFO  --> Incoming request for Kenya ussd !!!!!!! 
2017-03-10 10:30:32 - INFO  --> ============= KENYA TUKO QUIX CALL =============== 
2017-03-10 10:30:32 - INFO  --> ============= RETRIEVING SDP PARAMETERS =============== 
2017-03-10 10:30:32 - INFO  --> LOG INCOMING PARAMETERS FROM GATEWAY 
2017-03-10 10:30:32 - INFO  --> SESSIONID :d762fc8c-c268-426d-9aba-b6494e348459|SERVICE CODE :*384*80#|MSISDN :+254736917540 
2017-03-10 10:30:32 - INFO  --> 273871600 
2017-03-10 10:31:45 - INFO  --> Incoming request for Kenya ussd !!!!!!! 
2017-03-10 10:31:45 - INFO  --> ============= KENYA TUKO QUIX CALL =============== 
2017-03-10 10:31:45 - INFO  --> ============= RETRIEVING SDP PARAMETERS =============== 
2017-03-10 10:31:45 - INFO  --> LOG INCOMING PARAMETERS FROM GATEWAY 
2017-03-10 10:31:45 - INFO  --> SESSIONID :87ddb4ca-3ab4-4651-ac97-89a8dbd64349|SERVICE CODE :*384*80#|MSISDN :+254736917540 
2017-03-10 10:31:45 - INFO  --> 273871600 
2017-03-10 10:31:48 - INFO  --> Incoming request for Kenya ussd !!!!!!! 
2017-03-10 10:31:48 - INFO  --> ============= KENYA TUKO QUIX CALL =============== 
2017-03-10 10:31:48 - INFO  --> ============= RETRIEVING SDP PARAMETERS =============== 
2017-03-10 10:31:48 - INFO  --> LOG INCOMING PARAMETERS FROM GATEWAY 
2017-03-10 10:31:48 - INFO  --> SESSIONID :5eda3e16-6609-45f4-83dc-5383603d797b|SERVICE CODE :*384*80#|MSISDN :+254736917540 
2017-03-10 10:31:48 - INFO  --> 273871600 
2017-03-10 10:32:16 - INFO  --> Incoming request for Kenya ussd !!!!!!! 
2017-03-10 10:32:16 - INFO  --> ============= KENYA TUKO QUIX CALL =============== 
2017-03-10 10:32:16 - INFO  --> ============= RETRIEVING SDP PARAMETERS =============== 
2017-03-10 10:32:16 - INFO  --> LOG INCOMING PARAMETERS FROM GATEWAY 
2017-03-10 10:32:16 - INFO  --> SESSIONID :bcf25a25-1910-4b82-9c6b-ba1736988d8f|SERVICE CODE :*384*80#|MSISDN :+254736917540 
2017-03-10 10:32:16 - INFO  --> 273871600 
2017-03-10 10:32:18 - INFO  --> Incoming request for Kenya ussd !!!!!!! 
2017-03-10 10:32:18 - INFO  --> ============= KENYA TUKO QUIX CALL =============== 
2017-03-10 10:32:18 - INFO  --> ============= RETRIEVING SDP PARAMETERS =============== 
2017-03-10 10:32:18 - INFO  --> LOG INCOMING PARAMETERS FROM GATEWAY 
2017-03-10 10:32:18 - INFO  --> SESSIONID :908ee1fe-d9fe-477f-85c0-1ac7f276fd92|SERVICE CODE :*384*80#|MSISDN :+254736917540 
2017-03-10 10:32:18 - INFO  --> 273871600 
2017-03-10 10:32:59 - INFO  --> Incoming request for Kenya ussd !!!!!!! 
2017-03-10 10:32:59 - INFO  --> ============= KENYA TUKO QUIX CALL =============== 
2017-03-10 10:32:59 - INFO  --> ============= RETRIEVING SDP PARAMETERS =============== 
2017-03-10 10:32:59 - INFO  --> LOG INCOMING PARAMETERS FROM GATEWAY 
2017-03-10 10:32:59 - INFO  --> SESSIONID :3615c54a-f7a3-482e-8f08-3170dc362ff4|SERVICE CODE :*384*80#|MSISDN :+254736917540 
2017-03-10 10:32:59 - INFO  --> 273871600 
2017-03-10 10:33:02 - INFO  --> Incoming request for Kenya ussd !!!!!!! 
2017-03-10 10:33:02 - INFO  --> ============= KENYA TUKO QUIX CALL =============== 
2017-03-10 10:33:02 - INFO  --> ============= RETRIEVING SDP PARAMETERS =============== 
2017-03-10 10:33:02 - INFO  --> LOG INCOMING PARAMETERS FROM GATEWAY 
2017-03-10 10:33:02 - INFO  --> SESSIONID :bcdd78dc-55a8-497e-92c8-97f3707af89a|SERVICE CODE :*384*80#|MSISDN :+254736917540 
2017-03-10 10:33:02 - INFO  --> 273871600 
2017-03-10 10:34:06 - INFO  --> Incoming request for Kenya ussd !!!!!!! 
2017-03-10 10:34:06 - INFO  --> ============= KENYA TUKO QUIX CALL =============== 
2017-03-10 10:34:06 - INFO  --> ============= RETRIEVING SDP PARAMETERS =============== 
2017-03-10 10:34:06 - INFO  --> LOG INCOMING PARAMETERS FROM GATEWAY 
2017-03-10 10:34:06 - INFO  --> SESSIONID :9ce77834-3dbb-4a92-905a-ca374f2f1e5c|SERVICE CODE :*384*80#|MSISDN :+254736917540 
2017-03-10 10:34:06 - INFO  --> 273871600 
2017-03-10 10:34:11 - INFO  --> Incoming request for Kenya ussd !!!!!!! 
2017-03-10 10:34:11 - INFO  --> ============= KENYA TUKO QUIX CALL =============== 
2017-03-10 10:34:11 - INFO  --> ============= RETRIEVING SDP PARAMETERS =============== 
2017-03-10 10:34:11 - INFO  --> LOG INCOMING PARAMETERS FROM GATEWAY 
2017-03-10 10:34:11 - INFO  --> SESSIONID :31b28be8-0be6-4a29-8027-0faeaab4ca0c|SERVICE CODE :*384*80#|MSISDN :+254736917540 
2017-03-10 10:34:11 - INFO  --> 273871600 
2017-03-10 10:41:19 - INFO  --> Incoming request for Kenya ussd !!!!!!! 
2017-03-10 10:41:19 - INFO  --> ============= KENYA TUKO QUIX CALL =============== 
2017-03-10 10:41:19 - INFO  --> ============= RETRIEVING SDP PARAMETERS =============== 
2017-03-10 10:41:19 - INFO  --> LOG INCOMING PARAMETERS FROM GATEWAY 
2017-03-10 10:41:19 - INFO  --> SESSIONID :50480ac5-8c79-4eb7-a39e-88b029ec9c2c|SERVICE CODE :*384*80#|MSISDN :+254736917540 
2017-03-10 10:41:19 - INFO  --> 273871600 
2017-03-10 10:41:23 - INFO  --> Incoming request for Kenya ussd !!!!!!! 
2017-03-10 10:41:23 - INFO  --> ============= KENYA TUKO QUIX CALL =============== 
2017-03-10 10:41:23 - INFO  --> ============= RETRIEVING SDP PARAMETERS =============== 
2017-03-10 10:41:23 - INFO  --> LOG INCOMING PARAMETERS FROM GATEWAY 
2017-03-10 10:41:23 - INFO  --> SESSIONID :31988bf3-d47e-4cb1-a126-3bdbe4614341|SERVICE CODE :*384*80#|MSISDN :+254736917540 
2017-03-10 10:41:23 - INFO  --> 273871600 
2017-03-10 10:41:51 - INFO  --> Incoming request for Kenya ussd !!!!!!! 
2017-03-10 10:41:51 - INFO  --> ============= KENYA TUKO QUIX CALL =============== 
2017-03-10 10:41:51 - INFO  --> ============= RETRIEVING SDP PARAMETERS =============== 
2017-03-10 10:41:51 - INFO  --> LOG INCOMING PARAMETERS FROM GATEWAY 
2017-03-10 10:41:51 - INFO  --> SESSIONID :522a0461-9785-42a2-be75-2b05720fe69f|SERVICE CODE :*384*80#|MSISDN :+254736917540 
2017-03-10 10:41:51 - INFO  --> 273871600 
2017-03-10 10:41:55 - INFO  --> Incoming request for Kenya ussd !!!!!!! 
2017-03-10 10:41:55 - INFO  --> ============= KENYA TUKO QUIX CALL =============== 
2017-03-10 10:41:55 - INFO  --> ============= RETRIEVING SDP PARAMETERS =============== 
2017-03-10 10:41:55 - INFO  --> LOG INCOMING PARAMETERS FROM GATEWAY 
2017-03-10 10:41:55 - INFO  --> SESSIONID :cff57e4b-b3e2-48ab-866a-84b9fb19d452|SERVICE CODE :*384*80#|MSISDN :+254736917540 
2017-03-10 10:41:55 - INFO  --> 273871600 
2017-03-10 10:42:18 - INFO  --> Incoming request for Kenya ussd !!!!!!! 
2017-03-10 10:42:18 - INFO  --> ============= KENYA TUKO QUIX CALL =============== 
2017-03-10 10:42:18 - INFO  --> ============= RETRIEVING SDP PARAMETERS =============== 
2017-03-10 10:42:18 - INFO  --> LOG INCOMING PARAMETERS FROM GATEWAY 
2017-03-10 10:42:18 - INFO  --> SESSIONID :f01970c8-e80f-466b-a74a-6f62cd78d07f|SERVICE CODE :*384*80#|MSISDN :+254736917540 
2017-03-10 10:42:18 - INFO  --> 273871600 
2017-03-10 10:42:48 - INFO  --> Incoming request for Kenya ussd !!!!!!! 
2017-03-10 10:42:48 - INFO  --> ============= KENYA TUKO QUIX CALL =============== 
2017-03-10 10:42:48 - INFO  --> ============= RETRIEVING SDP PARAMETERS =============== 
2017-03-10 10:42:48 - INFO  --> LOG INCOMING PARAMETERS FROM GATEWAY 
2017-03-10 10:42:48 - INFO  --> SESSIONID :cdb2bc0b-cd9b-46a2-abdf-25b43aeb76c6|SERVICE CODE :*384*80#|MSISDN :+254736917540 
2017-03-10 10:42:48 - INFO  --> 273871600 
2017-03-10 10:42:48 - INFO  --> SESSION SAVED 
2017-03-10 10:43:05 - INFO  --> Incoming request for Kenya ussd !!!!!!! 
2017-03-10 10:43:05 - INFO  --> ============= KENYA TUKO QUIX CALL =============== 
2017-03-10 10:43:05 - INFO  --> ============= RETRIEVING SDP PARAMETERS =============== 
2017-03-10 10:43:05 - INFO  --> LOG INCOMING PARAMETERS FROM GATEWAY 
2017-03-10 10:43:05 - INFO  --> SESSIONID :26a286c8-bdc0-4121-89f8-6cf22ba88455|SERVICE CODE :*384*80#|MSISDN :+254736917540 
2017-03-10 10:43:05 - INFO  --> 273871600 
2017-03-10 10:44:34 - INFO  --> Incoming request for Kenya ussd !!!!!!! 
2017-03-10 10:44:34 - INFO  --> ============= KENYA TUKO QUIX CALL =============== 
2017-03-10 10:44:34 - INFO  --> ============= RETRIEVING SDP PARAMETERS =============== 
2017-03-10 10:44:34 - INFO  --> LOG INCOMING PARAMETERS FROM GATEWAY 
2017-03-10 10:44:34 - INFO  --> SESSIONID :632f5b84-7eac-4204-a380-058a3597fc57|SERVICE CODE :*384*80#|MSISDN :+254736917540 
2017-03-10 10:44:34 - INFO  --> 273871600 
2017-03-10 10:44:50 - INFO  --> Incoming request for Kenya ussd !!!!!!! 
2017-03-10 10:44:50 - INFO  --> ============= KENYA TUKO QUIX CALL =============== 
2017-03-10 10:44:50 - INFO  --> ============= RETRIEVING SDP PARAMETERS =============== 
2017-03-10 10:44:50 - INFO  --> LOG INCOMING PARAMETERS FROM GATEWAY 
2017-03-10 10:44:50 - INFO  --> SESSIONID :9400831c-245c-49d1-8ae7-60cedd909c99|SERVICE CODE :*384*80#|MSISDN :+254736917540 
2017-03-10 10:44:50 - INFO  --> 27 
2017-03-10 14:37:46 - INFO  --> Incoming request for Kenya ussd !!!!!!! 
2017-03-10 14:38:35 - INFO  --> Incoming request for Kenya ussd !!!!!!! 
2017-03-10 14:38:35 - INFO  --> ============= KENYA TUKO QUIX CALL =============== 
2017-03-10 14:38:35 - INFO  --> ============= RETRIEVING SDP PARAMETERS =============== 
2017-03-10 14:38:35 - INFO  --> LOG INCOMING PARAMETERS FROM GATEWAY 
2017-03-10 14:38:35 - INFO  --> SESSIONID :6b59feb4-79a6-422a-9dea-ecbc1ca262af|SERVICE CODE :*384*80#|MSISDN :+254736917540 
2017-03-10 14:38:35 - INFO  --> 27 
2017-03-10 14:38:35 - INFO  --> SESSION SAVED 
2017-03-10 14:38:41 - INFO  --> Incoming request for Kenya ussd !!!!!!! 
2017-03-10 14:38:41 - INFO  --> ============= KENYA TUKO QUIX CALL =============== 
2017-03-10 14:38:41 - INFO  --> ============= RETRIEVING SDP PARAMETERS =============== 
2017-03-10 14:38:41 - INFO  --> LOG INCOMING PARAMETERS FROM GATEWAY 
2017-03-10 14:38:41 - INFO  --> SESSIONID :6b59feb4-79a6-422a-9dea-ecbc1ca262af|SERVICE CODE :*384*80#|MSISDN :+254736917540 
2017-03-10 14:38:41 - INFO  --> 27 
2017-03-10 14:38:51 - INFO  --> Incoming request for Kenya ussd !!!!!!! 
2017-03-10 14:38:51 - INFO  --> ============= KENYA TUKO QUIX CALL =============== 
2017-03-10 14:38:51 - INFO  --> ============= RETRIEVING SDP PARAMETERS =============== 
2017-03-10 14:38:51 - INFO  --> LOG INCOMING PARAMETERS FROM GATEWAY 
2017-03-10 14:38:51 - INFO  --> SESSIONID :6b59feb4-79a6-422a-9dea-ecbc1ca262af|SERVICE CODE :*384*80#|MSISDN :+254736917540 
2017-03-10 14:38:51 - INFO  --> 27736917540 
2017-03-10 14:39:21 - INFO  --> Incoming request for Kenya ussd !!!!!!! 
2017-03-10 14:39:21 - INFO  --> ============= KENYA TUKO QUIX CALL =============== 
2017-03-10 14:39:21 - INFO  --> ============= RETRIEVING SDP PARAMETERS =============== 
2017-03-10 14:39:21 - INFO  --> LOG INCOMING PARAMETERS FROM GATEWAY 
2017-03-10 14:39:21 - INFO  --> SESSIONID :32b301f0-05c1-4d87-b6ff-2ce9cc7fed98|SERVICE CODE :*384*80#|MSISDN :+254736917540 
2017-03-10 14:39:21 - INFO  --> 27 
2017-03-10 14:48:32 - INFO  --> Incoming request for Kenya ussd !!!!!!! 
2017-03-10 14:48:32 - INFO  --> ============= KENYA TUKO QUIX CALL =============== 
2017-03-10 14:48:32 - INFO  --> ============= RETRIEVING SDP PARAMETERS =============== 
2017-03-10 14:48:32 - INFO  --> LOG INCOMING PARAMETERS FROM GATEWAY 
2017-03-10 14:48:32 - INFO  --> SESSIONID :44a62484-98d9-40f9-9922-8655888f9c00|SERVICE CODE :*384*80#|MSISDN :+254736917540 
2017-03-10 14:48:32 - INFO  --> 27 
2017-03-10 14:50:02 - INFO  --> Incoming request for Kenya ussd !!!!!!! 
2017-03-10 14:50:02 - INFO  --> ============= KENYA TUKO QUIX CALL =============== 
2017-03-10 14:50:02 - INFO  --> ============= RETRIEVING SDP PARAMETERS =============== 
2017-03-10 14:50:02 - INFO  --> LOG INCOMING PARAMETERS FROM GATEWAY 
2017-03-10 14:50:02 - INFO  --> SESSIONID :8794f012-ee8e-44a2-be8d-ae5bd58c4bb4|SERVICE CODE :*384*80#|MSISDN :+254736917540 
2017-03-10 14:50:02 - INFO  --> 27 
2017-03-10 14:50:02 - INFO  --> SESSION SAVED 
2017-03-10 14:50:15 - INFO  --> Incoming request for Kenya ussd !!!!!!! 
2017-03-10 14:50:15 - INFO  --> ============= KENYA TUKO QUIX CALL =============== 
2017-03-10 14:50:15 - INFO  --> ============= RETRIEVING SDP PARAMETERS =============== 
2017-03-10 14:50:15 - INFO  --> LOG INCOMING PARAMETERS FROM GATEWAY 
2017-03-10 14:50:15 - INFO  --> SESSIONID :8794f012-ee8e-44a2-be8d-ae5bd58c4bb4|SERVICE CODE :*384*80#|MSISDN :+254736917540 
2017-03-10 14:50:15 - INFO  --> 27 
2017-03-10 14:51:09 - INFO  --> Incoming request for Kenya ussd !!!!!!! 
2017-03-10 14:51:09 - INFO  --> ============= KENYA TUKO QUIX CALL =============== 
2017-03-10 14:51:09 - INFO  --> ============= RETRIEVING SDP PARAMETERS =============== 
2017-03-10 14:51:09 - INFO  --> LOG INCOMING PARAMETERS FROM GATEWAY 
2017-03-10 14:51:09 - INFO  --> SESSIONID :8794f012-ee8e-44a2-be8d-ae5bd58c4bb4|SERVICE CODE :*384*80#|MSISDN :+254736917540 
2017-03-10 14:51:09 - INFO  --> 27738371600 
2017-03-10 14:59:43 - INFO  --> Incoming request for Kenya ussd !!!!!!! 
2017-03-10 14:59:43 - INFO  --> ============= KENYA TUKO QUIX CALL =============== 
2017-03-10 14:59:43 - INFO  --> ============= RETRIEVING SDP PARAMETERS =============== 
2017-03-10 14:59:43 - INFO  --> LOG INCOMING PARAMETERS FROM GATEWAY 
2017-03-10 14:59:43 - INFO  --> SESSIONID :3e13e6f7-8b43-4b09-b056-8303d9ed6bbd|SERVICE CODE :*384*80#|MSISDN :+254736917540 
2017-03-10 14:59:43 - INFO  --> 27 
2017-03-10 14:59:43 - INFO  --> SESSION SAVED 
2017-03-10 14:59:52 - INFO  --> Incoming request for Kenya ussd !!!!!!! 
2017-03-10 14:59:52 - INFO  --> ============= KENYA TUKO QUIX CALL =============== 
2017-03-10 14:59:52 - INFO  --> ============= RETRIEVING SDP PARAMETERS =============== 
2017-03-10 14:59:52 - INFO  --> LOG INCOMING PARAMETERS FROM GATEWAY 
2017-03-10 14:59:52 - INFO  --> SESSIONID :3e13e6f7-8b43-4b09-b056-8303d9ed6bbd|SERVICE CODE :*384*80#|MSISDN :+254736917540 
2017-03-10 14:59:52 - INFO  --> 27 
2017-03-10 15:00:33 - INFO  --> Incoming request for Kenya ussd !!!!!!! 
2017-03-10 15:00:33 - INFO  --> ============= KENYA TUKO QUIX CALL =============== 
2017-03-10 15:00:33 - INFO  --> ============= RETRIEVING SDP PARAMETERS =============== 
2017-03-10 15:00:33 - INFO  --> LOG INCOMING PARAMETERS FROM GATEWAY 
2017-03-10 15:00:33 - INFO  --> SESSIONID :3e13e6f7-8b43-4b09-b056-8303d9ed6bbd|SERVICE CODE :*384*80#|MSISDN :+254736917540 
2017-03-10 15:00:33 - INFO  --> 27738371600 
2017-03-10 15:02:17 - INFO  --> Incoming request for Kenya ussd !!!!!!! 
2017-03-10 15:02:17 - INFO  --> ============= KENYA TUKO QUIX CALL =============== 
2017-03-10 15:02:17 - INFO  --> ============= RETRIEVING SDP PARAMETERS =============== 
2017-03-10 15:02:17 - INFO  --> LOG INCOMING PARAMETERS FROM GATEWAY 
2017-03-10 15:02:17 - INFO  --> SESSIONID :1945e2bd-1a56-4ed7-9a33-17a698c57921|SERVICE CODE :*384*80#|MSISDN :+254736917540 
2017-03-10 15:02:17 - INFO  --> 254 
2017-03-10 15:03:19 - INFO  --> Incoming request for Kenya ussd !!!!!!! 
2017-03-10 15:03:19 - INFO  --> ============= KENYA TUKO QUIX CALL =============== 
2017-03-10 15:03:19 - INFO  --> ============= RETRIEVING SDP PARAMETERS =============== 
2017-03-10 15:03:19 - INFO  --> LOG INCOMING PARAMETERS FROM GATEWAY 
2017-03-10 15:03:19 - INFO  --> SESSIONID :cf9d52c0-8af7-4eef-b9ac-f69bfd47e7a3|SERVICE CODE :*384*80#|MSISDN :+254736917540 
2017-03-10 15:03:19 - INFO  --> 2548371600 
2017-03-10 15:07:17 - INFO  --> Incoming request for Kenya ussd !!!!!!! 
2017-03-10 15:07:17 - INFO  --> ============= KENYA TUKO QUIX CALL =============== 
2017-03-10 15:07:17 - INFO  --> ============= RETRIEVING SDP PARAMETERS =============== 
2017-03-10 15:07:17 - INFO  --> LOG INCOMING PARAMETERS FROM GATEWAY 
2017-03-10 15:07:17 - INFO  --> SESSIONID :94ade0d2-28d9-4e73-a218-7cad5498b3ae|SERVICE CODE :*384*80#|MSISDN :+254736917540 
2017-03-10 15:07:17 - INFO  --> 2548371600 
2017-03-10 15:07:29 - INFO  --> Incoming request for Kenya ussd !!!!!!! 
2017-03-10 15:07:29 - INFO  --> ============= KENYA TUKO QUIX CALL =============== 
2017-03-10 15:07:29 - INFO  --> ============= RETRIEVING SDP PARAMETERS =============== 
2017-03-10 15:07:29 - INFO  --> LOG INCOMING PARAMETERS FROM GATEWAY 
2017-03-10 15:07:29 - INFO  --> SESSIONID :dfbf2ca5-a144-4753-99f7-37b44aedbaa5|SERVICE CODE :*384*80#|MSISDN :+254736917540 
2017-03-10 15:07:29 - INFO  --> 2548371600 
2017-03-10 15:07:56 - INFO  --> Incoming request for Kenya ussd !!!!!!! 
2017-03-10 15:07:56 - INFO  --> ============= KENYA TUKO QUIX CALL =============== 
2017-03-10 15:07:56 - INFO  --> ============= RETRIEVING SDP PARAMETERS =============== 
2017-03-10 15:07:56 - INFO  --> LOG INCOMING PARAMETERS FROM GATEWAY 
2017-03-10 15:07:56 - INFO  --> SESSIONID :72dfd36c-ab39-4ee3-8f24-57fcc9deab8a|SERVICE CODE :*384*80#|MSISDN :+254736917540 
2017-03-10 15:07:56 - INFO  --> 254 
2017-03-10 15:07:56 - INFO  --> SESSION SAVED 
2017-03-10 15:08:08 - INFO  --> Incoming request for Kenya ussd !!!!!!! 
2017-03-10 15:08:08 - INFO  --> ============= KENYA TUKO QUIX CALL =============== 
2017-03-10 15:08:08 - INFO  --> ============= RETRIEVING SDP PARAMETERS =============== 
2017-03-10 15:08:08 - INFO  --> LOG INCOMING PARAMETERS FROM GATEWAY 
2017-03-10 15:08:08 - INFO  --> SESSIONID :72dfd36c-ab39-4ee3-8f24-57fcc9deab8a|SERVICE CODE :*384*80#|MSISDN :+254736917540 
2017-03-10 15:08:08 - INFO  --> 254 
2017-03-10 15:08:18 - INFO  --> Incoming request for Kenya ussd !!!!!!! 
2017-03-10 15:08:18 - INFO  --> ============= KENYA TUKO QUIX CALL =============== 
2017-03-10 15:08:18 - INFO  --> ============= RETRIEVING SDP PARAMETERS =============== 
2017-03-10 15:08:18 - INFO  --> LOG INCOMING PARAMETERS FROM GATEWAY 
2017-03-10 15:08:18 - INFO  --> SESSIONID :72dfd36c-ab39-4ee3-8f24-57fcc9deab8a|SERVICE CODE :*384*80#|MSISDN :+254736917540 
2017-03-10 15:08:18 - INFO  --> 254736917540 
2017-03-10 15:08:38 - INFO  --> Incoming request for Kenya ussd !!!!!!! 
2017-03-10 15:08:38 - INFO  --> ============= KENYA TUKO QUIX CALL =============== 
2017-03-10 15:08:38 - INFO  --> ============= RETRIEVING SDP PARAMETERS =============== 
2017-03-10 15:08:38 - INFO  --> LOG INCOMING PARAMETERS FROM GATEWAY 
2017-03-10 15:08:38 - INFO  --> SESSIONID :b6d6d28d-a386-4c1a-b29d-b0cc52cebbe6|SERVICE CODE :*384*80#|MSISDN :+254736917540 
2017-03-10 15:08:38 - INFO  --> 254 
2017-03-10 15:09:20 - INFO  --> Incoming request for Kenya ussd !!!!!!! 
2017-03-10 15:09:20 - INFO  --> ============= KENYA TUKO QUIX CALL =============== 
2017-03-10 15:09:20 - INFO  --> ============= RETRIEVING SDP PARAMETERS =============== 
2017-03-10 15:09:20 - INFO  --> LOG INCOMING PARAMETERS FROM GATEWAY 
2017-03-10 15:09:20 - INFO  --> SESSIONID :ac059e28-71fb-48c0-bbbb-c923e53a4159|SERVICE CODE :*384*80#|MSISDN :+254736917540 
2017-03-10 15:09:20 - INFO  --> 2548371600 
2017-03-10 15:16:00 - INFO  --> Incoming request for Kenya ussd !!!!!!! 
2017-03-10 15:16:00 - INFO  --> ============= KENYA TUKO QUIX CALL =============== 
2017-03-10 15:16:00 - INFO  --> ============= RETRIEVING SDP PARAMETERS =============== 
2017-03-10 15:16:00 - INFO  --> LOG INCOMING PARAMETERS FROM GATEWAY 
2017-03-10 15:16:00 - INFO  --> SESSIONID :c7d619d2-33a4-403b-b064-7a553e6a542f|SERVICE CODE :*384*80#|MSISDN :+254736917540 
2017-03-10 15:16:00 - INFO  --> 2548371600 
2017-03-10 15:16:00 - INFO  --> SESSION SAVED 
2017-03-10 15:17:41 - INFO  --> Incoming request for Kenya ussd !!!!!!! 
2017-03-10 15:17:41 - INFO  --> ============= KENYA TUKO QUIX CALL =============== 
2017-03-10 15:17:41 - INFO  --> ============= RETRIEVING SDP PARAMETERS =============== 
2017-03-10 15:17:41 - INFO  --> LOG INCOMING PARAMETERS FROM GATEWAY 
2017-03-10 15:17:41 - INFO  --> SESSIONID :54561b7f-49f0-49c3-a6fa-760e75bf4f14|SERVICE CODE :*384*80#|MSISDN :+254736917540 
2017-03-10 15:17:41 - INFO  --> 254 
2017-03-10 15:17:46 - INFO  --> Incoming request for Kenya ussd !!!!!!! 
2017-03-10 15:17:46 - INFO  --> ============= KENYA TUKO QUIX CALL =============== 
2017-03-10 15:17:46 - INFO  --> ============= RETRIEVING SDP PARAMETERS =============== 
2017-03-10 15:17:46 - INFO  --> LOG INCOMING PARAMETERS FROM GATEWAY 
2017-03-10 15:17:46 - INFO  --> SESSIONID :79673cd2-6853-4601-9497-5d4e0bfd79f0|SERVICE CODE :*384*80#|MSISDN :+254736917540 
2017-03-10 15:17:46 - INFO  --> 254 
2017-03-10 15:17:51 - INFO  --> Incoming request for Kenya ussd !!!!!!! 
2017-03-10 15:17:51 - INFO  --> ============= KENYA TUKO QUIX CALL =============== 
2017-03-10 15:17:51 - INFO  --> ============= RETRIEVING SDP PARAMETERS =============== 
2017-03-10 15:17:51 - INFO  --> LOG INCOMING PARAMETERS FROM GATEWAY 
2017-03-10 15:17:51 - INFO  --> SESSIONID :c87f7c0a-8a87-4859-af18-c67e3c1d6ada|SERVICE CODE :*384*80#|MSISDN :+254736917540 
2017-03-10 15:17:51 - INFO  --> 2548371600 
2017-03-10 15:17:52 - INFO  --> SESSION SAVED 
2017-03-10 15:17:55 - INFO  --> Incoming request for Kenya ussd !!!!!!! 
2017-03-10 15:17:55 - INFO  --> ============= KENYA TUKO QUIX CALL =============== 
2017-03-10 15:17:55 - INFO  --> ============= RETRIEVING SDP PARAMETERS =============== 
2017-03-10 15:17:55 - INFO  --> LOG INCOMING PARAMETERS FROM GATEWAY 
2017-03-10 15:17:55 - INFO  --> SESSIONID :3fd95429-edde-4db6-b478-a929ae8aafa3|SERVICE CODE :*384*80#|MSISDN :+254736917540 
2017-03-10 15:17:55 - INFO  --> 2548371600 
2017-03-10 15:17:55 - INFO  --> SESSION SAVED 
2017-03-10 15:17:58 - INFO  --> Incoming request for Kenya ussd !!!!!!! 
2017-03-10 15:17:58 - INFO  --> ============= KENYA TUKO QUIX CALL =============== 
2017-03-10 15:17:58 - INFO  --> ============= RETRIEVING SDP PARAMETERS =============== 
2017-03-10 15:17:58 - INFO  --> LOG INCOMING PARAMETERS FROM GATEWAY 
2017-03-10 15:17:58 - INFO  --> SESSIONID :daaa5137-351c-466c-86bd-242576317993|SERVICE CODE :*384*80#|MSISDN :+254736917540 
2017-03-10 15:17:58 - INFO  --> 2548371600 
2017-03-10 15:17:59 - INFO  --> SESSION SAVED 
2017-03-10 15:18:02 - INFO  --> Incoming request for Kenya ussd !!!!!!! 
2017-03-10 15:18:02 - INFO  --> ============= KENYA TUKO QUIX CALL =============== 
2017-03-10 15:18:02 - INFO  --> ============= RETRIEVING SDP PARAMETERS =============== 
2017-03-10 15:18:02 - INFO  --> LOG INCOMING PARAMETERS FROM GATEWAY 
2017-03-10 15:18:02 - INFO  --> SESSIONID :b695b029-6b9a-4207-b007-1438ac05a8e6|SERVICE CODE :*384*80#|MSISDN :+254736917540 
2017-03-10 15:18:02 - INFO  --> 2548371600 
2017-03-10 15:18:11 - INFO  --> Incoming request for Kenya ussd !!!!!!! 
2017-03-10 15:18:11 - INFO  --> ============= KENYA TUKO QUIX CALL =============== 
2017-03-10 15:18:11 - INFO  --> ============= RETRIEVING SDP PARAMETERS =============== 
2017-03-10 15:18:11 - INFO  --> LOG INCOMING PARAMETERS FROM GATEWAY 
2017-03-10 15:18:11 - INFO  --> SESSIONID :7e9480a9-abc2-4146-86bc-001a5776597f|SERVICE CODE :*384*80#|MSISDN :+254736917540 
2017-03-10 15:18:11 - INFO  --> 254 
2017-03-10 15:19:15 - INFO  --> Incoming request for Kenya ussd !!!!!!! 
2017-03-10 15:20:14 - INFO  --> Incoming request for Kenya ussd !!!!!!! 
2017-03-10 15:20:14 - INFO  --> ============= KENYA TUKO QUIX CALL =============== 
2017-03-10 15:20:14 - INFO  --> ============= RETRIEVING SDP PARAMETERS =============== 
2017-03-10 15:20:14 - INFO  --> LOG INCOMING PARAMETERS FROM GATEWAY 
2017-03-10 15:20:14 - INFO  --> SESSIONID :e4e33249-e73b-4c76-8260-a441ba36f462|SERVICE CODE :*384*80#|MSISDN :+254736917540 
2017-03-10 15:20:14 - INFO  --> 254 
2017-03-10 15:20:19 - INFO  --> Incoming request for Kenya ussd !!!!!!! 
2017-03-10 15:20:19 - INFO  --> ============= KENYA TUKO QUIX CALL =============== 
2017-03-10 15:20:19 - INFO  --> ============= RETRIEVING SDP PARAMETERS =============== 
2017-03-10 15:20:19 - INFO  --> LOG INCOMING PARAMETERS FROM GATEWAY 
2017-03-10 15:20:19 - INFO  --> SESSIONID :f869c8df-be84-4544-b5c3-ae09916b2814|SERVICE CODE :*384*80#|MSISDN :+254736917540 
2017-03-10 15:20:19 - INFO  --> 254 
2017-03-10 15:20:33 - INFO  --> Incoming request for Kenya ussd !!!!!!! 
2017-03-10 15:20:33 - INFO  --> ============= KENYA TUKO QUIX CALL =============== 
2017-03-10 15:20:33 - INFO  --> ============= RETRIEVING SDP PARAMETERS =============== 
2017-03-10 15:20:33 - INFO  --> LOG INCOMING PARAMETERS FROM GATEWAY 
2017-03-10 15:20:33 - INFO  --> SESSIONID :bba8d30f-4a12-4023-b47a-4698c7ab4314|SERVICE CODE :*384*80#|MSISDN :+254736917540 
2017-03-10 15:20:33 - INFO  --> 2545653423 
2017-03-10 15:21:09 - INFO  --> Incoming request for Kenya ussd !!!!!!! 
2017-03-10 17:38:09 - INFO  --> Incoming request for Kenya ussd !!!!!!! 
2017-03-10 17:38:09 - INFO  --> ============= KENYA TUKO QUIX CALL =============== 
2017-03-10 17:38:09 - INFO  --> ============= RETRIEVING SDP PARAMETERS =============== 
2017-03-10 17:38:09 - INFO  --> LOG INCOMING PARAMETERS FROM GATEWAY 
2017-03-10 17:38:09 - INFO  --> SESSIONID :ATUid_a8b5400f291045772f757a4001856d72|SERVICE CODE :*384*11#|MSISDN :+254706326753 
2017-03-10 17:38:09 - INFO  --> 254 
2017-03-10 17:38:33 - INFO  --> Incoming request for Kenya ussd !!!!!!! 
2017-03-10 17:38:33 - INFO  --> ============= KENYA TUKO QUIX CALL =============== 
2017-03-10 17:38:33 - INFO  --> ============= RETRIEVING SDP PARAMETERS =============== 
2017-03-10 17:38:33 - INFO  --> LOG INCOMING PARAMETERS FROM GATEWAY 
2017-03-10 17:38:33 - INFO  --> SESSIONID :ATUid_6eb8d9045498ff46ebe82c12ca4de5ae|SERVICE CODE :*384*11#|MSISDN :+254706326753 
2017-03-10 17:38:33 - INFO  --> 2540745717 
2017-03-10 17:38:33 - INFO  --> SESSION SAVED 
2017-03-10 17:40:43 - INFO  --> Incoming request for Kenya ussd !!!!!!! 
2017-03-10 17:40:43 - INFO  --> ============= KENYA TUKO QUIX CALL =============== 
2017-03-10 17:40:43 - INFO  --> ============= RETRIEVING SDP PARAMETERS =============== 
2017-03-10 17:40:43 - INFO  --> LOG INCOMING PARAMETERS FROM GATEWAY 
2017-03-10 17:40:43 - INFO  --> SESSIONID :ATUid_6e40df44374130685224b8f13058389e|SERVICE CODE :*384*11#|MSISDN :+254706326753 
2017-03-10 17:40:43 - INFO  --> 2547793103 
2017-03-10 17:40:43 - INFO  --> SESSION SAVED 
2017-03-10 17:44:47 - INFO  --> Incoming request for Kenya ussd !!!!!!! 
2017-03-10 17:44:47 - INFO  --> ============= KENYA TUKO QUIX CALL =============== 
2017-03-10 17:44:47 - INFO  --> ============= RETRIEVING SDP PARAMETERS =============== 
2017-03-10 17:44:47 - INFO  --> LOG INCOMING PARAMETERS FROM GATEWAY 
2017-03-10 17:44:47 - INFO  --> SESSIONID :ATUid_40a730f7778eb39483c1abc1b39dfb2c|SERVICE CODE :*384*11#|MSISDN :+254706326753 
2017-03-10 17:44:47 - INFO  --> 2545772271 
2017-03-10 17:44:47 - INFO  --> SESSION SAVED 
2017-03-10 17:47:24 - INFO  --> Incoming request for Kenya ussd !!!!!!! 
2017-03-10 17:47:24 - INFO  --> ============= KENYA TUKO QUIX CALL =============== 
2017-03-10 17:47:24 - INFO  --> ============= RETRIEVING SDP PARAMETERS =============== 
2017-03-10 17:47:24 - INFO  --> LOG INCOMING PARAMETERS FROM GATEWAY 
2017-03-10 17:47:24 - INFO  --> SESSIONID :ATUid_c22807602f71f8064bd99a4c279bb08c|SERVICE CODE :*384*11#|MSISDN :+254706326753 
2017-03-10 17:47:24 - INFO  --> 254779310 
2017-03-10 17:47:45 - INFO  --> Incoming request for Kenya ussd !!!!!!! 
2017-03-10 17:47:45 - INFO  --> ============= KENYA TUKO QUIX CALL =============== 
2017-03-10 17:47:45 - INFO  --> ============= RETRIEVING SDP PARAMETERS =============== 
2017-03-10 17:47:45 - INFO  --> LOG INCOMING PARAMETERS FROM GATEWAY 
2017-03-10 17:47:45 - INFO  --> SESSIONID :ATUid_c22807602f71f8064bd99a4c279bb08c|SERVICE CODE :*384*11#|MSISDN :+254706326753 
2017-03-10 17:47:45 - INFO  --> 254779310*0727793103 
2017-03-10 17:48:31 - INFO  --> Incoming request for Kenya ussd !!!!!!! 
2017-03-10 17:48:31 - INFO  --> ============= KENYA TUKO QUIX CALL =============== 
2017-03-10 17:48:31 - INFO  --> ============= RETRIEVING SDP PARAMETERS =============== 
2017-03-10 17:48:31 - INFO  --> LOG INCOMING PARAMETERS FROM GATEWAY 
2017-03-10 17:48:31 - INFO  --> SESSIONID :ATUid_f4bba104499099b08774ac2f9e4b3a72|SERVICE CODE :*384*11#|MSISDN :+254706326753 
2017-03-10 17:48:31 - INFO  --> 254 
2017-03-10 17:48:48 - INFO  --> Incoming request for Kenya ussd !!!!!!! 
2017-03-10 17:48:48 - INFO  --> ============= KENYA TUKO QUIX CALL =============== 
2017-03-10 17:48:48 - INFO  --> ============= RETRIEVING SDP PARAMETERS =============== 
2017-03-10 17:48:48 - INFO  --> LOG INCOMING PARAMETERS FROM GATEWAY 
2017-03-10 17:48:48 - INFO  --> SESSIONID :ATUid_e13fccaf473456ace3e05404a04354a3|SERVICE CODE :*384*11#|MSISDN :+254706326753 
2017-03-10 17:48:48 - INFO  --> 2547793103 
2017-03-10 17:48:48 - INFO  --> SESSION SAVED 
2017-03-10 20:19:28 - INFO  --> Incoming request for Kenya ussd !!!!!!! 
2017-03-10 20:19:28 - INFO  --> ============= KENYA TUKO QUIX CALL =============== 
2017-03-10 20:19:28 - INFO  --> ============= RETRIEVING SDP PARAMETERS =============== 
2017-03-10 20:19:28 - INFO  --> LOG INCOMING PARAMETERS FROM GATEWAY 
2017-03-10 20:19:28 - INFO  --> SESSIONID :ATUid_0c113f2c2e67895df36ee11ce582a1f0|SERVICE CODE :*384*11#|MSISDN :+254706326753 
2017-03-10 20:19:28 - INFO  --> 2540745717 
2017-03-10 20:19:28 - INFO  --> SESSION SAVED 
2017-03-10 20:53:33 - INFO  --> Incoming request for Kenya ussd !!!!!!! 
2017-03-10 20:53:33 - INFO  --> ============= KENYA TUKO QUIX CALL =============== 
2017-03-10 20:53:33 - INFO  --> ============= RETRIEVING SDP PARAMETERS =============== 
2017-03-10 20:53:33 - INFO  --> LOG INCOMING PARAMETERS FROM GATEWAY 
2017-03-10 20:53:33 - INFO  --> SESSIONID :ATUid_9306490666bb927cd4a7a53935f2f771|SERVICE CODE :*384*11#|MSISDN :+254706326753 
2017-03-10 20:53:33 - INFO  --> 2547793103 
2017-03-10 20:55:00 - INFO  --> Incoming request for Kenya ussd !!!!!!! 
2017-03-10 20:55:00 - INFO  --> ============= KENYA TUKO QUIX CALL =============== 
2017-03-10 20:55:00 - INFO  --> ============= RETRIEVING SDP PARAMETERS =============== 
2017-03-10 20:55:00 - INFO  --> LOG INCOMING PARAMETERS FROM GATEWAY 
2017-03-10 20:55:00 - INFO  --> SESSIONID :ATUid_6cea7e6f70649233d8cf8c0216233ca7|SERVICE CODE :*384*11#|MSISDN :+254706326753 
2017-03-10 20:55:00 - INFO  --> 2544188106 
