2017-04-09 18:21:17 - INFO  --> Incoming request for Kenya ussd 
2017-04-09 18:21:17 - INFO  --> ============= KENYA TUKO QUIX CALL =============== 
2017-04-09 18:21:17 - INFO  --> ============= RETRIEVING SDP PARAMETERS =============== 
2017-04-09 18:21:17 - INFO  --> LOG INCOMING PARAMETERS FROM GATEWAY 
2017-04-09 18:21:17 - INFO  --> SESSIONID :ATUid_925ddf6eee06297da670548d28b21106|SERVICE CODE :*384*11#|MSISDN :+254712127105|CHECK OUT TOKEN : 
2017-04-09 18:21:17 - INFO  -->  
2017-04-09 18:22:38 - INFO  --> Incoming request for Kenya ussd 
2017-04-09 18:22:38 - INFO  --> ============= KENYA TUKO QUIX CALL =============== 
2017-04-09 18:22:38 - INFO  --> ============= RETRIEVING SDP PARAMETERS =============== 
2017-04-09 18:22:38 - INFO  --> LOG INCOMING PARAMETERS FROM GATEWAY 
2017-04-09 18:22:38 - INFO  --> SESSIONID :799d4756-6c9d-477e-86da-f6efca363499|SERVICE CODE :*384*80#|MSISDN :+255656463637|CHECK OUT TOKEN : 
2017-04-09 18:22:38 - INFO  -->  
2017-04-09 18:22:49 - INFO  --> Incoming request for Kenya ussd 
2017-04-09 18:22:49 - INFO  --> ============= KENYA TUKO QUIX CALL =============== 
2017-04-09 18:22:49 - INFO  --> ============= RETRIEVING SDP PARAMETERS =============== 
2017-04-09 18:22:49 - INFO  --> LOG INCOMING PARAMETERS FROM GATEWAY 
2017-04-09 18:22:49 - INFO  --> SESSIONID :799d4756-6c9d-477e-86da-f6efca363499|SERVICE CODE :*384*80#|MSISDN :+255656463637|CHECK OUT TOKEN : 
2017-04-09 18:22:49 - INFO  -->  
2017-04-09 18:22:49 - INFO  --> SESSION SAVED 
2017-04-09 18:22:49 - INFO  --> TOKEN UPDATED 
2017-04-09 18:22:49 - INFO  --> CkTkn_1e9dd200-8d08-4c30-9bbf-599f3d17758b 
2017-04-09 18:22:49 - INFO  --> GET TOKEN FOR CURL TO SAFARICOM 
2017-04-09 18:22:49 - INFO  --> CkTkn_7060de15-6b60-4ee2-b316-194e37b5d746 
2017-04-09 18:22:50 - INFO  --> Subscribe Request 
2017-04-09 18:22:50 - INFO  --> <AfricasTalkingResponse><status>Failed</status><description>Rejected by gateway</description></AfricasTalkingResponse> 
2017-04-09 18:22:58 - INFO  --> Incoming request for Kenya ussd 
2017-04-09 18:22:58 - INFO  --> ============= KENYA TUKO QUIX CALL =============== 
2017-04-09 18:22:58 - INFO  --> ============= RETRIEVING SDP PARAMETERS =============== 
2017-04-09 18:22:58 - INFO  --> LOG INCOMING PARAMETERS FROM GATEWAY 
2017-04-09 18:22:58 - INFO  --> SESSIONID :2a6bd050-1206-4e2c-80b9-84251f67fe5b|SERVICE CODE :*384*80#|MSISDN :+255656463637|CHECK OUT TOKEN : 
2017-04-09 18:22:58 - INFO  -->  
2017-04-09 18:23:01 - INFO  --> Incoming request for Kenya ussd 
2017-04-09 18:23:01 - INFO  --> ============= KENYA TUKO QUIX CALL =============== 
2017-04-09 18:23:01 - INFO  --> ============= RETRIEVING SDP PARAMETERS =============== 
2017-04-09 18:23:01 - INFO  --> LOG INCOMING PARAMETERS FROM GATEWAY 
2017-04-09 18:23:01 - INFO  --> SESSIONID :2a6bd050-1206-4e2c-80b9-84251f67fe5b|SERVICE CODE :*384*80#|MSISDN :+255656463637|CHECK OUT TOKEN : 
2017-04-09 18:23:01 - INFO  -->  
2017-04-09 18:23:01 - INFO  --> SESSION SAVED 
2017-04-09 18:23:02 - INFO  --> TOKEN UPDATED 
2017-04-09 18:23:02 - INFO  --> CkTkn_a682d9dd-ff2d-4eaf-8a7e-2d0e91048306 
2017-04-09 18:23:02 - INFO  --> GET TOKEN FOR CURL TO SAFARICOM 
2017-04-09 18:23:02 - INFO  --> CkTkn_f8d6a025-c611-4aec-8609-4fa214120794 
2017-04-09 18:23:02 - INFO  --> Subscribe Request 
2017-04-09 18:23:02 - INFO  --> <AfricasTalkingResponse><status>Failed</status><description>Rejected by gateway</description></AfricasTalkingResponse> 
