2017-03-27 16:07:02 - INFO  --> Incoming request for Kenya ussd 
2017-03-27 16:07:02 - INFO  --> ============= KENYA TUKO QUIX CALL =============== 
2017-03-27 16:07:02 - INFO  --> ============= RETRIEVING SDP PARAMETERS =============== 
2017-03-27 16:07:02 - INFO  --> LOG INCOMING PARAMETERS FROM GATEWAY 
2017-03-27 16:07:02 - INFO  --> SESSIONID :9cfde629-8dbd-4c96-8c07-221ced5f9a0b|SERVICE CODE :*384*80#|MSISDN :+254606917540 
2017-03-27 16:07:16 - INFO  --> Incoming request for Kenya ussd 
2017-03-27 16:07:16 - INFO  --> ============= KENYA TUKO QUIX CALL =============== 
2017-03-27 16:07:16 - INFO  --> ============= RETRIEVING SDP PARAMETERS =============== 
2017-03-27 16:07:16 - INFO  --> LOG INCOMING PARAMETERS FROM GATEWAY 
2017-03-27 16:07:16 - INFO  --> SESSIONID :76e165e6-4acb-49d6-aa8e-59a9d2796cd8|SERVICE CODE :*384*80#|MSISDN :+254606917540 
2017-03-27 16:07:20 - INFO  --> Incoming request for Kenya ussd 
2017-03-27 16:07:20 - INFO  --> ============= KENYA TUKO QUIX CALL =============== 
2017-03-27 16:07:20 - INFO  --> ============= RETRIEVING SDP PARAMETERS =============== 
2017-03-27 16:07:20 - INFO  --> LOG INCOMING PARAMETERS FROM GATEWAY 
2017-03-27 16:07:20 - INFO  --> SESSIONID :76e165e6-4acb-49d6-aa8e-59a9d2796cd8|SERVICE CODE :*384*80#|MSISDN :+254606917540 
2017-03-27 16:07:24 - INFO  --> Incoming request for Kenya ussd 
2017-03-27 16:07:24 - INFO  --> ============= KENYA TUKO QUIX CALL =============== 
2017-03-27 16:07:24 - INFO  --> ============= RETRIEVING SDP PARAMETERS =============== 
2017-03-27 16:07:24 - INFO  --> LOG INCOMING PARAMETERS FROM GATEWAY 
2017-03-27 16:07:24 - INFO  --> SESSIONID :76e165e6-4acb-49d6-aa8e-59a9d2796cd8|SERVICE CODE :*384*80#|MSISDN :+254606917540 
2017-03-27 16:07:24 - INFO  --> SESSION SAVED 
2017-03-27 16:07:32 - INFO  --> Incoming request for Kenya ussd 
2017-03-27 16:07:32 - INFO  --> ============= KENYA TUKO QUIX CALL =============== 
2017-03-27 16:07:32 - INFO  --> ============= RETRIEVING SDP PARAMETERS =============== 
2017-03-27 16:07:32 - INFO  --> LOG INCOMING PARAMETERS FROM GATEWAY 
2017-03-27 16:07:32 - INFO  --> SESSIONID :76e165e6-4acb-49d6-aa8e-59a9d2796cd8|SERVICE CODE :*384*80#|MSISDN :+254606917540 
2017-03-27 16:07:32 - INFO  --> MSISDN 2 UPDATED 
2017-03-27 16:07:32 - INFO  --> CALL UPDATED 
2017-03-27 16:07:32 - INFO  --> WAITING FOR THE CALL TO FINISH FOR SMS SENDING 45 min 
2017-03-27 16:12:05 - INFO  --> Incoming request for Kenya ussd 
2017-03-27 16:12:05 - INFO  --> ============= KENYA TUKO QUIX CALL =============== 
2017-03-27 16:12:05 - INFO  --> ============= RETRIEVING SDP PARAMETERS =============== 
2017-03-27 16:12:05 - INFO  --> LOG INCOMING PARAMETERS FROM GATEWAY 
2017-03-27 16:12:05 - INFO  --> SESSIONID :4c0dc21a-649d-4b01-a862-f206b4454e25|SERVICE CODE :*384*80#|MSISDN :+254606917540 
2017-03-27 16:12:21 - INFO  --> Incoming request for Kenya ussd 
2017-03-27 16:12:21 - INFO  --> ============= KENYA TUKO QUIX CALL =============== 
2017-03-27 16:12:21 - INFO  --> ============= RETRIEVING SDP PARAMETERS =============== 
2017-03-27 16:12:21 - INFO  --> LOG INCOMING PARAMETERS FROM GATEWAY 
2017-03-27 16:12:21 - INFO  --> SESSIONID :0180b2a6-d429-460e-a17b-cd286bcddb07|SERVICE CODE :*384*80#|MSISDN :+254606917540 
2017-03-27 16:12:24 - INFO  --> Incoming request for Kenya ussd 
2017-03-27 16:12:24 - INFO  --> ============= KENYA TUKO QUIX CALL =============== 
2017-03-27 16:12:24 - INFO  --> ============= RETRIEVING SDP PARAMETERS =============== 
2017-03-27 16:12:24 - INFO  --> LOG INCOMING PARAMETERS FROM GATEWAY 
2017-03-27 16:12:24 - INFO  --> SESSIONID :0180b2a6-d429-460e-a17b-cd286bcddb07|SERVICE CODE :*384*80#|MSISDN :+254606917540 
2017-03-27 16:12:27 - INFO  --> Incoming request for Kenya ussd 
2017-03-27 16:12:27 - INFO  --> ============= KENYA TUKO QUIX CALL =============== 
2017-03-27 16:12:27 - INFO  --> ============= RETRIEVING SDP PARAMETERS =============== 
2017-03-27 16:12:27 - INFO  --> LOG INCOMING PARAMETERS FROM GATEWAY 
2017-03-27 16:12:27 - INFO  --> SESSIONID :0180b2a6-d429-460e-a17b-cd286bcddb07|SERVICE CODE :*384*80#|MSISDN :+254606917540 
2017-03-27 16:12:27 - INFO  --> SESSION SAVED 
2017-03-27 16:12:34 - INFO  --> Incoming request for Kenya ussd 
2017-03-27 16:12:34 - INFO  --> ============= KENYA TUKO QUIX CALL =============== 
2017-03-27 16:12:34 - INFO  --> ============= RETRIEVING SDP PARAMETERS =============== 
2017-03-27 16:12:34 - INFO  --> LOG INCOMING PARAMETERS FROM GATEWAY 
2017-03-27 16:12:34 - INFO  --> SESSIONID :0180b2a6-d429-460e-a17b-cd286bcddb07|SERVICE CODE :*384*80#|MSISDN :+254606917540 
2017-03-27 16:12:34 - INFO  --> MSISDN 2 UPDATED 
2017-03-27 16:12:34 - INFO  --> CALL UPDATED 
2017-03-27 16:12:34 - INFO  --> WAITING FOR THE CALL TO FINISH FOR SMS SENDING 45 min 
2017-03-27 16:19:11 - INFO  --> Incoming request for Kenya ussd 
2017-03-27 16:19:11 - INFO  --> ============= KENYA TUKO QUIX CALL =============== 
2017-03-27 16:19:11 - INFO  --> ============= RETRIEVING SDP PARAMETERS =============== 
2017-03-27 16:19:11 - INFO  --> LOG INCOMING PARAMETERS FROM GATEWAY 
2017-03-27 16:19:11 - INFO  --> SESSIONID :9e142398-5b1f-4536-94cc-07ee7593f462|SERVICE CODE :*384*80#|MSISDN :+254606917540 
2017-03-27 16:19:34 - INFO  --> Incoming request for Kenya ussd 
2017-03-27 16:19:34 - INFO  --> ============= KENYA TUKO QUIX CALL =============== 
2017-03-27 16:19:34 - INFO  --> ============= RETRIEVING SDP PARAMETERS =============== 
2017-03-27 16:19:34 - INFO  --> LOG INCOMING PARAMETERS FROM GATEWAY 
2017-03-27 16:19:34 - INFO  --> SESSIONID :5da8efa1-33d8-47f9-9a40-077f80be70ae|SERVICE CODE :*384*80#|MSISDN :+254606917540 
2017-03-27 16:19:37 - INFO  --> Incoming request for Kenya ussd 
2017-03-27 16:19:37 - INFO  --> ============= KENYA TUKO QUIX CALL =============== 
2017-03-27 16:19:37 - INFO  --> ============= RETRIEVING SDP PARAMETERS =============== 
2017-03-27 16:19:37 - INFO  --> LOG INCOMING PARAMETERS FROM GATEWAY 
2017-03-27 16:19:37 - INFO  --> SESSIONID :5da8efa1-33d8-47f9-9a40-077f80be70ae|SERVICE CODE :*384*80#|MSISDN :+254606917540 
2017-03-27 16:19:46 - INFO  --> Incoming request for Kenya ussd 
2017-03-27 16:19:46 - INFO  --> ============= KENYA TUKO QUIX CALL =============== 
2017-03-27 16:19:46 - INFO  --> ============= RETRIEVING SDP PARAMETERS =============== 
2017-03-27 16:19:46 - INFO  --> LOG INCOMING PARAMETERS FROM GATEWAY 
2017-03-27 16:19:46 - INFO  --> SESSIONID :5da8efa1-33d8-47f9-9a40-077f80be70ae|SERVICE CODE :*384*80#|MSISDN :+254606917540 
2017-03-27 16:19:46 - INFO  --> SESSION SAVED 
2017-03-27 16:19:55 - INFO  --> Incoming request for Kenya ussd 
2017-03-27 16:19:55 - INFO  --> ============= KENYA TUKO QUIX CALL =============== 
2017-03-27 16:19:55 - INFO  --> ============= RETRIEVING SDP PARAMETERS =============== 
2017-03-27 16:19:55 - INFO  --> LOG INCOMING PARAMETERS FROM GATEWAY 
2017-03-27 16:19:55 - INFO  --> SESSIONID :5da8efa1-33d8-47f9-9a40-077f80be70ae|SERVICE CODE :*384*80#|MSISDN :+254606917540 
2017-03-27 16:19:55 - INFO  --> MSISDN 2 UPDATED 
2017-03-27 16:19:55 - INFO  --> CALL UPDATED 
2017-03-27 16:19:55 - INFO  --> WAITING FOR THE CALL TO FINISH FOR SMS SENDING 45 min 
2017-03-27 16:42:13 - INFO  --> Incoming request for Kenya ussd 
2017-03-27 16:42:13 - INFO  --> ============= KENYA TUKO QUIX CALL =============== 
2017-03-27 16:42:13 - INFO  --> ============= RETRIEVING SDP PARAMETERS =============== 
2017-03-27 16:42:13 - INFO  --> LOG INCOMING PARAMETERS FROM GATEWAY 
2017-03-27 16:42:13 - INFO  --> SESSIONID :ca08bc13-5b88-4e33-ac19-5932b2457221|SERVICE CODE :*384*80#|MSISDN :+254606917540 
2017-03-27 16:42:16 - INFO  --> Incoming request for Kenya ussd 
2017-03-27 16:42:16 - INFO  --> ============= KENYA TUKO QUIX CALL =============== 
2017-03-27 16:42:16 - INFO  --> ============= RETRIEVING SDP PARAMETERS =============== 
2017-03-27 16:42:16 - INFO  --> LOG INCOMING PARAMETERS FROM GATEWAY 
2017-03-27 16:42:16 - INFO  --> SESSIONID :ca08bc13-5b88-4e33-ac19-5932b2457221|SERVICE CODE :*384*80#|MSISDN :+254606917540 
2017-03-27 16:42:20 - INFO  --> Incoming request for Kenya ussd 
2017-03-27 16:42:20 - INFO  --> ============= KENYA TUKO QUIX CALL =============== 
2017-03-27 16:42:20 - INFO  --> ============= RETRIEVING SDP PARAMETERS =============== 
2017-03-27 16:42:20 - INFO  --> LOG INCOMING PARAMETERS FROM GATEWAY 
2017-03-27 16:42:20 - INFO  --> SESSIONID :ca08bc13-5b88-4e33-ac19-5932b2457221|SERVICE CODE :*384*80#|MSISDN :+254606917540 
2017-03-27 16:42:20 - INFO  --> TOKEN UPDATED 
2017-03-27 16:42:20 - INFO  --> SESSION SAVED 
2017-03-27 16:42:28 - INFO  --> Incoming request for Kenya ussd 
2017-03-27 16:42:28 - INFO  --> ============= KENYA TUKO QUIX CALL =============== 
2017-03-27 16:42:28 - INFO  --> ============= RETRIEVING SDP PARAMETERS =============== 
2017-03-27 16:42:28 - INFO  --> LOG INCOMING PARAMETERS FROM GATEWAY 
2017-03-27 16:42:28 - INFO  --> SESSIONID :ca08bc13-5b88-4e33-ac19-5932b2457221|SERVICE CODE :*384*80#|MSISDN :+254606917540 
2017-03-27 16:42:28 - INFO  --> MSISDN 2 UPDATED 
2017-03-27 16:42:28 - INFO  --> CALL UPDATED 
2017-03-27 16:42:28 - INFO  --> WAITING FOR THE CALL TO FINISH FOR SMS SENDING 45 min 
