2017-04-10 6:35:08 - INFO  --> Incoming request for Kenya ussd 
2017-04-10 6:35:08 - INFO  --> ============= KENYA TUKO QUIX CALL =============== 
2017-04-10 6:35:08 - INFO  --> ============= RETRIEVING SDP PARAMETERS =============== 
2017-04-10 6:35:08 - INFO  --> LOG INCOMING PARAMETERS FROM GATEWAY 
2017-04-10 6:35:08 - INFO  --> SESSIONID :ATUid_68bba44415cc215f729c3ee495067be4|SERVICE CODE :*384*11#|MSISDN :+254721803846|CHECK OUT TOKEN : 
2017-04-10 6:35:08 - INFO  -->  
2017-04-10 6:57:22 - INFO  --> Incoming request for Kenya ussd 
2017-04-10 6:57:22 - INFO  --> ============= KENYA TUKO QUIX CALL =============== 
2017-04-10 6:57:22 - INFO  --> ============= RETRIEVING SDP PARAMETERS =============== 
2017-04-10 6:57:22 - INFO  --> LOG INCOMING PARAMETERS FROM GATEWAY 
2017-04-10 6:57:22 - INFO  --> SESSIONID :ATUid_9c4c90d652a387f67c75f453d0e883ee|SERVICE CODE :*384*11#|MSISDN :+254701174282|CHECK OUT TOKEN : 
2017-04-10 6:57:22 - INFO  -->  
2017-04-10 6:57:38 - INFO  --> Incoming request for Kenya ussd 
2017-04-10 6:57:38 - INFO  --> ============= KENYA TUKO QUIX CALL =============== 
2017-04-10 6:57:38 - INFO  --> ============= RETRIEVING SDP PARAMETERS =============== 
2017-04-10 6:57:38 - INFO  --> LOG INCOMING PARAMETERS FROM GATEWAY 
2017-04-10 6:57:38 - INFO  --> SESSIONID :ATUid_9c4c90d652a387f67c75f453d0e883ee|SERVICE CODE :*384*11#|MSISDN :+254701174282|CHECK OUT TOKEN : 
2017-04-10 6:57:38 - INFO  -->  
2017-04-10 6:57:38 - INFO  --> SESSION SAVED 
2017-04-10 6:57:39 - INFO  --> TOKEN UPDATED 
2017-04-10 6:57:39 - INFO  --> CkTkn_84ed09ef-722e-4b5e-96c4-e4eda978775d 
2017-04-10 6:57:39 - INFO  --> GET TOKEN FOR CURL TO SAFARICOM 
2017-04-10 6:57:39 - INFO  --> CkTkn_eb1bd881-74bf-4dda-9b8f-26eb462d7dda 
2017-04-10 6:57:46 - INFO  --> Subscribe Request 
2017-04-10 6:57:46 - INFO  --> <AfricasTalkingResponse><status>Success</status><description>Waiting for user input</description></AfricasTalkingResponse> 
2017-04-10 18:40:05 - INFO  --> Incoming request for Kenya ussd 
2017-04-10 18:40:05 - INFO  --> ============= KENYA TUKO QUIX CALL =============== 
2017-04-10 18:40:05 - INFO  --> ============= RETRIEVING SDP PARAMETERS =============== 
2017-04-10 18:40:05 - INFO  --> LOG INCOMING PARAMETERS FROM GATEWAY 
2017-04-10 18:40:05 - INFO  --> SESSIONID :ATUid_be96d4b42850a19e74688cf7d4c5d22e|SERVICE CODE :*384*11#|MSISDN :+254791650680|CHECK OUT TOKEN : 
2017-04-10 18:40:05 - INFO  -->  
2017-04-10 18:40:18 - INFO  --> Incoming request for Kenya ussd 
2017-04-10 18:40:18 - INFO  --> ============= KENYA TUKO QUIX CALL =============== 
2017-04-10 18:40:18 - INFO  --> ============= RETRIEVING SDP PARAMETERS =============== 
2017-04-10 18:40:18 - INFO  --> LOG INCOMING PARAMETERS FROM GATEWAY 
2017-04-10 18:40:18 - INFO  --> SESSIONID :ATUid_be96d4b42850a19e74688cf7d4c5d22e|SERVICE CODE :*384*11#|MSISDN :+254791650680|CHECK OUT TOKEN : 
2017-04-10 18:40:18 - INFO  -->  
2017-04-10 18:40:18 - INFO  --> SESSION SAVED 
2017-04-10 18:40:18 - INFO  --> TOKEN UPDATED 
2017-04-10 18:40:18 - INFO  --> CkTkn_cbcae385-1875-4723-860a-69cb752f77ee 
2017-04-10 18:40:18 - INFO  --> GET TOKEN FOR CURL TO SAFARICOM 
2017-04-10 18:40:18 - INFO  --> CkTkn_9b17a07e-c967-4e4e-9267-653a563dd6d5 
2017-04-10 18:40:19 - INFO  --> Subscribe Request 
2017-04-10 18:40:19 - INFO  --> <AfricasTalkingResponse><status>Success</status><description>Waiting for user input</description></AfricasTalkingResponse> 
2017-04-10 21:01:49 - INFO  --> Incoming request for Kenya ussd 
2017-04-10 21:01:49 - INFO  --> ============= KENYA TUKO QUIX CALL =============== 
2017-04-10 21:01:49 - INFO  --> ============= RETRIEVING SDP PARAMETERS =============== 
2017-04-10 21:01:49 - INFO  --> LOG INCOMING PARAMETERS FROM GATEWAY 
2017-04-10 21:01:49 - INFO  --> SESSIONID :ATUid_5a9d2f647b9664fc0f4761c1e75ef82a|SERVICE CODE :*384*11#|MSISDN :+254796091929|CHECK OUT TOKEN : 
2017-04-10 21:01:49 - INFO  -->  
