2017-03-13 6:40:15 - INFO  --> Incoming request for Kenya ussd !!!!!!! 
2017-03-13 6:40:15 - INFO  --> ============= KENYA TUKO QUIX CALL =============== 
2017-03-13 6:40:15 - INFO  --> ============= RETRIEVING SDP PARAMETERS =============== 
2017-03-13 6:40:15 - INFO  --> LOG INCOMING PARAMETERS FROM GATEWAY 
2017-03-13 6:40:15 - INFO  --> SESSIONID :ATUid_e3381cca9c0089a8cb7ec045f9ef008f|SERVICE CODE :*384*11#|MSISDN :+254700308763 
2017-03-13 6:40:15 - INFO  --> 254 
2017-03-13 6:40:15 - INFO  --> SESSION SAVED 
2017-03-13 7:23:16 - INFO  --> Incoming request for Kenya ussd !!!!!!! 
2017-03-13 7:23:16 - INFO  --> ============= KENYA TUKO QUIX CALL =============== 
2017-03-13 7:23:16 - INFO  --> ============= RETRIEVING SDP PARAMETERS =============== 
2017-03-13 7:23:16 - INFO  --> LOG INCOMING PARAMETERS FROM GATEWAY 
2017-03-13 7:23:16 - INFO  --> SESSIONID :ATUid_c956293e887ac48fbdc9cad64c54f537|SERVICE CODE :*384*11#|MSISDN :+254706326753 
2017-03-13 7:23:16 - INFO  --> 2544188106 
2017-03-13 7:23:17 - INFO  --> SESSION SAVED 
2017-03-13 7:25:40 - INFO  --> Incoming request for Kenya ussd !!!!!!! 
2017-03-13 7:25:40 - INFO  --> ============= KENYA TUKO QUIX CALL =============== 
2017-03-13 7:25:40 - INFO  --> ============= RETRIEVING SDP PARAMETERS =============== 
2017-03-13 7:25:40 - INFO  --> LOG INCOMING PARAMETERS FROM GATEWAY 
2017-03-13 7:25:40 - INFO  --> SESSIONID :ATUid_e2724259d86ec90b0f2db2a33213bbb7|SERVICE CODE :*384*11#|MSISDN :+254706326753 
2017-03-13 7:25:40 - INFO  --> 2544188106 
2017-03-13 7:25:40 - INFO  --> SESSION SAVED 
2017-03-13 7:28:19 - INFO  --> Incoming request for Kenya ussd !!!!!!! 
2017-03-13 7:28:19 - INFO  --> ============= KENYA TUKO QUIX CALL =============== 
2017-03-13 7:28:19 - INFO  --> ============= RETRIEVING SDP PARAMETERS =============== 
2017-03-13 7:28:19 - INFO  --> LOG INCOMING PARAMETERS FROM GATEWAY 
2017-03-13 7:28:19 - INFO  --> SESSIONID :ATUid_4a908408cacd724c32544833986c66b4|SERVICE CODE :*384*11#|MSISDN :+254706326753 
2017-03-13 7:28:19 - INFO  --> 2545276694 
2017-03-13 7:28:19 - INFO  --> SESSION SAVED 
2017-03-13 7:32:53 - INFO  --> Incoming request for Kenya ussd !!!!!!! 
2017-03-13 7:32:53 - INFO  --> ============= KENYA TUKO QUIX CALL =============== 
2017-03-13 7:32:53 - INFO  --> ============= RETRIEVING SDP PARAMETERS =============== 
2017-03-13 7:32:53 - INFO  --> LOG INCOMING PARAMETERS FROM GATEWAY 
2017-03-13 7:32:53 - INFO  --> SESSIONID :ATUid_c0f579ae91aa004377880328f709faad|SERVICE CODE :*384*11#|MSISDN :+254706326753 
2017-03-13 7:32:53 - INFO  --> 2548140125 
2017-03-13 7:32:53 - INFO  --> SESSION SAVED 
2017-03-13 7:35:02 - INFO  --> Incoming request for Kenya ussd !!!!!!! 
2017-03-13 7:35:02 - INFO  --> ============= KENYA TUKO QUIX CALL =============== 
2017-03-13 7:35:02 - INFO  --> ============= RETRIEVING SDP PARAMETERS =============== 
2017-03-13 7:35:02 - INFO  --> LOG INCOMING PARAMETERS FROM GATEWAY 
2017-03-13 7:35:02 - INFO  --> SESSIONID :ATUid_d77a2d1837106d185a9f024e13346d5e|SERVICE CODE :*384*11#|MSISDN :+254706326753 
2017-03-13 7:35:02 - INFO  --> 2543167812 
2017-03-13 7:35:03 - INFO  --> SESSION SAVED 
2017-03-13 7:37:33 - INFO  --> Incoming request for Kenya ussd !!!!!!! 
2017-03-13 7:37:33 - INFO  --> ============= KENYA TUKO QUIX CALL =============== 
2017-03-13 7:37:33 - INFO  --> ============= RETRIEVING SDP PARAMETERS =============== 
2017-03-13 7:37:33 - INFO  --> LOG INCOMING PARAMETERS FROM GATEWAY 
2017-03-13 7:37:33 - INFO  --> SESSIONID :ATUid_37b12ce0db0549265a3151736b6f48f6|SERVICE CODE :*384*11#|MSISDN :+254706326753 
2017-03-13 7:37:33 - INFO  --> 2540975889291 
2017-03-13 7:38:20 - INFO  --> Incoming request for Kenya ussd !!!!!!! 
2017-03-13 7:38:20 - INFO  --> ============= KENYA TUKO QUIX CALL =============== 
2017-03-13 7:38:20 - INFO  --> ============= RETRIEVING SDP PARAMETERS =============== 
2017-03-13 7:38:20 - INFO  --> LOG INCOMING PARAMETERS FROM GATEWAY 
2017-03-13 7:38:20 - INFO  --> SESSIONID :ATUid_3c6eb2d4eaef44ff3ebada5fc024955d|SERVICE CODE :*384*11#|MSISDN :+254706326753 
2017-03-13 7:38:20 - INFO  --> 254975889291 
2017-03-13 7:38:33 - INFO  --> Incoming request for Kenya ussd !!!!!!! 
2017-03-13 7:38:33 - INFO  --> ============= KENYA TUKO QUIX CALL =============== 
2017-03-13 7:38:33 - INFO  --> ============= RETRIEVING SDP PARAMETERS =============== 
2017-03-13 7:38:33 - INFO  --> LOG INCOMING PARAMETERS FROM GATEWAY 
2017-03-13 7:38:33 - INFO  --> SESSIONID :ATUid_3c6eb2d4eaef44ff3ebada5fc024955d|SERVICE CODE :*384*11#|MSISDN :+254706326753 
2017-03-13 7:38:33 - INFO  --> 254975889291*0706326753 
2017-03-13 7:50:54 - INFO  --> Incoming request for Kenya ussd !!!!!!! 
2017-03-13 7:50:54 - INFO  --> ============= KENYA TUKO QUIX CALL =============== 
2017-03-13 7:50:54 - INFO  --> ============= RETRIEVING SDP PARAMETERS =============== 
2017-03-13 7:50:54 - INFO  --> LOG INCOMING PARAMETERS FROM GATEWAY 
2017-03-13 7:50:54 - INFO  --> SESSIONID :ATUid_a6d7a9b27c2594c4464c3035fce9acff|SERVICE CODE :*384*11#|MSISDN :+254706326753 
2017-03-13 7:50:54 - INFO  --> 2545 
2017-03-13 7:51:02 - INFO  --> Incoming request for Kenya ussd !!!!!!! 
2017-03-13 7:51:02 - INFO  --> ============= KENYA TUKO QUIX CALL =============== 
2017-03-13 7:51:02 - INFO  --> ============= RETRIEVING SDP PARAMETERS =============== 
2017-03-13 7:51:02 - INFO  --> LOG INCOMING PARAMETERS FROM GATEWAY 
2017-03-13 7:51:02 - INFO  --> SESSIONID :ATUid_a6d7a9b27c2594c4464c3035fce9acff|SERVICE CODE :*384*11#|MSISDN :+254706326753 
2017-03-13 7:51:02 - INFO  --> 2545*1012 
2017-03-13 7:56:04 - INFO  --> Incoming request for Kenya ussd !!!!!!! 
2017-03-13 7:56:04 - INFO  --> ============= KENYA TUKO QUIX CALL =============== 
2017-03-13 7:56:04 - INFO  --> ============= RETRIEVING SDP PARAMETERS =============== 
2017-03-13 7:56:04 - INFO  --> LOG INCOMING PARAMETERS FROM GATEWAY 
2017-03-13 7:56:04 - INFO  --> SESSIONID :ATUid_3219b1a40aa4957d03de8f1e9930fa4e|SERVICE CODE :*384*11#|MSISDN :+254706326753 
2017-03-13 7:56:04 - INFO  --> 254 
2017-03-13 7:56:37 - INFO  --> Incoming request for Kenya ussd !!!!!!! 
2017-03-13 7:56:37 - INFO  --> ============= KENYA TUKO QUIX CALL =============== 
2017-03-13 7:56:37 - INFO  --> ============= RETRIEVING SDP PARAMETERS =============== 
2017-03-13 7:56:37 - INFO  --> LOG INCOMING PARAMETERS FROM GATEWAY 
2017-03-13 7:56:37 - INFO  --> SESSIONID :ATUid_f818d93eb930c321d5ce8c6af9c44ccd|SERVICE CODE :*384*11#|MSISDN :+254706326753 
2017-03-13 7:56:37 - INFO  --> 2542 
2017-03-13 7:56:45 - INFO  --> Incoming request for Kenya ussd !!!!!!! 
2017-03-13 7:56:45 - INFO  --> ============= KENYA TUKO QUIX CALL =============== 
2017-03-13 7:56:45 - INFO  --> ============= RETRIEVING SDP PARAMETERS =============== 
2017-03-13 7:56:45 - INFO  --> LOG INCOMING PARAMETERS FROM GATEWAY 
2017-03-13 7:56:45 - INFO  --> SESSIONID :ATUid_f818d93eb930c321d5ce8c6af9c44ccd|SERVICE CODE :*384*11#|MSISDN :+254706326753 
2017-03-13 7:56:45 - INFO  --> 2542*1012 
2017-03-13 9:33:08 - INFO  --> Incoming request for Kenya ussd !!!!!!! 
2017-03-13 9:33:08 - INFO  --> ============= KENYA TUKO QUIX CALL =============== 
2017-03-13 9:33:08 - INFO  --> ============= RETRIEVING SDP PARAMETERS =============== 
2017-03-13 9:33:08 - INFO  --> LOG INCOMING PARAMETERS FROM GATEWAY 
2017-03-13 9:33:08 - INFO  --> SESSIONID :ATUid_518cfcaf04310eb127e7c72e0bf022cd|SERVICE CODE :*384*11#|MSISDN :+254721803846 
2017-03-13 9:33:08 - INFO  --> 254 
2017-03-13 9:33:08 - INFO  --> SESSION SAVED 
2017-03-13 9:33:15 - INFO  --> Incoming request for Kenya ussd !!!!!!! 
2017-03-13 9:33:15 - INFO  --> ============= KENYA TUKO QUIX CALL =============== 
2017-03-13 9:33:15 - INFO  --> ============= RETRIEVING SDP PARAMETERS =============== 
2017-03-13 9:33:15 - INFO  --> LOG INCOMING PARAMETERS FROM GATEWAY 
2017-03-13 9:33:15 - INFO  --> SESSIONID :ATUid_518cfcaf04310eb127e7c72e0bf022cd|SERVICE CODE :*384*11#|MSISDN :+254721803846 
2017-03-13 9:33:15 - INFO  --> 254 
2017-03-13 9:33:28 - INFO  --> Incoming request for Kenya ussd !!!!!!! 
2017-03-13 9:33:28 - INFO  --> ============= KENYA TUKO QUIX CALL =============== 
2017-03-13 9:33:28 - INFO  --> ============= RETRIEVING SDP PARAMETERS =============== 
2017-03-13 9:33:28 - INFO  --> LOG INCOMING PARAMETERS FROM GATEWAY 
2017-03-13 9:33:28 - INFO  --> SESSIONID :ATUid_518cfcaf04310eb127e7c72e0bf022cd|SERVICE CODE :*384*11#|MSISDN :+254721803846 
2017-03-13 9:33:28 - INFO  --> 254716561729 
2017-03-13 10:31:22 - INFO  --> Incoming request for Kenya ussd !!!!!!! 
2017-03-13 10:31:22 - INFO  --> ============= KENYA TUKO QUIX CALL =============== 
2017-03-13 10:31:22 - INFO  --> ============= RETRIEVING SDP PARAMETERS =============== 
2017-03-13 10:31:22 - INFO  --> LOG INCOMING PARAMETERS FROM GATEWAY 
2017-03-13 10:31:22 - INFO  --> SESSIONID :ATUid_3e854ebe19f38b378a150490a1ec9ee7|SERVICE CODE :*384*11#|MSISDN :+254706326753 
2017-03-13 10:31:22 - INFO  --> 2547793103 
2017-03-13 10:31:22 - INFO  --> SESSION SAVED 
2017-03-13 10:39:44 - INFO  --> Incoming request for Kenya ussd !!!!!!! 
2017-03-13 10:39:44 - INFO  --> ============= KENYA TUKO QUIX CALL =============== 
2017-03-13 10:39:44 - INFO  --> ============= RETRIEVING SDP PARAMETERS =============== 
2017-03-13 10:39:44 - INFO  --> LOG INCOMING PARAMETERS FROM GATEWAY 
2017-03-13 10:39:44 - INFO  --> SESSIONID :ATUid_f912d4b9ff439f55e8b101a5f637299d|SERVICE CODE :*384*11#|MSISDN :+254706326753 
2017-03-13 10:39:44 - INFO  --> 2547793103 
2017-03-13 10:39:44 - INFO  --> SESSION SAVED 
2017-03-13 12:16:15 - INFO  --> Incoming request for Kenya ussd !!!!!!! 
2017-03-13 12:16:15 - INFO  --> ============= KENYA TUKO QUIX CALL =============== 
2017-03-13 12:16:15 - INFO  --> ============= RETRIEVING SDP PARAMETERS =============== 
2017-03-13 12:16:15 - INFO  --> LOG INCOMING PARAMETERS FROM GATEWAY 
2017-03-13 12:16:15 - INFO  --> SESSIONID :df56c7d7-101c-4164-a7de-06cde8f5f9c1|SERVICE CODE :*384*80#|MSISDN :+254736917540 
2017-03-13 12:16:15 - INFO  -->  
2017-03-13 12:16:21 - INFO  --> Incoming request for Kenya ussd !!!!!!! 
2017-03-13 12:16:21 - INFO  --> ============= KENYA TUKO QUIX CALL =============== 
2017-03-13 12:16:21 - INFO  --> ============= RETRIEVING SDP PARAMETERS =============== 
2017-03-13 12:16:21 - INFO  --> LOG INCOMING PARAMETERS FROM GATEWAY 
2017-03-13 12:16:21 - INFO  --> SESSIONID :64e76f7b-1a83-46d7-87a7-fdde84f4ff7c|SERVICE CODE :*384*80#|MSISDN :+254736917540 
2017-03-13 12:16:21 - INFO  -->  
2017-03-13 12:16:36 - INFO  --> Incoming request for Kenya ussd !!!!!!! 
2017-03-13 12:16:36 - INFO  --> ============= KENYA TUKO QUIX CALL =============== 
2017-03-13 12:16:36 - INFO  --> ============= RETRIEVING SDP PARAMETERS =============== 
2017-03-13 12:16:36 - INFO  --> LOG INCOMING PARAMETERS FROM GATEWAY 
2017-03-13 12:16:36 - INFO  --> SESSIONID :8d56a0dc-234c-4f19-a4c1-a49e2e9e735d|SERVICE CODE :*384*80#|MSISDN :+254736917540 
2017-03-13 12:16:36 - INFO  -->  
2017-03-13 12:16:37 - INFO  --> SESSION SAVED 
2017-03-13 12:18:55 - INFO  --> Incoming request for Kenya ussd !!!!!!! 
2017-03-13 12:18:55 - INFO  --> ============= KENYA TUKO QUIX CALL =============== 
2017-03-13 12:18:55 - INFO  --> ============= RETRIEVING SDP PARAMETERS =============== 
2017-03-13 12:18:55 - INFO  --> LOG INCOMING PARAMETERS FROM GATEWAY 
2017-03-13 12:18:55 - INFO  --> SESSIONID :b2be5100-1e0c-4a22-b7a9-02b5633cac92|SERVICE CODE :*384*80#|MSISDN :+254616917540 
2017-03-13 12:18:55 - INFO  -->  
2017-03-13 12:18:55 - INFO  --> SESSION SAVED 
2017-03-13 12:19:11 - INFO  --> Incoming request for Kenya ussd !!!!!!! 
2017-03-13 12:19:11 - INFO  --> ============= KENYA TUKO QUIX CALL =============== 
2017-03-13 12:19:11 - INFO  --> ============= RETRIEVING SDP PARAMETERS =============== 
2017-03-13 12:19:11 - INFO  --> LOG INCOMING PARAMETERS FROM GATEWAY 
2017-03-13 12:19:11 - INFO  --> SESSIONID :b2be5100-1e0c-4a22-b7a9-02b5633cac92|SERVICE CODE :*384*80#|MSISDN :+254616917540 
2017-03-13 12:19:11 - INFO  -->  
2017-03-13 12:19:19 - INFO  --> Incoming request for Kenya ussd !!!!!!! 
2017-03-13 12:19:19 - INFO  --> ============= KENYA TUKO QUIX CALL =============== 
2017-03-13 12:19:19 - INFO  --> ============= RETRIEVING SDP PARAMETERS =============== 
2017-03-13 12:19:19 - INFO  --> LOG INCOMING PARAMETERS FROM GATEWAY 
2017-03-13 12:19:19 - INFO  --> SESSIONID :b2be5100-1e0c-4a22-b7a9-02b5633cac92|SERVICE CODE :*384*80#|MSISDN :+254616917540 
2017-03-13 12:19:19 - INFO  -->  
2017-03-13 16:55:41 - INFO  --> Incoming request for Kenya ussd !!!!!!! 
2017-03-13 16:55:41 - INFO  --> ============= KENYA TUKO QUIX CALL =============== 
2017-03-13 16:55:41 - INFO  --> ============= RETRIEVING SDP PARAMETERS =============== 
2017-03-13 16:55:41 - INFO  --> LOG INCOMING PARAMETERS FROM GATEWAY 
2017-03-13 16:55:41 - INFO  --> SESSIONID :ac3ac556-cfc0-413c-aab5-008f6e2041f0|SERVICE CODE :*384*80#|MSISDN :+254616917540 
2017-03-13 16:55:41 - INFO  -->  
2017-03-13 16:58:09 - INFO  --> Incoming request for Kenya ussd !!!!!!! 
2017-03-13 16:58:09 - INFO  --> ============= KENYA TUKO QUIX CALL =============== 
2017-03-13 16:58:09 - INFO  --> ============= RETRIEVING SDP PARAMETERS =============== 
2017-03-13 16:58:09 - INFO  --> LOG INCOMING PARAMETERS FROM GATEWAY 
2017-03-13 16:58:09 - INFO  --> SESSIONID :79391eea-3410-4368-a412-d6aa61d0e389|SERVICE CODE :*384*80#|MSISDN :+254616917540 
2017-03-13 16:58:09 - INFO  -->  
2017-03-13 16:59:53 - INFO  --> Incoming request for Kenya ussd !!!!!!! 
2017-03-13 16:59:53 - INFO  --> ============= KENYA TUKO QUIX CALL =============== 
2017-03-13 16:59:53 - INFO  --> ============= RETRIEVING SDP PARAMETERS =============== 
2017-03-13 16:59:53 - INFO  --> LOG INCOMING PARAMETERS FROM GATEWAY 
2017-03-13 16:59:53 - INFO  --> SESSIONID :76fdd12d-4665-4c73-9ed7-b205fb5cc66e|SERVICE CODE :*384*80#|MSISDN :+254616917540 
2017-03-13 16:59:53 - INFO  -->  
2017-03-13 17:11:21 - INFO  --> Incoming request for Kenya ussd !!!!!!! 
2017-03-13 17:11:21 - INFO  --> ============= KENYA TUKO QUIX CALL =============== 
2017-03-13 17:11:21 - INFO  --> ============= RETRIEVING SDP PARAMETERS =============== 
2017-03-13 17:11:21 - INFO  --> LOG INCOMING PARAMETERS FROM GATEWAY 
2017-03-13 17:11:21 - INFO  --> SESSIONID :9582575a-69af-4755-8ceb-3151d92194db|SERVICE CODE :*384*80#|MSISDN :+254616917540 
2017-03-13 17:11:21 - INFO  -->  
2017-03-13 17:11:26 - INFO  --> Incoming request for Kenya ussd !!!!!!! 
2017-03-13 17:11:26 - INFO  --> ============= KENYA TUKO QUIX CALL =============== 
2017-03-13 17:11:26 - INFO  --> ============= RETRIEVING SDP PARAMETERS =============== 
2017-03-13 17:11:26 - INFO  --> LOG INCOMING PARAMETERS FROM GATEWAY 
2017-03-13 17:11:26 - INFO  --> SESSIONID :4e378ef1-3b0d-409a-8059-c0871666860d|SERVICE CODE :*384*80#|MSISDN :+254616917540 
2017-03-13 17:11:26 - INFO  -->  
2017-03-13 17:13:45 - INFO  --> Incoming request for Kenya ussd !!!!!!! 
2017-03-13 17:13:45 - INFO  --> ============= KENYA TUKO QUIX CALL =============== 
2017-03-13 17:13:45 - INFO  --> ============= RETRIEVING SDP PARAMETERS =============== 
2017-03-13 17:13:45 - INFO  --> LOG INCOMING PARAMETERS FROM GATEWAY 
2017-03-13 17:13:45 - INFO  --> SESSIONID :57a4ec80-6386-4c77-a7b3-287fec29f9f6|SERVICE CODE :*384*80#|MSISDN :+254738351600 
2017-03-13 17:13:45 - INFO  -->  
2017-03-13 17:13:45 - INFO  --> SESSION SAVED 
2017-03-13 17:13:54 - INFO  --> Incoming request for Kenya ussd !!!!!!! 
2017-03-13 17:13:54 - INFO  --> ============= KENYA TUKO QUIX CALL =============== 
2017-03-13 17:13:54 - INFO  --> ============= RETRIEVING SDP PARAMETERS =============== 
2017-03-13 17:13:54 - INFO  --> LOG INCOMING PARAMETERS FROM GATEWAY 
2017-03-13 17:13:54 - INFO  --> SESSIONID :57a4ec80-6386-4c77-a7b3-287fec29f9f6|SERVICE CODE :*384*80#|MSISDN :+254738351600 
2017-03-13 17:13:54 - INFO  -->  
2017-03-13 17:14:04 - INFO  --> Incoming request for Kenya ussd !!!!!!! 
2017-03-13 17:14:04 - INFO  --> ============= KENYA TUKO QUIX CALL =============== 
2017-03-13 17:14:04 - INFO  --> ============= RETRIEVING SDP PARAMETERS =============== 
2017-03-13 17:14:04 - INFO  --> LOG INCOMING PARAMETERS FROM GATEWAY 
2017-03-13 17:14:04 - INFO  --> SESSIONID :57a4ec80-6386-4c77-a7b3-287fec29f9f6|SERVICE CODE :*384*80#|MSISDN :+254738351600 
2017-03-13 17:14:04 - INFO  -->  
2017-03-13 17:14:04 - INFO  --> Update Msisdn_2 
2017-03-13 17:14:04 - INFO  --> 1 
2017-03-13 17:21:32 - INFO  --> Incoming request for Kenya ussd !!!!!!! 
2017-03-13 17:21:32 - INFO  --> ============= KENYA TUKO QUIX CALL =============== 
2017-03-13 17:21:32 - INFO  --> ============= RETRIEVING SDP PARAMETERS =============== 
2017-03-13 17:21:32 - INFO  --> LOG INCOMING PARAMETERS FROM GATEWAY 
2017-03-13 17:21:32 - INFO  --> SESSIONID :320eae57-53eb-43de-83fd-8ded11f154f7|SERVICE CODE :*384*80#|MSISDN :+254738351600 
2017-03-13 17:21:32 - INFO  -->  
2017-03-13 17:21:43 - INFO  --> Incoming request for Kenya ussd !!!!!!! 
2017-03-13 17:21:43 - INFO  --> ============= KENYA TUKO QUIX CALL =============== 
2017-03-13 17:21:43 - INFO  --> ============= RETRIEVING SDP PARAMETERS =============== 
2017-03-13 17:21:43 - INFO  --> LOG INCOMING PARAMETERS FROM GATEWAY 
2017-03-13 17:21:43 - INFO  --> SESSIONID :995b1158-e74c-4e82-a158-a1724056226f|SERVICE CODE :*384*80#|MSISDN :+254738351600 
2017-03-13 17:21:43 - INFO  -->  
2017-03-13 17:21:43 - INFO  --> CALL SAVED 
2017-03-13 17:21:43 - INFO  --> 1 
2017-03-13 17:23:15 - INFO  --> Incoming request for Kenya ussd !!!!!!! 
2017-03-13 17:23:15 - INFO  --> ============= KENYA TUKO QUIX CALL =============== 
2017-03-13 17:23:15 - INFO  --> ============= RETRIEVING SDP PARAMETERS =============== 
2017-03-13 17:23:15 - INFO  --> LOG INCOMING PARAMETERS FROM GATEWAY 
2017-03-13 17:23:15 - INFO  --> SESSIONID :83f064da-2456-4023-9578-af3072ebd193|SERVICE CODE :*384*80#|MSISDN :+254738351600 
2017-03-13 17:23:15 - INFO  -->  
2017-03-13 17:23:16 - INFO  --> CALL SAVED 
2017-03-13 17:23:16 - INFO  --> 1 
2017-03-13 17:23:27 - INFO  --> Incoming request for Kenya ussd !!!!!!! 
2017-03-13 17:23:27 - INFO  --> ============= KENYA TUKO QUIX CALL =============== 
2017-03-13 17:23:27 - INFO  --> ============= RETRIEVING SDP PARAMETERS =============== 
2017-03-13 17:23:27 - INFO  --> LOG INCOMING PARAMETERS FROM GATEWAY 
2017-03-13 17:23:27 - INFO  --> SESSIONID :ec89b406-de21-4520-927a-741a058fa22b|SERVICE CODE :*384*80#|MSISDN :+254738351600 
2017-03-13 17:23:27 - INFO  -->  
2017-03-13 17:23:27 - INFO  --> CALL SAVED 
2017-03-13 17:23:27 - INFO  --> 1 
2017-03-13 17:24:46 - INFO  --> Incoming request for Kenya ussd !!!!!!! 
2017-03-13 17:24:46 - INFO  --> ============= KENYA TUKO QUIX CALL =============== 
2017-03-13 17:24:46 - INFO  --> ============= RETRIEVING SDP PARAMETERS =============== 
2017-03-13 17:24:46 - INFO  --> LOG INCOMING PARAMETERS FROM GATEWAY 
2017-03-13 17:24:46 - INFO  --> SESSIONID :a78bf114-2ec4-4477-9790-2e916f556999|SERVICE CODE :*384*80#|MSISDN :+254738351600 
2017-03-13 17:24:46 - INFO  -->  
2017-03-13 17:24:46 - INFO  --> CALL SAVED 
2017-03-13 17:24:46 - INFO  --> 1 
2017-03-13 17:24:49 - INFO  --> Incoming request for Kenya ussd !!!!!!! 
2017-03-13 17:24:49 - INFO  --> ============= KENYA TUKO QUIX CALL =============== 
2017-03-13 17:24:49 - INFO  --> ============= RETRIEVING SDP PARAMETERS =============== 
2017-03-13 17:24:49 - INFO  --> LOG INCOMING PARAMETERS FROM GATEWAY 
2017-03-13 17:24:49 - INFO  --> SESSIONID :20e9ee96-963e-4081-83a1-f0d19c79a215|SERVICE CODE :*384*80#|MSISDN :+254738351600 
2017-03-13 17:24:49 - INFO  -->  
2017-03-13 17:25:44 - INFO  --> Incoming request for Kenya ussd !!!!!!! 
2017-03-13 17:25:44 - INFO  --> ============= KENYA TUKO QUIX CALL =============== 
2017-03-13 17:25:44 - INFO  --> ============= RETRIEVING SDP PARAMETERS =============== 
2017-03-13 17:25:44 - INFO  --> LOG INCOMING PARAMETERS FROM GATEWAY 
2017-03-13 17:25:44 - INFO  --> SESSIONID :e27c8e6d-6dfb-43ea-a783-26ad88c8b8b2|SERVICE CODE :*384*80#|MSISDN :+254738351600 
2017-03-13 17:25:44 - INFO  -->  
2017-03-13 17:25:44 - INFO  --> SESSION SAVED 
2017-03-13 17:25:48 - INFO  --> Incoming request for Kenya ussd !!!!!!! 
2017-03-13 17:25:48 - INFO  --> ============= KENYA TUKO QUIX CALL =============== 
2017-03-13 17:25:48 - INFO  --> ============= RETRIEVING SDP PARAMETERS =============== 
2017-03-13 17:25:48 - INFO  --> LOG INCOMING PARAMETERS FROM GATEWAY 
2017-03-13 17:25:48 - INFO  --> SESSIONID :e27c8e6d-6dfb-43ea-a783-26ad88c8b8b2|SERVICE CODE :*384*80#|MSISDN :+254738351600 
2017-03-13 17:25:48 - INFO  -->  
2017-03-13 17:25:56 - INFO  --> Incoming request for Kenya ussd !!!!!!! 
2017-03-13 17:25:56 - INFO  --> ============= KENYA TUKO QUIX CALL =============== 
2017-03-13 17:25:56 - INFO  --> ============= RETRIEVING SDP PARAMETERS =============== 
2017-03-13 17:25:56 - INFO  --> LOG INCOMING PARAMETERS FROM GATEWAY 
2017-03-13 17:25:56 - INFO  --> SESSIONID :e27c8e6d-6dfb-43ea-a783-26ad88c8b8b2|SERVICE CODE :*384*80#|MSISDN :+254738351600 
2017-03-13 17:25:56 - INFO  -->  
2017-03-13 17:25:56 - INFO  --> Update Msisdn_2 
2017-03-13 17:29:29 - INFO  --> Incoming request for Kenya ussd !!!!!!! 
2017-03-13 17:29:29 - INFO  --> ============= KENYA TUKO QUIX CALL =============== 
2017-03-13 17:29:29 - INFO  --> ============= RETRIEVING SDP PARAMETERS =============== 
2017-03-13 17:29:29 - INFO  --> LOG INCOMING PARAMETERS FROM GATEWAY 
2017-03-13 17:29:29 - INFO  --> SESSIONID :218de16c-1dad-4754-9c25-e3b4da33fec4|SERVICE CODE :*384*80#|MSISDN :+254738351600 
2017-03-13 17:29:29 - INFO  -->  
2017-03-13 17:29:29 - INFO  --> SESSION SAVED 
2017-03-13 17:29:33 - INFO  --> Incoming request for Kenya ussd !!!!!!! 
2017-03-13 17:29:33 - INFO  --> ============= KENYA TUKO QUIX CALL =============== 
2017-03-13 17:29:33 - INFO  --> ============= RETRIEVING SDP PARAMETERS =============== 
2017-03-13 17:29:33 - INFO  --> LOG INCOMING PARAMETERS FROM GATEWAY 
2017-03-13 17:29:33 - INFO  --> SESSIONID :218de16c-1dad-4754-9c25-e3b4da33fec4|SERVICE CODE :*384*80#|MSISDN :+254738351600 
2017-03-13 17:29:33 - INFO  -->  
2017-03-13 17:29:41 - INFO  --> Incoming request for Kenya ussd !!!!!!! 
2017-03-13 17:29:41 - INFO  --> ============= KENYA TUKO QUIX CALL =============== 
2017-03-13 17:29:41 - INFO  --> ============= RETRIEVING SDP PARAMETERS =============== 
2017-03-13 17:29:41 - INFO  --> LOG INCOMING PARAMETERS FROM GATEWAY 
2017-03-13 17:29:41 - INFO  --> SESSIONID :218de16c-1dad-4754-9c25-e3b4da33fec4|SERVICE CODE :*384*80#|MSISDN :+254738351600 
2017-03-13 17:29:41 - INFO  -->  
2017-03-13 17:29:41 - INFO  --> Update Msisdn_2 
2017-03-13 17:32:27 - INFO  --> Incoming request for Kenya ussd !!!!!!! 
2017-03-13 17:32:27 - INFO  --> ============= KENYA TUKO QUIX CALL =============== 
2017-03-13 17:32:27 - INFO  --> ============= RETRIEVING SDP PARAMETERS =============== 
2017-03-13 17:32:27 - INFO  --> LOG INCOMING PARAMETERS FROM GATEWAY 
2017-03-13 17:32:27 - INFO  --> SESSIONID :04e0f30e-63fb-4a63-a462-c6d840842a50|SERVICE CODE :*384*80#|MSISDN :+254738351600 
2017-03-13 17:32:27 - INFO  -->  
2017-03-13 17:32:27 - INFO  --> SESSION SAVED 
2017-03-13 17:32:31 - INFO  --> Incoming request for Kenya ussd !!!!!!! 
2017-03-13 17:32:31 - INFO  --> ============= KENYA TUKO QUIX CALL =============== 
2017-03-13 17:32:31 - INFO  --> ============= RETRIEVING SDP PARAMETERS =============== 
2017-03-13 17:32:31 - INFO  --> LOG INCOMING PARAMETERS FROM GATEWAY 
2017-03-13 17:32:31 - INFO  --> SESSIONID :04e0f30e-63fb-4a63-a462-c6d840842a50|SERVICE CODE :*384*80#|MSISDN :+254738351600 
2017-03-13 17:32:31 - INFO  -->  
2017-03-13 17:32:42 - INFO  --> Incoming request for Kenya ussd !!!!!!! 
2017-03-13 17:32:42 - INFO  --> ============= KENYA TUKO QUIX CALL =============== 
2017-03-13 17:32:42 - INFO  --> ============= RETRIEVING SDP PARAMETERS =============== 
2017-03-13 17:32:42 - INFO  --> LOG INCOMING PARAMETERS FROM GATEWAY 
2017-03-13 17:32:42 - INFO  --> SESSIONID :04e0f30e-63fb-4a63-a462-c6d840842a50|SERVICE CODE :*384*80#|MSISDN :+254738351600 
2017-03-13 17:32:42 - INFO  -->  
2017-03-13 17:32:42 - INFO  --> Update Msisdn_2 
2017-03-13 17:33:46 - INFO  --> Incoming request for Kenya ussd !!!!!!! 
2017-03-13 17:33:46 - INFO  --> ============= KENYA TUKO QUIX CALL =============== 
2017-03-13 17:33:46 - INFO  --> ============= RETRIEVING SDP PARAMETERS =============== 
2017-03-13 17:33:46 - INFO  --> LOG INCOMING PARAMETERS FROM GATEWAY 
2017-03-13 17:33:46 - INFO  --> SESSIONID :92a06140-e1b3-4ca9-b94f-e3a18b514e17|SERVICE CODE :*384*80#|MSISDN :+254738351600 
2017-03-13 17:33:46 - INFO  -->  
2017-03-13 17:33:46 - INFO  --> SESSION SAVED 
2017-03-13 17:33:50 - INFO  --> Incoming request for Kenya ussd !!!!!!! 
2017-03-13 17:33:50 - INFO  --> ============= KENYA TUKO QUIX CALL =============== 
2017-03-13 17:33:50 - INFO  --> ============= RETRIEVING SDP PARAMETERS =============== 
2017-03-13 17:33:50 - INFO  --> LOG INCOMING PARAMETERS FROM GATEWAY 
2017-03-13 17:33:50 - INFO  --> SESSIONID :92a06140-e1b3-4ca9-b94f-e3a18b514e17|SERVICE CODE :*384*80#|MSISDN :+254738351600 
2017-03-13 17:33:50 - INFO  -->  
2017-03-13 17:33:58 - INFO  --> Incoming request for Kenya ussd !!!!!!! 
2017-03-13 17:33:58 - INFO  --> ============= KENYA TUKO QUIX CALL =============== 
2017-03-13 17:33:58 - INFO  --> ============= RETRIEVING SDP PARAMETERS =============== 
2017-03-13 17:33:58 - INFO  --> LOG INCOMING PARAMETERS FROM GATEWAY 
2017-03-13 17:33:58 - INFO  --> SESSIONID :92a06140-e1b3-4ca9-b94f-e3a18b514e17|SERVICE CODE :*384*80#|MSISDN :+254738351600 
2017-03-13 17:33:58 - INFO  -->  
2017-03-13 17:33:58 - INFO  --> Update Msisdn_2 
2017-03-13 17:35:24 - INFO  --> Incoming request for Kenya ussd !!!!!!! 
2017-03-13 17:35:24 - INFO  --> ============= KENYA TUKO QUIX CALL =============== 
2017-03-13 17:35:24 - INFO  --> ============= RETRIEVING SDP PARAMETERS =============== 
2017-03-13 17:35:24 - INFO  --> LOG INCOMING PARAMETERS FROM GATEWAY 
2017-03-13 17:35:24 - INFO  --> SESSIONID :0dcb3060-909c-4fa0-8d83-dd68f9f20a18|SERVICE CODE :*384*80#|MSISDN :+254738351600 
2017-03-13 17:35:24 - INFO  -->  
2017-03-13 17:35:24 - INFO  --> SESSION SAVED 
2017-03-13 17:35:28 - INFO  --> Incoming request for Kenya ussd !!!!!!! 
2017-03-13 17:35:28 - INFO  --> ============= KENYA TUKO QUIX CALL =============== 
2017-03-13 17:35:28 - INFO  --> ============= RETRIEVING SDP PARAMETERS =============== 
2017-03-13 17:35:28 - INFO  --> LOG INCOMING PARAMETERS FROM GATEWAY 
2017-03-13 17:35:28 - INFO  --> SESSIONID :0dcb3060-909c-4fa0-8d83-dd68f9f20a18|SERVICE CODE :*384*80#|MSISDN :+254738351600 
2017-03-13 17:35:28 - INFO  -->  
2017-03-13 17:35:35 - INFO  --> Incoming request for Kenya ussd !!!!!!! 
2017-03-13 17:35:35 - INFO  --> ============= KENYA TUKO QUIX CALL =============== 
2017-03-13 17:35:35 - INFO  --> ============= RETRIEVING SDP PARAMETERS =============== 
2017-03-13 17:35:35 - INFO  --> LOG INCOMING PARAMETERS FROM GATEWAY 
2017-03-13 17:35:35 - INFO  --> SESSIONID :0dcb3060-909c-4fa0-8d83-dd68f9f20a18|SERVICE CODE :*384*80#|MSISDN :+254738351600 
2017-03-13 17:35:35 - INFO  -->  
2017-03-13 17:35:35 - INFO  --> Update Msisdn_2 
2017-03-13 17:40:54 - INFO  --> Incoming request for Kenya ussd !!!!!!! 
2017-03-13 17:40:54 - INFO  --> ============= KENYA TUKO QUIX CALL =============== 
2017-03-13 17:40:54 - INFO  --> ============= RETRIEVING SDP PARAMETERS =============== 
2017-03-13 17:40:54 - INFO  --> LOG INCOMING PARAMETERS FROM GATEWAY 
2017-03-13 17:40:54 - INFO  --> SESSIONID :7617e0d7-4d45-451a-9f87-6d43476eda69|SERVICE CODE :*384*80#|MSISDN :+254738351600 
2017-03-13 17:40:54 - INFO  -->  
2017-03-13 17:40:54 - INFO  --> SESSION SAVED 
2017-03-13 17:40:57 - INFO  --> Incoming request for Kenya ussd !!!!!!! 
2017-03-13 17:40:57 - INFO  --> ============= KENYA TUKO QUIX CALL =============== 
2017-03-13 17:40:57 - INFO  --> ============= RETRIEVING SDP PARAMETERS =============== 
2017-03-13 17:40:57 - INFO  --> LOG INCOMING PARAMETERS FROM GATEWAY 
2017-03-13 17:40:57 - INFO  --> SESSIONID :7617e0d7-4d45-451a-9f87-6d43476eda69|SERVICE CODE :*384*80#|MSISDN :+254738351600 
2017-03-13 17:40:57 - INFO  -->  
2017-03-13 17:41:04 - INFO  --> Incoming request for Kenya ussd !!!!!!! 
2017-03-13 17:41:04 - INFO  --> ============= KENYA TUKO QUIX CALL =============== 
2017-03-13 17:41:04 - INFO  --> ============= RETRIEVING SDP PARAMETERS =============== 
2017-03-13 17:41:04 - INFO  --> LOG INCOMING PARAMETERS FROM GATEWAY 
2017-03-13 17:41:04 - INFO  --> SESSIONID :7617e0d7-4d45-451a-9f87-6d43476eda69|SERVICE CODE :*384*80#|MSISDN :+254738351600 
2017-03-13 17:41:04 - INFO  -->  
2017-03-13 17:41:04 - INFO  --> Update Msisdn_2 
2017-03-13 17:42:05 - INFO  --> Incoming request for Kenya ussd !!!!!!! 
2017-03-13 17:42:05 - INFO  --> ============= KENYA TUKO QUIX CALL =============== 
2017-03-13 17:42:05 - INFO  --> ============= RETRIEVING SDP PARAMETERS =============== 
2017-03-13 17:42:05 - INFO  --> LOG INCOMING PARAMETERS FROM GATEWAY 
2017-03-13 17:42:05 - INFO  --> SESSIONID :89a7ed80-fc2a-4a0e-bb0c-f1dbce80ee1b|SERVICE CODE :*384*80#|MSISDN :+254738351600 
2017-03-13 17:42:05 - INFO  -->  
2017-03-13 17:42:05 - INFO  --> SESSION SAVED 
2017-03-13 17:42:09 - INFO  --> Incoming request for Kenya ussd !!!!!!! 
2017-03-13 17:42:09 - INFO  --> ============= KENYA TUKO QUIX CALL =============== 
2017-03-13 17:42:09 - INFO  --> ============= RETRIEVING SDP PARAMETERS =============== 
2017-03-13 17:42:09 - INFO  --> LOG INCOMING PARAMETERS FROM GATEWAY 
2017-03-13 17:42:09 - INFO  --> SESSIONID :89a7ed80-fc2a-4a0e-bb0c-f1dbce80ee1b|SERVICE CODE :*384*80#|MSISDN :+254738351600 
2017-03-13 17:42:09 - INFO  -->  
2017-03-13 17:42:15 - INFO  --> Incoming request for Kenya ussd !!!!!!! 
2017-03-13 17:42:15 - INFO  --> ============= KENYA TUKO QUIX CALL =============== 
2017-03-13 17:42:15 - INFO  --> ============= RETRIEVING SDP PARAMETERS =============== 
2017-03-13 17:42:15 - INFO  --> LOG INCOMING PARAMETERS FROM GATEWAY 
2017-03-13 17:42:15 - INFO  --> SESSIONID :89a7ed80-fc2a-4a0e-bb0c-f1dbce80ee1b|SERVICE CODE :*384*80#|MSISDN :+254738351600 
2017-03-13 17:42:15 - INFO  -->  
2017-03-13 17:45:31 - INFO  --> Incoming request for Kenya ussd !!!!!!! 
2017-03-13 17:45:31 - INFO  --> ============= KENYA TUKO QUIX CALL =============== 
2017-03-13 17:45:31 - INFO  --> ============= RETRIEVING SDP PARAMETERS =============== 
2017-03-13 17:45:31 - INFO  --> LOG INCOMING PARAMETERS FROM GATEWAY 
2017-03-13 17:45:31 - INFO  --> SESSIONID :2754fab2-98ed-47c1-b346-af5cfed8d3c3|SERVICE CODE :*384*80#|MSISDN :+254738351600 
2017-03-13 17:45:31 - INFO  -->  
2017-03-13 17:45:41 - INFO  --> Incoming request for Kenya ussd !!!!!!! 
2017-03-13 17:45:41 - INFO  --> ============= KENYA TUKO QUIX CALL =============== 
2017-03-13 17:45:41 - INFO  --> ============= RETRIEVING SDP PARAMETERS =============== 
2017-03-13 17:45:41 - INFO  --> LOG INCOMING PARAMETERS FROM GATEWAY 
2017-03-13 17:45:41 - INFO  --> SESSIONID :876d8133-9d5f-4dd3-8469-856a1bf66972|SERVICE CODE :*384*80#|MSISDN :+254738351600 
2017-03-13 17:45:41 - INFO  -->  
2017-03-13 17:45:42 - INFO  --> SESSION SAVED 
2017-03-13 17:47:11 - INFO  --> Incoming request for Kenya ussd !!!!!!! 
2017-03-13 17:47:11 - INFO  --> ============= KENYA TUKO QUIX CALL =============== 
2017-03-13 17:47:11 - INFO  --> ============= RETRIEVING SDP PARAMETERS =============== 
2017-03-13 17:47:11 - INFO  --> LOG INCOMING PARAMETERS FROM GATEWAY 
2017-03-13 17:47:11 - INFO  --> SESSIONID :bdd5c954-69a0-45d7-8393-2bc75bac7aec|SERVICE CODE :*384*80#|MSISDN :+254738351600 
2017-03-13 17:47:11 - INFO  -->  
2017-03-13 17:47:11 - INFO  --> SESSION SAVED 
2017-03-13 17:47:14 - INFO  --> Incoming request for Kenya ussd !!!!!!! 
2017-03-13 17:47:14 - INFO  --> ============= KENYA TUKO QUIX CALL =============== 
2017-03-13 17:47:14 - INFO  --> ============= RETRIEVING SDP PARAMETERS =============== 
2017-03-13 17:47:14 - INFO  --> LOG INCOMING PARAMETERS FROM GATEWAY 
2017-03-13 17:47:14 - INFO  --> SESSIONID :4bf75e7d-67f4-4a58-991e-88d40dc59620|SERVICE CODE :*384*80#|MSISDN :+254738351600 
2017-03-13 17:47:14 - INFO  -->  
2017-03-13 17:47:14 - INFO  --> SESSION SAVED 
2017-03-13 17:51:18 - INFO  --> Incoming request for Kenya ussd !!!!!!! 
2017-03-13 17:51:18 - INFO  --> ============= KENYA TUKO QUIX CALL =============== 
2017-03-13 17:51:18 - INFO  --> ============= RETRIEVING SDP PARAMETERS =============== 
2017-03-13 17:51:18 - INFO  --> LOG INCOMING PARAMETERS FROM GATEWAY 
2017-03-13 17:51:18 - INFO  --> SESSIONID :a77a7793-f663-4e5f-89ea-edf4a44c89e5|SERVICE CODE :*384*80#|MSISDN :+254738351600 
2017-03-13 17:51:18 - INFO  -->  
2017-03-13 17:51:18 - INFO  --> SESSION SAVED 
2017-03-13 17:51:21 - INFO  --> Incoming request for Kenya ussd !!!!!!! 
2017-03-13 17:51:21 - INFO  --> ============= KENYA TUKO QUIX CALL =============== 
2017-03-13 17:51:21 - INFO  --> ============= RETRIEVING SDP PARAMETERS =============== 
2017-03-13 17:51:21 - INFO  --> LOG INCOMING PARAMETERS FROM GATEWAY 
2017-03-13 17:51:21 - INFO  --> SESSIONID :84d712e2-1639-45ec-8fff-d21c18a08552|SERVICE CODE :*384*80#|MSISDN :+254738351600 
2017-03-13 17:51:21 - INFO  -->  
2017-03-13 17:51:56 - INFO  --> Incoming request for Kenya ussd !!!!!!! 
2017-03-13 17:51:56 - INFO  --> ============= KENYA TUKO QUIX CALL =============== 
2017-03-13 17:51:56 - INFO  --> ============= RETRIEVING SDP PARAMETERS =============== 
2017-03-13 17:51:56 - INFO  --> LOG INCOMING PARAMETERS FROM GATEWAY 
2017-03-13 17:51:56 - INFO  --> SESSIONID :ad75cd15-2218-43e7-a0b6-2b83cc0e045d|SERVICE CODE :*384*80#|MSISDN :+254738351600 
2017-03-13 17:51:56 - INFO  -->  
2017-03-13 17:51:56 - INFO  --> SESSION SAVED 
2017-03-13 17:55:10 - INFO  --> Incoming request for Kenya ussd !!!!!!! 
2017-03-13 17:55:10 - INFO  --> ============= KENYA TUKO QUIX CALL =============== 
2017-03-13 17:55:10 - INFO  --> ============= RETRIEVING SDP PARAMETERS =============== 
2017-03-13 17:55:10 - INFO  --> LOG INCOMING PARAMETERS FROM GATEWAY 
2017-03-13 17:55:10 - INFO  --> SESSIONID :31eabe1f-f9e5-44b8-9e5d-6873c20f2670|SERVICE CODE :*384*80#|MSISDN :+254738351600 
2017-03-13 17:55:10 - INFO  -->  
2017-03-13 17:55:10 - INFO  --> SESSION SAVED 
2017-03-13 17:55:16 - INFO  --> Incoming request for Kenya ussd !!!!!!! 
2017-03-13 17:55:16 - INFO  --> ============= KENYA TUKO QUIX CALL =============== 
2017-03-13 17:55:16 - INFO  --> ============= RETRIEVING SDP PARAMETERS =============== 
2017-03-13 17:55:16 - INFO  --> LOG INCOMING PARAMETERS FROM GATEWAY 
2017-03-13 17:55:16 - INFO  --> SESSIONID :aa3e89cb-cc1e-4c4d-874d-951ec21a165d|SERVICE CODE :*384*80#|MSISDN :+254738351600 
2017-03-13 17:55:16 - INFO  -->  
2017-03-13 17:55:16 - INFO  --> SESSION SAVED 
2017-03-13 19:22:57 - INFO  --> Incoming request for Kenya ussd !!!!!!! 
2017-03-13 19:22:57 - INFO  --> ============= KENYA TUKO QUIX CALL =============== 
2017-03-13 19:22:57 - INFO  --> ============= RETRIEVING SDP PARAMETERS =============== 
2017-03-13 19:22:57 - INFO  --> LOG INCOMING PARAMETERS FROM GATEWAY 
2017-03-13 19:22:57 - INFO  --> SESSIONID :ATUid_a9892e5cf165b688353004a563eb0794|SERVICE CODE :*384*11#|MSISDN :+254727588181 
2017-03-13 19:22:57 - INFO  -->  
2017-03-13 20:01:53 - INFO  --> Incoming request for Kenya ussd !!!!!!! 
2017-03-13 20:01:53 - INFO  --> ============= KENYA TUKO QUIX CALL =============== 
2017-03-13 20:01:53 - INFO  --> ============= RETRIEVING SDP PARAMETERS =============== 
2017-03-13 20:01:53 - INFO  --> LOG INCOMING PARAMETERS FROM GATEWAY 
2017-03-13 20:01:53 - INFO  --> SESSIONID :ATUid_ceff07b95e6f343bd4e67a85e3f0dfb1|SERVICE CODE :*384*11#|MSISDN :+254706326753 
2017-03-13 20:01:53 - INFO  -->  
2017-03-13 20:01:54 - INFO  --> SESSION SAVED 
2017-03-13 21:19:38 - INFO  --> Incoming request for Kenya ussd !!!!!!! 
2017-03-13 21:19:38 - INFO  --> ============= KENYA TUKO QUIX CALL =============== 
2017-03-13 21:19:38 - INFO  --> ============= RETRIEVING SDP PARAMETERS =============== 
2017-03-13 21:19:38 - INFO  --> LOG INCOMING PARAMETERS FROM GATEWAY 
2017-03-13 21:19:38 - INFO  --> SESSIONID :ATUid_e7fd1ce5d5a6722a1adb6283c212a1a0|SERVICE CODE :*384*11#|MSISDN :+254727588181 
2017-03-13 21:19:38 - INFO  -->  
2017-03-13 21:19:38 - INFO  --> SESSION SAVED 
2017-03-13 21:22:01 - INFO  --> Incoming request for Kenya ussd !!!!!!! 
2017-03-13 21:22:01 - INFO  --> ============= KENYA TUKO QUIX CALL =============== 
2017-03-13 21:22:01 - INFO  --> ============= RETRIEVING SDP PARAMETERS =============== 
2017-03-13 21:22:01 - INFO  --> LOG INCOMING PARAMETERS FROM GATEWAY 
2017-03-13 21:22:01 - INFO  --> SESSIONID :ATUid_8c26750c6641af1aabd4eb03ca405c68|SERVICE CODE :*384*11#|MSISDN :+254713692723 
2017-03-13 21:22:01 - INFO  -->  
2017-03-13 21:22:02 - INFO  --> SESSION SAVED 
2017-03-13 21:26:57 - INFO  --> Incoming request for Kenya ussd !!!!!!! 
2017-03-13 21:26:57 - INFO  --> ============= KENYA TUKO QUIX CALL =============== 
2017-03-13 21:26:57 - INFO  --> ============= RETRIEVING SDP PARAMETERS =============== 
2017-03-13 21:26:57 - INFO  --> LOG INCOMING PARAMETERS FROM GATEWAY 
2017-03-13 21:26:57 - INFO  --> SESSIONID :ATUid_ea58180a2f94d7cf4f575bc7c0c56ee1|SERVICE CODE :*384*11#|MSISDN :+254713692723 
2017-03-13 21:26:57 - INFO  -->  
2017-03-13 21:26:57 - INFO  --> SESSION SAVED 
