2017-04-11 3:03:19 - INFO  --> Incoming request for Kenya ussd 
2017-04-11 3:03:19 - INFO  --> ============= KENYA TUKO QUIX CALL =============== 
2017-04-11 3:03:19 - INFO  --> ============= RETRIEVING SDP PARAMETERS =============== 
2017-04-11 3:03:19 - INFO  --> LOG INCOMING PARAMETERS FROM GATEWAY 
2017-04-11 3:03:19 - INFO  --> SESSIONID :ATUid_3db6956328f7b63228d019842d919391|SERVICE CODE :*384*11#|MSISDN :+254711534329|CHECK OUT TOKEN : 
2017-04-11 3:03:19 - INFO  -->  
2017-04-11 5:51:18 - INFO  --> Incoming request for Kenya ussd 
2017-04-11 5:51:18 - INFO  --> ============= KENYA TUKO QUIX CALL =============== 
2017-04-11 5:51:18 - INFO  --> ============= RETRIEVING SDP PARAMETERS =============== 
2017-04-11 5:51:18 - INFO  --> LOG INCOMING PARAMETERS FROM GATEWAY 
2017-04-11 5:51:18 - INFO  --> SESSIONID :ATUid_35b8e58feb0e9fbffe906638e5f2e00e|SERVICE CODE :*384*11#|MSISDN :+254791650680|CHECK OUT TOKEN : 
2017-04-11 5:51:18 - INFO  -->  
2017-04-11 5:51:30 - INFO  --> Incoming request for Kenya ussd 
2017-04-11 5:51:30 - INFO  --> ============= KENYA TUKO QUIX CALL =============== 
2017-04-11 5:51:30 - INFO  --> ============= RETRIEVING SDP PARAMETERS =============== 
2017-04-11 5:51:30 - INFO  --> LOG INCOMING PARAMETERS FROM GATEWAY 
2017-04-11 5:51:30 - INFO  --> SESSIONID :ATUid_35b8e58feb0e9fbffe906638e5f2e00e|SERVICE CODE :*384*11#|MSISDN :+254791650680|CHECK OUT TOKEN : 
2017-04-11 5:51:30 - INFO  -->  
2017-04-11 5:51:30 - INFO  --> SESSION SAVED 
2017-04-11 5:51:30 - INFO  --> TOKEN UPDATED 
2017-04-11 5:51:30 - INFO  --> CkTkn_6ca1eb6f-fd5d-40d6-bd20-a6753e168c6e 
2017-04-11 5:51:30 - INFO  --> GET TOKEN FOR CURL TO SAFARICOM 
2017-04-11 5:51:30 - INFO  --> CkTkn_aee04efa-f85f-40da-b63c-a46388099957 
2017-04-11 5:51:31 - INFO  --> Subscribe Request 
2017-04-11 5:51:31 - INFO  --> <AfricasTalkingResponse><status>Success</status><description>Waiting for user input</description></AfricasTalkingResponse> 
2017-04-11 8:36:52 - INFO  --> Incoming request for Kenya ussd 
2017-04-11 8:36:52 - INFO  --> ============= KENYA TUKO QUIX CALL =============== 
2017-04-11 8:36:52 - INFO  --> ============= RETRIEVING SDP PARAMETERS =============== 
2017-04-11 8:36:52 - INFO  --> LOG INCOMING PARAMETERS FROM GATEWAY 
2017-04-11 8:36:52 - INFO  --> SESSIONID :ATUid_9391137175a28782fea0129cfc796f5d|SERVICE CODE :*384*11#|MSISDN :+254706326753|CHECK OUT TOKEN : 
2017-04-11 8:36:52 - INFO  -->  
2017-04-11 8:37:05 - INFO  --> Incoming request for Kenya ussd 
2017-04-11 8:37:05 - INFO  --> ============= KENYA TUKO QUIX CALL =============== 
2017-04-11 8:37:05 - INFO  --> ============= RETRIEVING SDP PARAMETERS =============== 
2017-04-11 8:37:05 - INFO  --> LOG INCOMING PARAMETERS FROM GATEWAY 
2017-04-11 8:37:05 - INFO  --> SESSIONID :ATUid_0498bd4e350f2ad5f09920634521356c|SERVICE CODE :*384*11#|MSISDN :+254706326753|CHECK OUT TOKEN : 
2017-04-11 8:37:05 - INFO  -->  
2017-04-11 8:37:15 - INFO  --> Incoming request for Kenya ussd 
2017-04-11 8:37:15 - INFO  --> ============= KENYA TUKO QUIX CALL =============== 
2017-04-11 8:37:15 - INFO  --> ============= RETRIEVING SDP PARAMETERS =============== 
2017-04-11 8:37:15 - INFO  --> LOG INCOMING PARAMETERS FROM GATEWAY 
2017-04-11 8:37:15 - INFO  --> SESSIONID :ATUid_0498bd4e350f2ad5f09920634521356c|SERVICE CODE :*384*11#|MSISDN :+254706326753|CHECK OUT TOKEN : 
2017-04-11 8:37:15 - INFO  -->  
2017-04-11 8:37:15 - INFO  --> SESSION SAVED 
2017-04-11 8:37:15 - INFO  --> TOKEN UPDATED 
2017-04-11 8:37:15 - INFO  --> CkTkn_d815f21a-31d1-473b-a852-e7b83b0e1c0a 
2017-04-11 8:37:16 - INFO  --> GET TOKEN FOR CURL TO SAFARICOM 
2017-04-11 8:37:16 - INFO  --> CkTkn_d61ff753-d92d-4b8d-8c70-0ca432c77973 
2017-04-11 8:37:17 - INFO  --> Subscribe Request 
2017-04-11 8:37:17 - INFO  --> <AfricasTalkingResponse><status>Success</status><description>Waiting for user input</description></AfricasTalkingResponse> 
2017-04-11 8:37:42 - INFO  --> Incoming request for Kenya ussd 
2017-04-11 8:37:42 - INFO  --> ============= KENYA TUKO QUIX CALL =============== 
2017-04-11 8:37:42 - INFO  --> ============= RETRIEVING SDP PARAMETERS =============== 
2017-04-11 8:37:42 - INFO  --> LOG INCOMING PARAMETERS FROM GATEWAY 
2017-04-11 8:37:42 - INFO  --> SESSIONID :ATUid_0fe2b59c40d89a359659f7dc06035a62|SERVICE CODE :*384*11#|MSISDN :+254706326753|CHECK OUT TOKEN : 
2017-04-11 8:37:42 - INFO  -->  
2017-04-11 8:37:51 - INFO  --> Incoming request for Kenya ussd 
2017-04-11 8:37:51 - INFO  --> ============= KENYA TUKO QUIX CALL =============== 
2017-04-11 8:37:51 - INFO  --> ============= RETRIEVING SDP PARAMETERS =============== 
2017-04-11 8:37:51 - INFO  --> LOG INCOMING PARAMETERS FROM GATEWAY 
2017-04-11 8:37:51 - INFO  --> SESSIONID :ATUid_d8c2b5ec6b3ff2ca80930243c81a3a18|SERVICE CODE :*384*11#|MSISDN :+254706326753|CHECK OUT TOKEN : 
2017-04-11 8:37:51 - INFO  -->  
2017-04-11 8:37:56 - INFO  --> Incoming request for Kenya ussd 
2017-04-11 8:37:56 - INFO  --> ============= KENYA TUKO QUIX CALL =============== 
2017-04-11 8:37:56 - INFO  --> ============= RETRIEVING SDP PARAMETERS =============== 
2017-04-11 8:37:56 - INFO  --> LOG INCOMING PARAMETERS FROM GATEWAY 
2017-04-11 8:37:56 - INFO  --> SESSIONID :ATUid_d8c2b5ec6b3ff2ca80930243c81a3a18|SERVICE CODE :*384*11#|MSISDN :+254706326753|CHECK OUT TOKEN : 
2017-04-11 8:37:56 - INFO  -->  
2017-04-11 8:37:56 - INFO  --> SESSION SAVED 
2017-04-11 8:37:56 - INFO  --> TOKEN UPDATED 
2017-04-11 8:37:56 - INFO  --> CkTkn_411004b1-657a-408a-a137-b3973a6e0df2 
2017-04-11 8:37:56 - INFO  --> GET TOKEN FOR CURL TO SAFARICOM 
2017-04-11 8:37:56 - INFO  --> CkTkn_e61e9064-08ae-4fe6-8838-98abdc87cb34 
2017-04-11 8:37:57 - INFO  --> Subscribe Request 
2017-04-11 8:37:57 - INFO  --> <AfricasTalkingResponse><status>Success</status><description>Waiting for user input</description></AfricasTalkingResponse> 
2017-04-11 9:03:47 - INFO  --> Incoming request for Kenya ussd 
2017-04-11 9:03:47 - INFO  --> ============= KENYA TUKO QUIX CALL =============== 
2017-04-11 9:03:47 - INFO  --> ============= RETRIEVING SDP PARAMETERS =============== 
2017-04-11 9:03:47 - INFO  --> LOG INCOMING PARAMETERS FROM GATEWAY 
2017-04-11 9:03:47 - INFO  --> SESSIONID :ATUid_0594ac19d05455f818347313e391aeb9|SERVICE CODE :*384*11#|MSISDN :+254708013573|CHECK OUT TOKEN : 
2017-04-11 9:03:47 - INFO  -->  
