2017-03-12 6:18:44 - INFO  --> Incoming request for Kenya ussd !!!!!!! 
2017-03-12 6:18:44 - INFO  --> ============= KENYA TUKO QUIX CALL =============== 
2017-03-12 6:18:44 - INFO  --> ============= RETRIEVING SDP PARAMETERS =============== 
2017-03-12 6:18:44 - INFO  --> LOG INCOMING PARAMETERS FROM GATEWAY 
2017-03-12 6:18:44 - INFO  --> SESSIONID :dc3f3c20-3c4c-46b7-a447-dfadb8bd62d3|SERVICE CODE :*384*80#|MSISDN :+254738371600 
2017-03-12 6:18:44 - INFO  --> 254 
2017-03-12 6:18:51 - INFO  --> Incoming request for Kenya ussd !!!!!!! 
2017-03-12 6:18:51 - INFO  --> ============= KENYA TUKO QUIX CALL =============== 
2017-03-12 6:18:51 - INFO  --> ============= RETRIEVING SDP PARAMETERS =============== 
2017-03-12 6:18:51 - INFO  --> LOG INCOMING PARAMETERS FROM GATEWAY 
2017-03-12 6:18:51 - INFO  --> SESSIONID :e6a45b8f-751a-4c06-a044-15a0bdfd14ff|SERVICE CODE :*384*80#|MSISDN :+254738371600 
2017-03-12 6:18:51 - INFO  --> 254 
2017-03-12 6:19:14 - INFO  --> Incoming request for Kenya ussd !!!!!!! 
2017-03-12 6:19:14 - INFO  --> ============= KENYA TUKO QUIX CALL =============== 
2017-03-12 6:19:14 - INFO  --> ============= RETRIEVING SDP PARAMETERS =============== 
2017-03-12 6:19:14 - INFO  --> LOG INCOMING PARAMETERS FROM GATEWAY 
2017-03-12 6:19:14 - INFO  --> SESSIONID :3c9a92b1-91c3-4f6e-acce-46e2d15871c7|SERVICE CODE :*384*80#|MSISDN :+254738371600 
2017-03-12 6:19:14 - INFO  --> 2546917450 
2017-03-12 6:19:14 - INFO  --> SESSION SAVED 
2017-03-12 6:19:17 - INFO  --> Incoming request for Kenya ussd !!!!!!! 
2017-03-12 6:19:17 - INFO  --> ============= KENYA TUKO QUIX CALL =============== 
2017-03-12 6:19:17 - INFO  --> ============= RETRIEVING SDP PARAMETERS =============== 
2017-03-12 6:19:17 - INFO  --> LOG INCOMING PARAMETERS FROM GATEWAY 
2017-03-12 6:19:17 - INFO  --> SESSIONID :2ab3896b-bb91-4a3d-897e-bf7cff48c151|SERVICE CODE :*384*80#|MSISDN :+254738371600 
2017-03-12 6:19:17 - INFO  --> 2546917450 
2017-03-12 6:19:17 - INFO  --> SESSION SAVED 
2017-03-12 6:19:21 - INFO  --> Incoming request for Kenya ussd !!!!!!! 
2017-03-12 6:19:21 - INFO  --> ============= KENYA TUKO QUIX CALL =============== 
2017-03-12 6:19:21 - INFO  --> ============= RETRIEVING SDP PARAMETERS =============== 
2017-03-12 6:19:21 - INFO  --> LOG INCOMING PARAMETERS FROM GATEWAY 
2017-03-12 6:19:21 - INFO  --> SESSIONID :4469ab48-8427-4229-be94-fca1042ed6a4|SERVICE CODE :*384*80#|MSISDN :+254738371600 
2017-03-12 6:19:21 - INFO  --> 2546917450 
2017-03-12 6:19:21 - INFO  --> SESSION SAVED 
2017-03-12 6:19:24 - INFO  --> Incoming request for Kenya ussd !!!!!!! 
2017-03-12 6:19:24 - INFO  --> ============= KENYA TUKO QUIX CALL =============== 
2017-03-12 6:19:24 - INFO  --> ============= RETRIEVING SDP PARAMETERS =============== 
2017-03-12 6:19:24 - INFO  --> LOG INCOMING PARAMETERS FROM GATEWAY 
2017-03-12 6:19:24 - INFO  --> SESSIONID :eafc19bb-3c9d-4432-b8df-d369f960becf|SERVICE CODE :*384*80#|MSISDN :+254738371600 
2017-03-12 6:19:24 - INFO  --> 2546917450 
2017-03-12 6:19:25 - INFO  --> SESSION SAVED 
2017-03-12 6:19:27 - INFO  --> Incoming request for Kenya ussd !!!!!!! 
2017-03-12 6:19:27 - INFO  --> ============= KENYA TUKO QUIX CALL =============== 
2017-03-12 6:19:27 - INFO  --> ============= RETRIEVING SDP PARAMETERS =============== 
2017-03-12 6:19:27 - INFO  --> LOG INCOMING PARAMETERS FROM GATEWAY 
2017-03-12 6:19:27 - INFO  --> SESSIONID :4ed8908a-0493-4634-8714-443d2c8cb236|SERVICE CODE :*384*80#|MSISDN :+254738371600 
2017-03-12 6:19:27 - INFO  --> 2546917450 
2017-03-12 6:19:28 - INFO  --> SESSION SAVED 
2017-03-12 6:19:31 - INFO  --> Incoming request for Kenya ussd !!!!!!! 
2017-03-12 6:19:31 - INFO  --> ============= KENYA TUKO QUIX CALL =============== 
2017-03-12 6:19:31 - INFO  --> ============= RETRIEVING SDP PARAMETERS =============== 
2017-03-12 6:19:31 - INFO  --> LOG INCOMING PARAMETERS FROM GATEWAY 
2017-03-12 6:19:31 - INFO  --> SESSIONID :0b1be106-7e26-4804-8576-16b45f699991|SERVICE CODE :*384*80#|MSISDN :+254738371600 
2017-03-12 6:19:31 - INFO  --> 2546917450 
2017-03-12 8:54:40 - INFO  --> Incoming request for Kenya ussd !!!!!!! 
2017-03-12 8:54:40 - INFO  --> ============= KENYA TUKO QUIX CALL =============== 
2017-03-12 8:54:40 - INFO  --> ============= RETRIEVING SDP PARAMETERS =============== 
2017-03-12 8:54:40 - INFO  --> LOG INCOMING PARAMETERS FROM GATEWAY 
2017-03-12 8:54:40 - INFO  --> SESSIONID :da494768-54f6-463b-8605-9aa85e8a5def|SERVICE CODE :*384*80#|MSISDN :+254738371600 
2017-03-12 8:54:40 - INFO  --> 254 
2017-03-12 8:55:57 - INFO  --> Incoming request for Kenya ussd !!!!!!! 
2017-03-12 8:55:57 - INFO  --> ============= KENYA TUKO QUIX CALL =============== 
2017-03-12 8:55:57 - INFO  --> ============= RETRIEVING SDP PARAMETERS =============== 
2017-03-12 8:55:57 - INFO  --> LOG INCOMING PARAMETERS FROM GATEWAY 
2017-03-12 8:55:57 - INFO  --> SESSIONID :1515edce-e101-4775-9458-0217ea721d69|SERVICE CODE :*384*80#|MSISDN :+254736917540 
2017-03-12 8:55:57 - INFO  --> 254 
2017-03-12 8:55:57 - INFO  --> SESSION SAVED 
2017-03-12 8:56:03 - INFO  --> Incoming request for Kenya ussd !!!!!!! 
2017-03-12 8:56:03 - INFO  --> ============= KENYA TUKO QUIX CALL =============== 
2017-03-12 8:56:03 - INFO  --> ============= RETRIEVING SDP PARAMETERS =============== 
2017-03-12 8:56:03 - INFO  --> LOG INCOMING PARAMETERS FROM GATEWAY 
2017-03-12 8:56:03 - INFO  --> SESSIONID :1515edce-e101-4775-9458-0217ea721d69|SERVICE CODE :*384*80#|MSISDN :+254736917540 
2017-03-12 8:56:03 - INFO  --> 254 
2017-03-12 8:56:15 - INFO  --> Incoming request for Kenya ussd !!!!!!! 
2017-03-12 8:56:15 - INFO  --> ============= KENYA TUKO QUIX CALL =============== 
2017-03-12 8:56:15 - INFO  --> ============= RETRIEVING SDP PARAMETERS =============== 
2017-03-12 8:56:15 - INFO  --> LOG INCOMING PARAMETERS FROM GATEWAY 
2017-03-12 8:56:15 - INFO  --> SESSIONID :1515edce-e101-4775-9458-0217ea721d69|SERVICE CODE :*384*80#|MSISDN :+254736917540 
2017-03-12 8:56:15 - INFO  --> 254738371600 
2017-03-12 8:56:20 - INFO  --> Incoming request for Kenya ussd !!!!!!! 
2017-03-12 8:56:20 - INFO  --> ============= KENYA TUKO QUIX CALL =============== 
2017-03-12 8:56:20 - INFO  --> ============= RETRIEVING SDP PARAMETERS =============== 
2017-03-12 8:56:20 - INFO  --> LOG INCOMING PARAMETERS FROM GATEWAY 
2017-03-12 8:56:20 - INFO  --> SESSIONID :8aa7cbdc-e97b-4072-a48e-a3ad68c653bc|SERVICE CODE :*384*80#|MSISDN :+254736917540 
2017-03-12 8:56:20 - INFO  --> 254 
2017-03-12 8:56:45 - INFO  --> Incoming request for Kenya ussd !!!!!!! 
2017-03-12 8:56:45 - INFO  --> ============= KENYA TUKO QUIX CALL =============== 
2017-03-12 8:56:45 - INFO  --> ============= RETRIEVING SDP PARAMETERS =============== 
2017-03-12 8:56:45 - INFO  --> LOG INCOMING PARAMETERS FROM GATEWAY 
2017-03-12 8:56:45 - INFO  --> SESSIONID :4a898467-552e-4dda-8298-17f776191278|SERVICE CODE :*384*80#|MSISDN :+254736917540 
2017-03-12 8:56:45 - INFO  --> 254 
2017-03-12 8:57:14 - INFO  --> Incoming request for Kenya ussd !!!!!!! 
2017-03-12 8:57:14 - INFO  --> ============= KENYA TUKO QUIX CALL =============== 
2017-03-12 8:57:14 - INFO  --> ============= RETRIEVING SDP PARAMETERS =============== 
2017-03-12 8:57:14 - INFO  --> LOG INCOMING PARAMETERS FROM GATEWAY 
2017-03-12 8:57:14 - INFO  --> SESSIONID :b9899070-1b5b-4759-96d0-69888874fbf1|SERVICE CODE :*384*80#|MSISDN :+254736917540 
2017-03-12 8:57:14 - INFO  --> 2548371600 
2017-03-12 8:57:15 - INFO  --> SESSION SAVED 
2017-03-12 8:57:18 - INFO  --> Incoming request for Kenya ussd !!!!!!! 
2017-03-12 8:57:18 - INFO  --> ============= KENYA TUKO QUIX CALL =============== 
2017-03-12 8:57:18 - INFO  --> ============= RETRIEVING SDP PARAMETERS =============== 
2017-03-12 8:57:18 - INFO  --> LOG INCOMING PARAMETERS FROM GATEWAY 
2017-03-12 8:57:18 - INFO  --> SESSIONID :20497759-abaa-4db9-975b-d8975b9be45d|SERVICE CODE :*384*80#|MSISDN :+254736917540 
2017-03-12 8:57:18 - INFO  --> 2548371600 
2017-03-12 8:57:19 - INFO  --> SESSION SAVED 
2017-03-12 8:57:21 - INFO  --> Incoming request for Kenya ussd !!!!!!! 
2017-03-12 8:57:21 - INFO  --> ============= KENYA TUKO QUIX CALL =============== 
2017-03-12 8:57:21 - INFO  --> ============= RETRIEVING SDP PARAMETERS =============== 
2017-03-12 8:57:21 - INFO  --> LOG INCOMING PARAMETERS FROM GATEWAY 
2017-03-12 8:57:21 - INFO  --> SESSIONID :7eda5696-5a91-43e4-ad78-e7db2c5a8f08|SERVICE CODE :*384*80#|MSISDN :+254736917540 
2017-03-12 8:57:21 - INFO  --> 2548371600 
2017-03-12 8:57:22 - INFO  --> SESSION SAVED 
2017-03-12 8:57:24 - INFO  --> Incoming request for Kenya ussd !!!!!!! 
2017-03-12 8:57:24 - INFO  --> ============= KENYA TUKO QUIX CALL =============== 
2017-03-12 8:57:24 - INFO  --> ============= RETRIEVING SDP PARAMETERS =============== 
2017-03-12 8:57:24 - INFO  --> LOG INCOMING PARAMETERS FROM GATEWAY 
2017-03-12 8:57:24 - INFO  --> SESSIONID :3b366115-1c76-43bf-9f9a-ad68415dab7a|SERVICE CODE :*384*80#|MSISDN :+254736917540 
2017-03-12 8:57:24 - INFO  --> 2548371600 
2017-03-12 8:57:24 - INFO  --> SESSION SAVED 
2017-03-12 8:57:28 - INFO  --> Incoming request for Kenya ussd !!!!!!! 
2017-03-12 8:57:28 - INFO  --> ============= KENYA TUKO QUIX CALL =============== 
2017-03-12 8:57:28 - INFO  --> ============= RETRIEVING SDP PARAMETERS =============== 
2017-03-12 8:57:28 - INFO  --> LOG INCOMING PARAMETERS FROM GATEWAY 
2017-03-12 8:57:28 - INFO  --> SESSIONID :40ce6ea6-903d-401e-bf8a-89df12d744ed|SERVICE CODE :*384*80#|MSISDN :+254736917540 
2017-03-12 8:57:28 - INFO  --> 2548371600 
2017-03-12 8:57:37 - INFO  --> Incoming request for Kenya ussd !!!!!!! 
2017-03-12 8:57:37 - INFO  --> ============= KENYA TUKO QUIX CALL =============== 
2017-03-12 8:57:37 - INFO  --> ============= RETRIEVING SDP PARAMETERS =============== 
2017-03-12 8:57:37 - INFO  --> LOG INCOMING PARAMETERS FROM GATEWAY 
2017-03-12 8:57:37 - INFO  --> SESSIONID :5d1b81c6-d794-4dba-9d37-c147a564171a|SERVICE CODE :*384*80#|MSISDN :+254736917540 
2017-03-12 8:57:37 - INFO  --> 254 
2017-03-12 16:23:12 - INFO  --> Incoming request for Kenya ussd !!!!!!! 
2017-03-12 16:23:12 - INFO  --> ============= KENYA TUKO QUIX CALL =============== 
2017-03-12 16:23:12 - INFO  --> ============= RETRIEVING SDP PARAMETERS =============== 
2017-03-12 16:23:12 - INFO  --> LOG INCOMING PARAMETERS FROM GATEWAY 
2017-03-12 16:23:12 - INFO  --> SESSIONID :cdcc0611-ef1f-482e-9133-b099de94d546|SERVICE CODE :*384*80#|MSISDN :+254736917540 
2017-03-12 16:23:12 - INFO  --> 254 
2017-03-12 16:27:35 - INFO  --> Incoming request for Kenya ussd !!!!!!! 
2017-03-12 16:27:35 - INFO  --> ============= KENYA TUKO QUIX CALL =============== 
2017-03-12 16:27:35 - INFO  --> ============= RETRIEVING SDP PARAMETERS =============== 
2017-03-12 16:27:35 - INFO  --> LOG INCOMING PARAMETERS FROM GATEWAY 
2017-03-12 16:27:35 - INFO  --> SESSIONID :c9bf113a-12fe-4308-a09d-7c3ff9ba6fd7|SERVICE CODE :*384*80#|MSISDN :+254723456534 
2017-03-12 16:27:35 - INFO  --> 254 
2017-03-12 16:27:35 - INFO  --> SESSION SAVED 
2017-03-12 16:27:55 - INFO  --> Incoming request for Kenya ussd !!!!!!! 
2017-03-12 16:27:55 - INFO  --> ============= KENYA TUKO QUIX CALL =============== 
2017-03-12 16:27:55 - INFO  --> ============= RETRIEVING SDP PARAMETERS =============== 
2017-03-12 16:27:55 - INFO  --> LOG INCOMING PARAMETERS FROM GATEWAY 
2017-03-12 16:27:55 - INFO  --> SESSIONID :c9bf113a-12fe-4308-a09d-7c3ff9ba6fd7|SERVICE CODE :*384*80#|MSISDN :+254723456534 
2017-03-12 16:27:55 - INFO  --> 254 
2017-03-12 16:28:35 - INFO  --> Incoming request for Kenya ussd !!!!!!! 
2017-03-12 16:28:35 - INFO  --> ============= KENYA TUKO QUIX CALL =============== 
2017-03-12 16:28:35 - INFO  --> ============= RETRIEVING SDP PARAMETERS =============== 
2017-03-12 16:28:35 - INFO  --> LOG INCOMING PARAMETERS FROM GATEWAY 
2017-03-12 16:28:35 - INFO  --> SESSIONID :c9bf113a-12fe-4308-a09d-7c3ff9ba6fd7|SERVICE CODE :*384*80#|MSISDN :+254723456534 
2017-03-12 16:28:35 - INFO  --> 254736917540 
2017-03-12 16:29:02 - INFO  --> Incoming request for Kenya ussd !!!!!!! 
2017-03-12 16:29:02 - INFO  --> ============= KENYA TUKO QUIX CALL =============== 
2017-03-12 16:29:02 - INFO  --> ============= RETRIEVING SDP PARAMETERS =============== 
2017-03-12 16:29:02 - INFO  --> LOG INCOMING PARAMETERS FROM GATEWAY 
2017-03-12 16:29:02 - INFO  --> SESSIONID :16db16af-137e-475b-839f-7cfd9b623c0b|SERVICE CODE :*384*80#|MSISDN :+254723456534 
2017-03-12 16:29:02 - INFO  --> 254 
2017-03-12 16:29:49 - INFO  --> Incoming request for Kenya ussd !!!!!!! 
2017-03-12 16:29:49 - INFO  --> ============= KENYA TUKO QUIX CALL =============== 
2017-03-12 16:29:49 - INFO  --> ============= RETRIEVING SDP PARAMETERS =============== 
2017-03-12 16:29:49 - INFO  --> LOG INCOMING PARAMETERS FROM GATEWAY 
2017-03-12 16:29:49 - INFO  --> SESSIONID :5fc1406d-f380-49d9-b963-9405ea9384a5|SERVICE CODE :*384*80#|MSISDN :+254723456534 
2017-03-12 16:29:49 - INFO  --> 254 
2017-03-12 16:29:53 - INFO  --> Incoming request for Kenya ussd !!!!!!! 
2017-03-12 16:29:53 - INFO  --> ============= KENYA TUKO QUIX CALL =============== 
2017-03-12 16:29:53 - INFO  --> ============= RETRIEVING SDP PARAMETERS =============== 
2017-03-12 16:29:53 - INFO  --> LOG INCOMING PARAMETERS FROM GATEWAY 
2017-03-12 16:29:53 - INFO  --> SESSIONID :01ac0ff3-487c-4315-ae03-bc09f8311f49|SERVICE CODE :*384*80#|MSISDN :+254723456534 
2017-03-12 16:29:53 - INFO  --> 254 
2017-03-12 16:30:19 - INFO  --> Incoming request for Kenya ussd !!!!!!! 
2017-03-12 16:30:19 - INFO  --> ============= KENYA TUKO QUIX CALL =============== 
2017-03-12 16:30:19 - INFO  --> ============= RETRIEVING SDP PARAMETERS =============== 
2017-03-12 16:30:19 - INFO  --> LOG INCOMING PARAMETERS FROM GATEWAY 
2017-03-12 16:30:19 - INFO  --> SESSIONID :f17f4897-c5b8-4aa9-b613-b2275f2f666d|SERVICE CODE :*384*80#|MSISDN :+254723456534 
2017-03-12 16:30:19 - INFO  --> 2548371600 
2017-03-12 16:30:19 - INFO  --> SESSION SAVED 
2017-03-12 16:30:29 - INFO  --> Incoming request for Kenya ussd !!!!!!! 
2017-03-12 16:30:29 - INFO  --> ============= KENYA TUKO QUIX CALL =============== 
2017-03-12 16:30:29 - INFO  --> ============= RETRIEVING SDP PARAMETERS =============== 
2017-03-12 16:30:29 - INFO  --> LOG INCOMING PARAMETERS FROM GATEWAY 
2017-03-12 16:30:29 - INFO  --> SESSIONID :71c33491-fef9-41ae-a81c-b1b057b00acf|SERVICE CODE :*384*80#|MSISDN :+254723456534 
2017-03-12 16:30:29 - INFO  --> 2548371600 
2017-03-12 16:30:30 - INFO  --> SESSION SAVED 
2017-03-12 16:30:33 - INFO  --> Incoming request for Kenya ussd !!!!!!! 
2017-03-12 16:30:33 - INFO  --> ============= KENYA TUKO QUIX CALL =============== 
2017-03-12 16:30:33 - INFO  --> ============= RETRIEVING SDP PARAMETERS =============== 
2017-03-12 16:30:33 - INFO  --> LOG INCOMING PARAMETERS FROM GATEWAY 
2017-03-12 16:30:33 - INFO  --> SESSIONID :68020db8-dd48-470c-a028-ccebb421b11b|SERVICE CODE :*384*80#|MSISDN :+254723456534 
2017-03-12 16:30:33 - INFO  --> 2548371600 
2017-03-12 16:30:34 - INFO  --> SESSION SAVED 
2017-03-12 16:30:37 - INFO  --> Incoming request for Kenya ussd !!!!!!! 
2017-03-12 16:30:37 - INFO  --> ============= KENYA TUKO QUIX CALL =============== 
2017-03-12 16:30:37 - INFO  --> ============= RETRIEVING SDP PARAMETERS =============== 
2017-03-12 16:30:37 - INFO  --> LOG INCOMING PARAMETERS FROM GATEWAY 
2017-03-12 16:30:37 - INFO  --> SESSIONID :e4c5e400-be79-4508-b34e-713f49f923ba|SERVICE CODE :*384*80#|MSISDN :+254723456534 
2017-03-12 16:30:37 - INFO  --> 2548371600 
2017-03-12 16:30:37 - INFO  --> SESSION SAVED 
2017-03-12 16:30:40 - INFO  --> Incoming request for Kenya ussd !!!!!!! 
2017-03-12 16:30:40 - INFO  --> ============= KENYA TUKO QUIX CALL =============== 
2017-03-12 16:30:40 - INFO  --> ============= RETRIEVING SDP PARAMETERS =============== 
2017-03-12 16:30:40 - INFO  --> LOG INCOMING PARAMETERS FROM GATEWAY 
2017-03-12 16:30:40 - INFO  --> SESSIONID :9da4794d-db28-4bba-b76f-c997e6716c53|SERVICE CODE :*384*80#|MSISDN :+254723456534 
2017-03-12 16:30:40 - INFO  --> 2548371600 
2017-03-12 16:30:50 - INFO  --> Incoming request for Kenya ussd !!!!!!! 
2017-03-12 16:30:50 - INFO  --> ============= KENYA TUKO QUIX CALL =============== 
2017-03-12 16:30:50 - INFO  --> ============= RETRIEVING SDP PARAMETERS =============== 
2017-03-12 16:30:50 - INFO  --> LOG INCOMING PARAMETERS FROM GATEWAY 
2017-03-12 16:30:50 - INFO  --> SESSIONID :3609411d-f4f1-4f8c-b3de-c58faa877f50|SERVICE CODE :*384*80#|MSISDN :+254723456534 
2017-03-12 16:30:50 - INFO  --> 2548371600 
2017-03-12 16:31:01 - INFO  --> Incoming request for Kenya ussd !!!!!!! 
2017-03-12 16:31:01 - INFO  --> ============= KENYA TUKO QUIX CALL =============== 
2017-03-12 16:31:01 - INFO  --> ============= RETRIEVING SDP PARAMETERS =============== 
2017-03-12 16:31:01 - INFO  --> LOG INCOMING PARAMETERS FROM GATEWAY 
2017-03-12 16:31:01 - INFO  --> SESSIONID :cfe211c9-4924-4813-93a9-f97082d90d13|SERVICE CODE :*384*80#|MSISDN :+254723456534 
2017-03-12 16:31:01 - INFO  --> 254 
